{"/Users/zumikay/Documents/RealProjects/Refinded_GraduateTracer/GraduateTracerBackend_V2/src/controller/form/form.query.controller.ts": {"path":"/Users/zumikay/Documents/RealProjects/Refinded_GraduateTracer/GraduateTracerBackend_V2/src/controller/form/form.query.controller.ts","statementMap":{"0":{"start":{"line":62,"column":0},"end":{"line":62,"column":7}},"1":{"start":{"line":2,"column":0},"end":{"line":2,"column":74}},"2":{"start":{"line":3,"column":0},"end":{"line":3,"column":null}},"3":{"start":{"line":9,"column":0},"end":{"line":9,"column":46}},"4":{"start":{"line":10,"column":0},"end":{"line":10,"column":null}},"5":{"start":{"line":15,"column":0},"end":{"line":15,"column":42}},"6":{"start":{"line":16,"column":0},"end":{"line":16,"column":null}},"7":{"start":{"line":21,"column":0},"end":{"line":21,"column":54}},"8":{"start":{"line":22,"column":0},"end":{"line":22,"column":null}},"9":{"start":{"line":28,"column":0},"end":{"line":28,"column":null}},"10":{"start":{"line":29,"column":2},"end":{"line":29,"column":null}},"11":{"start":{"line":30,"column":2},"end":{"line":30,"column":null}},"12":{"start":{"line":31,"column":2},"end":{"line":31,"column":null}},"13":{"start":{"line":32,"column":2},"end":{"line":32,"column":null}},"14":{"start":{"line":33,"column":2},"end":{"line":33,"column":null}},"15":{"start":{"line":34,"column":2},"end":{"line":34,"column":null}},"16":{"start":{"line":35,"column":2},"end":{"line":35,"column":null}},"17":{"start":{"line":36,"column":2},"end":{"line":36,"column":null}},"18":{"start":{"line":37,"column":2},"end":{"line":37,"column":null}},"19":{"start":{"line":38,"column":2},"end":{"line":38,"column":null}},"20":{"start":{"line":39,"column":2},"end":{"line":39,"column":null}},"21":{"start":{"line":40,"column":2},"end":{"line":40,"column":null}},"22":{"start":{"line":41,"column":2},"end":{"line":41,"column":null}},"23":{"start":{"line":44,"column":0},"end":{"line":44,"column":null}},"24":{"start":{"line":45,"column":2},"end":{"line":45,"column":null}},"25":{"start":{"line":46,"column":2},"end":{"line":46,"column":null}},"26":{"start":{"line":47,"column":2},"end":{"line":47,"column":null}},"27":{"start":{"line":63,"column":2},"end":{"line":151,"column":3}},"28":{"start":{"line":73,"column":8},"end":{"line":73,"column":43}},"29":{"start":{"line":75,"column":4},"end":{"line":77,"column":5}},"30":{"start":{"line":76,"column":6},"end":{"line":76,"column":76}},"31":{"start":{"line":79,"column":14},"end":{"line":79,"column":33}},"32":{"start":{"line":80,"column":15},"end":{"line":80,"column":42}},"33":{"start":{"line":81,"column":22},"end":{"line":81,"column":61}},"34":{"start":{"line":82,"column":22},"end":{"line":82,"column":61}},"35":{"start":{"line":84,"column":17},"end":{"line":84,"column":25}},"36":{"start":{"line":86,"column":4},"end":{"line":86,"column":60}},"37":{"start":{"line":86,"column":15},"end":{"line":86,"column":60}},"38":{"start":{"line":89,"column":4},"end":{"line":144,"column":5}},"39":{"start":{"line":92,"column":8},"end":{"line":98,"column":10}},"40":{"start":{"line":101,"column":8},"end":{"line":105,"column":11}},"41":{"start":{"line":108,"column":8},"end":{"line":108,"column":62}},"42":{"start":{"line":111,"column":8},"end":{"line":111,"column":64}},"43":{"start":{"line":114,"column":8},"end":{"line":121,"column":9}},"44":{"start":{"line":118,"column":10},"end":{"line":120,"column":66}},"45":{"start":{"line":123,"column":24},"end":{"line":123,"column":54}},"46":{"start":{"line":124,"column":8},"end":{"line":140,"column":11}},"47":{"start":{"line":143,"column":8},"end":{"line":143,"column":53}},"48":{"start":{"line":146,"column":4},"end":{"line":149,"column":6}},"49":{"start":{"line":150,"column":4},"end":{"line":150,"column":74}},"50":{"start":{"line":163,"column":2},"end":{"line":165,"column":3}},"51":{"start":{"line":164,"column":4},"end":{"line":164,"column":68}},"52":{"start":{"line":167,"column":15},"end":{"line":172,"column":11}},"53":{"start":{"line":174,"column":2},"end":{"line":176,"column":3}},"54":{"start":{"line":175,"column":4},"end":{"line":175,"column":67}},"55":{"start":{"line":178,"column":22},"end":{"line":178,"column":50}},"56":{"start":{"line":180,"column":2},"end":{"line":191,"column":5}},"57":{"start":{"line":201,"column":2},"end":{"line":201,"column":58}},"58":{"start":{"line":201,"column":13},"end":{"line":201,"column":58}},"59":{"start":{"line":203,"column":16},"end":{"line":203,"column":68}},"60":{"start":{"line":205,"column":21},"end":{"line":207,"column":11}},"61":{"start":{"line":209,"column":2},"end":{"line":210,"column":66}},"62":{"start":{"line":210,"column":4},"end":{"line":210,"column":66}},"63":{"start":{"line":213,"column":2},"end":{"line":215,"column":3}},"64":{"start":{"line":214,"column":4},"end":{"line":214,"column":65}},"65":{"start":{"line":218,"column":21},"end":{"line":218,"column":53}},"66":{"start":{"line":219,"column":2},"end":{"line":220,"column":66}},"67":{"start":{"line":220,"column":4},"end":{"line":220,"column":66}},"68":{"start":{"line":224,"column":4},"end":{"line":226,"column":30}},"69":{"start":{"line":228,"column":56},"end":{"line":228,"column":60}},"70":{"start":{"line":230,"column":23},"end":{"line":235,"column":11}},"71":{"start":{"line":237,"column":2},"end":{"line":242,"column":4}},"72":{"start":{"line":245,"column":2},"end":{"line":258,"column":17}},"73":{"start":{"line":246,"column":19},"end":{"line":246,"column":31}},"74":{"start":{"line":247,"column":17},"end":{"line":258,"column":6}},"75":{"start":{"line":260,"column":22},"end":{"line":263,"column":4}},"76":{"start":{"line":265,"column":2},"end":{"line":280,"column":5}},"77":{"start":{"line":270,"column":47},"end":{"line":270,"column":59}},"78":{"start":{"line":290,"column":2},"end":{"line":290,"column":58}},"79":{"start":{"line":290,"column":13},"end":{"line":290,"column":58}},"80":{"start":{"line":291,"column":2},"end":{"line":292,"column":68}},"81":{"start":{"line":292,"column":4},"end":{"line":292,"column":68}},"82":{"start":{"line":294,"column":19},"end":{"line":298,"column":11}},"83":{"start":{"line":299,"column":2},"end":{"line":299,"column":80}},"84":{"start":{"line":299,"column":17},"end":{"line":299,"column":80}},"85":{"start":{"line":301,"column":21},"end":{"line":301,"column":75}},"86":{"start":{"line":302,"column":2},"end":{"line":303,"column":66}},"87":{"start":{"line":303,"column":4},"end":{"line":303,"column":66}},"88":{"start":{"line":305,"column":23},"end":{"line":330,"column":4}},"89":{"start":{"line":332,"column":16},"end":{"line":336,"column":4}},"90":{"start":{"line":337,"column":2},"end":{"line":346,"column":5}},"91":{"start":{"line":350,"column":2},"end":{"line":350,"column":58}},"92":{"start":{"line":350,"column":13},"end":{"line":350,"column":58}},"93":{"start":{"line":351,"column":2},"end":{"line":352,"column":68}},"94":{"start":{"line":352,"column":4},"end":{"line":352,"column":68}},"95":{"start":{"line":354,"column":15},"end":{"line":358,"column":11}},"96":{"start":{"line":359,"column":2},"end":{"line":359,"column":76}},"97":{"start":{"line":359,"column":13},"end":{"line":359,"column":76}},"98":{"start":{"line":361,"column":21},"end":{"line":361,"column":71}},"99":{"start":{"line":362,"column":2},"end":{"line":363,"column":66}},"100":{"start":{"line":363,"column":4},"end":{"line":363,"column":66}},"101":{"start":{"line":365,"column":2},"end":{"line":374,"column":5}},"102":{"start":{"line":399,"column":2},"end":{"line":494,"column":3}},"103":{"start":{"line":401,"column":4},"end":{"line":403,"column":5}},"104":{"start":{"line":402,"column":6},"end":{"line":402,"column":51}},"105":{"start":{"line":405,"column":22},"end":{"line":405,"column":55}},"106":{"start":{"line":407,"column":24},"end":{"line":407,"column":48}},"107":{"start":{"line":409,"column":23},"end":{"line":409,"column":55}},"108":{"start":{"line":411,"column":24},"end":{"line":411,"column":48}},"109":{"start":{"line":414,"column":41},"end":{"line":414,"column":43}},"110":{"start":{"line":415,"column":17},"end":{"line":415,"column":67}},"111":{"start":{"line":417,"column":24},"end":{"line":422,"column":13}},"112":{"start":{"line":424,"column":4},"end":{"line":424,"column":71}},"113":{"start":{"line":424,"column":49},"end":{"line":424,"column":68}},"114":{"start":{"line":426,"column":22},"end":{"line":451,"column":13}},"115":{"start":{"line":453,"column":23},"end":{"line":453,"column":56}},"116":{"start":{"line":454,"column":23},"end":{"line":479,"column":6}},"117":{"start":{"line":455,"column":27},"end":{"line":455,"column":70}},"118":{"start":{"line":457,"column":6},"end":{"line":462,"column":7}},"119":{"start":{"line":458,"column":8},"end":{"line":461,"column":10}},"120":{"start":{"line":464,"column":24},"end":{"line":464,"column":67}},"121":{"start":{"line":465,"column":22},"end":{"line":466,"column":null}},"122":{"start":{"line":466,"column":21},"end":{"line":466,"column":61}},"123":{"start":{"line":468,"column":23},"end":{"line":469,"column":null}},"124":{"start":{"line":469,"column":22},"end":{"line":469,"column":63}},"125":{"start":{"line":473,"column":8},"end":{"line":473,"column":59}},"126":{"start":{"line":475,"column":6},"end":{"line":478,"column":8}},"127":{"start":{"line":481,"column":4},"end":{"line":490,"column":7}},"128":{"start":{"line":492,"column":4},"end":{"line":492,"column":54}},"129":{"start":{"line":493,"column":4},"end":{"line":493,"column":74}},"130":{"start":{"line":502,"column":2},"end":{"line":532,"column":3}},"131":{"start":{"line":504,"column":6},"end":{"line":510,"column":8}},"132":{"start":{"line":513,"column":6},"end":{"line":515,"column":8}},"133":{"start":{"line":518,"column":6},"end":{"line":521,"column":8}},"134":{"start":{"line":525,"column":28},"end":{"line":525,"column":77}},"135":{"start":{"line":526,"column":6},"end":{"line":528,"column":8}},"136":{"start":{"line":531,"column":6},"end":{"line":531,"column":50}},"137":{"start":{"line":540,"column":45},"end":{"line":540,"column":47}},"138":{"start":{"line":542,"column":2},"end":{"line":547,"column":3}},"139":{"start":{"line":543,"column":24},"end":{"line":543,"column":43}},"140":{"start":{"line":544,"column":4},"end":{"line":546,"column":5}},"141":{"start":{"line":545,"column":6},"end":{"line":545,"column":65}},"142":{"start":{"line":549,"column":2},"end":{"line":551,"column":3}},"143":{"start":{"line":550,"column":4},"end":{"line":550,"column":58}},"144":{"start":{"line":553,"column":2},"end":{"line":553,"column":21}},"145":{"start":{"line":563,"column":46},"end":{"line":563,"column":48}},"146":{"start":{"line":565,"column":2},"end":{"line":567,"column":3}},"147":{"start":{"line":566,"column":4},"end":{"line":566,"column":60}},"148":{"start":{"line":569,"column":2},"end":{"line":571,"column":3}},"149":{"start":{"line":570,"column":4},"end":{"line":570,"column":60}},"150":{"start":{"line":573,"column":2},"end":{"line":575,"column":3}},"151":{"start":{"line":574,"column":4},"end":{"line":574,"column":31}},"152":{"start":{"line":577,"column":2},"end":{"line":577,"column":21}}},"fnMap":{"0":{"name":"(anonymous_10)","decl":{"start":{"line":28,"column":0},"end":{"line":28,"column":12}},"loc":{"start":{"line":28,"column":29},"end":{"line":42,"column":1}}},"1":{"name":"(anonymous_11)","decl":{"start":{"line":44,"column":0},"end":{"line":44,"column":5}},"loc":{"start":{"line":44,"column":25},"end":{"line":48,"column":1}}},"2":{"name":"GetFilterForm","decl":{"start":{"line":62,"column":22},"end":{"line":62,"column":35}},"loc":{"start":{"line":62,"column":69},"end":{"line":152,"column":1}}},"3":{"name":"handleShortFormInfo","decl":{"start":{"line":154,"column":15},"end":{"line":154,"column":34}},"loc":{"start":{"line":162,"column":1},"end":{"line":192,"column":1}}},"4":{"name":"handleDetailQuery","decl":{"start":{"line":194,"column":15},"end":{"line":194,"column":32}},"loc":{"start":{"line":199,"column":22},"end":{"line":281,"column":1}}},"5":{"name":"(anonymous_15)","decl":{"start":{"line":246,"column":12},"end":{"line":246,"column":13}},"loc":{"start":{"line":246,"column":19},"end":{"line":246,"column":31}}},"6":{"name":"(anonymous_16)","decl":{"start":{"line":247,"column":9},"end":{"line":247,"column":10}},"loc":{"start":{"line":247,"column":17},"end":{"line":258,"column":6}}},"7":{"name":"(anonymous_17)","decl":{"start":{"line":270,"column":40},"end":{"line":270,"column":41}},"loc":{"start":{"line":270,"column":47},"end":{"line":270,"column":59}}},"8":{"name":"handleTotalQuery","decl":{"start":{"line":289,"column":15},"end":{"line":289,"column":31}},"loc":{"start":{"line":289,"column":73},"end":{"line":347,"column":1}}},"9":{"name":"handleSettingQuery","decl":{"start":{"line":349,"column":15},"end":{"line":349,"column":33}},"loc":{"start":{"line":349,"column":76},"end":{"line":375,"column":1}}},"10":{"name":"handleUserQuery","decl":{"start":{"line":377,"column":15},"end":{"line":377,"column":30}},"loc":{"start":{"line":398,"column":1},"end":{"line":495,"column":1}}},"11":{"name":"(anonymous_21)","decl":{"start":{"line":424,"column":42},"end":{"line":424,"column":43}},"loc":{"start":{"line":424,"column":49},"end":{"line":424,"column":68}}},"12":{"name":"(anonymous_22)","decl":{"start":{"line":454,"column":55},"end":{"line":454,"column":56}},"loc":{"start":{"line":454,"column":64},"end":{"line":479,"column":5}}},"13":{"name":"(anonymous_23)","decl":{"start":{"line":466,"column":8},"end":{"line":466,"column":9}},"loc":{"start":{"line":466,"column":21},"end":{"line":466,"column":61}}},"14":{"name":"(anonymous_24)","decl":{"start":{"line":469,"column":8},"end":{"line":469,"column":9}},"loc":{"start":{"line":469,"column":22},"end":{"line":469,"column":63}}},"15":{"name":"buildBaseQuery","decl":{"start":{"line":498,"column":15},"end":{"line":498,"column":29}},"loc":{"start":{"line":500,"column":24},"end":{"line":533,"column":1}}},"16":{"name":"buildFilterQuery","decl":{"start":{"line":536,"column":9},"end":{"line":536,"column":25}},"loc":{"start":{"line":539,"column":1},"end":{"line":554,"column":1}}},"17":{"name":"buildSortOptions","decl":{"start":{"line":557,"column":9},"end":{"line":557,"column":25}},"loc":{"start":{"line":562,"column":1},"end":{"line":578,"column":1}}}},"branchMap":{"0":{"loc":{"start":{"line":28,"column":12},"end":{"line":28,"column":null}},"type":"binary-expr","locations":[{"start":{"line":28,"column":12},"end":{"line":28,"column":29}},{"start":{"line":28,"column":29},"end":{"line":28,"column":null}}]},"1":{"loc":{"start":{"line":44,"column":5},"end":{"line":44,"column":null}},"type":"binary-expr","locations":[{"start":{"line":44,"column":5},"end":{"line":44,"column":25}},{"start":{"line":44,"column":5},"end":{"line":44,"column":null}}]},"2":{"loc":{"start":{"line":67,"column":6},"end":{"line":67,"column":16}},"type":"default-arg","locations":[{"start":{"line":67,"column":13},"end":{"line":67,"column":16}}]},"3":{"loc":{"start":{"line":68,"column":6},"end":{"line":68,"column":17}},"type":"default-arg","locations":[{"start":{"line":68,"column":14},"end":{"line":68,"column":17}}]},"4":{"loc":{"start":{"line":75,"column":4},"end":{"line":77,"column":5}},"type":"if","locations":[{"start":{"line":75,"column":4},"end":{"line":77,"column":5}},{"start":{},"end":{}}]},"5":{"loc":{"start":{"line":75,"column":8},"end":{"line":75,"column":61}},"type":"binary-expr","locations":[{"start":{"line":75,"column":8},"end":{"line":75,"column":11}},{"start":{"line":75,"column":15},"end":{"line":75,"column":61}}]},"6":{"loc":{"start":{"line":79,"column":21},"end":{"line":79,"column":32}},"type":"binary-expr","locations":[{"start":{"line":79,"column":21},"end":{"line":79,"column":25}},{"start":{"line":79,"column":29},"end":{"line":79,"column":32}}]},"7":{"loc":{"start":{"line":81,"column":22},"end":{"line":81,"column":61}},"type":"cond-expr","locations":[{"start":{"line":81,"column":32},"end":{"line":81,"column":49}},{"start":{"line":81,"column":52},"end":{"line":81,"column":61}}]},"8":{"loc":{"start":{"line":82,"column":22},"end":{"line":82,"column":61}},"type":"cond-expr","locations":[{"start":{"line":82,"column":32},"end":{"line":82,"column":49}},{"start":{"line":82,"column":52},"end":{"line":82,"column":61}}]},"9":{"loc":{"start":{"line":86,"column":4},"end":{"line":86,"column":60}},"type":"if","locations":[{"start":{"line":86,"column":4},"end":{"line":86,"column":60}},{"start":{},"end":{}}]},"10":{"loc":{"start":{"line":89,"column":4},"end":{"line":144,"column":5}},"type":"switch","locations":[{"start":{"line":90,"column":6},"end":{"line":90,"column":36}},{"start":{"line":91,"column":6},"end":{"line":98,"column":10}},{"start":{"line":99,"column":6},"end":{"line":99,"column":38}},{"start":{"line":100,"column":6},"end":{"line":105,"column":11}},{"start":{"line":107,"column":6},"end":{"line":108,"column":62}},{"start":{"line":110,"column":6},"end":{"line":111,"column":64}},{"start":{"line":113,"column":6},"end":{"line":140,"column":11}},{"start":{"line":142,"column":6},"end":{"line":143,"column":53}}]},"11":{"loc":{"start":{"line":114,"column":8},"end":{"line":121,"column":9}},"type":"if","locations":[{"start":{"line":114,"column":8},"end":{"line":121,"column":9}},{"start":{},"end":{}}]},"12":{"loc":{"start":{"line":115,"column":10},"end":{"line":116,"column":53}},"type":"binary-expr","locations":[{"start":{"line":115,"column":11},"end":{"line":115,"column":20}},{"start":{"line":115,"column":24},"end":{"line":115,"column":52}},{"start":{"line":116,"column":11},"end":{"line":116,"column":20}},{"start":{"line":116,"column":24},"end":{"line":116,"column":52}}]},"13":{"loc":{"start":{"line":123,"column":24},"end":{"line":123,"column":54}},"type":"binary-expr","locations":[{"start":{"line":123,"column":24},"end":{"line":123,"column":27}},{"start":{"line":123,"column":31},"end":{"line":123,"column":54}}]},"14":{"loc":{"start":{"line":133,"column":14},"end":{"line":138,"column":27}},"type":"cond-expr","locations":[{"start":{"line":134,"column":18},"end":{"line":137,"column":null}},{"start":{"line":138,"column":18},"end":{"line":138,"column":27}}]},"15":{"loc":{"start":{"line":133,"column":14},"end":{"line":133,"column":36}},"type":"binary-expr","locations":[{"start":{"line":133,"column":14},"end":{"line":133,"column":23}},{"start":{"line":133,"column":27},"end":{"line":133,"column":36}}]},"16":{"loc":{"start":{"line":148,"column":6},"end":{"line":148,"column":52}},"type":"cond-expr","locations":[{"start":{"line":148,"column":31},"end":{"line":148,"column":44}},{"start":{"line":148,"column":47},"end":{"line":148,"column":52}}]},"17":{"loc":{"start":{"line":163,"column":2},"end":{"line":165,"column":3}},"type":"if","locations":[{"start":{"line":163,"column":2},"end":{"line":165,"column":3}},{"start":{},"end":{}}]},"18":{"loc":{"start":{"line":163,"column":6},"end":{"line":163,"column":39}},"type":"binary-expr","locations":[{"start":{"line":163,"column":6},"end":{"line":163,"column":9}},{"start":{"line":163,"column":13},"end":{"line":163,"column":39}}]},"19":{"loc":{"start":{"line":174,"column":2},"end":{"line":176,"column":3}},"type":"if","locations":[{"start":{"line":174,"column":2},"end":{"line":176,"column":3}},{"start":{},"end":{}}]},"20":{"loc":{"start":{"line":201,"column":2},"end":{"line":201,"column":58}},"type":"if","locations":[{"start":{"line":201,"column":2},"end":{"line":201,"column":58}},{"start":{},"end":{}}]},"21":{"loc":{"start":{"line":203,"column":16},"end":{"line":203,"column":68}},"type":"cond-expr","locations":[{"start":{"line":203,"column":43},"end":{"line":203,"column":53}},{"start":{"line":203,"column":56},"end":{"line":203,"column":68}}]},"22":{"loc":{"start":{"line":209,"column":2},"end":{"line":210,"column":66}},"type":"if","locations":[{"start":{"line":209,"column":2},"end":{"line":210,"column":66}},{"start":{},"end":{}}]},"23":{"loc":{"start":{"line":213,"column":2},"end":{"line":215,"column":3}},"type":"if","locations":[{"start":{"line":213,"column":2},"end":{"line":215,"column":3}},{"start":{},"end":{}}]},"24":{"loc":{"start":{"line":213,"column":6},"end":{"line":213,"column":76}},"type":"binary-expr","locations":[{"start":{"line":213,"column":6},"end":{"line":213,"column":39}},{"start":{"line":213,"column":43},"end":{"line":213,"column":76}}]},"25":{"loc":{"start":{"line":219,"column":2},"end":{"line":220,"column":66}},"type":"if","locations":[{"start":{"line":219,"column":2},"end":{"line":220,"column":66}},{"start":{},"end":{}}]},"26":{"loc":{"start":{"line":224,"column":4},"end":{"line":226,"column":30}},"type":"cond-expr","locations":[{"start":{"line":225,"column":8},"end":{"line":225,"column":100}},{"start":{"line":226,"column":8},"end":{"line":226,"column":30}}]},"27":{"loc":{"start":{"line":251,"column":8},"end":{"line":251,"column":60}},"type":"binary-expr","locations":[{"start":{"line":251,"column":8},"end":{"line":251,"column":54}},{"start":{"line":251,"column":58},"end":{"line":251,"column":60}}]},"28":{"loc":{"start":{"line":252,"column":8},"end":{"line":252,"column":35}},"type":"binary-expr","locations":[{"start":{"line":252,"column":8},"end":{"line":252,"column":25}},{"start":{"line":252,"column":29},"end":{"line":252,"column":35}}]},"29":{"loc":{"start":{"line":255,"column":8},"end":{"line":255,"column":58}},"type":"binary-expr","locations":[{"start":{"line":255,"column":8},"end":{"line":255,"column":52}},{"start":{"line":255,"column":56},"end":{"line":255,"column":58}}]},"30":{"loc":{"start":{"line":256,"column":8},"end":{"line":256,"column":35}},"type":"binary-expr","locations":[{"start":{"line":256,"column":8},"end":{"line":256,"column":25}},{"start":{"line":256,"column":29},"end":{"line":256,"column":35}}]},"31":{"loc":{"start":{"line":290,"column":2},"end":{"line":290,"column":58}},"type":"if","locations":[{"start":{"line":290,"column":2},"end":{"line":290,"column":58}},{"start":{},"end":{}}]},"32":{"loc":{"start":{"line":291,"column":2},"end":{"line":292,"column":68}},"type":"if","locations":[{"start":{"line":291,"column":2},"end":{"line":292,"column":68}},{"start":{},"end":{}}]},"33":{"loc":{"start":{"line":299,"column":2},"end":{"line":299,"column":80}},"type":"if","locations":[{"start":{"line":299,"column":2},"end":{"line":299,"column":80}},{"start":{},"end":{}}]},"34":{"loc":{"start":{"line":302,"column":2},"end":{"line":303,"column":66}},"type":"if","locations":[{"start":{"line":302,"column":2},"end":{"line":303,"column":66}},{"start":{},"end":{}}]},"35":{"loc":{"start":{"line":332,"column":16},"end":{"line":336,"column":4}},"type":"binary-expr","locations":[{"start":{"line":332,"column":16},"end":{"line":332,"column":31}},{"start":{"line":332,"column":35},"end":{"line":336,"column":4}}]},"36":{"loc":{"start":{"line":340,"column":17},"end":{"line":340,"column":40}},"type":"binary-expr","locations":[{"start":{"line":340,"column":17},"end":{"line":340,"column":35}},{"start":{"line":340,"column":39},"end":{"line":340,"column":40}}]},"37":{"loc":{"start":{"line":350,"column":2},"end":{"line":350,"column":58}},"type":"if","locations":[{"start":{"line":350,"column":2},"end":{"line":350,"column":58}},{"start":{},"end":{}}]},"38":{"loc":{"start":{"line":351,"column":2},"end":{"line":352,"column":68}},"type":"if","locations":[{"start":{"line":351,"column":2},"end":{"line":352,"column":68}},{"start":{},"end":{}}]},"39":{"loc":{"start":{"line":359,"column":2},"end":{"line":359,"column":76}},"type":"if","locations":[{"start":{"line":359,"column":2},"end":{"line":359,"column":76}},{"start":{},"end":{}}]},"40":{"loc":{"start":{"line":362,"column":2},"end":{"line":363,"column":66}},"type":"if","locations":[{"start":{"line":362,"column":2},"end":{"line":363,"column":66}},{"start":{},"end":{}}]},"41":{"loc":{"start":{"line":401,"column":4},"end":{"line":403,"column":5}},"type":"if","locations":[{"start":{"line":401,"column":4},"end":{"line":403,"column":5}},{"start":{},"end":{}}]},"42":{"loc":{"start":{"line":401,"column":8},"end":{"line":401,"column":42}},"type":"binary-expr","locations":[{"start":{"line":401,"column":8},"end":{"line":401,"column":15}},{"start":{"line":401,"column":19},"end":{"line":401,"column":23}},{"start":{"line":401,"column":27},"end":{"line":401,"column":32}},{"start":{"line":401,"column":36},"end":{"line":401,"column":42}}]},"43":{"loc":{"start":{"line":453,"column":23},"end":{"line":453,"column":56}},"type":"binary-expr","locations":[{"start":{"line":453,"column":23},"end":{"line":453,"column":51}},{"start":{"line":453,"column":55},"end":{"line":453,"column":56}}]},"44":{"loc":{"start":{"line":457,"column":6},"end":{"line":462,"column":7}},"type":"if","locations":[{"start":{"line":457,"column":6},"end":{"line":462,"column":7}},{"start":{},"end":{}}]},"45":{"loc":{"start":{"line":473,"column":8},"end":{"line":473,"column":59}},"type":"binary-expr","locations":[{"start":{"line":473,"column":8},"end":{"line":473,"column":20}},{"start":{"line":473,"column":24},"end":{"line":473,"column":34}},{"start":{"line":473,"column":38},"end":{"line":473,"column":46}},{"start":{"line":473,"column":50},"end":{"line":473,"column":59}}]},"46":{"loc":{"start":{"line":502,"column":2},"end":{"line":532,"column":3}},"type":"switch","locations":[{"start":{"line":503,"column":4},"end":{"line":510,"column":8}},{"start":{"line":512,"column":4},"end":{"line":515,"column":8}},{"start":{"line":517,"column":4},"end":{"line":521,"column":8}},{"start":{"line":523,"column":4},"end":{"line":528,"column":8}},{"start":{"line":530,"column":4},"end":{"line":531,"column":50}}]},"47":{"loc":{"start":{"line":542,"column":2},"end":{"line":547,"column":3}},"type":"if","locations":[{"start":{"line":542,"column":2},"end":{"line":547,"column":3}},{"start":{},"end":{}}]},"48":{"loc":{"start":{"line":544,"column":4},"end":{"line":546,"column":5}},"type":"if","locations":[{"start":{"line":544,"column":4},"end":{"line":546,"column":5}},{"start":{},"end":{}}]},"49":{"loc":{"start":{"line":549,"column":2},"end":{"line":551,"column":3}},"type":"if","locations":[{"start":{"line":549,"column":2},"end":{"line":551,"column":3}},{"start":{},"end":{}}]},"50":{"loc":{"start":{"line":565,"column":2},"end":{"line":567,"column":3}},"type":"if","locations":[{"start":{"line":565,"column":2},"end":{"line":567,"column":3}},{"start":{},"end":{}}]},"51":{"loc":{"start":{"line":569,"column":2},"end":{"line":571,"column":3}},"type":"if","locations":[{"start":{"line":569,"column":2},"end":{"line":571,"column":3}},{"start":{},"end":{}}]},"52":{"loc":{"start":{"line":573,"column":2},"end":{"line":575,"column":3}},"type":"if","locations":[{"start":{"line":573,"column":2},"end":{"line":575,"column":3}},{"start":{},"end":{}}]}},"s":{"0":1,"1":1,"2":1,"3":1,"4":1,"5":1,"6":1,"7":1,"8":1,"9":1,"10":1,"11":1,"12":1,"13":1,"14":1,"15":1,"16":1,"17":1,"18":1,"19":1,"20":1,"21":1,"22":1,"23":1,"24":1,"25":1,"26":1,"27":0,"28":0,"29":0,"30":0,"31":0,"32":0,"33":0,"34":0,"35":0,"36":0,"37":0,"38":0,"39":0,"40":0,"41":0,"42":0,"43":0,"44":0,"45":0,"46":0,"47":0,"48":0,"49":0,"50":0,"51":0,"52":0,"53":0,"54":0,"55":0,"56":0,"57":0,"58":0,"59":0,"60":0,"61":0,"62":0,"63":0,"64":0,"65":0,"66":0,"67":0,"68":0,"69":0,"70":0,"71":0,"72":0,"73":0,"74":0,"75":0,"76":0,"77":0,"78":0,"79":0,"80":0,"81":0,"82":0,"83":0,"84":0,"85":0,"86":0,"87":0,"88":0,"89":0,"90":0,"91":0,"92":0,"93":0,"94":0,"95":0,"96":0,"97":0,"98":0,"99":0,"100":0,"101":0,"102":0,"103":0,"104":0,"105":0,"106":0,"107":0,"108":0,"109":0,"110":0,"111":0,"112":0,"113":0,"114":0,"115":0,"116":0,"117":0,"118":0,"119":0,"120":0,"121":0,"122":0,"123":0,"124":0,"125":0,"126":0,"127":0,"128":0,"129":0,"130":0,"131":0,"132":0,"133":0,"134":0,"135":0,"136":0,"137":0,"138":0,"139":0,"140":0,"141":0,"142":0,"143":0,"144":0,"145":0,"146":0,"147":0,"148":0,"149":0,"150":0,"151":0,"152":0},"f":{"0":1,"1":1,"2":0,"3":0,"4":0,"5":0,"6":0,"7":0,"8":0,"9":0,"10":0,"11":0,"12":0,"13":0,"14":0,"15":0,"16":0,"17":0},"b":{"0":[1,1],"1":[1,1],"2":[0],"3":[0],"4":[0,0],"5":[0,0],"6":[0,0],"7":[0,0],"8":[0,0],"9":[0,0],"10":[0,0,0,0,0,0,0,0],"11":[0,0],"12":[0,0,0,0],"13":[0,0],"14":[0,0],"15":[0,0],"16":[0,0],"17":[0,0],"18":[0,0],"19":[0,0],"20":[0,0],"21":[0,0],"22":[0,0],"23":[0,0],"24":[0,0],"25":[0,0],"26":[0,0],"27":[0,0],"28":[0,0],"29":[0,0],"30":[0,0],"31":[0,0],"32":[0,0],"33":[0,0],"34":[0,0],"35":[0,0],"36":[0,0],"37":[0,0],"38":[0,0],"39":[0,0],"40":[0,0],"41":[0,0],"42":[0,0,0,0],"43":[0,0],"44":[0,0],"45":[0,0,0,0],"46":[0,0,0,0,0],"47":[0,0],"48":[0,0],"49":[0,0],"50":[0,0],"51":[0,0],"52":[0,0]}}
,"/Users/zumikay/Documents/RealProjects/Refinded_GraduateTracer/GraduateTracerBackend_V2/src/model/Content.model.ts": {"path":"/Users/zumikay/Documents/RealProjects/Refinded_GraduateTracer/GraduateTracerBackend_V2/src/model/Content.model.ts","statementMap":{"0":{"start":{"line":1,"column":0},"end":{"line":1,"column":48}},"1":{"start":{"line":5,"column":13},"end":{"line":6,"column":123}},"2":{"start":{"line":7,"column":0},"end":{"line":7,"column":null}},"3":{"start":{"line":8,"column":2},"end":{"line":8,"column":null}},"4":{"start":{"line":9,"column":2},"end":{"line":9,"column":null}},"5":{"start":{"line":10,"column":2},"end":{"line":10,"column":null}},"6":{"start":{"line":11,"column":2},"end":{"line":11,"column":null}},"7":{"start":{"line":12,"column":2},"end":{"line":12,"column":null}},"8":{"start":{"line":13,"column":2},"end":{"line":13,"column":null}},"9":{"start":{"line":14,"column":2},"end":{"line":14,"column":null}},"10":{"start":{"line":15,"column":2},"end":{"line":15,"column":null}},"11":{"start":{"line":16,"column":2},"end":{"line":16,"column":null}},"12":{"start":{"line":17,"column":2},"end":{"line":17,"column":null}},"13":{"start":{"line":18,"column":2},"end":{"line":18,"column":null}},"14":{"start":{"line":85,"column":29},"end":{"line":94,"column":2}},"15":{"start":{"line":96,"column":20},"end":{"line":105,"column":2}},"16":{"start":{"line":107,"column":26},"end":{"line":121,"column":2}},"17":{"start":{"line":123,"column":24},"end":{"line":132,"column":2}},"18":{"start":{"line":149,"column":20},"end":{"line":158,"column":2}},"19":{"start":{"line":162,"column":22},"end":{"line":239,"column":null}},"20":{"start":{"line":243,"column":0},"end":{"line":261,"column":3}},"21":{"start":{"line":244,"column":2},"end":{"line":260,"column":3}},"22":{"start":{"line":245,"column":17},"end":{"line":245,"column":48}},"23":{"start":{"line":248,"column":24},"end":{"line":248,"column":67}},"24":{"start":{"line":250,"column":6},"end":{"line":254,"column":71}},"25":{"start":{"line":251,"column":29},"end":{"line":251,"column":63}},"26":{"start":{"line":253,"column":10},"end":{"line":253,"column":44}},"27":{"start":{"line":257,"column":4},"end":{"line":257,"column":74}},"28":{"start":{"line":259,"column":4},"end":{"line":259,"column":16}},"29":{"start":{"line":264,"column":0},"end":{"line":289,"column":3}},"30":{"start":{"line":265,"column":2},"end":{"line":288,"column":3}},"31":{"start":{"line":266,"column":17},"end":{"line":266,"column":48}},"32":{"start":{"line":267,"column":28},"end":{"line":267,"column":69}},"33":{"start":{"line":269,"column":4},"end":{"line":285,"column":5}},"34":{"start":{"line":270,"column":32},"end":{"line":273,"column":8}},"35":{"start":{"line":276,"column":25},"end":{"line":280,"column":13}},"36":{"start":{"line":277,"column":29},"end":{"line":277,"column":63}},"37":{"start":{"line":279,"column":10},"end":{"line":279,"column":44}},"38":{"start":{"line":282,"column":6},"end":{"line":284,"column":9}},"39":{"start":{"line":287,"column":4},"end":{"line":287,"column":16}},"40":{"start":{"line":292,"column":0},"end":{"line":292,"column":44}},"41":{"start":{"line":293,"column":0},"end":{"line":293,"column":32}},"42":{"start":{"line":295,"column":16},"end":{"line":295,"column":47}},"43":{"start":{"line":297,"column":0},"end":{"line":297,"column":23}}},"fnMap":{"0":{"name":"(anonymous_0)","decl":{"start":{"line":7,"column":0},"end":{"line":7,"column":12}},"loc":{"start":{"line":7,"column":24},"end":{"line":19,"column":1}}},"1":{"name":"(anonymous_1)","decl":{"start":{"line":243,"column":26},"end":{"line":243,"column":31}},"loc":{"start":{"line":243,"column":46},"end":{"line":261,"column":1}}},"2":{"name":"(anonymous_2)","decl":{"start":{"line":251,"column":16},"end":{"line":251,"column":17}},"loc":{"start":{"line":251,"column":29},"end":{"line":251,"column":63}}},"3":{"name":"(anonymous_3)","decl":{"start":{"line":252,"column":16},"end":{"line":252,"column":17}},"loc":{"start":{"line":252,"column":33},"end":{"line":254,"column":9}}},"4":{"name":"(anonymous_4)","decl":{"start":{"line":264,"column":31},"end":{"line":264,"column":36}},"loc":{"start":{"line":264,"column":51},"end":{"line":289,"column":1}}},"5":{"name":"(anonymous_5)","decl":{"start":{"line":277,"column":16},"end":{"line":277,"column":17}},"loc":{"start":{"line":277,"column":29},"end":{"line":277,"column":63}}},"6":{"name":"(anonymous_6)","decl":{"start":{"line":278,"column":16},"end":{"line":278,"column":17}},"loc":{"start":{"line":278,"column":33},"end":{"line":280,"column":9}}}},"branchMap":{"0":{"loc":{"start":{"line":7,"column":12},"end":{"line":7,"column":null}},"type":"binary-expr","locations":[{"start":{"line":7,"column":12},"end":{"line":7,"column":24}},{"start":{"line":7,"column":24},"end":{"line":7,"column":null}}]},"1":{"loc":{"start":{"line":253,"column":24},"end":{"line":253,"column":42}},"type":"binary-expr","locations":[{"start":{"line":253,"column":24},"end":{"line":253,"column":37}},{"start":{"line":253,"column":41},"end":{"line":253,"column":42}}]},"2":{"loc":{"start":{"line":254,"column":17},"end":{"line":254,"column":70}},"type":"cond-expr","locations":[{"start":{"line":254,"column":51},"end":{"line":254,"column":66}},{"start":{"line":254,"column":69},"end":{"line":254,"column":70}}]},"3":{"loc":{"start":{"line":254,"column":51},"end":{"line":254,"column":66}},"type":"binary-expr","locations":[{"start":{"line":254,"column":51},"end":{"line":254,"column":61}},{"start":{"line":254,"column":65},"end":{"line":254,"column":66}}]},"4":{"loc":{"start":{"line":269,"column":4},"end":{"line":285,"column":5}},"type":"if","locations":[{"start":{"line":269,"column":4},"end":{"line":285,"column":5}},{"start":{},"end":{}}]},"5":{"loc":{"start":{"line":279,"column":24},"end":{"line":279,"column":42}},"type":"binary-expr","locations":[{"start":{"line":279,"column":24},"end":{"line":279,"column":37}},{"start":{"line":279,"column":41},"end":{"line":279,"column":42}}]}},"s":{"0":9,"1":9,"2":9,"3":9,"4":9,"5":9,"6":9,"7":9,"8":9,"9":9,"10":9,"11":9,"12":9,"13":9,"14":9,"15":9,"16":9,"17":9,"18":9,"19":9,"20":9,"21":0,"22":0,"23":0,"24":0,"25":0,"26":0,"27":0,"28":0,"29":9,"30":0,"31":0,"32":0,"33":0,"34":0,"35":0,"36":0,"37":0,"38":0,"39":0,"40":9,"41":9,"42":9,"43":9},"f":{"0":9,"1":0,"2":0,"3":0,"4":0,"5":0,"6":0},"b":{"0":[9,9],"1":[0,0],"2":[0,0],"3":[0,0],"4":[0,0],"5":[0,0]}}
,"/Users/zumikay/Documents/RealProjects/Refinded_GraduateTracer/GraduateTracerBackend_V2/src/model/Form.model.ts": {"path":"/Users/zumikay/Documents/RealProjects/Refinded_GraduateTracer/GraduateTracerBackend_V2/src/model/Form.model.ts","statementMap":{"0":{"start":{"line":1,"column":0},"end":{"line":1,"column":48}},"1":{"start":{"line":2,"column":0},"end":{"line":2,"column":20}},"2":{"start":{"line":4,"column":0},"end":{"line":4,"column":66}},"3":{"start":{"line":7,"column":0},"end":{"line":7,"column":null}},"4":{"start":{"line":8,"column":2},"end":{"line":8,"column":null}},"5":{"start":{"line":9,"column":2},"end":{"line":9,"column":null}},"6":{"start":{"line":12,"column":0},"end":{"line":12,"column":null}},"7":{"start":{"line":13,"column":2},"end":{"line":13,"column":null}},"8":{"start":{"line":14,"column":2},"end":{"line":14,"column":null}},"9":{"start":{"line":17,"column":0},"end":{"line":17,"column":null}},"10":{"start":{"line":18,"column":2},"end":{"line":18,"column":null}},"11":{"start":{"line":19,"column":2},"end":{"line":19,"column":null}},"12":{"start":{"line":22,"column":0},"end":{"line":22,"column":null}},"13":{"start":{"line":23,"column":2},"end":{"line":23,"column":null}},"14":{"start":{"line":24,"column":2},"end":{"line":24,"column":null}},"15":{"start":{"line":25,"column":2},"end":{"line":25,"column":null}},"16":{"start":{"line":28,"column":0},"end":{"line":28,"column":null}},"17":{"start":{"line":29,"column":2},"end":{"line":29,"column":null}},"18":{"start":{"line":30,"column":2},"end":{"line":30,"column":null}},"19":{"start":{"line":31,"column":2},"end":{"line":31,"column":null}},"20":{"start":{"line":32,"column":2},"end":{"line":32,"column":null}},"21":{"start":{"line":97,"column":26},"end":{"line":137,"column":2}},"22":{"start":{"line":139,"column":39},"end":{"line":153,"column":2}},"23":{"start":{"line":155,"column":39},"end":{"line":175,"column":null}},"24":{"start":{"line":178,"column":19},"end":{"line":245,"column":null}},"25":{"start":{"line":248,"column":0},"end":{"line":248,"column":30}},"26":{"start":{"line":249,"column":0},"end":{"line":249,"column":32}},"27":{"start":{"line":250,"column":0},"end":{"line":250,"column":33}},"28":{"start":{"line":251,"column":0},"end":{"line":251,"column":30}},"29":{"start":{"line":252,"column":0},"end":{"line":252,"column":36}},"30":{"start":{"line":253,"column":0},"end":{"line":253,"column":43}},"31":{"start":{"line":256,"column":0},"end":{"line":259,"column":3}},"32":{"start":{"line":257,"column":17},"end":{"line":257,"column":36}},"33":{"start":{"line":258,"column":2},"end":{"line":258,"column":44}},"34":{"start":{"line":261,"column":13},"end":{"line":261,"column":48}},"35":{"start":{"line":263,"column":0},"end":{"line":263,"column":20}},"36":{"start":{"line":265,"column":13},"end":{"line":271,"column":3}}},"fnMap":{"0":{"name":"(anonymous_1)","decl":{"start":{"line":7,"column":0},"end":{"line":7,"column":12}},"loc":{"start":{"line":7,"column":22},"end":{"line":10,"column":1}}},"1":{"name":"(anonymous_2)","decl":{"start":{"line":12,"column":0},"end":{"line":12,"column":12}},"loc":{"start":{"line":12,"column":20},"end":{"line":15,"column":1}}},"2":{"name":"(anonymous_3)","decl":{"start":{"line":17,"column":0},"end":{"line":17,"column":12}},"loc":{"start":{"line":17,"column":23},"end":{"line":20,"column":1}}},"3":{"name":"(anonymous_4)","decl":{"start":{"line":22,"column":0},"end":{"line":22,"column":12}},"loc":{"start":{"line":22,"column":28},"end":{"line":26,"column":1}}},"4":{"name":"(anonymous_5)","decl":{"start":{"line":28,"column":0},"end":{"line":28,"column":12}},"loc":{"start":{"line":28,"column":28},"end":{"line":33,"column":1}}},"5":{"name":"(anonymous_6)","decl":{"start":{"line":256,"column":28},"end":{"line":256,"column":33}},"loc":{"start":{"line":256,"column":48},"end":{"line":259,"column":1}}}},"branchMap":{"0":{"loc":{"start":{"line":7,"column":12},"end":{"line":7,"column":null}},"type":"binary-expr","locations":[{"start":{"line":7,"column":12},"end":{"line":7,"column":22}},{"start":{"line":7,"column":22},"end":{"line":7,"column":null}}]},"1":{"loc":{"start":{"line":12,"column":12},"end":{"line":12,"column":null}},"type":"binary-expr","locations":[{"start":{"line":12,"column":12},"end":{"line":12,"column":20}},{"start":{"line":12,"column":20},"end":{"line":12,"column":null}}]},"2":{"loc":{"start":{"line":17,"column":12},"end":{"line":17,"column":null}},"type":"binary-expr","locations":[{"start":{"line":17,"column":12},"end":{"line":17,"column":23}},{"start":{"line":17,"column":23},"end":{"line":17,"column":null}}]},"3":{"loc":{"start":{"line":22,"column":12},"end":{"line":22,"column":null}},"type":"binary-expr","locations":[{"start":{"line":22,"column":12},"end":{"line":22,"column":28}},{"start":{"line":22,"column":28},"end":{"line":22,"column":null}}]},"4":{"loc":{"start":{"line":28,"column":12},"end":{"line":28,"column":null}},"type":"binary-expr","locations":[{"start":{"line":28,"column":12},"end":{"line":28,"column":28}},{"start":{"line":28,"column":28},"end":{"line":28,"column":null}}]}},"s":{"0":2,"1":2,"2":2,"3":2,"4":2,"5":2,"6":2,"7":2,"8":2,"9":2,"10":2,"11":2,"12":2,"13":2,"14":2,"15":2,"16":2,"17":2,"18":2,"19":2,"20":2,"21":2,"22":2,"23":2,"24":2,"25":2,"26":2,"27":2,"28":2,"29":2,"30":2,"31":2,"32":0,"33":0,"34":2,"35":2,"36":2},"f":{"0":2,"1":2,"2":2,"3":2,"4":2,"5":0},"b":{"0":[2,2],"1":[2,2],"2":[2,2],"3":[2,2],"4":[2,2]}}
,"/Users/zumikay/Documents/RealProjects/Refinded_GraduateTracer/GraduateTracerBackend_V2/src/model/Response.model.ts": {"path":"/Users/zumikay/Documents/RealProjects/Refinded_GraduateTracer/GraduateTracerBackend_V2/src/model/Response.model.ts","statementMap":{"0":{"start":{"line":1,"column":0},"end":{"line":1,"column":48}},"1":{"start":{"line":27,"column":0},"end":{"line":27,"column":null}},"2":{"start":{"line":28,"column":2},"end":{"line":28,"column":null}},"3":{"start":{"line":29,"column":2},"end":{"line":29,"column":null}},"4":{"start":{"line":32,"column":0},"end":{"line":32,"column":null}},"5":{"start":{"line":33,"column":2},"end":{"line":33,"column":null}},"6":{"start":{"line":34,"column":2},"end":{"line":34,"column":null}},"7":{"start":{"line":35,"column":2},"end":{"line":35,"column":null}},"8":{"start":{"line":36,"column":2},"end":{"line":36,"column":null}},"9":{"start":{"line":37,"column":2},"end":{"line":37,"column":null}},"10":{"start":{"line":38,"column":2},"end":{"line":38,"column":null}},"11":{"start":{"line":39,"column":2},"end":{"line":39,"column":null}},"12":{"start":{"line":90,"column":0},"end":{"line":90,"column":null}},"13":{"start":{"line":91,"column":2},"end":{"line":91,"column":null}},"14":{"start":{"line":92,"column":2},"end":{"line":92,"column":null}},"15":{"start":{"line":93,"column":2},"end":{"line":93,"column":null}},"16":{"start":{"line":109,"column":26},"end":{"line":133,"column":2}},"17":{"start":{"line":136,"column":23},"end":{"line":233,"column":null}},"18":{"start":{"line":153,"column":53},"end":{"line":153,"column":73}},"19":{"start":{"line":236,"column":0},"end":{"line":236,"column":47}},"20":{"start":{"line":237,"column":0},"end":{"line":237,"column":39}},"21":{"start":{"line":238,"column":0},"end":{"line":238,"column":41}},"22":{"start":{"line":239,"column":0},"end":{"line":239,"column":40}},"23":{"start":{"line":241,"column":0},"end":{"line":241,"column":62}},"24":{"start":{"line":242,"column":0},"end":{"line":242,"column":53}},"25":{"start":{"line":243,"column":0},"end":{"line":243,"column":56}},"26":{"start":{"line":246,"column":0},"end":{"line":252,"column":3}},"27":{"start":{"line":247,"column":2},"end":{"line":251,"column":3}},"28":{"start":{"line":248,"column":4},"end":{"line":250,"column":10}},"29":{"start":{"line":249,"column":6},"end":{"line":249,"column":43}},"30":{"start":{"line":254,"column":21},"end":{"line":254,"column":54}},"31":{"start":{"line":256,"column":0},"end":{"line":256,"column":28}}},"fnMap":{"0":{"name":"(anonymous_0)","decl":{"start":{"line":27,"column":0},"end":{"line":27,"column":12}},"loc":{"start":{"line":27,"column":26},"end":{"line":30,"column":1}}},"1":{"name":"(anonymous_1)","decl":{"start":{"line":32,"column":0},"end":{"line":32,"column":12}},"loc":{"start":{"line":32,"column":36},"end":{"line":40,"column":1}}},"2":{"name":"(anonymous_2)","decl":{"start":{"line":90,"column":0},"end":{"line":90,"column":12}},"loc":{"start":{"line":90,"column":25},"end":{"line":94,"column":1}}},"3":{"name":"(anonymous_3)","decl":{"start":{"line":153,"column":19},"end":{"line":153,"column":20}},"loc":{"start":{"line":153,"column":53},"end":{"line":153,"column":73}}},"4":{"name":"(anonymous_4)","decl":{"start":{"line":246,"column":27},"end":{"line":246,"column":37}},"loc":{"start":{"line":246,"column":41},"end":{"line":252,"column":1}}},"5":{"name":"(anonymous_5)","decl":{"start":{"line":248,"column":46},"end":{"line":248,"column":47}},"loc":{"start":{"line":248,"column":66},"end":{"line":250,"column":5}}}},"branchMap":{"0":{"loc":{"start":{"line":27,"column":12},"end":{"line":27,"column":null}},"type":"binary-expr","locations":[{"start":{"line":27,"column":12},"end":{"line":27,"column":26}},{"start":{"line":27,"column":26},"end":{"line":27,"column":null}}]},"1":{"loc":{"start":{"line":32,"column":12},"end":{"line":32,"column":null}},"type":"binary-expr","locations":[{"start":{"line":32,"column":12},"end":{"line":32,"column":36}},{"start":{"line":32,"column":36},"end":{"line":32,"column":null}}]},"2":{"loc":{"start":{"line":90,"column":12},"end":{"line":90,"column":null}},"type":"binary-expr","locations":[{"start":{"line":90,"column":12},"end":{"line":90,"column":25}},{"start":{"line":90,"column":25},"end":{"line":90,"column":null}}]},"3":{"loc":{"start":{"line":247,"column":2},"end":{"line":251,"column":3}},"type":"if","locations":[{"start":{"line":247,"column":2},"end":{"line":251,"column":3}},{"start":{},"end":{}}]},"4":{"loc":{"start":{"line":247,"column":6},"end":{"line":247,"column":53}},"type":"binary-expr","locations":[{"start":{"line":247,"column":6},"end":{"line":247,"column":22}},{"start":{"line":247,"column":26},"end":{"line":247,"column":53}}]},"5":{"loc":{"start":{"line":249,"column":22},"end":{"line":249,"column":41}},"type":"binary-expr","locations":[{"start":{"line":249,"column":22},"end":{"line":249,"column":36}},{"start":{"line":249,"column":40},"end":{"line":249,"column":41}}]}},"s":{"0":2,"1":2,"2":2,"3":2,"4":2,"5":2,"6":2,"7":2,"8":2,"9":2,"10":2,"11":2,"12":2,"13":2,"14":2,"15":2,"16":2,"17":2,"18":0,"19":2,"20":2,"21":2,"22":2,"23":2,"24":2,"25":2,"26":2,"27":0,"28":0,"29":0,"30":2,"31":2},"f":{"0":2,"1":2,"2":2,"3":0,"4":0,"5":0},"b":{"0":[2,2],"1":[2,2],"2":[2,2],"3":[0,0],"4":[0,0],"5":[0,0]}}
,"/Users/zumikay/Documents/RealProjects/Refinded_GraduateTracer/GraduateTracerBackend_V2/src/model/User.model.ts": {"path":"/Users/zumikay/Documents/RealProjects/Refinded_GraduateTracer/GraduateTracerBackend_V2/src/model/User.model.ts","statementMap":{"0":{"start":{"line":1,"column":0},"end":{"line":1,"column":48}},"1":{"start":{"line":3,"column":0},"end":{"line":3,"column":null}},"2":{"start":{"line":4,"column":2},"end":{"line":4,"column":null}},"3":{"start":{"line":5,"column":2},"end":{"line":5,"column":null}},"4":{"start":{"line":17,"column":19},"end":{"line":41,"column":2}},"5":{"start":{"line":43,"column":13},"end":{"line":43,"column":38}},"6":{"start":{"line":45,"column":0},"end":{"line":45,"column":20}}},"fnMap":{"0":{"name":"(anonymous_0)","decl":{"start":{"line":3,"column":0},"end":{"line":3,"column":12}},"loc":{"start":{"line":3,"column":16},"end":{"line":6,"column":1}}}},"branchMap":{"0":{"loc":{"start":{"line":3,"column":12},"end":{"line":3,"column":null}},"type":"binary-expr","locations":[{"start":{"line":3,"column":12},"end":{"line":3,"column":16}},{"start":{"line":3,"column":16},"end":{"line":3,"column":null}}]}},"s":{"0":2,"1":2,"2":2,"3":2,"4":2,"5":2,"6":2},"f":{"0":2},"b":{"0":[2,2]}}
,"/Users/zumikay/Documents/RealProjects/Refinded_GraduateTracer/GraduateTracerBackend_V2/src/services/EmailService.ts": {"path":"/Users/zumikay/Documents/RealProjects/Refinded_GraduateTracer/GraduateTracerBackend_V2/src/services/EmailService.ts","statementMap":{"0":{"start":{"line":1,"column":0},"end":{"line":1,"column":36}},"1":{"start":{"line":2,"column":0},"end":{"line":2,"column":59}},"2":{"start":{"line":73,"column":4},"end":{"line":79,"column":7}},"3":{"start":{"line":84,"column":4},"end":{"line":97,"column":5}},"4":{"start":{"line":85,"column":26},"end":{"line":90,"column":8}},"5":{"start":{"line":92,"column":6},"end":{"line":92,"column":51}},"6":{"start":{"line":93,"column":6},"end":{"line":93,"column":18}},"7":{"start":{"line":95,"column":6},"end":{"line":95,"column":51}},"8":{"start":{"line":96,"column":6},"end":{"line":96,"column":19}},"9":{"start":{"line":102,"column":20},"end":{"line":102,"column":76}},"10":{"start":{"line":104,"column":17},"end":{"line":152,"column":6}},"11":{"start":{"line":154,"column":4},"end":{"line":158,"column":7}},"12":{"start":{"line":164,"column":6},"end":{"line":166,"column":62}},"13":{"start":{"line":167,"column":26},"end":{"line":169,"column":39}},"14":{"start":{"line":171,"column":17},"end":{"line":482,"column":6}},"15":{"start":{"line":393,"column":36},"end":{"line":393,"column":72}},"16":{"start":{"line":395,"column":20},"end":{"line":395,"column":76}},"17":{"start":{"line":397,"column":18},"end":{"line":459,"column":18}},"18":{"start":{"line":484,"column":4},"end":{"line":488,"column":7}},"19":{"start":{"line":493,"column":26},"end":{"line":502,"column":39}},"20":{"start":{"line":504,"column":26},"end":{"line":548,"column":5}},"21":{"start":{"line":507,"column":6},"end":{"line":513,"column":10}},"22":{"start":{"line":508,"column":8},"end":{"line":513,"column":10}},"23":{"start":{"line":514,"column":6},"end":{"line":520,"column":10}},"24":{"start":{"line":515,"column":8},"end":{"line":520,"column":10}},"25":{"start":{"line":521,"column":6},"end":{"line":527,"column":10}},"26":{"start":{"line":522,"column":8},"end":{"line":527,"column":10}},"27":{"start":{"line":528,"column":6},"end":{"line":534,"column":10}},"28":{"start":{"line":529,"column":8},"end":{"line":534,"column":10}},"29":{"start":{"line":535,"column":6},"end":{"line":541,"column":10}},"30":{"start":{"line":536,"column":8},"end":{"line":541,"column":10}},"31":{"start":{"line":542,"column":6},"end":{"line":547,"column":8}},"32":{"start":{"line":550,"column":22},"end":{"line":550,"column":57}},"33":{"start":{"line":552,"column":31},"end":{"line":598,"column":5}},"34":{"start":{"line":555,"column":23},"end":{"line":555,"column":44}},"35":{"start":{"line":557,"column":6},"end":{"line":559,"column":7}},"36":{"start":{"line":558,"column":8},"end":{"line":558,"column":93}},"37":{"start":{"line":562,"column":6},"end":{"line":587,"column":7}},"38":{"start":{"line":563,"column":8},"end":{"line":568,"column":9}},"39":{"start":{"line":564,"column":27},"end":{"line":564,"column":75}},"40":{"start":{"line":564,"column":56},"end":{"line":564,"column":74}},"41":{"start":{"line":565,"column":10},"end":{"line":567,"column":31}},"42":{"start":{"line":569,"column":8},"end":{"line":576,"column":9}},"43":{"start":{"line":570,"column":34},"end":{"line":572,"column":51}},"44":{"start":{"line":571,"column":28},"end":{"line":571,"column":65}},"45":{"start":{"line":572,"column":24},"end":{"line":572,"column":50}},"46":{"start":{"line":573,"column":10},"end":{"line":575,"column":92}},"47":{"start":{"line":574,"column":41},"end":{"line":574,"column":49}},"48":{"start":{"line":578,"column":8},"end":{"line":586,"column":9}},"49":{"start":{"line":579,"column":23},"end":{"line":579,"column":43}},"50":{"start":{"line":580,"column":10},"end":{"line":584,"column":11}},"51":{"start":{"line":581,"column":12},"end":{"line":583,"column":28}},"52":{"start":{"line":582,"column":34},"end":{"line":582,"column":59}},"53":{"start":{"line":585,"column":10},"end":{"line":585,"column":46}},"54":{"start":{"line":590,"column":6},"end":{"line":595,"column":7}},"55":{"start":{"line":591,"column":8},"end":{"line":593,"column":9}},"56":{"start":{"line":592,"column":10},"end":{"line":592,"column":55}},"57":{"start":{"line":594,"column":8},"end":{"line":594,"column":57}},"58":{"start":{"line":597,"column":6},"end":{"line":597,"column":47}},"59":{"start":{"line":600,"column":32},"end":{"line":625,"column":5}},"60":{"start":{"line":603,"column":6},"end":{"line":603,"column":38}},"61":{"start":{"line":603,"column":28},"end":{"line":603,"column":38}},"62":{"start":{"line":605,"column":6},"end":{"line":612,"column":7}},"63":{"start":{"line":606,"column":31},"end":{"line":606,"column":74}},"64":{"start":{"line":606,"column":62},"end":{"line":606,"column":73}},"65":{"start":{"line":607,"column":8},"end":{"line":611,"column":9}},"66":{"start":{"line":608,"column":10},"end":{"line":610,"column":26}},"67":{"start":{"line":609,"column":24},"end":{"line":609,"column":57}},"68":{"start":{"line":614,"column":6},"end":{"line":618,"column":7}},"69":{"start":{"line":615,"column":8},"end":{"line":617,"column":24}},"70":{"start":{"line":616,"column":27},"end":{"line":616,"column":60}},"71":{"start":{"line":620,"column":6},"end":{"line":622,"column":7}},"72":{"start":{"line":621,"column":8},"end":{"line":621,"column":67}},"73":{"start":{"line":624,"column":6},"end":{"line":624,"column":54}},"74":{"start":{"line":627,"column":17},"end":{"line":926,"column":6}},"75":{"start":{"line":799,"column":42},"end":{"line":799,"column":60}},"76":{"start":{"line":800,"column":42},"end":{"line":800,"column":65}},"77":{"start":{"line":802,"column":26},"end":{"line":803,"column":60}},"78":{"start":{"line":804,"column":46},"end":{"line":810,"column":41}},"79":{"start":{"line":811,"column":48},"end":{"line":817,"column":41}},"80":{"start":{"line":818,"column":43},"end":{"line":824,"column":45}},"81":{"start":{"line":826,"column":24},"end":{"line":884,"column":22}},"82":{"start":{"line":928,"column":4},"end":{"line":934,"column":7}},"83":{"start":{"line":938,"column":43},"end":{"line":944,"column":6}},"84":{"start":{"line":945,"column":4},"end":{"line":945,"column":51}},"85":{"start":{"line":945,"column":43},"end":{"line":945,"column":49}},"86":{"start":{"line":949,"column":4},"end":{"line":951,"column":5}},"87":{"start":{"line":950,"column":6},"end":{"line":950,"column":19}},"88":{"start":{"line":952,"column":4},"end":{"line":952,"column":39}},"89":{"start":{"line":956,"column":4},"end":{"line":958,"column":5}},"90":{"start":{"line":957,"column":6},"end":{"line":957,"column":43}},"91":{"start":{"line":960,"column":4},"end":{"line":964,"column":5}},"92":{"start":{"line":961,"column":6},"end":{"line":963,"column":40}},"93":{"start":{"line":966,"column":4},"end":{"line":968,"column":5}},"94":{"start":{"line":967,"column":6},"end":{"line":967,"column":45}},"95":{"start":{"line":970,"column":4},"end":{"line":970,"column":26}},"96":{"start":{"line":974,"column":0},"end":{"line":974,"column":28}}},"fnMap":{"0":{"name":"(anonymous_1)","decl":{"start":{"line":72,"column":2},"end":{"line":72,"column":null}},"loc":{"start":{"line":72,"column":2},"end":{"line":80,"column":3}}},"1":{"name":"(anonymous_2)","decl":{"start":{"line":83,"column":2},"end":{"line":83,"column":7}},"loc":{"start":{"line":83,"column":38},"end":{"line":98,"column":3}}},"2":{"name":"(anonymous_3)","decl":{"start":{"line":101,"column":2},"end":{"line":101,"column":7}},"loc":{"start":{"line":101,"column":45},"end":{"line":159,"column":3}}},"3":{"name":"(anonymous_4)","decl":{"start":{"line":162,"column":2},"end":{"line":162,"column":7}},"loc":{"start":{"line":162,"column":51},"end":{"line":489,"column":3}}},"4":{"name":"(anonymous_5)","decl":{"start":{"line":392,"column":21},"end":{"line":392,"column":22}},"loc":{"start":{"line":392,"column":41},"end":{"line":460,"column":17}}},"5":{"name":"(anonymous_6)","decl":{"start":{"line":492,"column":2},"end":{"line":492,"column":7}},"loc":{"start":{"line":492,"column":57},"end":{"line":935,"column":3}}},"6":{"name":"(anonymous_7)","decl":{"start":{"line":504,"column":26},"end":{"line":504,"column":null}},"loc":{"start":{"line":506,"column":74},"end":{"line":548,"column":5}}},"7":{"name":"(anonymous_8)","decl":{"start":{"line":552,"column":31},"end":{"line":552,"column":null}},"loc":{"start":{"line":554,"column":16},"end":{"line":598,"column":5}}},"8":{"name":"(anonymous_9)","decl":{"start":{"line":564,"column":49},"end":{"line":564,"column":50}},"loc":{"start":{"line":564,"column":56},"end":{"line":564,"column":74}}},"9":{"name":"(anonymous_10)","decl":{"start":{"line":571,"column":20},"end":{"line":571,"column":21}},"loc":{"start":{"line":571,"column":28},"end":{"line":571,"column":65}}},"10":{"name":"(anonymous_11)","decl":{"start":{"line":572,"column":17},"end":{"line":572,"column":18}},"loc":{"start":{"line":572,"column":24},"end":{"line":572,"column":50}}},"11":{"name":"(anonymous_12)","decl":{"start":{"line":574,"column":34},"end":{"line":574,"column":35}},"loc":{"start":{"line":574,"column":41},"end":{"line":574,"column":49}}},"12":{"name":"(anonymous_13)","decl":{"start":{"line":582,"column":19},"end":{"line":582,"column":20}},"loc":{"start":{"line":582,"column":34},"end":{"line":582,"column":59}}},"13":{"name":"(anonymous_14)","decl":{"start":{"line":600,"column":32},"end":{"line":600,"column":null}},"loc":{"start":{"line":602,"column":16},"end":{"line":625,"column":5}}},"14":{"name":"(anonymous_15)","decl":{"start":{"line":606,"column":55},"end":{"line":606,"column":56}},"loc":{"start":{"line":606,"column":62},"end":{"line":606,"column":73}}},"15":{"name":"(anonymous_16)","decl":{"start":{"line":609,"column":17},"end":{"line":609,"column":18}},"loc":{"start":{"line":609,"column":24},"end":{"line":609,"column":57}}},"16":{"name":"(anonymous_17)","decl":{"start":{"line":616,"column":15},"end":{"line":616,"column":16}},"loc":{"start":{"line":616,"column":27},"end":{"line":616,"column":60}}},"17":{"name":"(anonymous_18)","decl":{"start":{"line":798,"column":27},"end":{"line":798,"column":28}},"loc":{"start":{"line":798,"column":47},"end":{"line":885,"column":23}}},"18":{"name":"(anonymous_19)","decl":{"start":{"line":937,"column":10},"end":{"line":937,"column":20}},"loc":{"start":{"line":937,"column":33},"end":{"line":946,"column":3}}},"19":{"name":"(anonymous_20)","decl":{"start":{"line":945,"column":36},"end":{"line":945,"column":37}},"loc":{"start":{"line":945,"column":43},"end":{"line":945,"column":49}}},"20":{"name":"(anonymous_21)","decl":{"start":{"line":948,"column":10},"end":{"line":948,"column":30}},"loc":{"start":{"line":948,"column":59},"end":{"line":953,"column":3}}},"21":{"name":"(anonymous_22)","decl":{"start":{"line":955,"column":10},"end":{"line":955,"column":22}},"loc":{"start":{"line":955,"column":34},"end":{"line":971,"column":3}}}},"branchMap":{"0":{"loc":{"start":{"line":139,"column":14},"end":{"line":139,"column":67}},"type":"cond-expr","locations":[{"start":{"line":139,"column":29},"end":{"line":139,"column":62}},{"start":{"line":139,"column":65},"end":{"line":139,"column":67}}]},"1":{"loc":{"start":{"line":164,"column":6},"end":{"line":166,"column":62}},"type":"cond-expr","locations":[{"start":{"line":165,"column":10},"end":{"line":165,"column":11}},{"start":{"line":166,"column":10},"end":{"line":166,"column":62}}]},"2":{"loc":{"start":{"line":167,"column":26},"end":{"line":169,"column":39}},"type":"cond-expr","locations":[{"start":{"line":168,"column":8},"end":{"line":168,"column":55}},{"start":{"line":169,"column":8},"end":{"line":169,"column":39}}]},"3":{"loc":{"start":{"line":373,"column":16},"end":{"line":373,"column":null}},"type":"binary-expr","locations":[{"start":{"line":373,"column":16},"end":{"line":373,"column":35}},{"start":{"line":373,"column":39},"end":{"line":373,"column":null}}]},"4":{"loc":{"start":{"line":378,"column":16},"end":{"line":380,"column":null}},"type":"cond-expr","locations":[{"start":{"line":379,"column":20},"end":{"line":379,"column":49}},{"start":{"line":380,"column":20},"end":{"line":380,"column":null}}]},"5":{"loc":{"start":{"line":385,"column":14},"end":{"line":464,"column":null}},"type":"cond-expr","locations":[{"start":{"line":386,"column":18},"end":{"line":463,"column":null}},{"start":{"line":464,"column":18},"end":{"line":464,"column":null}}]},"6":{"loc":{"start":{"line":385,"column":14},"end":{"line":385,"column":57}},"type":"binary-expr","locations":[{"start":{"line":385,"column":14},"end":{"line":385,"column":28}},{"start":{"line":385,"column":32},"end":{"line":385,"column":57}}]},"7":{"loc":{"start":{"line":395,"column":20},"end":{"line":395,"column":76}},"type":"binary-expr","locations":[{"start":{"line":395,"column":20},"end":{"line":395,"column":38}},{"start":{"line":395,"column":42},"end":{"line":395,"column":76}}]},"8":{"loc":{"start":{"line":412,"column":24},"end":{"line":412,"column":null}},"type":"cond-expr","locations":[{"start":{"line":412,"column":36},"end":{"line":412,"column":52}},{"start":{"line":412,"column":55},"end":{"line":412,"column":null}}]},"9":{"loc":{"start":{"line":419,"column":22},"end":{"line":428,"column":null}},"type":"cond-expr","locations":[{"start":{"line":420,"column":26},"end":{"line":427,"column":null}},{"start":{"line":428,"column":26},"end":{"line":428,"column":null}}]},"10":{"loc":{"start":{"line":433,"column":24},"end":{"line":437,"column":null}},"type":"cond-expr","locations":[{"start":{"line":434,"column":28},"end":{"line":434,"column":43}},{"start":{"line":435,"column":28},"end":{"line":437,"column":null}}]},"11":{"loc":{"start":{"line":435,"column":28},"end":{"line":437,"column":null}},"type":"cond-expr","locations":[{"start":{"line":436,"column":30},"end":{"line":436,"column":45}},{"start":{"line":437,"column":30},"end":{"line":437,"column":null}}]},"12":{"loc":{"start":{"line":442,"column":24},"end":{"line":446,"column":null}},"type":"cond-expr","locations":[{"start":{"line":443,"column":28},"end":{"line":443,"column":43}},{"start":{"line":444,"column":28},"end":{"line":446,"column":null}}]},"13":{"loc":{"start":{"line":444,"column":28},"end":{"line":446,"column":null}},"type":"cond-expr","locations":[{"start":{"line":445,"column":30},"end":{"line":445,"column":45}},{"start":{"line":446,"column":30},"end":{"line":446,"column":null}}]},"14":{"loc":{"start":{"line":449,"column":26},"end":{"line":453,"column":null}},"type":"cond-expr","locations":[{"start":{"line":450,"column":30},"end":{"line":450,"column":41}},{"start":{"line":451,"column":30},"end":{"line":453,"column":null}}]},"15":{"loc":{"start":{"line":451,"column":30},"end":{"line":453,"column":null}},"type":"cond-expr","locations":[{"start":{"line":452,"column":32},"end":{"line":452,"column":43}},{"start":{"line":453,"column":32},"end":{"line":453,"column":null}}]},"16":{"loc":{"start":{"line":493,"column":26},"end":{"line":502,"column":39}},"type":"cond-expr","locations":[{"start":{"line":494,"column":8},"end":{"line":501,"column":10}},{"start":{"line":502,"column":8},"end":{"line":502,"column":39}}]},"17":{"loc":{"start":{"line":507,"column":6},"end":{"line":513,"column":10}},"type":"if","locations":[{"start":{"line":507,"column":6},"end":{"line":513,"column":10}},{"start":{},"end":{}}]},"18":{"loc":{"start":{"line":514,"column":6},"end":{"line":520,"column":10}},"type":"if","locations":[{"start":{"line":514,"column":6},"end":{"line":520,"column":10}},{"start":{},"end":{}}]},"19":{"loc":{"start":{"line":521,"column":6},"end":{"line":527,"column":10}},"type":"if","locations":[{"start":{"line":521,"column":6},"end":{"line":527,"column":10}},{"start":{},"end":{}}]},"20":{"loc":{"start":{"line":528,"column":6},"end":{"line":534,"column":10}},"type":"if","locations":[{"start":{"line":528,"column":6},"end":{"line":534,"column":10}},{"start":{},"end":{}}]},"21":{"loc":{"start":{"line":535,"column":6},"end":{"line":541,"column":10}},"type":"if","locations":[{"start":{"line":535,"column":6},"end":{"line":541,"column":10}},{"start":{},"end":{}}]},"22":{"loc":{"start":{"line":557,"column":6},"end":{"line":559,"column":7}},"type":"if","locations":[{"start":{"line":557,"column":6},"end":{"line":559,"column":7}},{"start":{},"end":{}}]},"23":{"loc":{"start":{"line":557,"column":10},"end":{"line":557,"column":72}},"type":"binary-expr","locations":[{"start":{"line":557,"column":10},"end":{"line":557,"column":27}},{"start":{"line":557,"column":31},"end":{"line":557,"column":53}},{"start":{"line":557,"column":57},"end":{"line":557,"column":72}}]},"24":{"loc":{"start":{"line":562,"column":6},"end":{"line":587,"column":7}},"type":"if","locations":[{"start":{"line":562,"column":6},"end":{"line":587,"column":7}},{"start":{},"end":{}}]},"25":{"loc":{"start":{"line":562,"column":10},"end":{"line":562,"column":57}},"type":"binary-expr","locations":[{"start":{"line":562,"column":10},"end":{"line":562,"column":26}},{"start":{"line":562,"column":30},"end":{"line":562,"column":57}}]},"26":{"loc":{"start":{"line":563,"column":8},"end":{"line":568,"column":9}},"type":"if","locations":[{"start":{"line":563,"column":8},"end":{"line":568,"column":9}},{"start":{},"end":{}}]},"27":{"loc":{"start":{"line":565,"column":17},"end":{"line":567,"column":30}},"type":"cond-expr","locations":[{"start":{"line":566,"column":14},"end":{"line":566,"column":47}},{"start":{"line":567,"column":14},"end":{"line":567,"column":30}}]},"28":{"loc":{"start":{"line":569,"column":8},"end":{"line":576,"column":9}},"type":"if","locations":[{"start":{"line":569,"column":8},"end":{"line":576,"column":9}},{"start":{},"end":{}}]},"29":{"loc":{"start":{"line":573,"column":17},"end":{"line":575,"column":91}},"type":"cond-expr","locations":[{"start":{"line":574,"column":14},"end":{"line":574,"column":63}},{"start":{"line":575,"column":14},"end":{"line":575,"column":91}}]},"30":{"loc":{"start":{"line":578,"column":8},"end":{"line":586,"column":9}},"type":"if","locations":[{"start":{"line":578,"column":8},"end":{"line":586,"column":9}},{"start":{},"end":{}}]},"31":{"loc":{"start":{"line":578,"column":12},"end":{"line":578,"column":61}},"type":"binary-expr","locations":[{"start":{"line":578,"column":12},"end":{"line":578,"column":40}},{"start":{"line":578,"column":44},"end":{"line":578,"column":61}}]},"32":{"loc":{"start":{"line":580,"column":10},"end":{"line":584,"column":11}},"type":"if","locations":[{"start":{"line":580,"column":10},"end":{"line":584,"column":11}},{"start":{},"end":{}}]},"33":{"loc":{"start":{"line":590,"column":6},"end":{"line":595,"column":7}},"type":"if","locations":[{"start":{"line":590,"column":6},"end":{"line":595,"column":7}},{"start":{},"end":{}}]},"34":{"loc":{"start":{"line":591,"column":8},"end":{"line":593,"column":9}},"type":"if","locations":[{"start":{"line":591,"column":8},"end":{"line":593,"column":9}},{"start":{},"end":{}}]},"35":{"loc":{"start":{"line":591,"column":12},"end":{"line":591,"column":52}},"type":"binary-expr","locations":[{"start":{"line":591,"column":12},"end":{"line":591,"column":31}},{"start":{"line":591,"column":35},"end":{"line":591,"column":52}}]},"36":{"loc":{"start":{"line":603,"column":6},"end":{"line":603,"column":38}},"type":"if","locations":[{"start":{"line":603,"column":6},"end":{"line":603,"column":38}},{"start":{},"end":{}}]},"37":{"loc":{"start":{"line":605,"column":6},"end":{"line":612,"column":7}},"type":"if","locations":[{"start":{"line":605,"column":6},"end":{"line":612,"column":7}},{"start":{},"end":{}}]},"38":{"loc":{"start":{"line":605,"column":10},"end":{"line":605,"column":57}},"type":"binary-expr","locations":[{"start":{"line":605,"column":10},"end":{"line":605,"column":26}},{"start":{"line":605,"column":30},"end":{"line":605,"column":57}}]},"39":{"loc":{"start":{"line":607,"column":8},"end":{"line":611,"column":9}},"type":"if","locations":[{"start":{"line":607,"column":8},"end":{"line":611,"column":9}},{"start":{},"end":{}}]},"40":{"loc":{"start":{"line":614,"column":6},"end":{"line":618,"column":7}},"type":"if","locations":[{"start":{"line":614,"column":6},"end":{"line":618,"column":7}},{"start":{},"end":{}}]},"41":{"loc":{"start":{"line":620,"column":6},"end":{"line":622,"column":7}},"type":"if","locations":[{"start":{"line":620,"column":6},"end":{"line":622,"column":7}},{"start":{},"end":{}}]},"42":{"loc":{"start":{"line":620,"column":10},"end":{"line":620,"column":75}},"type":"binary-expr","locations":[{"start":{"line":620,"column":10},"end":{"line":620,"column":45}},{"start":{"line":620,"column":49},"end":{"line":620,"column":75}}]},"43":{"loc":{"start":{"line":759,"column":28},"end":{"line":759,"column":62}},"type":"binary-expr","locations":[{"start":{"line":759,"column":28},"end":{"line":759,"column":47}},{"start":{"line":759,"column":51},"end":{"line":759,"column":62}}]},"44":{"loc":{"start":{"line":770,"column":28},"end":{"line":770,"column":null}},"type":"cond-expr","locations":[{"start":{"line":770,"column":51},"end":{"line":770,"column":61}},{"start":{"line":770,"column":64},"end":{"line":770,"column":null}}]},"45":{"loc":{"start":{"line":773,"column":28},"end":{"line":775,"column":null}},"type":"cond-expr","locations":[{"start":{"line":774,"column":32},"end":{"line":774,"column":69}},{"start":{"line":775,"column":32},"end":{"line":775,"column":null}}]},"46":{"loc":{"start":{"line":775,"column":32},"end":{"line":775,"column":null}},"type":"binary-expr","locations":[{"start":{"line":775,"column":32},"end":{"line":775,"column":53}},{"start":{"line":775,"column":57},"end":{"line":775,"column":null}}]},"47":{"loc":{"start":{"line":791,"column":18},"end":{"line":890,"column":null}},"type":"cond-expr","locations":[{"start":{"line":792,"column":22},"end":{"line":889,"column":null}},{"start":{"line":890,"column":22},"end":{"line":890,"column":null}}]},"48":{"loc":{"start":{"line":802,"column":26},"end":{"line":803,"column":60}},"type":"binary-expr","locations":[{"start":{"line":802,"column":26},"end":{"line":802,"column":44}},{"start":{"line":803,"column":26},"end":{"line":803,"column":60}}]},"49":{"loc":{"start":{"line":804,"column":46},"end":{"line":810,"column":41}},"type":"cond-expr","locations":[{"start":{"line":805,"column":28},"end":{"line":805,"column":30}},{"start":{"line":806,"column":28},"end":{"line":810,"column":41}}]},"50":{"loc":{"start":{"line":806,"column":28},"end":{"line":810,"column":41}},"type":"cond-expr","locations":[{"start":{"line":807,"column":30},"end":{"line":807,"column":39}},{"start":{"line":808,"column":30},"end":{"line":810,"column":41}}]},"51":{"loc":{"start":{"line":808,"column":30},"end":{"line":810,"column":41}},"type":"cond-expr","locations":[{"start":{"line":809,"column":32},"end":{"line":809,"column":41}},{"start":{"line":810,"column":32},"end":{"line":810,"column":41}}]},"52":{"loc":{"start":{"line":811,"column":48},"end":{"line":817,"column":41}},"type":"cond-expr","locations":[{"start":{"line":812,"column":28},"end":{"line":812,"column":30}},{"start":{"line":813,"column":28},"end":{"line":817,"column":41}}]},"53":{"loc":{"start":{"line":813,"column":28},"end":{"line":817,"column":41}},"type":"cond-expr","locations":[{"start":{"line":814,"column":30},"end":{"line":814,"column":39}},{"start":{"line":815,"column":30},"end":{"line":817,"column":41}}]},"54":{"loc":{"start":{"line":815,"column":30},"end":{"line":817,"column":41}},"type":"cond-expr","locations":[{"start":{"line":816,"column":32},"end":{"line":816,"column":41}},{"start":{"line":817,"column":32},"end":{"line":817,"column":41}}]},"55":{"loc":{"start":{"line":818,"column":43},"end":{"line":824,"column":45}},"type":"cond-expr","locations":[{"start":{"line":819,"column":28},"end":{"line":819,"column":30}},{"start":{"line":820,"column":28},"end":{"line":824,"column":45}}]},"56":{"loc":{"start":{"line":820,"column":28},"end":{"line":824,"column":45}},"type":"cond-expr","locations":[{"start":{"line":821,"column":30},"end":{"line":821,"column":41}},{"start":{"line":822,"column":30},"end":{"line":824,"column":45}}]},"57":{"loc":{"start":{"line":822,"column":30},"end":{"line":824,"column":45}},"type":"cond-expr","locations":[{"start":{"line":823,"column":32},"end":{"line":823,"column":43}},{"start":{"line":824,"column":32},"end":{"line":824,"column":45}}]},"58":{"loc":{"start":{"line":851,"column":28},"end":{"line":860,"column":null}},"type":"cond-expr","locations":[{"start":{"line":852,"column":32},"end":{"line":859,"column":null}},{"start":{"line":860,"column":32},"end":{"line":860,"column":null}}]},"59":{"loc":{"start":{"line":851,"column":28},"end":{"line":851,"column":77}},"type":"binary-expr","locations":[{"start":{"line":851,"column":28},"end":{"line":851,"column":49}},{"start":{"line":851,"column":53},"end":{"line":851,"column":77}}]},"60":{"loc":{"start":{"line":865,"column":24},"end":{"line":881,"column":null}},"type":"cond-expr","locations":[{"start":{"line":866,"column":28},"end":{"line":880,"column":null}},{"start":{"line":881,"column":28},"end":{"line":881,"column":null}}]},"61":{"loc":{"start":{"line":949,"column":4},"end":{"line":951,"column":5}},"type":"if","locations":[{"start":{"line":949,"column":4},"end":{"line":951,"column":5}},{"start":{},"end":{}}]},"62":{"loc":{"start":{"line":956,"column":4},"end":{"line":958,"column":5}},"type":"if","locations":[{"start":{"line":956,"column":4},"end":{"line":958,"column":5}},{"start":{},"end":{}}]},"63":{"loc":{"start":{"line":956,"column":8},"end":{"line":956,"column":47}},"type":"binary-expr","locations":[{"start":{"line":956,"column":8},"end":{"line":956,"column":23}},{"start":{"line":956,"column":27},"end":{"line":956,"column":47}}]},"64":{"loc":{"start":{"line":960,"column":4},"end":{"line":964,"column":5}},"type":"if","locations":[{"start":{"line":960,"column":4},"end":{"line":964,"column":5}},{"start":{},"end":{}}]},"65":{"loc":{"start":{"line":961,"column":13},"end":{"line":963,"column":39}},"type":"cond-expr","locations":[{"start":{"line":962,"column":10},"end":{"line":962,"column":27}},{"start":{"line":963,"column":10},"end":{"line":963,"column":39}}]},"66":{"loc":{"start":{"line":966,"column":4},"end":{"line":968,"column":5}},"type":"if","locations":[{"start":{"line":966,"column":4},"end":{"line":968,"column":5}},{"start":{},"end":{}}]}},"s":{"0":1,"1":1,"2":0,"3":0,"4":0,"5":0,"6":0,"7":0,"8":0,"9":0,"10":0,"11":0,"12":0,"13":0,"14":0,"15":0,"16":0,"17":0,"18":0,"19":0,"20":0,"21":0,"22":0,"23":0,"24":0,"25":0,"26":0,"27":0,"28":0,"29":0,"30":0,"31":0,"32":0,"33":0,"34":0,"35":0,"36":0,"37":0,"38":0,"39":0,"40":0,"41":0,"42":0,"43":0,"44":0,"45":0,"46":0,"47":0,"48":0,"49":0,"50":0,"51":0,"52":0,"53":0,"54":0,"55":0,"56":0,"57":0,"58":0,"59":0,"60":0,"61":0,"62":0,"63":0,"64":0,"65":0,"66":0,"67":0,"68":0,"69":0,"70":0,"71":0,"72":0,"73":0,"74":0,"75":0,"76":0,"77":0,"78":0,"79":0,"80":0,"81":0,"82":0,"83":0,"84":0,"85":0,"86":0,"87":0,"88":0,"89":0,"90":0,"91":0,"92":0,"93":0,"94":0,"95":0,"96":1},"f":{"0":0,"1":0,"2":0,"3":0,"4":0,"5":0,"6":0,"7":0,"8":0,"9":0,"10":0,"11":0,"12":0,"13":0,"14":0,"15":0,"16":0,"17":0,"18":0,"19":0,"20":0,"21":0},"b":{"0":[0,0],"1":[0,0],"2":[0,0],"3":[0,0],"4":[0,0],"5":[0,0],"6":[0,0],"7":[0,0],"8":[0,0],"9":[0,0],"10":[0,0],"11":[0,0],"12":[0,0],"13":[0,0],"14":[0,0],"15":[0,0],"16":[0,0],"17":[0,0],"18":[0,0],"19":[0,0],"20":[0,0],"21":[0,0],"22":[0,0],"23":[0,0,0],"24":[0,0],"25":[0,0],"26":[0,0],"27":[0,0],"28":[0,0],"29":[0,0],"30":[0,0],"31":[0,0],"32":[0,0],"33":[0,0],"34":[0,0],"35":[0,0],"36":[0,0],"37":[0,0],"38":[0,0],"39":[0,0],"40":[0,0],"41":[0,0],"42":[0,0],"43":[0,0],"44":[0,0],"45":[0,0],"46":[0,0],"47":[0,0],"48":[0,0],"49":[0,0],"50":[0,0],"51":[0,0],"52":[0,0],"53":[0,0],"54":[0,0],"55":[0,0],"56":[0,0],"57":[0,0],"58":[0,0],"59":[0,0],"60":[0,0],"61":[0,0],"62":[0,0],"63":[0,0],"64":[0,0],"65":[0,0],"66":[0,0]}}
,"/Users/zumikay/Documents/RealProjects/Refinded_GraduateTracer/GraduateTracerBackend_V2/src/services/FormValidationService.ts": {"path":"/Users/zumikay/Documents/RealProjects/Refinded_GraduateTracer/GraduateTracerBackend_V2/src/services/FormValidationService.ts","statementMap":{"0":{"start":{"line":2,"column":0},"end":{"line":2,"column":76}},"1":{"start":{"line":3,"column":0},"end":{"line":3,"column":null}},"2":{"start":{"line":9,"column":0},"end":{"line":9,"column":71}},"3":{"start":{"line":10,"column":0},"end":{"line":10,"column":75}},"4":{"start":{"line":11,"column":0},"end":{"line":11,"column":55}},"5":{"start":{"line":12,"column":0},"end":{"line":12,"column":null}},"6":{"start":{"line":18,"column":0},"end":{"line":18,"column":33}},"7":{"start":{"line":19,"column":0},"end":{"line":19,"column":null}},"8":{"start":{"line":27,"column":0},"end":{"line":27,"column":77}},"9":{"start":{"line":43,"column":13},"end":{"line":272,"column":2}},"10":{"start":{"line":50,"column":51},"end":{"line":50,"column":53}},"11":{"start":{"line":51,"column":4},"end":{"line":57,"column":5}},"12":{"start":{"line":56,"column":6},"end":{"line":56,"column":77}},"13":{"start":{"line":58,"column":4},"end":{"line":58,"column":18}},"14":{"start":{"line":64,"column":51},"end":{"line":64,"column":53}},"15":{"start":{"line":65,"column":4},"end":{"line":89,"column":5}},"16":{"start":{"line":70,"column":6},"end":{"line":76,"column":8}},"17":{"start":{"line":78,"column":29},"end":{"line":79,"column":null}},"18":{"start":{"line":79,"column":15},"end":{"line":79,"column":52}},"19":{"start":{"line":81,"column":6},"end":{"line":88,"column":7}},"20":{"start":{"line":82,"column":8},"end":{"line":87,"column":10}},"21":{"start":{"line":90,"column":4},"end":{"line":90,"column":18}},"22":{"start":{"line":96,"column":51},"end":{"line":96,"column":53}},"23":{"start":{"line":97,"column":20},"end":{"line":97,"column":36}},"24":{"start":{"line":98,"column":4},"end":{"line":105,"column":5}},"25":{"start":{"line":99,"column":6},"end":{"line":104,"column":8}},"26":{"start":{"line":106,"column":4},"end":{"line":106,"column":18}},"27":{"start":{"line":112,"column":51},"end":{"line":112,"column":53}},"28":{"start":{"line":113,"column":20},"end":{"line":113,"column":36}},"29":{"start":{"line":114,"column":4},"end":{"line":121,"column":5}},"30":{"start":{"line":115,"column":6},"end":{"line":120,"column":8}},"31":{"start":{"line":122,"column":4},"end":{"line":122,"column":18}},"32":{"start":{"line":128,"column":51},"end":{"line":128,"column":53}},"33":{"start":{"line":129,"column":20},"end":{"line":129,"column":37}},"34":{"start":{"line":130,"column":4},"end":{"line":149,"column":5}},"35":{"start":{"line":131,"column":6},"end":{"line":136,"column":8}},"36":{"start":{"line":138,"column":29},"end":{"line":139,"column":null}},"37":{"start":{"line":139,"column":15},"end":{"line":139,"column":52}},"38":{"start":{"line":141,"column":6},"end":{"line":148,"column":7}},"39":{"start":{"line":142,"column":8},"end":{"line":147,"column":10}},"40":{"start":{"line":150,"column":4},"end":{"line":150,"column":18}},"41":{"start":{"line":156,"column":51},"end":{"line":156,"column":53}},"42":{"start":{"line":157,"column":4},"end":{"line":166,"column":5}},"43":{"start":{"line":158,"column":6},"end":{"line":165,"column":7}},"44":{"start":{"line":159,"column":8},"end":{"line":164,"column":10}},"45":{"start":{"line":167,"column":4},"end":{"line":167,"column":18}},"46":{"start":{"line":173,"column":51},"end":{"line":173,"column":53}},"47":{"start":{"line":175,"column":4},"end":{"line":181,"column":5}},"48":{"start":{"line":176,"column":6},"end":{"line":180,"column":8}},"49":{"start":{"line":183,"column":4},"end":{"line":183,"column":18}},"50":{"start":{"line":189,"column":51},"end":{"line":189,"column":53}},"51":{"start":{"line":190,"column":18},"end":{"line":190,"column":52}},"52":{"start":{"line":191,"column":4},"end":{"line":210,"column":5}},"53":{"start":{"line":192,"column":20},"end":{"line":192,"column":41}},"54":{"start":{"line":193,"column":18},"end":{"line":193,"column":37}},"55":{"start":{"line":194,"column":6},"end":{"line":209,"column":7}},"56":{"start":{"line":195,"column":8},"end":{"line":200,"column":10}},"57":{"start":{"line":201,"column":13},"end":{"line":209,"column":7}},"58":{"start":{"line":202,"column":8},"end":{"line":208,"column":10}},"59":{"start":{"line":211,"column":4},"end":{"line":211,"column":18}},"60":{"start":{"line":217,"column":51},"end":{"line":217,"column":53}},"61":{"start":{"line":218,"column":18},"end":{"line":218,"column":54}},"62":{"start":{"line":219,"column":4},"end":{"line":235,"column":5}},"63":{"start":{"line":220,"column":6},"end":{"line":234,"column":7}},"64":{"start":{"line":221,"column":8},"end":{"line":226,"column":10}},"65":{"start":{"line":227,"column":13},"end":{"line":234,"column":7}},"66":{"start":{"line":228,"column":8},"end":{"line":233,"column":10}},"67":{"start":{"line":236,"column":4},"end":{"line":236,"column":18}},"68":{"start":{"line":242,"column":51},"end":{"line":242,"column":53}},"69":{"start":{"line":243,"column":4},"end":{"line":252,"column":5}},"70":{"start":{"line":244,"column":6},"end":{"line":251,"column":7}},"71":{"start":{"line":245,"column":8},"end":{"line":250,"column":10}},"72":{"start":{"line":253,"column":4},"end":{"line":253,"column":18}},"73":{"start":{"line":259,"column":51},"end":{"line":259,"column":53}},"74":{"start":{"line":260,"column":4},"end":{"line":269,"column":5}},"75":{"start":{"line":261,"column":6},"end":{"line":268,"column":7}},"76":{"
[...]
"end":{"line":765,"column":56}}]},"107":{"loc":{"start":{"line":769,"column":8},"end":{"line":769,"column":65}},"type":"binary-expr","locations":[{"start":{"line":769,"column":8},"end":{"line":769,"column":33}},{"start":{"line":769,"column":37},"end":{"line":769,"column":59}},{"start":{"line":769,"column":63},"end":{"line":769,"column":65}}]},"108":{"loc":{"start":{"line":773,"column":13},"end":{"line":773,"column":44}},"type":"binary-expr","locations":[{"start":{"line":773,"column":13},"end":{"line":773,"column":38}},{"start":{"line":773,"column":42},"end":{"line":773,"column":44}}]},"109":{"loc":{"start":{"line":776,"column":6},"end":{"line":778,"column":7}},"type":"if","locations":[{"start":{"line":776,"column":6},"end":{"line":778,"column":7}},{"start":{},"end":{}}]},"110":{"loc":{"start":{"line":796,"column":2},"end":{"line":799,"column":3}},"type":"if","locations":[{"start":{"line":796,"column":2},"end":{"line":799,"column":3}},{"start":{},"end":{}}]},"111":{"loc":{"start":{"line":796,"column":6},"end":{"line":796,"column":49}},"type":"binary-expr","locations":[{"start":{"line":796,"column":6},"end":{"line":796,"column":16}},{"start":{"line":796,"column":20},"end":{"line":796,"column":49}}]},"112":{"loc":{"start":{"line":803,"column":2},"end":{"line":805,"column":3}},"type":"if","locations":[{"start":{"line":803,"column":2},"end":{"line":805,"column":3}},{"start":{},"end":{}}]},"113":{"loc":{"start":{"line":823,"column":2},"end":{"line":831,"column":3}},"type":"if","locations":[{"start":{"line":823,"column":2},"end":{"line":831,"column":3}},{"start":{},"end":{}}]},"114":{"loc":{"start":{"line":824,"column":4},"end":{"line":827,"column":27}},"type":"binary-expr","locations":[{"start":{"line":824,"column":4},"end":{"line":824,"column":24}},{"start":{"line":825,"column":4},"end":{"line":825,"column":29}},{"start":{"line":826,"column":4},"end":{"line":826,"column":22}},{"start":{"line":827,"column":4},"end":{"line":827,"column":27}}]},"115":{"loc":{"start":{"line":837,"column":4},"end":{"line":857,"column":5}},"type":"if","locations":[{"start":{"line":837,"column":4},"end":{"line":857,"column":5}},{"start":{"line":846,"column":11},"end":{"line":857,"column":5}}]},"116":{"loc":{"start":{"line":842,"column":6},"end":{"line":845,"column":7}},"type":"if","locations":[{"start":{"line":842,"column":6},"end":{"line":845,"column":7}},{"start":{},"end":{}}]},"117":{"loc":{"start":{"line":842,"column":10},"end":{"line":842,"column":46}},"type":"binary-expr","locations":[{"start":{"line":842,"column":10},"end":{"line":842,"column":27}},{"start":{"line":842,"column":31},"end":{"line":842,"column":46}}]},"118":{"loc":{"start":{"line":849,"column":8},"end":{"line":849,"column":79}},"type":"cond-expr","locations":[{"start":{"line":849,"column":42},"end":{"line":849,"column":65}},{"start":{"line":849,"column":68},"end":{"line":849,"column":79}}]},"119":{"loc":{"start":{"line":851,"column":8},"end":{"line":851,"column":73}},"type":"cond-expr","locations":[{"start":{"line":851,"column":40},"end":{"line":851,"column":61}},{"start":{"line":851,"column":64},"end":{"line":851,"column":73}}]},"120":{"loc":{"start":{"line":853,"column":6},"end":{"line":856,"column":7}},"type":"if","locations":[{"start":{"line":853,"column":6},"end":{"line":856,"column":7}},{"start":{},"end":{}}]},"121":{"loc":{"start":{"line":853,"column":10},"end":{"line":853,"column":46}},"type":"binary-expr","locations":[{"start":{"line":853,"column":10},"end":{"line":853,"column":27}},{"start":{"line":853,"column":31},"end":{"line":853,"column":46}}]},"122":{"loc":{"start":{"line":861,"column":4},"end":{"line":866,"column":5}},"type":"if","locations":[{"start":{"line":861,"column":4},"end":{"line":866,"column":5}},{"start":{},"end":{}}]}},"s":{"0":9,"1":9,"2":9,"3":9,"4":9,"5":3,"6":2,"7":3,"8":3,"9":1,"10":1,"11":0,"12":0,"13":1,"14":1,"15":0,"16":0,"17":0,"18":0,"19":0,"20":0,"21":1,"22":1,"23":0,"24":0,"25":0,"26":0,"27":0,"28":2,"29":3,"30":3,"31":1,"32":2,"33":1,"34":1,"35":9,"36":0,"37":9,"38":0,"39":9,"40":1,"41":9,"42":0,"43":9,"44":0,"45":9,"46":0,"47":9,"48":1,"49":9,"50":0,"51":9,"52":0,"53":9,"54":0,"55":0,"56":0,"57":0,"58":0,"59":0,"60":0,"61":0,"62":0,"63":9,"64":9,"65":0,"66":0,"67":0,"68":0,"69":0,"70":0,"71":0,"72":0,"73":0,"74":0,"75":0,"76":0,"77":0,"78":0,"79":0,"80":0,"81":0,"82":0,"83":9,"84":9,"85":0,"86":0,"87":0,"88":0,"89":0,"90":0,"91":0,"92":0,"93":0,"94":0,"95":0,"96":0,"97":0,"98":0,"99":0,"100":0,"101":0,"102":0,"103":0,"104":0,"105":0,"106":9,"107":9,"108":0,"109":0,"110":0,"111":0,"112":0,"113":9,"114":9,"115":0,"116":0,"117":0,"118":9,"119":9,"120":0,"121":0,"122":0,"123":0,"124":0,"125":9,"126":9,"127":0,"128":0,"129":9,"130":9,"131":0,"132":0,"133":0,"134":0,"135":0,"136":0,"137":0,"138":0,"139":0,"140":0,"141":0,"142":0,"143":0,"144":0,"145":0,"146":0,"147":0,"148":0,"149":9,"150":9,"151":9,"152":0,"153":0,"154":0,"155":9,"156":9,"157":0,"158":0,"159":0,"160":9,"161":9,"162":0,"163":0,"164":9,"165":9,"166":10,"167":1,"168":9,"169":9,"170":9,"171":9,"172":9,"173":61,"174":61,"175":1,"176":60,"177":40,"178":40,"179":23,"180":40,"181":9,"182":61,"183":1,"184":60,"185":60,"186":60,"187":60,"188":21,"189":19,"190":19,"191":19,"192":21,"193":38,"194":9,"195":61,"196":9,"197":14,"198":14,"199":14,"200":9,"201":20,"202":20,"203":9,"204":9,"205":61,"206":61,"207":3,"208":9,"209":9,"210":9,"211":6,"212":0,"213":6,"214":6,"215":6,"216":8,"217":6,"218":8,"219":8,"220":0,"221":0,"222":0,"223":0,"224":0,"225":6,"226":8,"227":8,"228":0,"229":6,"230":18,"231":6,"232":6,"233":8,"234":8,"235":0,"236":0,"237":0,"238":6,"239":0,"240":0,"241":0,"242":6,"243":8,"244":8,"245":8,"246":8,"247":10,"248":10,"249":8,"250":8,"251":0,"252":0,"253":0,"254":0,"255":0,"256":0,"257":0,"258":0,"259":0,"260":0,"261":0,"262":0,"263":0,"264":0,"265":0,"266":0,"267":0,"268":0,"269":0,"270":0,"271":0,"272":0,"273":0,"274":0,"275":6,"276":6,"277":8,"278":8,"279":8,"280":8,"281":8,"282":0,"283":0,"284":0,"285":0,"286":8,"287":6,"288":9,"289":9,"290":5,"291":5,"292":5,"293":5,"294":0,"295":5,"296":5,"297":0,"298":5,"299":3,"300":9,"301":3,"302":3,"303":2,"304":5,"305":2,"306":2,"307":9,"308":9,"309":31,"310":15,"311":16,"312":7,"313":7,"314":7,"315":2,"316":5,"317":17,"318":6,"319":5,"320":9,"321":19,"322":9,"323":9,"324":9,"325":2,"326":7,"327":7,"328":9,"329":9,"330":30,"331":11,"332":19,"333":18,"334":23,"335":23,"336":18,"337":6,"338":8,"339":1,"340":1,"341":2,"342":0,"343":0,"344":0,"345":0,"346":0,"347":0,"348":1,"349":1,"350":0,"351":0,"352":0,"353":0,"354":0,"355":0,"356":0,"357":0,"358":0,"359":0,"360":9,"361":0,"362":0,"363":0,"364":0,"365":0,"366":0,"367":0,"368":9,"369":0,"370":0,"371":0,"372":0,"373":0,"374":0,"375":0,"376":0,"377":0,"378":0,"379":0,"380":0,"381":0,"382":0,"383":0,"384":0,"385":0,"386":0,"387":0,"388":0,"389":0,"390":9},"f":{"0":3,"1":2,"2":3,"3":0,"4":0,"5":1,"6":0,"7":0,"8":0,"9":1,"10":0,"11":0,"12":0,"13":0,"14":0,"15":0,"16":0,"17":0,"18":0,"19":0,"20":0,"21":0,"22":0,"23":0,"24":0,"25":0,"26":10,"27":61,"28":19,"29":61,"30":14,"31":6,"32":8,"33":8,"34":8,"35":18,"36":8,"37":0,"38":0,"39":8,"40":0,"41":0,"42":8,"43":5,"44":9,"45":3,"46":5,"47":31,"48":17,"49":19,"50":9,"51":30,"52":23,"53":23,"54":0,"55":0},"b":{"0":[1,0,1,0,0,0,1,0,0,0],"1":[2,1],"2":[1,2],"3":[1,1],"4":[0,0],"5":[0,0],"6":[0],"7":[0,0],"8":[0,0],"9":[0,0],"10":[0,0],"11":[0,0],"12":[0,0],"13":[0,0],"14":[0,0],"15":[0,0],"16":[0,0],"17":[0,0,0],"18":[0,0],"19":[0,0,0],"20":[0,0],"21":[0,0],"22":[0,0],"23":[0,0],"24":[0,0],"25":[0,0],"26":[0,0],"27":[0,0],"28":[0,0],"29":[0,0],"30":[0,0,0],"31":[0,0],"32":[0,0,0],"33":[0],"34":[0,0],"35":[0,0,0],"36":[0,0],"37":[0,0],"38":[0,0],"39":[0,0],"40":[0,0],"41":[1,9],"42":[1,60],"43":[40,20],"44":[23,17],"45":[1,60],"46":[61,61],"47":[21,39],"48":[60,21],"49":[19,4],"50":[19,5],"51":[61,60],"52":[14,0],"53":[14,0],"54":[20,0],"55":[3,58],"56":[61,60],"57":[0,6],"58":[6,6],"59":[8,0],"60":[0,0],"61":[0,0],"62":[8,0],"63":[18,0,0],"64":[0,8],"65":[0,0],"66":[0,0],"67":[0,0],"68":[0,0],"69":[8,0],"70":[10,0],"71":[8,8],"72":[0,0],"73":[0,0],"74":[0,0],"75":[0,0],"76":[0,0],"77":[0,0],"78":[0,0],"79":[0,0],"80":[0,8],"81":[0,8],"82":[0,0],"83":[0,0],"84":[0,5],"85":[5,2,0],"86":[0,5],"87":[5,5],"88":[3,2],"89":[5,3],"90":[2,1],"91":[15,16],"92":[31,24,18],"93":[7,9],"94":[2,5],"95":[7,7,6],"96":[6,11],"97":[2,7],"98":[11,19],"99":[30,11],"100":[18,1],"101":[19,18],"102":[6,8,1,1,1,2,0,0,0,0,0,0,0],"103":[1,0,0,0,0,0],"104":[0,0],"105":[0,0],"106":[0,0],"107":[0,0,0],"108":[0,0],"109":[0,0],"110":[0,0],"111":[0,0],"112":[0,0],"113":[0,0],"114":[0,0,0,0],"115":[0,0],"116":[0,0],"117":[0,0],"118":[0,0],"119":[0,0],"120":[0,0],"121":[0,0],"122":[0,0]}}
,"/Users/zumikay/Documents/RealProjects/Refinded_GraduateTracer/GraduateTracerBackend_V2/src/utilities/mockdata.ts": {"path":"/Users/zumikay/Documents/RealProjects/Refinded_GraduateTracer/GraduateTracerBackend_V2/src/utilities/mockdata.ts","statementMap":{"0":{"start":{"line":1,"column":0},"end":{"line":1,"column":33}},"1":{"start":{"line":2,"column":0},"end":{"line":2,"column":null}},"2":{"start":{"line":13,"column":4},"end":{"line":13,"column":32}},"3":{"start":{"line":17,"column":4},"end":{"line":26,"column":6}},"4":{"start":{"line":30,"column":4},"end":{"line":34,"column":8}},"5":{"start":{"line":30,"column":54},"end":{"line":34,"column":6}},"6":{"start":{"line":40,"column":20},"end":{"line":40,"column":47}},"7":{"start":{"line":41,"column":4},"end":{"line":61,"column":6}},"8":{"start":{"line":65,"column":20},"end":{"line":65,"column":47}},"9":{"start":{"line":66,"column":4},"end":{"line":86,"column":6}},"10":{"start":{"line":90,"column":4},"end":{"line":103,"column":6}},"11":{"start":{"line":109,"column":4},"end":{"line":127,"column":6}},"12":{"start":{"line":131,"column":4},"end":{"line":150,"column":6}},"13":{"start":{"line":154,"column":4},"end":{"line":172,"column":6}},"14":{"start":{"line":178,"column":4},"end":{"line":196,"column":6}},"15":{"start":{"line":200,"column":4},"end":{"line":224,"column":6}},"16":{"start":{"line":228,"column":20},"end":{"line":228,"column":47}},"17":{"start":{"line":229,"column":4},"end":{"line":247,"column":6}},"18":{"start":{"line":251,"column":4},"end":{"line":272,"column":6}},"19":{"start":{"line":279,"column":45},"end":{"line":284,"column":6}},"20":{"start":{"line":286,"column":4},"end":{"line":313,"column":6}},"21":{"start":{"line":317,"column":19},"end":{"line":317,"column":38}},"22":{"start":{"line":319,"column":27},"end":{"line":322,"column":6}},"23":{"start":{"line":323,"column":21},"end":{"line":323,"column":68}},"24":{"start":{"line":324,"column":17},"end":{"line":324,"column":60}},"25":{"start":{"line":325,"column":24},"end":{"line":325,"column":74}},"26":{"start":{"line":326,"column":19},"end":{"line":326,"column":64}},"27":{"start":{"line":327,"column":17},"end":{"line":327,"column":60}},"28":{"start":{"line":328,"column":24},"end":{"line":328,"column":74}},"29":{"start":{"line":329,"column":22},"end":{"line":329,"column":70}},"30":{"start":{"line":330,"column":22},"end":{"line":330,"column":70}},"31":{"start":{"line":331,"column":22},"end":{"line":331,"column":70}},"32":{"start":{"line":332,"column":24},"end":{"line":337,"column":null}},"33":{"start":{"line":340,"column":4},"end":{"line":352,"column":6}},"34":{"start":{"line":360,"column":4},"end":{"line":371,"column":6}},"35":{"start":{"line":11,"column":0},"end":{"line":11,"column":13}}},"fnMap":{"0":{"name":"(anonymous_0)","decl":{"start":{"line":12,"column":2},"end":{"line":12,"column":8}},"loc":{"start":{"line":12,"column":21},"end":{"line":14,"column":3}}},"1":{"name":"(anonymous_1)","decl":{"start":{"line":16,"column":2},"end":{"line":16,"column":8}},"loc":{"start":{"line":16,"column":60},"end":{"line":27,"column":3}}},"2":{"name":"(anonymous_2)","decl":{"start":{"line":29,"column":2},"end":{"line":29,"column":8}},"loc":{"start":{"line":29,"column":46},"end":{"line":35,"column":3}}},"3":{"name":"(anonymous_3)","decl":{"start":{"line":30,"column":41},"end":{"line":30,"column":42}},"loc":{"start":{"line":30,"column":54},"end":{"line":34,"column":6}}},"4":{"name":"(anonymous_4)","decl":{"start":{"line":37,"column":2},"end":{"line":37,"column":8}},"loc":{"start":{"line":38,"column":36},"end":{"line":62,"column":3}}},"5":{"name":"(anonymous_5)","decl":{"start":{"line":64,"column":2},"end":{"line":64,"column":8}},"loc":{"start":{"line":64,"column":63},"end":{"line":87,"column":3}}},"6":{"name":"(anonymous_6)","decl":{"start":{"line":89,"column":2},"end":{"line":89,"column":8}},"loc":{"start":{"line":89,"column":59},"end":{"line":104,"column":3}}},"7":{"name":"(anonymous_7)","decl":{"start":{"line":106,"column":2},"end":{"line":106,"column":8}},"loc":{"start":{"line":107,"column":36},"end":{"line":128,"column":3}}},"8":{"name":"(anonymous_8)","decl":{"start":{"line":130,"column":2},"end":{"line":130,"column":8}},"loc":{"start":{"line":130,"column":61},"end":{"line":151,"column":3}}},"9":{"name":"(anonymous_9)","decl":{"start":{"line":153,"column":2},"end":{"line":153,"column":8}},"loc":{"start":{"line":153,"column":59},"end":{"line":173,"column":3}}},"10":{"name":"(anonymous_10)","decl":{"start":{"line":175,"column":2},"end":{"line":175,"column":8}},"loc":{"start":{"line":176,"column":36},"end":{"line":197,"column":3}}},"11":{"name":"(anonymous_11)","decl":{"start":{"line":199,"column":2},"end":{"line":199,"column":8}},"loc":{"start":{"line":199,"column":64},"end":{"line":225,"column":3}}},"12":{"name":"(anonymous_12)","decl":{"start":{"line":227,"column":2},"end":{"line":227,"column":8}},"loc":{"start":{"line":227,"column":64},"end":{"line":248,"column":3}}},"13":{"name":"(anonymous_13)","decl":{"start":{"line":250,"column":2},"end":{"line":250,"column":8}},"loc":{"start":{"line":250,"column":64},"end":{"line":273,"column":3}}},"14":{"name":"(anonymous_14)","decl":{"start":{"line":275,"column":2},"end":{"line":275,"column":8}},"loc":{"start":{"line":277,"column":36},"end":{"line":314,"column":3}}},"15":{"name":"(anonymous_15)","decl":{"start":{"line":316,"column":2},"end":{"line":316,"column":8}},"loc":{"start":{"line":316,"column":25},"end":{"line":353,"column":3}}},"16":{"name":"(anonymous_16)","decl":{"start":{"line":356,"column":2},"end":{"line":356,"column":8}},"loc":{"start":{"line":358,"column":36},"end":{"line":372,"column":3}}}},"branchMap":{"0":{"loc":{"start":{"line":16,"column":28},"end":{"line":16,"column":60}},"type":"default-arg","locations":[{"start":{"line":16,"column":43},"end":{"line":16,"column":60}}]},"1":{"loc":{"start":{"line":29,"column":29},"end":{"line":29,"column":46}},"type":"default-arg","locations":[{"start":{"line":29,"column":45},"end":{"line":29,"column":46}}]}},"s":{"0":2,"1":2,"2":35,"3":35,"4":20,"5":90,"6":15,"7":15,"8":4,"9":4,"10":3,"11":3,"12":3,"13":0,"14":2,"15":2,"16":0,"17":0,"18":1,"19":0,"20":0,"21":0,"22":0,"23":0,"24":0,"25":0,"26":0,"27":0,"28":0,"29":0,"30":0,"31":0,"32":0,"33":0,"34":2,"35":2},"f":{"0":35,"1":35,"2":20,"3":90,"4":15,"5":4,"6":3,"7":3,"8":3,"9":0,"10":2,"11":2,"12":0,"13":1,"14":0,"15":0,"16":2},"b":{"0":[0],"1":[0]}}
,"/Users/zumikay/Documents/RealProjects/Refinded_GraduateTracer/GraduateTracerBackend_V2/src/utilities/scoreHelper.ts": {"path":"/Users/zumikay/Documents/RealProjects/Refinded_GraduateTracer/GraduateTracerBackend_V2/src/utilities/scoreHelper.ts","statementMap":{"0":{"start":{"line":1,"column":0},"end":{"line":1,"column":67}},"1":{"start":{"line":4,"column":13},"end":{"line":13,"column":3}},"2":{"start":{"line":16,"column":13},"end":{"line":19,"column":3}},"3":{"start":{"line":22,"column":13},"end":{"line":24,"column":3}},"4":{"start":{"line":26,"column":28},"end":{"line":28,"column":1}},"5":{"start":{"line":27,"column":2},"end":{"line":27,"column":78}},"6":{"start":{"line":30,"column":31},"end":{"line":42,"column":1}},"7":{"start":{"line":32,"column":2},"end":{"line":34,"column":3}},"8":{"start":{"line":33,"column":4},"end":{"line":33,"column":17}},"9":{"start":{"line":37,"column":2},"end":{"line":39,"column":3}},"10":{"start":{"line":38,"column":4},"end":{"line":38,"column":17}},"11":{"start":{"line":41,"column":2},"end":{"line":41,"column":14}},"12":{"start":{"line":44,"column":32},"end":{"line":57,"column":1}},"13":{"start":{"line":45,"column":2},"end":{"line":47,"column":3}},"14":{"start":{"line":46,"column":4},"end":{"line":46,"column":17}},"15":{"start":{"line":50,"column":2},"end":{"line":54,"column":3}},"16":{"start":{"line":51,"column":4},"end":{"line":53,"column":6}},"17":{"start":{"line":56,"column":2},"end":{"line":56,"column":15}},"18":{"start":{"line":65,"column":38},"end":{"line":87,"column":1}},"19":{"start":{"line":75,"column":26},"end":{"line":75,"column":73}},"20":{"start":{"line":75,"column":50},"end":{"line":75,"column":72}},"21":{"start":{"line":76,"column":32},"end":{"line":76,"column":78}},"22":{"start":{"line":77,"column":33},"end":{"line":77,"column":74}},"23":{"start":{"line":79,"column":2},"end":{"line":86,"column":4}},"24":{"start":{"line":65,"column":13},"end":{"line":65,"column":38}}},"fnMap":{"0":{"name":"(anonymous_0)","decl":{"start":{"line":26,"column":28},"end":{"line":26,"column":29}},"loc":{"start":{"line":26,"column":60},"end":{"line":28,"column":1}}},"1":{"name":"(anonymous_1)","decl":{"start":{"line":30,"column":31},"end":{"line":30,"column":32}},"loc":{"start":{"line":30,"column":66},"end":{"line":42,"column":1}}},"2":{"name":"(anonymous_2)","decl":{"start":{"line":44,"column":32},"end":{"line":44,"column":33}},"loc":{"start":{"line":44,"column":67},"end":{"line":57,"column":1}}},"3":{"name":"(anonymous_3)","decl":{"start":{"line":65,"column":38},"end":{"line":65,"column":39}},"loc":{"start":{"line":74,"column":4},"end":{"line":87,"column":1}}},"4":{"name":"(anonymous_4)","decl":{"start":{"line":75,"column":43},"end":{"line":75,"column":44}},"loc":{"start":{"line":75,"column":50},"end":{"line":75,"column":72}}}},"branchMap":{"0":{"loc":{"start":{"line":27,"column":9},"end":{"line":27,"column":77}},"type":"binary-expr","locations":[{"start":{"line":27,"column":9},"end":{"line":27,"column":38}},{"start":{"line":27,"column":42},"end":{"line":27,"column":77}}]},"1":{"loc":{"start":{"line":32,"column":2},"end":{"line":34,"column":3}},"type":"if","locations":[{"start":{"line":32,"column":2},"end":{"line":34,"column":3}},{"start":{},"end":{}}]},"2":{"loc":{"start":{"line":37,"column":2},"end":{"line":39,"column":3}},"type":"if","locations":[{"start":{"line":37,"column":2},"end":{"line":39,"column":3}},{"start":{},"end":{}}]},"3":{"loc":{"start":{"line":45,"column":2},"end":{"line":47,"column":3}},"type":"if","locations":[{"start":{"line":45,"column":2},"end":{"line":47,"column":3}},{"start":{},"end":{}}]},"4":{"loc":{"start":{"line":50,"column":2},"end":{"line":54,"column":3}},"type":"if","locations":[{"start":{"line":50,"column":2},"end":{"line":54,"column":3}},{"start":{},"end":{}}]},"5":{"loc":{"start":{"line":52,"column":6},"end":{"line":52,"column":76}},"type":"binary-expr","locations":[{"start":{"line":52,"column":6},"end":{"line":52,"column":22}},{"start":{"line":52,"column":26},"end":{"line":52,"column":54}},{"start":{"line":52,"column":58},"end":{"line":52,"column":76}}]},"6":{"loc":{"start":{"line":75,"column":50},"end":{"line":75,"column":72}},"type":"binary-expr","locations":[{"start":{"line":75,"column":50},"end":{"line":75,"column":57}},{"start":{"line":75,"column":61},"end":{"line":75,"column":72}}]},"7":{"loc":{"start":{"line":81,"column":6},"end":{"line":82,"column":51}},"type":"binary-expr","locations":[{"start":{"line":81,"column":6},"end":{"line":81,"column":32}},{"start":{"line":82,"column":6},"end":{"line":82,"column":51}}]}},"s":{"0":1,"1":1,"2":1,"3":1,"4":1,"5":20,"6":1,"7":20,"8":0,"9":20,"10":0,"11":20,"12":1,"13":16,"14":2,"15":14,"16":0,"17":14,"18":1,"19":12,"20":16,"21":12,"22":12,"23":12,"24":1},"f":{"0":20,"1":20,"2":16,"3":12,"4":16},"b":{"0":[20,0],"1":[0,20],"2":[0,20],"3":[2,14],"4":[0,14],"5":[0,0,0],"6":[16,10],"7":[12,10]}}
}
