{"/Users/zumikay/Documents/RealProjects/Refinded_GraduateTracer/GraduateTracerBackend_V2/src/model/Content.model.ts": {"path":"/Users/zumikay/Documents/RealProjects/Refinded_GraduateTracer/GraduateTracerBackend_V2/src/model/Content.model.ts","statementMap":{"0":{"start":{"line":1,"column":0},"end":{"line":1,"column":48}},"1":{"start":{"line":4,"column":13},"end":{"line":5,"column":123}},"2":{"start":{"line":6,"column":0},"end":{"line":6,"column":null}},"3":{"start":{"line":7,"column":2},"end":{"line":7,"column":null}},"4":{"start":{"line":8,"column":2},"end":{"line":8,"column":null}},"5":{"start":{"line":9,"column":2},"end":{"line":9,"column":null}},"6":{"start":{"line":10,"column":2},"end":{"line":10,"column":null}},"7":{"start":{"line":11,"column":2},"end":{"line":11,"column":null}},"8":{"start":{"line":12,"column":2},"end":{"line":12,"column":null}},"9":{"start":{"line":13,"column":2},"end":{"line":13,"column":null}},"10":{"start":{"line":14,"column":2},"end":{"line":14,"column":null}},"11":{"start":{"line":15,"column":2},"end":{"line":15,"column":null}},"12":{"start":{"line":16,"column":2},"end":{"line":16,"column":null}},"13":{"start":{"line":79,"column":29},"end":{"line":88,"column":2}},"14":{"start":{"line":90,"column":20},"end":{"line":99,"column":2}},"15":{"start":{"line":101,"column":26},"end":{"line":115,"column":2}},"16":{"start":{"line":117,"column":24},"end":{"line":126,"column":2}},"17":{"start":{"line":143,"column":20},"end":{"line":152,"column":2}},"18":{"start":{"line":156,"column":22},"end":{"line":227,"column":null}},"19":{"start":{"line":231,"column":0},"end":{"line":251,"column":3}},"20":{"start":{"line":232,"column":2},"end":{"line":250,"column":3}},"21":{"start":{"line":233,"column":17},"end":{"line":233,"column":48}},"22":{"start":{"line":236,"column":24},"end":{"line":236,"column":67}},"23":{"start":{"line":238,"column":6},"end":{"line":242,"column":71}},"24":{"start":{"line":239,"column":29},"end":{"line":239,"column":63}},"25":{"start":{"line":241,"column":10},"end":{"line":241,"column":44}},"26":{"start":{"line":245,"column":4},"end":{"line":245,"column":74}},"27":{"start":{"line":247,"column":4},"end":{"line":247,"column":11}},"28":{"start":{"line":249,"column":4},"end":{"line":249,"column":25}},"29":{"start":{"line":254,"column":0},"end":{"line":281,"column":3}},"30":{"start":{"line":255,"column":2},"end":{"line":280,"column":3}},"31":{"start":{"line":256,"column":17},"end":{"line":256,"column":48}},"32":{"start":{"line":257,"column":28},"end":{"line":257,"column":69}},"33":{"start":{"line":259,"column":4},"end":{"line":275,"column":5}},"34":{"start":{"line":260,"column":32},"end":{"line":263,"column":8}},"35":{"start":{"line":266,"column":25},"end":{"line":270,"column":13}},"36":{"start":{"line":267,"column":29},"end":{"line":267,"column":63}},"37":{"start":{"line":269,"column":10},"end":{"line":269,"column":44}},"38":{"start":{"line":272,"column":6},"end":{"line":274,"column":9}},"39":{"start":{"line":277,"column":4},"end":{"line":277,"column":11}},"40":{"start":{"line":279,"column":4},"end":{"line":279,"column":25}},"41":{"start":{"line":284,"column":0},"end":{"line":284,"column":44}},"42":{"start":{"line":285,"column":0},"end":{"line":285,"column":32}},"43":{"start":{"line":287,"column":16},"end":{"line":287,"column":47}},"44":{"start":{"line":289,"column":0},"end":{"line":289,"column":23}}},"fnMap":{"0":{"name":"(anonymous_0)","decl":{"start":{"line":6,"column":0},"end":{"line":6,"column":12}},"loc":{"start":{"line":6,"column":24},"end":{"line":17,"column":1}}},"1":{"name":"(anonymous_1)","decl":{"start":{"line":231,"column":26},"end":{"line":231,"column":31}},"loc":{"start":{"line":231,"column":46},"end":{"line":251,"column":1}}},"2":{"name":"(anonymous_2)","decl":{"start":{"line":239,"column":16},"end":{"line":239,"column":17}},"loc":{"start":{"line":239,"column":29},"end":{"line":239,"column":63}}},"3":{"name":"(anonymous_3)","decl":{"start":{"line":240,"column":16},"end":{"line":240,"column":17}},"loc":{"start":{"line":240,"column":33},"end":{"line":242,"column":9}}},"4":{"name":"(anonymous_4)","decl":{"start":{"line":254,"column":31},"end":{"line":254,"column":36}},"loc":{"start":{"line":254,"column":51},"end":{"line":281,"column":1}}},"5":{"name":"(anonymous_5)","decl":{"start":{"line":267,"column":16},"end":{"line":267,"column":17}},"loc":{"start":{"line":267,"column":29},"end":{"line":267,"column":63}}},"6":{"name":"(anonymous_6)","decl":{"start":{"line":268,"column":16},"end":{"line":268,"column":17}},"loc":{"start":{"line":268,"column":33},"end":{"line":270,"column":9}}}},"branchMap":{"0":{"loc":{"start":{"line":6,"column":12},"end":{"line":6,"column":null}},"type":"binary-expr","locations":[{"start":{"line":6,"column":12},"end":{"line":6,"column":24}},{"start":{"line":6,"column":24},"end":{"line":6,"column":null}}]},"1":{"loc":{"start":{"line":241,"column":24},"end":{"line":241,"column":42}},"type":"binary-expr","locations":[{"start":{"line":241,"column":24},"end":{"line":241,"column":37}},{"start":{"line":241,"column":41},"end":{"line":241,"column":42}}]},"2":{"loc":{"start":{"line":242,"column":17},"end":{"line":242,"column":70}},"type":"cond-expr","locations":[{"start":{"line":242,"column":51},"end":{"line":242,"column":66}},{"start":{"line":242,"column":69},"end":{"line":242,"column":70}}]},"3":{"loc":{"start":{"line":242,"column":51},"end":{"line":242,"column":66}},"type":"binary-expr","locations":[{"start":{"line":242,"column":51},"end":{"line":242,"column":61}},{"start":{"line":242,"column":65},"end":{"line":242,"column":66}}]},"4":{"loc":{"start":{"line":259,"column":4},"end":{"line":275,"column":5}},"type":"if","locations":[{"start":{"line":259,"column":4},"end":{"line":275,"column":5}},{"start":{},"end":{}}]},"5":{"loc":{"start":{"line":269,"column":24},"end":{"line":269,"column":42}},"type":"binary-expr","locations":[{"start":{"line":269,"column":24},"end":{"line":269,"column":37}},{"start":{"line":269,"column":41},"end":{"line":269,"column":42}}]}},"s":{"0":7,"1":7,"2":7,"3":7,"4":7,"5":7,"6":7,"7":7,"8":7,"9":7,"10":7,"11":7,"12":7,"13":7,"14":7,"15":7,"16":7,"17":7,"18":7,"19":7,"20":0,"21":0,"22":0,"23":0,"24":0,"25":0,"26":0,"27":0,"28":0,"29":7,"30":0,"31":0,"32":0,"33":0,"34":0,"35":0,"36":0,"37":0,"38":0,"39":0,"40":0,"41":7,"42":7,"43":7,"44":7},"f":{"0":7,"1":0,"2":0,"3":0,"4":0,"5":0,"6":0},"b":{"0":[7,7],"1":[0,0],"2":[0,0],"3":[0,0],"4":[0,0],"5":[0,0]}}
,"/Users/zumikay/Documents/RealProjects/Refinded_GraduateTracer/GraduateTracerBackend_V2/src/model/Form.model.ts": {"path":"/Users/zumikay/Documents/RealProjects/Refinded_GraduateTracer/GraduateTracerBackend_V2/src/model/Form.model.ts","statementMap":{"0":{"start":{"line":1,"column":0},"end":{"line":1,"column":48}},"1":{"start":{"line":2,"column":0},"end":{"line":2,"column":20}},"2":{"start":{"line":4,"column":0},"end":{"line":4,"column":66}},"3":{"start":{"line":7,"column":0},"end":{"line":7,"column":null}},"4":{"start":{"line":8,"column":2},"end":{"line":8,"column":null}},"5":{"start":{"line":9,"column":2},"end":{"line":9,"column":null}},"6":{"start":{"line":12,"column":0},"end":{"line":12,"column":null}},"7":{"start":{"line":13,"column":2},"end":{"line":13,"column":null}},"8":{"start":{"line":14,"column":2},"end":{"line":14,"column":null}},"9":{"start":{"line":17,"column":0},"end":{"line":17,"column":null}},"10":{"start":{"line":18,"column":2},"end":{"line":18,"column":null}},"11":{"start":{"line":19,"column":2},"end":{"line":19,"column":null}},"12":{"start":{"line":22,"column":0},"end":{"line":22,"column":null}},"13":{"start":{"line":23,"column":2},"end":{"line":23,"column":null}},"14":{"start":{"line":24,"column":2},"end":{"line":24,"column":null}},"15":{"start":{"line":25,"column":2},"end":{"line":25,"column":null}},"16":{"start":{"line":28,"column":0},"end":{"line":28,"column":null}},"17":{"start":{"line":29,"column":2},"end":{"line":29,"column":null}},"18":{"start":{"line":30,"column":2},"end":{"line":30,"column":null}},"19":{"start":{"line":31,"column":2},"end":{"line":31,"column":null}},"20":{"start":{"line":32,"column":2},"end":{"line":32,"column":null}},"21":{"start":{"line":87,"column":26},"end":{"line":127,"column":2}},"22":{"start":{"line":129,"column":39},"end":{"line":143,"column":2}},"23":{"start":{"line":145,"column":39},"end":{"line":165,"column":null}},"24":{"start":{"line":168,"column":19},"end":{"line":221,"column":null}},"25":{"start":{"line":224,"column":0},"end":{"line":224,"column":30}},"26":{"start":{"line":225,"column":0},"end":{"line":225,"column":32}},"27":{"start":{"line":226,"column":0},"end":{"line":226,"column":33}},"28":{"start":{"line":227,"column":0},"end":{"line":227,"column":30}},"29":{"start":{"line":228,"column":0},"end":{"line":228,"column":36}},"30":{"start":{"line":229,"column":0},"end":{"line":229,"column":43}},"31":{"start":{"line":232,"column":0},"end":{"line":236,"column":3}},"32":{"start":{"line":233,"column":17},"end":{"line":233,"column":36}},"33":{"start":{"line":234,"column":2},"end":{"line":234,"column":44}},"34":{"start":{"line":235,"column":2},"end":{"line":235,"column":9}},"35":{"start":{"line":238,"column":13},"end":{"line":238,"column":48}},"36":{"start":{"line":240,"column":0},"end":{"line":240,"column":20}},"37":{"start":{"line":242,"column":13},"end":{"line":248,"column":3}}},"fnMap":{"0":{"name":"(anonymous_1)","decl":{"start":{"line":7,"column":0},"end":{"line":7,"column":12}},"loc":{"start":{"line":7,"column":22},"end":{"line":10,"column":1}}},"1":{"name":"(anonymous_2)","decl":{"start":{"line":12,"column":0},"end":{"line":12,"column":12}},"loc":{"start":{"line":12,"column":20},"end":{"line":15,"column":1}}},"2":{"name":"(anonymous_3)","decl":{"start":{"line":17,"column":0},"end":{"line":17,"column":12}},"loc":{"start":{"line":17,"column":23},"end":{"line":20,"column":1}}},"3":{"name":"(anonymous_4)","decl":{"start":{"line":22,"column":0},"end":{"line":22,"column":12}},"loc":{"start":{"line":22,"column":28},"end":{"line":26,"column":1}}},"4":{"name":"(anonymous_5)","decl":{"start":{"line":28,"column":0},"end":{"line":28,"column":12}},"loc":{"start":{"line":28,"column":28},"end":{"line":33,"column":1}}},"5":{"name":"(anonymous_6)","decl":{"start":{"line":232,"column":28},"end":{"line":232,"column":33}},"loc":{"start":{"line":232,"column":48},"end":{"line":236,"column":1}}}},"branchMap":{"0":{"loc":{"start":{"line":7,"column":12},"end":{"line":7,"column":null}},"type":"binary-expr","locations":[{"start":{"line":7,"column":12},"end":{"line":7,"column":22}},{"start":{"line":7,"column":22},"end":{"line":7,"column":null}}]},"1":{"loc":{"start":{"line":12,"column":12},"end":{"line":12,"column":null}},"type":"binary-expr","locations":[{"start":{"line":12,"column":12},"end":{"line":12,"column":20}},{"start":{"line":12,"column":20},"end":{"line":12,"column":null}}]},"2":{"loc":{"start":{"line":17,"column":12},"end":{"line":17,"column":null}},"type":"binary-expr","locations":[{"start":{"line":17,"column":12},"end":{"line":17,"column":23}},{"start":{"line":17,"column":23},"end":{"line":17,"column":null}}]},"3":{"loc":{"start":{"line":22,"column":12},"end":{"line":22,"column":null}},"type":"binary-expr","locations":[{"start":{"line":22,"column":12},"end":{"line":22,"column":28}},{"start":{"line":22,"column":28},"end":{"line":22,"column":null}}]},"4":{"loc":{"start":{"line":28,"column":12},"end":{"line":28,"column":null}},"type":"binary-expr","locations":[{"start":{"line":28,"column":12},"end":{"line":28,"column":28}},{"start":{"line":28,"column":28},"end":{"line":28,"column":null}}]}},"s":{"0":1,"1":1,"2":1,"3":1,"4":1,"5":1,"6":1,"7":1,"8":1,"9":1,"10":1,"11":1,"12":1,"13":1,"14":1,"15":1,"16":1,"17":1,"18":1,"19":1,"20":1,"21":1,"22":1,"23":1,"24":1,"25":1,"26":1,"27":1,"28":1,"29":1,"30":1,"31":1,"32":0,"33":0,"34":0,"35":1,"36":1,"37":1},"f":{"0":1,"1":1,"2":1,"3":1,"4":1,"5":0},"b":{"0":[1,1],"1":[1,1],"2":[1,1],"3":[1,1],"4":[1,1]}}
,"/Users/zumikay/Documents/RealProjects/Refinded_GraduateTracer/GraduateTracerBackend_V2/src/model/Response.model.ts": {"path":"/Users/zumikay/Documents/RealProjects/Refinded_GraduateTracer/GraduateTracerBackend_V2/src/model/Response.model.ts","statementMap":{"0":{"start":{"line":1,"column":0},"end":{"line":1,"column":48}},"1":{"start":{"line":27,"column":0},"end":{"line":27,"column":null}},"2":{"start":{"line":28,"column":2},"end":{"line":28,"column":null}},"3":{"start":{"line":29,"column":2},"end":{"line":29,"column":null}},"4":{"start":{"line":32,"column":0},"end":{"line":32,"column":null}},"5":{"start":{"line":33,"column":2},"end":{"line":33,"column":null}},"6":{"start":{"line":34,"column":2},"end":{"line":34,"column":null}},"7":{"start":{"line":35,"column":2},"end":{"line":35,"column":null}},"8":{"start":{"line":36,"column":2},"end":{"line":36,"column":null}},"9":{"start":{"line":37,"column":2},"end":{"line":37,"column":null}},"10":{"start":{"line":38,"column":2},"end":{"line":38,"column":null}},"11":{"start":{"line":39,"column":2},"end":{"line":39,"column":null}},"12":{"start":{"line":88,"column":0},"end":{"line":88,"column":null}},"13":{"start":{"line":89,"column":2},"end":{"line":89,"column":null}},"14":{"start":{"line":90,"column":2},"end":{"line":90,"column":null}},"15":{"start":{"line":91,"column":2},"end":{"line":91,"column":null}},"16":{"start":{"line":105,"column":26},"end":{"line":129,"column":2}},"17":{"start":{"line":132,"column":23},"end":{"line":223,"column":null}},"18":{"start":{"line":149,"column":53},"end":{"line":149,"column":73}},"19":{"start":{"line":226,"column":0},"end":{"line":226,"column":47}},"20":{"start":{"line":227,"column":0},"end":{"line":227,"column":39}},"21":{"start":{"line":228,"column":0},"end":{"line":228,"column":41}},"22":{"start":{"line":229,"column":0},"end":{"line":229,"column":40}},"23":{"start":{"line":231,"column":0},"end":{"line":231,"column":62}},"24":{"start":{"line":232,"column":0},"end":{"line":232,"column":53}},"25":{"start":{"line":233,"column":0},"end":{"line":233,"column":56}},"26":{"start":{"line":236,"column":0},"end":{"line":243,"column":3}},"27":{"start":{"line":237,"column":2},"end":{"line":241,"column":3}},"28":{"start":{"line":238,"column":4},"end":{"line":240,"column":10}},"29":{"start":{"line":239,"column":6},"end":{"line":239,"column":43}},"30":{"start":{"line":242,"column":2},"end":{"line":242,"column":9}},"31":{"start":{"line":245,"column":21},"end":{"line":245,"column":54}},"32":{"start":{"line":247,"column":0},"end":{"line":247,"column":28}}},"fnMap":{"0":{"name":"(anonymous_0)","decl":{"start":{"line":27,"column":0},"end":{"line":27,"column":12}},"loc":{"start":{"line":27,"column":26},"end":{"line":30,"column":1}}},"1":{"name":"(anonymous_1)","decl":{"start":{"line":32,"column":0},"end":{"line":32,"column":12}},"loc":{"start":{"line":32,"column":36},"end":{"line":40,"column":1}}},"2":{"name":"(anonymous_2)","decl":{"start":{"line":88,"column":0},"end":{"line":88,"column":12}},"loc":{"start":{"line":88,"column":25},"end":{"line":92,"column":1}}},"3":{"name":"(anonymous_3)","decl":{"start":{"line":149,"column":19},"end":{"line":149,"column":20}},"loc":{"start":{"line":149,"column":53},"end":{"line":149,"column":73}}},"4":{"name":"(anonymous_4)","decl":{"start":{"line":236,"column":27},"end":{"line":236,"column":37}},"loc":{"start":{"line":236,"column":41},"end":{"line":243,"column":1}}},"5":{"name":"(anonymous_5)","decl":{"start":{"line":238,"column":46},"end":{"line":238,"column":47}},"loc":{"start":{"line":238,"column":66},"end":{"line":240,"column":5}}}},"branchMap":{"0":{"loc":{"start":{"line":27,"column":12},"end":{"line":27,"column":null}},"type":"binary-expr","locations":[{"start":{"line":27,"column":12},"end":{"line":27,"column":26}},{"start":{"line":27,"column":26},"end":{"line":27,"column":null}}]},"1":{"loc":{"start":{"line":32,"column":12},"end":{"line":32,"column":null}},"type":"binary-expr","locations":[{"start":{"line":32,"column":12},"end":{"line":32,"column":36}},{"start":{"line":32,"column":36},"end":{"line":32,"column":null}}]},"2":{"loc":{"start":{"line":88,"column":12},"end":{"line":88,"column":null}},"type":"binary-expr","locations":[{"start":{"line":88,"column":12},"end":{"line":88,"column":25}},{"start":{"line":88,"column":25},"end":{"line":88,"column":null}}]},"3":{"loc":{"start":{"line":237,"column":2},"end":{"line":241,"column":3}},"type":"if","locations":[{"start":{"line":237,"column":2},"end":{"line":241,"column":3}},{"start":{},"end":{}}]},"4":{"loc":{"start":{"line":237,"column":6},"end":{"line":237,"column":53}},"type":"binary-expr","locations":[{"start":{"line":237,"column":6},"end":{"line":237,"column":22}},{"start":{"line":237,"column":26},"end":{"line":237,"column":53}}]},"5":{"loc":{"start":{"line":239,"column":22},"end":{"line":239,"column":41}},"type":"binary-expr","locations":[{"start":{"line":239,"column":22},"end":{"line":239,"column":36}},{"start":{"line":239,"column":40},"end":{"line":239,"column":41}}]}},"s":{"0":1,"1":1,"2":1,"3":1,"4":1,"5":1,"6":1,"7":1,"8":1,"9":1,"10":1,"11":1,"12":1,"13":1,"14":1,"15":1,"16":1,"17":1,"18":0,"19":1,"20":1,"21":1,"22":1,"23":1,"24":1,"25":1,"26":1,"27":0,"28":0,"29":0,"30":0,"31":1,"32":1},"f":{"0":1,"1":1,"2":1,"3":0,"4":0,"5":0},"b":{"0":[1,1],"1":[1,1],"2":[1,1],"3":[0,0],"4":[0,0],"5":[0,0]}}
,"/Users/zumikay/Documents/RealProjects/Refinded_GraduateTracer/GraduateTracerBackend_V2/src/model/User.model.ts": {"path":"/Users/zumikay/Documents/RealProjects/Refinded_GraduateTracer/GraduateTracerBackend_V2/src/model/User.model.ts","statementMap":{"0":{"start":{"line":1,"column":0},"end":{"line":1,"column":48}},"1":{"start":{"line":3,"column":0},"end":{"line":3,"column":null}},"2":{"start":{"line":4,"column":2},"end":{"line":4,"column":null}},"3":{"start":{"line":5,"column":2},"end":{"line":5,"column":null}},"4":{"start":{"line":17,"column":19},"end":{"line":41,"column":2}},"5":{"start":{"line":43,"column":13},"end":{"line":43,"column":38}},"6":{"start":{"line":45,"column":0},"end":{"line":45,"column":20}}},"fnMap":{"0":{"name":"(anonymous_0)","decl":{"start":{"line":3,"column":0},"end":{"line":3,"column":12}},"loc":{"start":{"line":3,"column":16},"end":{"line":6,"column":1}}}},"branchMap":{"0":{"loc":{"start":{"line":3,"column":12},"end":{"line":3,"column":null}},"type":"binary-expr","locations":[{"start":{"line":3,"column":12},"end":{"line":3,"column":16}},{"start":{"line":3,"column":16},"end":{"line":3,"column":null}}]}},"s":{"0":1,"1":1,"2":1,"3":1,"4":1,"5":1,"6":1},"f":{"0":1},"b":{"0":[1,1]}}
,"/Users/zumikay/Documents/RealProjects/Refinded_GraduateTracer/GraduateTracerBackend_V2/src/services/EmailService.ts": {"path":"/Users/zumikay/Documents/RealProjects/Refinded_GraduateTracer/GraduateTracerBackend_V2/src/services/EmailService.ts","statementMap":{"0":{"start":{"line":1,"column":0},"end":{"line":1,"column":36}},"1":{"start":{"line":2,"column":0},"end":{"line":2,"column":59}},"2":{"start":{"line":73,"column":4},"end":{"line":79,"column":7}},"3":{"start":{"line":84,"column":4},"end":{"line":97,"column":5}},"4":{"start":{"line":85,"column":26},"end":{"line":90,"column":8}},"5":{"start":{"line":92,"column":6},"end":{"line":92,"column":51}},"6":{"start":{"line":93,"column":6},"end":{"line":93,"column":18}},"7":{"start":{"line":95,"column":6},"end":{"line":95,"column":51}},"8":{"start":{"line":96,"column":6},"end":{"line":96,"column":19}},"9":{"start":{"line":102,"column":20},"end":{"line":102,"column":76}},"10":{"start":{"line":104,"column":17},"end":{"line":152,"column":6}},"11":{"start":{"line":154,"column":4},"end":{"line":158,"column":7}},"12":{"start":{"line":164,"column":6},"end":{"line":166,"column":62}},"13":{"start":{"line":167,"column":26},"end":{"line":169,"column":39}},"14":{"start":{"line":171,"column":17},"end":{"line":482,"column":6}},"15":{"start":{"line":393,"column":36},"end":{"line":393,"column":72}},"16":{"start":{"line":395,"column":20},"end":{"line":395,"column":76}},"17":{"start":{"line":397,"column":18},"end":{"line":459,"column":18}},"18":{"start":{"line":484,"column":4},"end":{"line":488,"column":7}},"19":{"start":{"line":493,"column":26},"end":{"line":502,"column":39}},"20":{"start":{"line":504,"column":26},"end":{"line":548,"column":5}},"21":{"start":{"line":507,"column":6},"end":{"line":513,"column":10}},"22":{"start":{"line":508,"column":8},"end":{"line":513,"column":10}},"23":{"start":{"line":514,"column":6},"end":{"line":520,"column":10}},"24":{"start":{"line":515,"column":8},"end":{"line":520,"column":10}},"25":{"start":{"line":521,"column":6},"end":{"line":527,"column":10}},"26":{"start":{"line":522,"column":8},"end":{"line":527,"column":10}},"27":{"start":{"line":528,"column":6},"end":{"line":534,"column":10}},"28":{"start":{"line":529,"column":8},"end":{"line":534,"column":10}},"29":{"start":{"line":535,"column":6},"end":{"line":541,"column":10}},"30":{"start":{"line":536,"column":8},"end":{"line":541,"column":10}},"31":{"start":{"line":542,"column":6},"end":{"line":547,"column":8}},"32":{"start":{"line":550,"column":22},"end":{"line":550,"column":57}},"33":{"start":{"line":552,"column":31},"end":{"line":598,"column":5}},"34":{"start":{"line":555,"column":23},"end":{"line":555,"column":44}},"35":{"start":{"line":557,"column":6},"end":{"line":559,"column":7}},"36":{"start":{"line":558,"column":8},"end":{"line":558,"column":93}},"37":{"start":{"line":562,"column":6},"end":{"line":587,"column":7}},"38":{"start":{"line":563,"column":8},"end":{"line":568,"column":9}},"39":{"start":{"line":564,"column":27},"end":{"line":564,"column":75}},"40":{"start":{"line":564,"column":56},"end":{"line":564,"column":74}},"41":{"start":{"line":565,"column":10},"end":{"line":567,"column":31}},"42":{"start":{"line":569,"column":8},"end":{"line":576,"column":9}},"43":{"start":{"line":570,"column":34},"end":{"line":572,"column":51}},"44":{"start":{"line":571,"column":28},"end":{"line":571,"column":65}},"45":{"start":{"line":572,"column":24},"end":{"line":572,"column":50}},"46":{"start":{"line":573,"column":10},"end":{"line":575,"column":92}},"47":{"start":{"line":574,"column":41},"end":{"line":574,"column":49}},"48":{"start":{"line":578,"column":8},"end":{"line":586,"column":9}},"49":{"start":{"line":579,"column":23},"end":{"line":579,"column":43}},"50":{"start":{"line":580,"column":10},"end":{"line":584,"column":11}},"51":{"start":{"line":581,"column":12},"end":{"line":583,"column":28}},"52":{"start":{"line":582,"column":34},"end":{"line":582,"column":59}},"53":{"start":{"line":585,"column":10},"end":{"line":585,"column":46}},"54":{"start":{"line":590,"column":6},"end":{"line":595,"column":7}},"55":{"start":{"line":591,"column":8},"end":{"line":593,"column":9}},"56":{"start":{"line":592,"column":10},"end":{"line":592,"column":55}},"57":{"start":{"line":594,"column":8},"end":{"line":594,"column":57}},"58":{"start":{"line":597,"column":6},"end":{"line":597,"column":47}},"59":{"start":{"line":600,"column":32},"end":{"line":625,"column":5}},"60":{"start":{"line":603,"column":6},"end":{"line":603,"column":38}},"61":{"start":{"line":603,"column":28},"end":{"line":603,"column":38}},"62":{"start":{"line":605,"column":6},"end":{"line":612,"column":7}},"63":{"start":{"line":606,"column":31},"end":{"line":606,"column":74}},"64":{"start":{"line":606,"column":62},"end":{"line":606,"column":73}},"65":{"start":{"line":607,"column":8},"end":{"line":611,"column":9}},"66":{"start":{"line":608,"column":10},"end":{"line":610,"column":26}},"67":{"start":{"line":609,"column":24},"end":{"line":609,"column":57}},"68":{"start":{"line":614,"column":6},"end":{"line":618,"column":7}},"69":{"start":{"line":615,"column":8},"end":{"line":617,"column":24}},"70":{"start":{"line":616,"column":27},"end":{"line":616,"column":60}},"71":{"start":{"line":620,"column":6},"end":{"line":622,"column":7}},"72":{"start":{"line":621,"column":8},"end":{"line":621,"column":67}},"73":{"start":{"line":624,"column":6},"end":{"line":624,"column":54}},"74":{"start":{"line":627,"column":17},"end":{"line":926,"column":6}},"75":{"start":{"line":799,"column":42},"end":{"line":799,"column":60}},"76":{"start":{"line":800,"column":42},"end":{"line":800,"column":65}},"77":{"start":{"line":802,"column":26},"end":{"line":803,"column":60}},"78":{"start":{"line":804,"column":46},"end":{"line":810,"column":37}},"79":{"start":{"line":811,"column":48},"end":{"line":817,"column":37}},"80":{"start":{"line":818,"column":43},"end":{"line":824,"column":41}},"81":{"start":{"line":826,"column":24},"end":{"line":884,"column":22}},"82":{"start":{"line":928,"column":4},"end":{"line":934,"column":7}},"83":{"start":{"line":938,"column":43},"end":{"line":944,"column":6}},"84":{"start":{"line":945,"column":4},"end":{"line":945,"column":51}},"85":{"start":{"line":945,"column":43},"end":{"line":945,"column":49}},"86":{"start":{"line":949,"column":4},"end":{"line":951,"column":5}},"87":{"start":{"line":950,"column":6},"end":{"line":950,"column":19}},"88":{"start":{"line":952,"column":4},"end":{"line":952,"column":39}},"89":{"start":{"line":956,"column":4},"end":{"line":958,"column":5}},"90":{"start":{"line":957,"column":6},"end":{"line":957,"column":43}},"91":{"start":{"line":960,"column":4},"end":{"line":964,"column":5}},"92":{"start":{"line":961,"column":6},"end":{"line":963,"column":40}},"93":{"start":{"line":966,"column":4},"end":{"line":968,"column":5}},"94":{"start":{"line":967,"column":6},"end":{"line":967,"column":45}},"95":{"start":{"line":970,"column":4},"end":{"line":970,"column":26}},"96":{"start":{"line":974,"column":0},"end":{"line":974,"column":28}}},"fnMap":{"0":{"name":"(anonymous_1)","decl":{"start":{"line":72,"column":2},"end":{"line":72,"column":null}},"loc":{"start":{"line":72,"column":2},"end":{"line":80,"column":3}}},"1":{"name":"(anonymous_2)","decl":{"start":{"line":83,"column":2},"end":{"line":83,"column":7}},"loc":{"start":{"line":83,"column":38},"end":{"line":98,"column":3}}},"2":{"name":"(anonymous_3)","decl":{"start":{"line":101,"column":2},"end":{"line":101,"column":7}},"loc":{"start":{"line":101,"column":45},"end":{"line":159,"column":3}}},"3":{"name":"(anonymous_4)","decl":{"start":{"line":162,"column":2},"end":{"line":162,"column":7}},"loc":{"start":{"line":162,"column":51},"end":{"line":489,"column":3}}},"4":{"name":"(anonymous_5)","decl":{"start":{"line":392,"column":21},"end":{"line":392,"column":22}},"loc":{"start":{"line":392,"column":41},"end":{"line":460,"column":17}}},"5":{"name":"(anonymous_6)","decl":{"start":{"line":492,"column":2},"end":{"line":492,"column":7}},"loc":{"start":{"line":492,"column":57},"end":{"line":935,"column":3}}},"6":{"name":"(anonymous_7)","decl":{"start":{"line":504,"column":26},"end":{"line":504,"column":null}},"loc":{"start":{"line":506,"column":74},"end":{"line":548,"column":5}}},"7":{"name":"(anonymous_8)","decl":{"start":{"line":552,"column":31},"end":{"line":552,"column":null}},"loc":{"start":{"line":554,"column":16},"end":{"line":598,"column":5}}},"8":{"name":"(anonymous_9)","decl":{"start":{"line":564,"column":49},"end":{"line":564,"column":50}},"loc":{"start":{"line":564,"column":56},"end":{"line":564,"column":74}}},"9":{"name":"(anonymous_10)","decl":{"start":{"line":571,"column":20},"end":{"line":571,"column":21}},"loc":{"start":{"line":571,"column":28},"end":{"line":571,"column":65}}},"10":{"name":"(anonymous_11)","decl":{"start":{"line":572,"column":17},"end":{"line":572,"column":18}},"loc":{"start":{"line":572,"column":24},"end":{"line":572,"column":50}}},"11":{"name":"(anonymous_12)","decl":{"start":{"line":574,"column":34},"end":{"line":574,"column":35}},"loc":{"start":{"line":574,"column":41},"end":{"line":574,"column":49}}},"12":{"name":"(anonymous_13)","decl":{"start":{"line":582,"column":19},"end":{"line":582,"column":20}},"loc":{"start":{"line":582,"column":34},"end":{"line":582,"column":59}}},"13":{"name":"(anonymous_14)","decl":{"start":{"line":600,"column":32},"end":{"line":600,"column":null}},"loc":{"start":{"line":602,"column":16},"end":{"line":625,"column":5}}},"14":{"name":"(anonymous_15)","decl":{"start":{"line":606,"column":55},"end":{"line":606,"column":56}},"loc":{"start":{"line":606,"column":62},"end":{"line":606,"column":73}}},"15":{"name":"(anonymous_16)","decl":{"start":{"line":609,"column":17},"end":{"line":609,"column":18}},"loc":{"start":{"line":609,"column":24},"end":{"line":609,"column":57}}},"16":{"name":"(anonymous_17)","decl":{"start":{"line":616,"column":15},"end":{"line":616,"column":16}},"loc":{"start":{"line":616,"column":27},"end":{"line":616,"column":60}}},"17":{"name":"(anonymous_18)","decl":{"start":{"line":798,"column":27},"end":{"line":798,"column":28}},"loc":{"start":{"line":798,"column":47},"end":{"line":885,"column":23}}},"18":{"name":"(anonymous_19)","decl":{"start":{"line":937,"column":10},"end":{"line":937,"column":20}},"loc":{"start":{"line":937,"column":33},"end":{"line":946,"column":3}}},"19":{"name":"(anonymous_20)","decl":{"start":{"line":945,"column":36},"end":{"line":945,"column":37}},"loc":{"start":{"line":945,"column":43},"end":{"line":945,"column":49}}},"20":{"name":"(anonymous_21)","decl":{"start":{"line":948,"column":10},"end":{"line":948,"column":30}},"loc":{"start":{"line":948,"column":59},"end":{"line":953,"column":3}}},"21":{"name":"(anonymous_22)","decl":{"start":{"line":955,"column":10},"end":{"line":955,"column":22}},"loc":{"start":{"line":955,"column":34},"end":{"line":971,"column":3}}}},"branchMap":{"0":{"loc":{"start":{"line":139,"column":14},"end":{"line":139,"column":67}},"type":"cond-expr","locations":[{"start":{"line":139,"column":29},"end":{"line":139,"column":62}},{"start":{"line":139,"column":65},"end":{"line":139,"column":67}}]},"1":{"loc":{"start":{"line":164,"column":6},"end":{"line":166,"column":62}},"type":"cond-expr","locations":[{"start":{"line":165,"column":10},"end":{"line":165,"column":11}},{"start":{"line":166,"column":10},"end":{"line":166,"column":62}}]},"2":{"loc":{"start":{"line":167,"column":26},"end":{"line":169,"column":39}},"type":"cond-expr","locations":[{"start":{"line":168,"column":8},"end":{"line":168,"column":55}},{"start":{"line":169,"column":8},"end":{"line":169,"column":39}}]},"3":{"loc":{"start":{"line":373,"column":16},"end":{"line":373,"column":null}},"type":"binary-expr","locations":[{"start":{"line":373,"column":16},"end":{"line":373,"column":35}},{"start":{"line":373,"column":39},"end":{"line":373,"column":null}}]},"4":{"loc":{"start":{"line":378,"column":16},"end":{"line":380,"column":null}},"type":"cond-expr","locations":[{"start":{"line":379,"column":20},"end":{"line":379,"column":49}},{"start":{"line":380,"column":20},"end":{"line":380,"column":null}}]},"5":{"loc":{"start":{"line":385,"column":14},"end":{"line":464,"column":null}},"type":"cond-expr","locations":[{"start":{"line":386,"column":18},"end":{"line":463,"column":null}},{"start":{"line":464,"column":18},"end":{"line":464,"column":null}}]},"6":{"loc":{"start":{"line":385,"column":14},"end":{"line":385,"column":57}},"type":"binary-expr","locations":[{"start":{"line":385,"column":14},"end":{"line":385,"column":28}},{"start":{"line":385,"column":32},"end":{"line":385,"column":57}}]},"7":{"loc":{"start":{"line":395,"column":20},"end":{"line":395,"column":76}},"type":"binary-expr","locations":[{"start":{"line":395,"column":20},"end":{"line":395,"column":38}},{"start":{"line":395,"column":42},"end":{"line":395,"column":76}}]},"8":{"loc":{"start":{"line":412,"column":24},"end":{"line":412,"column":null}},"type":"cond-expr","locations":[{"start":{"line":412,"column":36},"end":{"line":412,"column":52}},{"start":{"line":412,"column":55},"end":{"line":412,"column":null}}]},"9":{"loc":{"start":{"line":419,"column":22},"end":{"line":428,"column":null}},"type":"cond-expr","locations":[{"start":{"line":420,"column":26},"end":{"line":427,"column":null}},{"start":{"line":428,"column":26},"end":{"line":428,"column":null}}]},"10":{"loc":{"start":{"line":433,"column":24},"end":{"line":437,"column":null}},"type":"cond-expr","locations":[{"start":{"line":434,"column":28},"end":{"line":434,"column":43}},{"start":{"line":435,"column":28},"end":{"line":437,"column":null}}]},"11":{"loc":{"start":{"line":435,"column":28},"end":{"line":437,"column":null}},"type":"cond-expr","locations":[{"start":{"line":436,"column":28},"end":{"line":436,"column":43}},{"start":{"line":437,"column":28},"end":{"line":437,"column":null}}]},"12":{"loc":{"start":{"line":442,"column":24},"end":{"line":446,"column":null}},"type":"cond-expr","locations":[{"start":{"line":443,"column":28},"end":{"line":443,"column":43}},{"start":{"line":444,"column":28},"end":{"line":446,"column":null}}]},"13":{"loc":{"start":{"line":444,"column":28},"end":{"line":446,"column":null}},"type":"cond-expr","locations":[{"start":{"line":445,"column":28},"end":{"line":445,"column":43}},{"start":{"line":446,"column":28},"end":{"line":446,"column":null}}]},"14":{"loc":{"start":{"line":449,"column":26},"end":{"line":453,"column":null}},"type":"cond-expr","locations":[{"start":{"line":450,"column":30},"end":{"line":450,"column":41}},{"start":{"line":451,"column":30},"end":{"line":453,"column":null}}]},"15":{"loc":{"start":{"line":451,"column":30},"end":{"line":453,"column":null}},"type":"cond-expr","locations":[{"start":{"line":452,"column":30},"end":{"line":452,"column":41}},{"start":{"line":453,"column":30},"end":{"line":453,"column":null}}]},"16":{"loc":{"start":{"line":493,"column":26},"end":{"line":502,"column":39}},"type":"cond-expr","locations":[{"start":{"line":494,"column":8},"end":{"line":501,"column":10}},{"start":{"line":502,"column":8},"end":{"line":502,"column":39}}]},"17":{"loc":{"start":{"line":507,"column":6},"end":{"line":513,"column":10}},"type":"if","locations":[{"start":{"line":507,"column":6},"end":{"line":513,"column":10}},{"start":{},"end":{}}]},"18":{"loc":{"start":{"line":514,"column":6},"end":{"line":520,"column":10}},"type":"if","locations":[{"start":{"line":514,"column":6},"end":{"line":520,"column":10}},{"start":{},"end":{}}]},"19":{"loc":{"start":{"line":521,"column":6},"end":{"line":527,"column":10}},"type":"if","locations":[{"start":{"line":521,"column":6},"end":{"line":527,"column":10}},{"start":{},"end":{}}]},"20":{"loc":{"start":{"line":528,"column":6},"end":{"line":534,"column":10}},"type":"if","locations":[{"start":{"line":528,"column":6},"end":{"line":534,"column":10}},{"start":{},"end":{}}]},"21":{"loc":{"start":{"line":535,"column":6},"end":{"line":541,"column":10}},"type":"if","locations":[{"start":{"line":535,"column":6},"end":{"line":541,"column":10}},{"start":{},"end":{}}]},"22":{"loc":{"start":{"line":557,"column":6},"end":{"line":559,"column":7}},"type":"if","locations":[{"start":{"line":557,"column":6},"end":{"line":559,"column":7}},{"start":{},"end":{}}]},"23":{"loc":{"start":{"line":557,"column":10},"end":{"line":557,"column":72}},"type":"binary-expr","locations":[{"start":{"line":557,"column":10},"end":{"line":557,"column":27}},{"start":{"line":557,"column":31},"end":{"line":557,"column":53}},{"start":{"line":557,"column":57},"end":{"line":557,"column":72}}]},"24":{"loc":{"start":{"line":562,"column":6},"end":{"line":587,"column":7}},"type":"if","locations":[{"start":{"line":562,"column":6},"end":{"line":587,"column":7}},{"start":{},"end":{}}]},"25":{"loc":{"start":{"line":562,"column":10},"end":{"line":562,"column":57}},"type":"binary-expr","locations":[{"start":{"line":562,"column":10},"end":{"line":562,"column":26}},{"start":{"line":562,"column":30},"end":{"line":562,"column":57}}]},"26":{"loc":{"start":{"line":563,"column":8},"end":{"line":568,"column":9}},"type":"if","locations":[{"start":{"line":563,"column":8},"end":{"line":568,"column":9}},{"start":{},"end":{}}]},"27":{"loc":{"start":{"line":565,"column":17},"end":{"line":567,"column":30}},"type":"cond-expr","locations":[{"start":{"line":566,"column":14},"end":{"line":566,"column":47}},{"start":{"line":567,"column":14},"end":{"line":567,"column":30}}]},"28":{"loc":{"start":{"line":569,"column":8},"end":{"line":576,"column":9}},"type":"if","locations":[{"start":{"line":569,"column":8},"end":{"line":576,"column":9}},{"start":{},"end":{}}]},"29":{"loc":{"start":{"line":573,"column":17},"end":{"line":575,"column":91}},"type":"cond-expr","locations":[{"start":{"line":574,"column":14},"end":{"line":574,"column":63}},{"start":{"line":575,"column":14},"end":{"line":575,"column":91}}]},"30":{"loc":{"start":{"line":578,"column":8},"end":{"line":586,"column":9}},"type":"if","locations":[{"start":{"line":578,"column":8},"end":{"line":586,"column":9}},{"start":{},"end":{}}]},"31":{"loc":{"start":{"line":578,"column":12},"end":{"line":578,"column":61}},"type":"binary-expr","locations":[{"start":{"line":578,"column":12},"end":{"line":578,"column":40}},{"start":{"line":578,"column":44},"end":{"line":578,"column":61}}]},"32":{"loc":{"start":{"line":580,"column":10},"end":{"line":584,"column":11}},"type":"if","locations":[{"start":{"line":580,"column":10},"end":{"line":584,"column":11}},{"start":{},"end":{}}]},"33":{"loc":{"start":{"line":590,"column":6},"end":{"line":595,"column":7}},"type":"if","locations":[{"start":{"line":590,"column":6},"end":{"line":595,"column":7}},{"start":{},"end":{}}]},"34":{"loc":{"start":{"line":591,"column":8},"end":{"line":593,"column":9}},"type":"if","locations":[{"start":{"line":591,"column":8},"end":{"line":593,"column":9}},{"start":{},"end":{}}]},"35":{"loc":{"start":{"line":591,"column":12},"end":{"line":591,"column":52}},"type":"binary-expr","locations":[{"start":{"line":591,"column":12},"end":{"line":591,"column":31}},{"start":{"line":591,"column":35},"end":{"line":591,"column":52}}]},"36":{"loc":{"start":{"line":603,"column":6},"end":{"line":603,"column":38}},"type":"if","locations":[{"start":{"line":603,"column":6},"end":{"line":603,"column":38}},{"start":{},"end":{}}]},"37":{"loc":{"start":{"line":605,"column":6},"end":{"line":612,"column":7}},"type":"if","locations":[{"start":{"line":605,"column":6},"end":{"line":612,"column":7}},{"start":{},"end":{}}]},"38":{"loc":{"start":{"line":605,"column":10},"end":{"line":605,"column":57}},"type":"binary-expr","locations":[{"start":{"line":605,"column":10},"end":{"line":605,"column":26}},{"start":{"line":605,"column":30},"end":{"line":605,"column":57}}]},"39":{"loc":{"start":{"line":607,"column":8},"end":{"line":611,"column":9}},"type":"if","locations":[{"start":{"line":607,"column":8},"end":{"line":611,"column":9}},{"start":{},"end":{}}]},"40":{"loc":{"start":{"line":614,"column":6},"end":{"line":618,"column":7}},"type":"if","locations":[{"start":{"line":614,"column":6},"end":{"line":618,"column":7}},{"start":{},"end":{}}]},"41":{"loc":{"start":{"line":620,"column":6},"end":{"line":622,"column":7}},"type":"if","locations":[{"start":{"line":620,"column":6},"end":{"line":622,"column":7}},{"start":{},"end":{}}]},"42":{"loc":{"start":{"line":620,"column":10},"end":{"line":620,"column":75}},"type":"binary-expr","locations":[{"start":{"line":620,"column":10},"end":{"line":620,"column":45}},{"start":{"line":620,"column":49},"end":{"line":620,"column":75}}]},"43":{"loc":{"start":{"line":759,"column":28},"end":{"line":759,"column":62}},"type":"binary-expr","locations":[{"start":{"line":759,"column":28},"end":{"line":759,"column":47}},{"start":{"line":759,"column":51},"end":{"line":759,"column":62}}]},"44":{"loc":{"start":{"line":770,"column":28},"end":{"line":770,"column":null}},"type":"cond-expr","locations":[{"start":{"line":770,"column":51},"end":{"line":770,"column":61}},{"start":{"line":770,"column":64},"end":{"line":770,"column":null}}]},"45":{"loc":{"start":{"line":773,"column":28},"end":{"line":775,"column":null}},"type":"cond-expr","locations":[{"start":{"line":774,"column":32},"end":{"line":774,"column":69}},{"start":{"line":775,"column":32},"end":{"line":775,"column":null}}]},"46":{"loc":{"start":{"line":775,"column":32},"end":{"line":775,"column":null}},"type":"binary-expr","locations":[{"start":{"line":775,"column":32},"end":{"line":775,"column":53}},{"start":{"line":775,"column":57},"end":{"line":775,"column":null}}]},"47":{"loc":{"start":{"line":791,"column":18},"end":{"line":890,"column":null}},"type":"cond-expr","locations":[{"start":{"line":792,"column":22},"end":{"line":889,"column":null}},{"start":{"line":890,"column":22},"end":{"line":890,"column":null}}]},"48":{"loc":{"start":{"line":802,"column":26},"end":{"line":803,"column":60}},"type":"binary-expr","locations":[{"start":{"line":802,"column":26},"end":{"line":802,"column":44}},{"start":{"line":803,"column":26},"end":{"line":803,"column":60}}]},"49":{"loc":{"start":{"line":804,"column":46},"end":{"line":810,"column":37}},"type":"cond-expr","locations":[{"start":{"line":805,"column":28},"end":{"line":805,"column":30}},{"start":{"line":806,"column":28},"end":{"line":810,"column":37}}]},"50":{"loc":{"start":{"line":806,"column":28},"end":{"line":810,"column":37}},"type":"cond-expr","locations":[{"start":{"line":807,"column":28},"end":{"line":807,"column":37}},{"start":{"line":808,"column":28},"end":{"line":810,"column":37}}]},"51":{"loc":{"start":{"line":808,"column":28},"end":{"line":810,"column":37}},"type":"cond-expr","locations":[{"start":{"line":809,"column":28},"end":{"line":809,"column":37}},{"start":{"line":810,"column":28},"end":{"line":810,"column":37}}]},"52":{"loc":{"start":{"line":811,"column":48},"end":{"line":817,"column":37}},"type":"cond-expr","locations":[{"start":{"line":812,"column":28},"end":{"line":812,"column":30}},{"start":{"line":813,"column":28},"end":{"line":817,"column":37}}]},"53":{"loc":{"start":{"line":813,"column":28},"end":{"line":817,"column":37}},"type":"cond-expr","locations":[{"start":{"line":814,"column":28},"end":{"line":814,"column":37}},{"start":{"line":815,"column":28},"end":{"line":817,"column":37}}]},"54":{"loc":{"start":{"line":815,"column":28},"end":{"line":817,"column":37}},"type":"cond-expr","locations":[{"start":{"line":816,"column":28},"end":{"line":816,"column":37}},{"start":{"line":817,"column":28},"end":{"line":817,"column":37}}]},"55":{"loc":{"start":{"line":818,"column":43},"end":{"line":824,"column":41}},"type":"cond-expr","locations":[{"start":{"line":819,"column":28},"end":{"line":819,"column":30}},{"start":{"line":820,"column":28},"end":{"line":824,"column":41}}]},"56":{"loc":{"start":{"line":820,"column":28},"end":{"line":824,"column":41}},"type":"cond-expr","locations":[{"start":{"line":821,"column":28},"end":{"line":821,"column":39}},{"start":{"line":822,"column":28},"end":{"line":824,"column":41}}]},"57":{"loc":{"start":{"line":822,"column":28},"end":{"line":824,"column":41}},"type":"cond-expr","locations":[{"start":{"line":823,"column":28},"end":{"line":823,"column":39}},{"start":{"line":824,"column":28},"end":{"line":824,"column":41}}]},"58":{"loc":{"start":{"line":851,"column":28},"end":{"line":860,"column":null}},"type":"cond-expr","locations":[{"start":{"line":852,"column":32},"end":{"line":859,"column":null}},{"start":{"line":860,"column":32},"end":{"line":860,"column":null}}]},"59":{"loc":{"start":{"line":851,"column":28},"end":{"line":851,"column":77}},"type":"binary-expr","locations":[{"start":{"line":851,"column":28},"end":{"line":851,"column":49}},{"start":{"line":851,"column":53},"end":{"line":851,"column":77}}]},"60":{"loc":{"start":{"line":865,"column":24},"end":{"line":881,"column":null}},"type":"cond-expr","locations":[{"start":{"line":866,"column":28},"end":{"line":880,"column":null}},{"start":{"line":881,"column":28},"end":{"line":881,"column":null}}]},"61":{"loc":{"start":{"line":949,"column":4},"end":{"line":951,"column":5}},"type":"if","locations":[{"start":{"line":949,"column":4},"end":{"line":951,"column":5}},{"start":{},"end":{}}]},"62":{"loc":{"start":{"line":956,"column":4},"end":{"line":958,"column":5}},"type":"if","locations":[{"start":{"line":956,"column":4},"end":{"line":958,"column":5}},{"start":{},"end":{}}]},"63":{"loc":{"start":{"line":956,"column":8},"end":{"line":956,"column":47}},"type":"binary-expr","locations":[{"start":{"line":956,"column":8},"end":{"line":956,"column":23}},{"start":{"line":956,"column":27},"end":{"line":956,"column":47}}]},"64":{"loc":{"start":{"line":960,"column":4},"end":{"line":964,"column":5}},"type":"if","locations":[{"start":{"line":960,"column":4},"end":{"line":964,"column":5}},{"start":{},"end":{}}]},"65":{"loc":{"start":{"line":961,"column":13},"end":{"line":963,"column":39}},"type":"cond-expr","locations":[{"start":{"line":962,"column":10},"end":{"line":962,"column":27}},{"start":{"line":963,"column":10},"end":{"line":963,"column":39}}]},"66":{"loc":{"start":{"line":966,"column":4},"end":{"line":968,"column":5}},"type":"if","locations":[{"start":{"line":966,"column":4},"end":{"line":968,"column":5}},{"start":{},"end":{}}]}},"s":{"0":1,"1":1,"2":0,"3":0,"4":0,"5":0,"6":0,"7":0,"8":0,"9":0,"10":0,"11":0,"12":0,"13":0,"14":0,"15":0,"16":0,"17":0,"18":0,"19":0,"20":0,"21":0,"22":0,"23":0,"24":0,"25":0,"26":0,"27":0,"28":0,"29":0,"30":0,"31":0,"32":0,"33":0,"34":0,"35":0,"36":0,"37":0,"38":0,"39":0,"40":0,"41":0,"42":0,"43":0,"44":0,"45":0,"46":0,"47":0,"48":0,"49":0,"50":0,"51":0,"52":0,"53":0,"54":0,"55":0,"56":0,"57":0,"58":0,"59":0,"60":0,"61":0,"62":0,"63":0,"64":0,"65":0,"66":0,"67":0,"68":0,"69":0,"70":0,"71":0,"72":0,"73":0,"74":0,"75":0,"76":0,"77":0,"78":0,"79":0,"80":0,"81":0,"82":0,"83":0,"84":0,"85":0,"86":0,"87":0,"88":0,"89":0,"90":0,"91":0,"92":0,"93":0,"94":0,"95":0,"96":1},"f":{"0":0,"1":0,"2":0,"3":0,"4":0,"5":0,"6":0,"7":0,"8":0,"9":0,"10":0,"11":0,"12":0,"13":0,"14":0,"15":0,"16":0,"17":0,"18":0,"19":0,"20":0,"21":0},"b":{"0":[0,0],"1":[0,0],"2":[0,0],"3":[0,0],"4":[0,0],"5":[0,0],"6":[0,0],"7":[0,0],"8":[0,0],"9":[0,0],"10":[0,0],"11":[0,0],"12":[0,0],"13":[0,0],"14":[0,0],"15":[0,0],"16":[0,0],"17":[0,0],"18":[0,0],"19":[0,0],"20":[0,0],"21":[0,0],"22":[0,0],"23":[0,0,0],"24":[0,0],"25":[0,0],"26":[0,0],"27":[0,0],"28":[0,0],"29":[0,0],"30":[0,0],"31":[0,0],"32":[0,0],"33":[0,0],"34":[0,0],"35":[0,0],"36":[0,0],"37":[0,0],"38":[0,0],"39":[0,0],"40":[0,0],"41":[0,0],"42":[0,0],"43":[0,0],"44":[0,0],"45":[0,0],"46":[0,0],"47":[0,0],"48":[0,0],"49":[0,0],"50":[0,0],"51":[0,0],"52":[0,0],"53":[0,0],"54":[0,0],"55":[0,0],"56":[0,0],"57":[0,0],"58":[0,0],"59":[0,0],"60":[0,0],"61":[0,0],"62":[0,0],"63":[0,0],"64":[0,0],"65":[0,0],"66":[0,0]}}
,"/Users/zumikay/Documents/RealProjects/Refinded_GraduateTracer/GraduateTracerBackend_V2/src/services/RespondentTrackingService.ts": {"path":"/Users/zumikay/Documents/RealProjects/Refinded_GraduateTracer/GraduateTracerBackend_V2/src/services/RespondentTrackingService.ts","statementMap":{"0":{"start":{"line":2,"column":0},"end":{"line":2,"column":62}},"1":{"start":{"line":3,"column":0},"end":{"line":3,"column":73}},"2":{"start":{"line":4,"column":0},"end":{"line":4,"column":53}},"3":{"start":{"line":42,"column":8},"end":{"line":42,"column":22}},"4":{"start":{"line":45,"column":23},"end":{"line":50,"column":6}},"5":{"start":{"line":53,"column":4},"end":{"line":67,"column":5}},"6":{"start":{"line":54,"column":31},"end":{"line":57,"column":14}},"7":{"start":{"line":59,"column":6},"end":{"line":66,"column":7}},"8":{"start":{"line":60,"column":8},"end":{"line":65,"column":10}},"9":{"start":{"line":70,"column":4},"end":{"line":84,"column":5}},"10":{"start":{"line":71,"column":31},"end":{"line":74,"column":14}},"11":{"start":{"line":76,"column":6},"end":{"line":83,"column":7}},"12":{"start":{"line":77,"column":8},"end":{"line":82,"column":10}},"13":{"start":{"line":87,"column":4},"end":{"line":91,"column":6}},"14":{"start":{"line":95,"column":21},"end":{"line":95,"column":56}},"15":{"start":{"line":97,"column":6},"end":{"line":97,"column":59}},"16":{"start":{"line":99,"column":6},"end":{"line":99,"column":64}},"17":{"start":{"line":101,"column":6},"end":{"line":101,"column":67}},"18":{"start":{"line":103,"column":4},"end":{"line":116,"column":6}},"19":{"start":{"line":122,"column":4},"end":{"line":126,"column":6}},"20":{"start":{"line":130,"column":4},"end":{"line":139,"column":5}},"21":{"start":{"line":132,"column":8},"end":{"line":132,"column":104}},"22":{"start":{"line":134,"column":8},"end":{"line":134,"column":73}},"23":{"start":{"line":136,"column":8},"end":{"line":136,"column":47}},"24":{"start":{"line":138,"column":8},"end":{"line":138,"column":41}},"25":{"start":{"line":146,"column":25},"end":{"line":146,"column":55}},"26":{"start":{"line":147,"column":21},"end":{"line":147,"column":52}},"27":{"start":{"line":149,"column":4},"end":{"line":156,"column":6}},"28":{"start":{"line":32,"column":0},"end":{"line":32,"column":13}}},"fnMap":{"0":{"name":"(anonymous_1)","decl":{"start":{"line":33,"column":2},"end":{"line":33,"column":8}},"loc":{"start":{"line":34,"column":60},"end":{"line":92,"column":3}}},"1":{"name":"(anonymous_2)","decl":{"start":{"line":94,"column":2},"end":{"line":94,"column":8}},"loc":{"start":{"line":94,"column":42},"end":{"line":117,"column":3}}},"2":{"name":"(anonymous_3)","decl":{"start":{"line":119,"column":2},"end":{"line":119,"column":8}},"loc":{"start":{"line":119,"column":54},"end":{"line":127,"column":3}}},"3":{"name":"(anonymous_4)","decl":{"start":{"line":129,"column":2},"end":{"line":129,"column":8}},"loc":{"start":{"line":129,"column":64},"end":{"line":140,"column":3}}},"4":{"name":"(anonymous_5)","decl":{"start":{"line":142,"column":2},"end":{"line":142,"column":8}},"loc":{"start":{"line":144,"column":16},"end":{"line":157,"column":3}}}},"branchMap":{"0":{"loc":{"start":{"line":53,"column":4},"end":{"line":67,"column":5}},"type":"if","locations":[{"start":{"line":53,"column":4},"end":{"line":67,"column":5}},{"start":{},"end":{}}]},"1":{"loc":{"start":{"line":59,"column":6},"end":{"line":66,"column":7}},"type":"if","locations":[{"start":{"line":59,"column":6},"end":{"line":66,"column":7}},{"start":{},"end":{}}]},"2":{"loc":{"start":{"line":70,"column":4},"end":{"line":84,"column":5}},"type":"if","locations":[{"start":{"line":70,"column":4},"end":{"line":84,"column":5}},{"start":{},"end":{}}]},"3":{"loc":{"start":{"line":70,"column":8},"end":{"line":70,"column":39}},"type":"binary-expr","locations":[{"start":{"line":70,"column":8},"end":{"line":70,"column":20}},{"start":{"line":70,"column":24},"end":{"line":70,"column":39}}]},"4":{"loc":{"start":{"line":76,"column":6},"end":{"line":83,"column":7}},"type":"if","locations":[{"start":{"line":76,"column":6},"end":{"line":83,"column":7}},{"start":{},"end":{}}]},"5":{"loc":{"start":{"line":108,"column":18},"end":{"line":108,"column":51}},"type":"binary-expr","locations":[{"start":{"line":108,"column":18},"end":{"line":108,"column":45}},{"start":{"line":108,"column":49},"end":{"line":108,"column":51}}]},"6":{"loc":{"start":{"line":109,"column":16},"end":{"line":109,"column":47}},"type":"binary-expr","locations":[{"start":{"line":109,"column":16},"end":{"line":109,"column":41}},{"start":{"line":109,"column":45},"end":{"line":109,"column":47}}]},"7":{"loc":{"start":{"line":110,"column":18},"end":{"line":110,"column":51}},"type":"binary-expr","locations":[{"start":{"line":110,"column":18},"end":{"line":110,"column":45}},{"start":{"line":110,"column":49},"end":{"line":110,"column":51}}]},"8":{"loc":{"start":{"line":114,"column":18},"end":{"line":114,"column":67}},"type":"binary-expr","locations":[{"start":{"line":114,"column":18},"end":{"line":114,"column":41}},{"start":{"line":114,"column":46},"end":{"line":114,"column":67}}]},"9":{"loc":{"start":{"line":123,"column":6},"end":{"line":125,"column":32}},"type":"binary-expr","locations":[{"start":{"line":123,"column":6},"end":{"line":123,"column":44}},{"start":{"line":124,"column":6},"end":{"line":124,"column":35}},{"start":{"line":125,"column":6},"end":{"line":125,"column":32}}]},"10":{"loc":{"start":{"line":130,"column":4},"end":{"line":139,"column":5}},"type":"switch","locations":[{"start":{"line":131,"column":6},"end":{"line":132,"column":104}},{"start":{"line":133,"column":6},"end":{"line":134,"column":73}},{"start":{"line":135,"column":6},"end":{"line":136,"column":47}},{"start":{"line":137,"column":6},"end":{"line":138,"column":41}}]}},"s":{"0":1,"1":1,"2":1,"3":0,"4":0,"5":0,"6":0,"7":0,"8":0,"9":0,"10":0,"11":0,"12":0,"13":0,"14":0,"15":0,"16":0,"17":0,"18":0,"19":0,"20":0,"21":0,"22":0,"23":0,"24":0,"25":0,"26":0,"27":0,"28":1},"f":{"0":0,"1":0,"2":0,"3":0,"4":0},"b":{"0":[0,0],"1":[0,0],"2":[0,0],"3":[0,0],"4":[0,0],"5":[0,0],"6":[0,0],"7":[0,0],"8":[0,0],"9":[0,0,0],"10":[0,0,0,0]}}
,"/Users/zumikay/Documents/RealProjects/Refinded_GraduateTracer/GraduateTracerBackend_V2/src/services/ResponseAnalyticsService.ts": {"path":"/Users/zumikay/Documents/RealProjects/Refinded_GraduateTracer/GraduateTracerBackend_V2/src/services/ResponseAnalyticsService.ts","statementMap":{"0":{"start":{"line":1,"column":0},"end":{"line":1,"column":33}},"1":{"start":{"line":2,"column":0},"end":{"line":2,"column":null}},"2":{"start":{"line":6,"column":0},"end":{"line":6,"column":null}},"3":{"start":{"line":11,"column":0},"end":{"line":11,"column":53}},"4":{"start":{"line":12,"column":0},"end":{"line":12,"column":70}},"5":{"start":{"line":14,"column":0},"end":{"line":14,"column":null}},"6":{"start":{"line":15,"column":2},"end":{"line":15,"column":null}},"7":{"start":{"line":16,"column":2},"end":{"line":16,"column":null}},"8":{"start":{"line":17,"column":2},"end":{"line":17,"column":null}},"9":{"start":{"line":18,"column":2},"end":{"line":18,"column":null}},"10":{"start":{"line":19,"column":2},"end":{"line":19,"column":null}},"11":{"start":{"line":55,"column":41},"end":{"line":76,"column":4}},"12":{"start":{"line":82,"column":17},"end":{"line":82,"column":44}},"13":{"start":{"line":83,"column":4},"end":{"line":85,"column":5}},"14":{"start":{"line":84,"column":6},"end":{"line":84,"column":40}},"15":{"start":{"line":88,"column":22},"end":{"line":90,"column":13}},"16":{"start":{"line":92,"column":22},"end":{"line":106,"column":10}},"17":{"start":{"line":108,"column":50},"end":{"line":108,"column":52}},"18":{"start":{"line":110,"column":4},"end":{"line":126,"column":5}},"19":{"start":{"line":111,"column":6},"end":{"line":119,"column":7}},"20":{"start":{"line":118,"column":8},"end":{"line":118,"column":17}},"21":{"start":{"line":121,"column":32},"end":{"line":123,"column":null}},"22":{"start":{"line":125,"column":6},"end":{"line":125,"column":40}},"23":{"start":{"line":128,"column":4},"end":{"line":128,"column":21}},"24":{"start":{"line":135,"column":23},"end":{"line":135,"column":53}},"25":{"start":{"line":138,"column":6},"end":{"line":138,"column":72}},"26":{"start":{"line":141,"column":30},"end":{"line":148,"column":22}},"27":{"start":{"line":143,"column":28},"end":{"line":144,"column":null}},"28":{"start":{"line":144,"column":18},"end":{"line":144,"column":55}},"29":{"start":{"line":146,"column":8},"end":{"line":146,"column":27}},"30":{"start":{"line":151,"column":31},"end":{"line":153,"column":null}},"31":{"start":{"line":157,"column":21},"end":{"line":157,"column":66}},"32":{"start":{"line":158,"column":21},"end":{"line":158,"column":66}},"33":{"start":{"line":160,"column":6},"end":{"line":160,"column":61}},"34":{"start":{"line":161,"column":26},"end":{"line":161,"column":76}},"35":{"start":{"line":164,"column":26},"end":{"line":164,"column":67}},"36":{"start":{"line":166,"column":4},"end":{"line":182,"column":6}},"37":{"start":{"line":193,"column":27},"end":{"line":193,"column":51}},"38":{"start":{"line":194,"column":25},"end":{"line":194,"column":50}},"39":{"start":{"line":197,"column":4},"end":{"line":199,"column":7}},"40":{"start":{"line":198,"column":6},"end":{"line":198,"column":38}},"41":{"start":{"line":202,"column":4},"end":{"line":228,"column":7}},"42":{"start":{"line":203,"column":6},"end":{"line":203,"column":38}},"43":{"start":{"line":203,"column":31},"end":{"line":203,"column":38}},"44":{"start":{"line":205,"column":28},"end":{"line":205,"column":45}},"45":{"start":{"line":208,"column":6},"end":{"line":227,"column":7}},"46":{"start":{"line":209,"column":8},"end":{"line":211,"column":11}},"47":{"start":{"line":210,"column":10},"end":{"line":210,"column":66}},"48":{"start":{"line":212,"column":13},"end":{"line":227,"column":7}},"49":{"start":{"line":213,"column":8},"end":{"line":216,"column":10}},"50":{"start":{"line":217,"column":13},"end":{"line":227,"column":7}},"51":{"start":{"line":219,"column":20},"end":{"line":219,"column":37}},"52":{"start":{"line":220,"column":8},"end":{"line":226,"column":9}},"53":{"start":{"line":221,"column":10},"end":{"line":223,"column":13}},"54":{"start":{"line":222,"column":12},"end":{"line":222,"column":68}},"55":{"start":{"line":225,"column":10},"end":{"line":225,"column":66}},"56":{"start":{"line":231,"column":4},"end":{"line":243,"column":7}},"57":{"start":{"line":232,"column":20},"end":{"line":232,"column":53}},"58":{"start":{"line":234,"column":8},"end":{"line":234,"column":63}},"59":{"start":{"line":236,"column":6},"end":{"line":242,"column":8}},"60":{"start":{"line":252,"column":4},"end":{"line":263,"column":6}},"61":{"start":{"line":253,"column":38},"end":{"line":253,"column":53}},"62":{"start":{"line":257,"column":40},"end":{"line":257,"column":47}},"63":{"start":{"line":258,"column":51},"end":{"line":258,"column":65}},"64":{"start":{"line":259,"column":47},"end":{"line":259,"column":54}},"65":{"start":{"line":273,"column":24},"end":{"line":273,"column":63}},"66":{"start":{"line":273,"column":51},"end":{"line":273,"column":62}},"67":{"start":{"line":275,"column":4},"end":{"line":285,"column":6}},"68":{"start":{"line":276,"column":37},"end":{"line":276,"column":52}},"69":{"start":{"line":279,"column":39},"end":{"line":279,"column":46}},"70":{"start":{"line":280,"column":50},"end":{"line":280,"column":64}},"71":{"start":{"line":281,"column":46},"end":{"line":281,"column":53}},"72":{"start":{"line":295,"column":19},"end":{"line":295,"column":70}},"73":{"start":{"line":295,"column":52},"end":{"line":295,"column":69}},"74":{"start":{"line":297,"column":4},"end":{"line":308,"column":6}},"75":{"start":{"line":298,"column":32},"end":{"line":298,"column":47}},"76":{"start":{"line":302,"column":34},"end":{"line":302,"column":41}},"77":{"start":{"line":303,"column":45},"end":{"line":303,"column":59}},"78":{"start":{"line":304,"column":41},"end":{"line":304,"column":48}},"79":{"start":{"line":318,"column":24},"end":{"line":318,"column":63}},"80":{"start":{"line":318,"column":51},"end":{"line":318,"column":62}},"81":{"start":{"line":320,"column":4},"end":{"line":332,"column":6}},"82":{"start":{"line":322,"column":15},"end":{"line":322,"column":65}},"83":{"start":{"line":326,"column":39},"end":{"line":326,"column":46}},"84":{"start":{"line":327,"column":50},"end":{"line":327,"column":64}},"85":{"start":{"line":328,"column":46},"end":{"line":328,"column":53}},"86":{"start":{"line":339,"column":4},"end":{"line":341,"column":5}},"87":{"start":{"line":340,"column":6},"end":{"line":340,"column":19}},"88":{"start":{"line":343,"column":4},"end":{"line":360,"column":5}},"89":{"start":{"line":345,"column":6},"end":{"line":356,"column":7}},"90":{"start":{"line":346,"column":8},"end":{"line":355,"column":18}},"91":{"start":{"line":348,"column":12},"end":{"line":348,"column":44}},"92":{"start":{"line":348,"column":27},"end":{"line":348,"column":44}},"93":{"start":{"line":349,"column":12},"end":{"line":351,"column":13}},"94":{"start":{"line":350,"column":14},"end":{"line":350,"column":73}},"95":{"start":{"line":350,"column":50},"end":{"line":350,"column":62}},"96":{"start":{"line":352,"column":12},"end":{"line":352,"column":22}},"97":{"start":{"line":357,"column":6},"end":{"line":359,"column":7}},"98":{"start":{"line":358,"column":8},"end":{"line":358,"column":26}},"99":{"start":{"line":362,"column":4},"end":{"line":362,"column":22}},"100":{"start":{"line":369,"column":16},"end":{"line":369,"column":26}},"101":{"start":{"line":370,"column":22},"end":{"line":370,"column":58}},"102":{"start":{"line":372,"column":22},"end":{"line":375,"column":30}},"103":{"start":{"line":377,"column":22},"end":{"line":379,"column":6}},"104":{"start":{"line":381,"column":17},"end":{"line":381,"column":51}},"105":{"start":{"line":383,"column":4},"end":{"line":392,"column":6}},"106":{"start":{"line":399,"column":27},"end":{"line":399,"column":29}},"107":{"start":{"line":401,"column":4},"end":{"line":428,"column":5}},"108":{"start":{"line":402,"column":6},"end":{"line":427,"column":7}},"109":{"start":{"line":403,"column":27},"end":{"line":403,"column":50}},"110":{"start":{"line":406,"column":8},"end":{"line":406,"column":34}},"111":{"start":{"line":406,"column":25},"end":{"line":406,"column":34}},"112":{"start":{"line":408,"column":34},"end":{"line":414,"column":26}},"113":{"start":{"line":410,"column":12},"end":{"line":411,"column":null}},"114":{"start":{"line":411,"column":26},"end":{"line":411,"column":64}},"115":{"start":{"line":416,"column":8},"end":{"line":426,"column":9}},"116":{"start":{"line":417,"column":10},"end":{"line":420,"column":12}},"117":{"start":{"line":421,"column":15},"end":{"line":426,"column":9}},"118":{"start":{"line":422,"column":10},"end":{"line":425,"column":12}},"119":{"start":{"line":430,"column":4},"end":{"line":430,"column":21}},"120":{"start":{"line":434,"column":49},"end":{"line":438,"column":6}},"121":{"start":{"line":440,"column":17},"end":{"line":440,"column":39}},"122":{"start":{"line":441,"column":4},"end":{"line":443,"column":20}},"123":{"start":{"line":447,"column":27},"end":{"line":447,"column":43}},"124":{"start":{"line":449,"column":31},"end":{"line":451,"column":12}},"125":{"start":{"line":450,"column":13},"end":{"line":450,"column":47}},"126":{"start":{"line":453,"column":6},"end":{"line":454,"column":27}},"127":{"start":{"line":453,"column":35},"end":{"line":453,"column":60}},"128":{"start":{"line":456,"column":6},"end":{"line":456,"column":74}},"129":{"start":{"line":458,"column":4},"end":{"line":464,"column":6}},"130":{"start":{"line":471,"column":4},"end":{"line":517,"column":7}},"131":{"start":{"line":472,"column":32},"end":{"line":475,"column":null}},"132":{"start":{"line":473,"column":8},"end":{"line":474,"column":null}},"133":{"start":{"line":474,"column":23},"end":{"line":474,"column":76}},"134":{"start":{"line":478,"column":36},"end":{"line":484,"column":24}},"135":{"start":{"line":480,"column":10},"end":{"line":481,"column":null}},"136":{"start":{"line":481,"column":25},"end":{"line":481,"column":78}},"137":{"start":{"line":486,"column":31},"end":{"line":488,"column":14}},"138":{"start":{"line":487,"column":15},"end":{"line":487,"column":38}},"139":{"start":{"line":491,"column":8},"end":{"line":493,"column":13}},"140":{"start":{"line":496,"column":8},"end":{"line":497,"column":43}},"141":{"start":{"line":496,"column":49},"end":{"line":496,"column":70}},"142":{"start":{"line":499,"column":35},"end":{"line":500,"column":null}},"143":{"start":{"line":503,"column":6},"end":{"line":516,"column":8}},"144":{"start":{"line":514,"column":27},"end":{"line":514,"column":35}},"145":{"start":{"line":525,"column":6},"end":{"line":525,"column":78}},"146":{"start":{"line":527,"column":52},"end":{"line":527,"column":54}},"147":{"start":{"line":529,"column":4},"end":{"line":555,"column":7}},"148":{"start":{"line":530,"column":6},"end":{"line":554,"column":7}},"149":{"start":{"line":531,"column":8},"end":{"line":553,"column":9}},"150":{"start":{"line":532,"column":10},"end":{"line":535,"column":13}},"151":{"start":{"line":533,"column":24},"end":{"line":533,"column":41}},"152":{"start":{"line":534,"column":12},"end":{"line":534,"column":61}},"153":{"start":{"line":536,"column":15},"end":{"line":553,"column":9}},"154":{"start":{"line":540,"column":22},"end":{"line":540,"column":43}},"155":{"start":{"line":541,"column":10},"end":{"line":549,"column":11}},"156":{"start":{"line":542,"column":12},"end":{"line":545,"column":15}},"157":{"start":{"line":543,"column":14},"end":{"line":544,"column":56}},"158":{"start":{"line":547,"column":12},"end":{"line":548,"column":54}},"159":{"start":{"line":551,"column":22},"end":{"line":551,"column":50}},"160":{"start":{"line":552,"column":10},"end":{"line":552,"column":59}},"161":{"start":{"line":558,"column":22},"end":{"line":569,"column":6}},"162":{"start":{"line":559,"column":24},"end":{"line":559,"column":40}},"163":{"start":{"line":560,"column":21},"end":{"line":560,"column":66}},"164":{"start":{"line":560,"column":46},"end":{"line":560,"column":65}},"165":{"start":{"line":561,"column":25},"end":{"line":561,"column":77}},"166":{"start":{"line":563,"column":6},"end":{"line":568,"column":8}},"167":{"start":{"line":572,"column":19},"end":{"line":572,"column":49}},"168":{"start":{"line":572,"column":40},"end":{"line":572,"column":48}},"169":{"start":{"line":573,"column":17},"end":{"line":573,"column":46}},"170":{"start":{"line":573,"column":38},"end":{"line":573,"column":45}},"171":{"start":{"line":574,"column":19},"end":{"line":575,"column":null}},"172":{"start":{"line":575,"column":18},"end":{"line":575,"column":67}},"173":{"start":{"line":578,"column":4},"end":{"line":635,"column":6}},"174":{"start":{"line":592,"column":49},"end":{"line":592,"column":57}},"175":{"start":{"line":603,"column":49},"end":{"line":603,"column":57}},"176":{"start":{"line":615,"column":49},"end":{"line":615,"column":57}},"177":{"start":{"line":623,"column":28},"end":{"line":623,"column":70}},"178":{"start":{"line":628,"column":49},"end":{"line":628,"column":57}},"179":{"start":{"line":642,"column":19},"end":{"line":644,"column":22}},"180":{"start":{"line":643,"column":25},"end":{"line":643,"column":43}},"181":{"start":{"line":646,"column":4},"end":{"line":651,"column":6}},"182":{"start":{"line":655,"column":52},"end":{"line":655,"column":54}},"183":{"start":{"line":657,"column":4},"end":{"line":664,"column":7}},"184":{"start":{"line":658,"column":6},"end":{"line":663,"column":7}},"185":{"start":{"line":659,"column":23},"end":{"line":661,"column":40}},"186":{"start":{"line":662,"column":8},"end":{"line":662,"column":63}},"187":{"start":{"line":666,"column":4},"end":{"line":672,"column":41}},"188":{"start":{"line":667,"column":33},"end":{"line":671,"column":8}},"189":{"start":{"line":672,"column":22},"end":{"line":672,"column":39}},"190":{"start":{"line":679,"column":19},"end":{"line":685,"column":6}},"191":{"start":{"line":687,"column":4},"end":{"line":698,"column":7}},"192":{"start":{"line":688,"column":20},"end":{"line":691,"column":14}},"193":{"start":{"line":690,"column":10},"end":{"line":690,"column":78}},"194":{"start":{"line":693,"column":6},"end":{"line":697,"column":8}},"195":{"start":{"line":706,"column":17},"end":{"line":707,"column":null}},"196":{"start":{"line":709,"column":17},"end":{"line":709,"column":19}},"197":{"start":{"line":711,"column":4},"end":{"line":739,"column":5}},"198":{"start":{"line":711,"column":17},"end":{"line":711,"column":18}},"199":{"start":{"line":712,"column":19},"end":{"line":712,"column":74}},"200":{"start":{"line":713,"column":23},"end":{"line":716,"column":null}},"201":{"start":{"line":718,"column":21},"end":{"line":721,"column":null}},"202":{"start":{"line":724,"column":27},"end":{"line":725,"column":null}},"203":{"start":{"line":725,"column":15},"end":{"line":725,"column":77}},"204":{"start":{"line":729,"column":8},"end":{"line":732,"column":13}},"205":{"start":{"line":730,"column":44},"end":{"line":730,"column":69}},"206":{"start":{"line":734,"column":6},"end":{"line":738,"column":9}},"207":{"start":{"line":741,"column":4},"end":{"line":741,"column":16}},"208":{"start":{"line":748,"column":26},"end":{"line":758,"column":9}},"209":{"start":{"line":750,"column":15},"end":{"line":750,"column":75}},"210":{"start":{"line":752,"column":22},"end":{"line":752,"column":63}},"211":{"start":{"line":754,"column":19},"end":{"line":758,"column":8}},"212":{"start":{"line":760,"column":31},"end":{"line":800,"column":18}},"213":{"start":{"line":762,"column":34},"end":{"line":765,"column":null}},"214":{"start":{"line":763,"column":10},"end":{"line":764,"column":null}},"215":{"start":{"line":764,"column":20},"end":{"line":764,"column":64}},"216":{"start":{"line":768,"column":29},"end":{"line":777,"column":17}},"217":{"start":{"line":769,"column":35},"end":{"line":770,"column":null}},"218":{"start":{"line":770,"column":25},"end":{"line":770,"column":71}},"219":{"start":{"line":772,"column":10},"end":{"line":776,"column":12}},"220":{"start":{"line":780,"column":10},"end":{"line":782,"column":15}},"221":{"start":{"line":785,"column":10},"end":{"line":790,"column":47}},"222":{"start":{"line":786,"column":37},"end":{"line":787,"column":null}},"223":{"start":{"line":787,"column":22},"end":{"line":787,"column":66}},"224":{"start":{"line":789,"column":12},"end":{"line":789,"column":56}},"225":{"start":{"line":792,"column":8},"end":{"line":797,"column":10}},"226":{"start":{"line":799,"column":22},"end":{"line":799,"column":45}},"227":{"start":{"line":802,"column":4},"end":{"line":802,"column":49}},"228":{"start":{"line":806,"column":20},"end":{"line":813,"column":6}},"229":{"start":{"line":814,"column":20},"end":{"line":814,"column":39}},"230":{"start":{"line":816,"column":4},"end":{"line":828,"column":7}},"231":{"start":{"line":817,"column":18},"end":{"line":826,"column":8}},"232":{"start":{"line":827,"column":6},"end":{"line":827,"column":34}},"233":{"start":{"line":830,"column":4},"end":{"line":830,"column":30}},"234":{"start":{"line":53,"column":0},"end":{"line":53,"column":13}}},"fnMap":{"0":{"name":"(anonymous_10)","decl":{"start":{"line":14,"column":0},"end":{"line":14,"column":12}},"loc":{"start":{"line":14,"column":21},"end":{"line":20,"column":1}}},"1":{"name":"(anonymous_11)","decl":{"start":{"line":78,"column":2},"end":{"line":78,"column":8}},"loc":{"start":{"line":80,"column":23},"end":{"line":129,"column":3}}},"2":{"name":"(anonymous_12)","decl":{"start":{"line":131,"column":10},"end":{"line":131,"column":16}},"loc":{"start":{"line":133,"column":33},"end":{"line":183,"column":3}}},"3":{"name":"(anonymous_13)","decl":{"start":{"line":142,"column":11},"end":{"line":142,"column":12}},"loc":{"start":{"line":142,"column":24},"end":{"line":147,"column":7}}},"4":{"name":"(anonymous_14)","decl":{"start":{"line":144,"column":10},"end":{"line":144,"column":11}},"loc":{"start":{"line":144,"column":18},"end":{"line":144,"column":55}}},"5":{"name":"(anonymous_15)","decl":{"start":{"line":189,"column":10},"end":{"line":189,"column":16}},"loc":{"start":{"line":191,"column":40},"end":{"line":244,"column":3}}},"6":{"name":"(anonymous_16)","decl":{"start":{"line":197,"column":20},"end":{"line":197,"column":21}},"loc":{"start":{"line":197,"column":31},"end":{"line":199,"column":5}}},"7":{"name":"(anonymous_17)","decl":{"start":{"line":202,"column":30},"end":{"line":202,"column":31}},"loc":{"start":{"line":202,"column":43},"end":{"line":228,"column":5}}},"8":{"name":"(anonymous_18)","decl":{"start":{"line":209,"column":30},"end":{"line":209,"column":31}},"loc":{"start":{"line":209,"column":46},"end":{"line":211,"column":9}}},"9":{"name":"(anonymous_19)","decl":{"start":{"line":221,"column":22},"end":{"line":221,"column":23}},"loc":{"start":{"line":221,"column":38},"end":{"line":223,"column":11}}},"10":{"name":"(anonymous_20)","decl":{"start":{"line":231,"column":23},"end":{"line":231,"column":24}},"loc":{"start":{"line":231,"column":41},"end":{"line":243,"column":5}}},"11":{"name":"(anonymous_21)","decl":{"start":{"line":249,"column":10},"end":{"line":249,"column":16}},"loc":{"start":{"line":250,"column":38},"end":{"line":264,"column":3}}},"12":{"name":"(anonymous_22)","decl":{"start":{"line":253,"column":31},"end":{"line":253,"column":32}},"loc":{"start":{"line":253,"column":38},"end":{"line":253,"column":53}}},"13":{"name":"(anonymous_23)","decl":{"start":{"line":257,"column":33},"end":{"line":257,"column":34}},"loc":{"start":{"line":257,"column":40},"end":{"line":257,"column":47}}},"14":{"name":"(anonymous_24)","decl":{"start":{"line":258,"column":44},"end":{"line":258,"column":45}},"loc":{"start":{"line":258,"column":51},"end":{"line":258,"column":65}}},"15":{"name":"(anonymous_25)","decl":{"start":{"line":259,"column":40},"end":{"line":259,"column":41}},"loc":{"start":{"line":259,"column":47},"end":{"line":259,"column":54}}},"16":{"name":"(anonymous_26)","decl":{"start":{"line":269,"column":10},"end":{"line":269,"column":16}},"loc":{"start":{"line":270,"column":38},"end":{"line":286,"column":3}}},"17":{"name":"(anonymous_27)","decl":{"start":{"line":273,"column":44},"end":{"line":273,"column":45}},"loc":{"start":{"line":273,"column":51},"end":{"line":273,"column":62}}},"18":{"name":"(anonymous_28)","decl":{"start":{"line":276,"column":30},"end":{"line":276,"column":31}},"loc":{"start":{"line":276,"column":37},"end":{"line":276,"column":52}}},"19":{"name":"(anonymous_29)","decl":{"start":{"line":279,"column":32},"end":{"line":279,"column":33}},"loc":{"start":{"line":279,"column":39},"end":{"line":279,"column":46}}},"20":{"name":"(anonymous_30)","decl":{"start":{"line":280,"column":43},"end":{"line":280,"column":44}},"loc":{"start":{"line":280,"column":50},"end":{"line":280,"column":64}}},"21":{"name":"(anonymous_31)","decl":{"start":{"line":281,"column":39},"end":{"line":281,"column":40}},"loc":{"start":{"line":281,"column":46},"end":{"line":281,"column":53}}},"22":{"name":"(anonymous_32)","decl":{"start":{"line":291,"column":10},"end":{"line":291,"column":16}},"loc":{"start":{"line":292,"column":38},"end":{"line":309,"column":3}}},"23":{"name":"(anonymous_33)","decl":{"start":{"line":295,"column":42},"end":{"line":295,"column":43}},"loc":{"start":{"line":295,"column":52},"end":{"line":295,"column":69}}},"24":{"name":"(anonymous_34)","decl":{"start":{"line":298,"column":25},"end":{"line":298,"column":26}},"loc":{"start":{"line":298,"column":32},"end":{"line":298,"column":47}}},"25":{"name":"(anonymous_35)","decl":{"start":{"line":302,"column":27},"end":{"line":302,"column":28}},"loc":{"start":{"line":302,"column":34},"end":{"line":302,"column":41}}},"26":{"name":"(anonymous_36)","decl":{"start":{"line":303,"column":38},"end":{"line":303,"column":39}},"loc":{"start":{"line":303,"column":45},"end":{"line":303,"column":59}}},"27":{"name":"(anonymous_37)","decl":{"start":{"line":304,"column":34},"end":{"line":304,"column":35}},"loc":{"start":{"line":304,"column":41},"end":{"line":304,"column":48}}},"28":{"name":"(anonymous_38)","decl":{"start":{"line":314,"column":10},"end":{"line":314,"column":16}},"loc":{"start":{"line":315,"column":38},"end":{"line":333,"column":3}}},"29":{"name":"(anonymous_39)","decl":{"start":{"line":318,"column":44},"end":{"line":318,"column":45}},"loc":{"start":{"line":318,"column":51},"end":{"line":318,"column":62}}},"30":{"name":"(anonymous_40)","decl":{"start":{"line":322,"column":8},"end":{"line":322,"column":9}},"loc":{"start":{"line":322,"column":15},"end":{"line":322,"column":65}}},"31":{"name":"(anonymous_41)","decl":{"start":{"line":326,"column":32},"end":{"line":326,"column":33}},"loc":{"start":{"line":326,"column":39},"end":{"line":326,"column":46}}},"32":{"name":"(anonymous_42)","decl":{"start":{"line":327,"column":43},"end":{"line":327,"column":44}},"loc":{"start":{"line":327,"column":50},"end":{"line":327,"column":64}}},"33":{"name":"(anonymous_43)","decl":{"start":{"line":328,"column":39},"end":{"line":328,"column":40}},"loc":{"start":{"line":328,"column":46},"end":{"line":328,"column":53}}},"34":{"name":"(anonymous_44)","decl":{"start":{"line":338,"column":10},"end":{"line":338,"column":16}},"loc":{"start":{"line":338,"column":48},"end":{"line":363,"column":3}}},"35":{"name":"(anonymous_45)","decl":{"start":{"line":347,"column":15},"end":{"line":347,"column":16}},"loc":{"start":{"line":347,"column":29},"end":{"line":353,"column":11}}},"36":{"name":"(anonymous_46)","decl":{"start":{"line":350,"column":38},"end":{"line":350,"column":39}},"loc":{"start":{"line":350,"column":50},"end":{"line":350,"column":62}}},"37":{"name":"(anonymous_47)","decl":{"start":{"line":368,"column":2},"end":{"line":368,"column":8}},"loc":{"start":{"line":368,"column":69},"end":{"line":393,"column":3}}},"38":{"name":"(anonymous_48)","decl":{"start":{"line":395,"column":2},"end":{"line":395,"column":8}},"loc":{"start":{"line":397,"column":18},"end":{"line":431,"column":3}}},"39":{"name":"(anonymous_49)","decl":{"start":{"line":409,"column":15},"end":{"line":409,"column":16}},"loc":{"start":{"line":410,"column":12},"end":{"line":411,"column":null}}},"40":{"name":"(anonymous_50)","decl":{"start":{"line":411,"column":14},"end":{"line":411,"column":15}},"loc":{"start":{"line":411,"column":26},"end":{"line":411,"column":64}}},"41":{"name":"(anonymous_51)","decl":{"start":{"line":433,"column":10},"end":{"line":433,"column":16}},"loc":{"start":{"line":433,"column":61},"end":{"line":444,"column":3}}},"42":{"name":"(anonymous_52)","decl":{"start":{"line":446,"column":10},"end":{"line":446,"column":16}},"loc":{"start":{"line":446,"column":73},"end":{"line":465,"column":3}}},"43":{"name":"(anonymous_53)","decl":{"start":{"line":450,"column":6},"end":{"line":450,"column":7}},"loc":{"start":{"line":450,"column":13},"end":{"line":450,"column":47}}},"44":{"name":"(anonymous_54)","decl":{"start":{"line":453,"column":23},"end":{"line":453,"column":24}},"loc":{"start":{"line":453,"column":35},"end":{"line":453,"column":60}}},"45":{"name":"(anonymous_55)","decl":{"start":{"line":467,"column":10},"end":{"line":467,"column":16}},"loc":{"start":{"line":469,"column":33},"end":{"line":518,"column":3}}},"46":{"name":"(anonymous_56)","decl":{"start":{"line":471,"column":25},"end":{"line":471,"column":26}},"loc":{"start":{"line":471,"column":38},"end":{"line":517,"column":5}}},"47":{"name":"(anonymous_57)","decl":{"start":{"line":472,"column":49},"end":{"line":472,"column":50}},"loc":{"start":{"line":473,"column":8},"end":{"line":474,"column":null}}},"48":{"name":"(anonymous_58)","decl":{"start":{"line":474,"column":10},"end":{"line":474,"column":11}},"loc":{"start":{"line":474,"column":23},"end":{"line":474,"column":76}}},"49":{"name":"(anonymous_59)","decl":{"start":{"line":479,"column":13},"end":{"line":479,"column":14}},"loc":{"start":{"line":480,"column":10},"end":{"line":481,"column":null}}},"50":{"name":"(anonymous_60)","decl":{"start":{"line":481,"column":12},"end":{"line":481,"column":13}},"loc":{"start":{"line":481,"column":25},"end":{"line":481,"column":78}}},"51":{"name":"(anonymous_61)","decl":{"start":{"line":487,"column":8},"end":{"line":487,"column":9}},"loc":{"start":{"line":487,"column":15},"end":{"line":487,"column":38}}},"52":{"name":"(anonymous_62)","decl":{"start":{"line":496,"column":37},"end":{"line":496,"column":38}},"loc":{"start":{"line":496,"column":49},"end":{"line":496,"column":70}}},"53":{"name":"(anonymous_63)","decl":{"start":{"line":514,"column":15},"end":{"line":514,"column":16}},"loc":{"start":{"line":514,"column":27},"end":{"line":514,"column":35}}},"54":{"name":"(anonymous_64)","decl":{"start":{"line":520,"column":10},"end":{"line":520,"column":16}},"loc":{"start":{"line":522,"column":40},"end":{"line":636,"column":3}}},"55":{"name":"(anonymous_65)","decl":{"start":{"line":529,"column":30},"end":{"line":529,"column":31}},"loc":{"start":{"line":529,"column":43},"end":{"line":555,"column":5}}},"56":{"name":"(anonymous_66)","decl":{"start":{"line":532,"column":36},"end":{"line":532,"column":37}},"loc":{"start":{"line":532,"column":47},"end":{"line":535,"column":11}}},"57":{"name":"(anonymous_67)","decl":{"start":{"line":542,"column":24},"end":{"line":542,"column":25}},"loc":{"start":{"line":542,"column":40},"end":{"line":545,"column":13}}},"58":{"name":"(anonymous_68)","decl":{"start":{"line":558,"column":55},"end":{"line":558,"column":56}},"loc":{"start":{"line":558,"column":75},"end":{"line":569,"column":5}}},"59":{"name":"(anonymous_69)","decl":{"start":{"line":560,"column":34},"end":{"line":560,"column":35}},"loc":{"start":{"line":560,"column":46},"end":{"line":560,"column":65}}},"60":{"name":"(anonymous_70)","decl":{"start":{"line":572,"column":33},"end":{"line":572,"column":34}},"loc":{"s
[...]
,"column":4},"end":{"line":196,"column":6}},"15":{"start":{"line":200,"column":4},"end":{"line":224,"column":6}},"16":{"start":{"line":228,"column":20},"end":{"line":228,"column":47}},"17":{"start":{"line":229,"column":4},"end":{"line":247,"column":6}},"18":{"start":{"line":251,"column":4},"end":{"line":272,"column":6}},"19":{"start":{"line":279,"column":45},"end":{"line":284,"column":6}},"20":{"start":{"line":286,"column":4},"end":{"line":313,"column":6}},"21":{"start":{"line":317,"column":19},"end":{"line":317,"column":38}},"22":{"start":{"line":319,"column":27},"end":{"line":322,"column":6}},"23":{"start":{"line":323,"column":21},"end":{"line":323,"column":68}},"24":{"start":{"line":324,"column":17},"end":{"line":324,"column":60}},"25":{"start":{"line":325,"column":24},"end":{"line":325,"column":74}},"26":{"start":{"line":326,"column":19},"end":{"line":326,"column":64}},"27":{"start":{"line":327,"column":17},"end":{"line":327,"column":60}},"28":{"start":{"line":328,"column":24},"end":{"line":328,"column":74}},"29":{"start":{"line":329,"column":22},"end":{"line":329,"column":70}},"30":{"start":{"line":330,"column":22},"end":{"line":330,"column":70}},"31":{"start":{"line":331,"column":22},"end":{"line":331,"column":70}},"32":{"start":{"line":332,"column":24},"end":{"line":337,"column":null}},"33":{"start":{"line":340,"column":4},"end":{"line":352,"column":6}},"34":{"start":{"line":360,"column":4},"end":{"line":371,"column":6}},"35":{"start":{"line":11,"column":0},"end":{"line":11,"column":13}}},"fnMap":{"0":{"name":"(anonymous_0)","decl":{"start":{"line":12,"column":2},"end":{"line":12,"column":8}},"loc":{"start":{"line":12,"column":21},"end":{"line":14,"column":3}}},"1":{"name":"(anonymous_1)","decl":{"start":{"line":16,"column":2},"end":{"line":16,"column":8}},"loc":{"start":{"line":16,"column":60},"end":{"line":27,"column":3}}},"2":{"name":"(anonymous_2)","decl":{"start":{"line":29,"column":2},"end":{"line":29,"column":8}},"loc":{"start":{"line":29,"column":46},"end":{"line":35,"column":3}}},"3":{"name":"(anonymous_3)","decl":{"start":{"line":30,"column":41},"end":{"line":30,"column":42}},"loc":{"start":{"line":30,"column":54},"end":{"line":34,"column":6}}},"4":{"name":"(anonymous_4)","decl":{"start":{"line":37,"column":2},"end":{"line":37,"column":8}},"loc":{"start":{"line":38,"column":36},"end":{"line":62,"column":3}}},"5":{"name":"(anonymous_5)","decl":{"start":{"line":64,"column":2},"end":{"line":64,"column":8}},"loc":{"start":{"line":64,"column":63},"end":{"line":87,"column":3}}},"6":{"name":"(anonymous_6)","decl":{"start":{"line":89,"column":2},"end":{"line":89,"column":8}},"loc":{"start":{"line":89,"column":59},"end":{"line":104,"column":3}}},"7":{"name":"(anonymous_7)","decl":{"start":{"line":106,"column":2},"end":{"line":106,"column":8}},"loc":{"start":{"line":107,"column":36},"end":{"line":128,"column":3}}},"8":{"name":"(anonymous_8)","decl":{"start":{"line":130,"column":2},"end":{"line":130,"column":8}},"loc":{"start":{"line":130,"column":61},"end":{"line":151,"column":3}}},"9":{"name":"(anonymous_9)","decl":{"start":{"line":153,"column":2},"end":{"line":153,"column":8}},"loc":{"start":{"line":153,"column":59},"end":{"line":173,"column":3}}},"10":{"name":"(anonymous_10)","decl":{"start":{"line":175,"column":2},"end":{"line":175,"column":8}},"loc":{"start":{"line":176,"column":36},"end":{"line":197,"column":3}}},"11":{"name":"(anonymous_11)","decl":{"start":{"line":199,"column":2},"end":{"line":199,"column":8}},"loc":{"start":{"line":199,"column":64},"end":{"line":225,"column":3}}},"12":{"name":"(anonymous_12)","decl":{"start":{"line":227,"column":2},"end":{"line":227,"column":8}},"loc":{"start":{"line":227,"column":64},"end":{"line":248,"column":3}}},"13":{"name":"(anonymous_13)","decl":{"start":{"line":250,"column":2},"end":{"line":250,"column":8}},"loc":{"start":{"line":250,"column":64},"end":{"line":273,"column":3}}},"14":{"name":"(anonymous_14)","decl":{"start":{"line":275,"column":2},"end":{"line":275,"column":8}},"loc":{"start":{"line":277,"column":36},"end":{"line":314,"column":3}}},"15":{"name":"(anonymous_15)","decl":{"start":{"line":316,"column":2},"end":{"line":316,"column":8}},"loc":{"start":{"line":316,"column":25},"end":{"line":353,"column":3}}},"16":{"name":"(anonymous_16)","decl":{"start":{"line":356,"column":2},"end":{"line":356,"column":8}},"loc":{"start":{"line":358,"column":36},"end":{"line":372,"column":3}}}},"branchMap":{"0":{"loc":{"start":{"line":16,"column":28},"end":{"line":16,"column":60}},"type":"default-arg","locations":[{"start":{"line":16,"column":43},"end":{"line":16,"column":60}}]},"1":{"loc":{"start":{"line":29,"column":29},"end":{"line":29,"column":46}},"type":"default-arg","locations":[{"start":{"line":29,"column":45},"end":{"line":29,"column":46}}]}},"s":{"0":2,"1":2,"2":29,"3":15,"4":7,"5":35,"6":3,"7":3,"8":2,"9":2,"10":0,"11":4,"12":1,"13":0,"14":1,"15":1,"16":1,"17":1,"18":2,"19":0,"20":0,"21":0,"22":0,"23":0,"24":0,"25":0,"26":0,"27":0,"28":0,"29":0,"30":0,"31":0,"32":0,"33":0,"34":0,"35":2},"f":{"0":29,"1":15,"2":7,"3":35,"4":3,"5":2,"6":0,"7":4,"8":1,"9":0,"10":1,"11":1,"12":1,"13":2,"14":0,"15":0,"16":0},"b":{"0":[0],"1":[0]}}
,"/Users/zumikay/Documents/RealProjects/Refinded_GraduateTracer/GraduateTracerBackend_V2/src/utilities/respondentUtils.ts": {"path":"/Users/zumikay/Documents/RealProjects/Refinded_GraduateTracer/GraduateTracerBackend_V2/src/utilities/respondentUtils.ts","statementMap":{"0":{"start":{"line":6,"column":32},"end":{"line":10,"column":1}},"1":{"start":{"line":7,"column":2},"end":{"line":7,"column":53}},"2":{"start":{"line":7,"column":43},"end":{"line":7,"column":53}},"3":{"start":{"line":8,"column":16},"end":{"line":8,"column":32}},"4":{"start":{"line":9,"column":2},"end":{"line":9,"column":24}},"5":{"start":{"line":6,"column":13},"end":{"line":6,"column":32}},"6":{"start":{"line":12,"column":40},"end":{"line":41,"column":1}},"7":{"start":{"line":18,"column":2},"end":{"line":20,"column":3}},"8":{"start":{"line":19,"column":4},"end":{"line":19,"column":33}},"9":{"start":{"line":22,"column":2},"end":{"line":24,"column":3}},"10":{"start":{"line":23,"column":4},"end":{"line":23,"column":28}},"11":{"start":{"line":26,"column":2},"end":{"line":31,"column":3}},"12":{"start":{"line":27,"column":26},"end":{"line":27,"column":59}},"13":{"start":{"line":28,"column":4},"end":{"line":30,"column":5}},"14":{"start":{"line":29,"column":6},"end":{"line":29,"column":27}},"15":{"start":{"line":33,"column":2},"end":{"line":38,"column":3}},"16":{"start":{"line":34,"column":26},"end":{"line":34,"column":54}},"17":{"start":{"line":35,"column":4},"end":{"line":37,"column":5}},"18":{"start":{"line":36,"column":6},"end":{"line":36,"column":27}},"19":{"start":{"line":40,"column":2},"end":{"line":40,"column":21}},"20":{"start":{"line":12,"column":13},"end":{"line":12,"column":40}},"21":{"start":{"line":48,"column":38},"end":{"line":62,"column":1}},"22":{"start":{"line":56,"column":2},"end":{"line":61,"column":4}},"23":{"start":{"line":48,"column":13},"end":{"line":48,"column":38}}},"fnMap":{"0":{"name":"(anonymous_0)","decl":{"start":{"line":6,"column":32},"end":{"line":6,"column":33}},"loc":{"start":{"line":6,"column":58},"end":{"line":10,"column":1}}},"1":{"name":"(anonymous_1)","decl":{"start":{"line":12,"column":40},"end":{"line":12,"column":null}},"loc":{"start":{"line":17,"column":12},"end":{"line":41,"column":1}}},"2":{"name":"(anonymous_2)","decl":{"start":{"line":48,"column":38},"end":{"line":48,"column":39}},"loc":{"start":{"line":55,"column":13},"end":{"line":62,"column":1}}}},"branchMap":{"0":{"loc":{"start":{"line":7,"column":2},"end":{"line":7,"column":53}},"type":"if","locations":[{"start":{"line":7,"column":2},"end":{"line":7,"column":53}},{"start":{},"end":{}}]},"1":{"loc":{"start":{"line":7,"column":6},"end":{"line":7,"column":41}},"type":"binary-expr","locations":[{"start":{"line":7,"column":6},"end":{"line":7,"column":12}},{"start":{"line":7,"column":16},"end":{"line":7,"column":41}}]},"2":{"loc":{"start":{"line":9,"column":9},"end":{"line":9,"column":23}},"type":"binary-expr","locations":[{"start":{"line":9,"column":9},"end":{"line":9,"column":17}},{"start":{"line":9,"column":21},"end":{"line":9,"column":23}}]},"3":{"loc":{"start":{"line":18,"column":2},"end":{"line":20,"column":3}},"type":"if","locations":[{"start":{"line":18,"column":2},"end":{"line":20,"column":3}},{"start":{},"end":{}}]},"4":{"loc":{"start":{"line":18,"column":6},"end":{"line":18,"column":45}},"type":"binary-expr","locations":[{"start":{"line":18,"column":6},"end":{"line":18,"column":20}},{"start":{"line":18,"column":24},"end":{"line":18,"column":45}}]},"5":{"loc":{"start":{"line":22,"column":2},"end":{"line":24,"column":3}},"type":"if","locations":[{"start":{"line":22,"column":2},"end":{"line":24,"column":3}},{"start":{},"end":{}}]},"6":{"loc":{"start":{"line":22,"column":6},"end":{"line":22,"column":35}},"type":"binary-expr","locations":[{"start":{"line":22,"column":6},"end":{"line":22,"column":15}},{"start":{"line":22,"column":19},"end":{"line":22,"column":35}}]},"7":{"loc":{"start":{"line":26,"column":2},"end":{"line":31,"column":3}},"type":"if","locations":[{"start":{"line":26,"column":2},"end":{"line":31,"column":3}},{"start":{},"end":{}}]},"8":{"loc":{"start":{"line":28,"column":4},"end":{"line":30,"column":5}},"type":"if","locations":[{"start":{"line":28,"column":4},"end":{"line":30,"column":5}},{"start":{},"end":{}}]},"9":{"loc":{"start":{"line":33,"column":2},"end":{"line":38,"column":3}},"type":"if","locations":[{"start":{"line":33,"column":2},"end":{"line":38,"column":3}},{"start":{},"end":{}}]},"10":{"loc":{"start":{"line":35,"column":4},"end":{"line":37,"column":5}},"type":"if","locations":[{"start":{"line":35,"column":4},"end":{"line":37,"column":5}},{"start":{},"end":{}}]}},"s":{"0":1,"1":0,"2":0,"3":0,"4":0,"5":1,"6":1,"7":0,"8":0,"9":0,"10":0,"11":0,"12":0,"13":0,"14":0,"15":0,"16":0,"17":0,"18":0,"19":0,"20":1,"21":1,"22":0,"23":1},"f":{"0":0,"1":0,"2":0},"b":{"0":[0,0],"1":[0,0],"2":[0,0],"3":[0,0],"4":[0,0],"5":[0,0],"6":[0,0],"7":[0,0],"8":[0,0],"9":[0,0],"10":[0,0]}}
,"/Users/zumikay/Documents/RealProjects/Refinded_GraduateTracer/GraduateTracerBackend_V2/src/utilities/scoreHelper.ts": {"path":"/Users/zumikay/Documents/RealProjects/Refinded_GraduateTracer/GraduateTracerBackend_V2/src/utilities/scoreHelper.ts","statementMap":{"0":{"start":{"line":1,"column":0},"end":{"line":1,"column":67}},"1":{"start":{"line":4,"column":54},"end":{"line":12,"column":2}},"2":{"start":{"line":15,"column":61},"end":{"line":18,"column":2}},"3":{"start":{"line":21,"column":46},"end":{"line":21,"column":74}},"4":{"start":{"line":26,"column":28},"end":{"line":31,"column":1}},"5":{"start":{"line":27,"column":2},"end":{"line":30,"column":4}},"6":{"start":{"line":39,"column":31},"end":{"line":56,"column":1}},"7":{"start":{"line":41,"column":2},"end":{"line":43,"column":3}},"8":{"start":{"line":42,"column":4},"end":{"line":42,"column":17}},"9":{"start":{"line":46,"column":2},"end":{"line":48,"column":3}},"10":{"start":{"line":47,"column":4},"end":{"line":47,"column":17}},"11":{"start":{"line":51,"column":2},"end":{"line":53,"column":3}},"12":{"start":{"line":52,"column":4},"end":{"line":52,"column":17}},"13":{"start":{"line":55,"column":2},"end":{"line":55,"column":14}},"14":{"start":{"line":62,"column":32},"end":{"line":74,"column":1}},"15":{"start":{"line":64,"column":2},"end":{"line":66,"column":3}},"16":{"start":{"line":65,"column":4},"end":{"line":65,"column":17}},"17":{"start":{"line":69,"column":2},"end":{"line":71,"column":3}},"18":{"start":{"line":70,"column":4},"end":{"line":70,"column":78}},"19":{"start":{"line":73,"column":2},"end":{"line":73,"column":15}},"20":{"start":{"line":81,"column":35},"end":{"line":100,"column":1}},"21":{"start":{"line":86,"column":2},"end":{"line":88,"column":3}},"22":{"start":{"line":87,"column":4},"end":{"line":87,"column":17}},"23":{"start":{"line":91,"column":26},"end":{"line":91,"column":73}},"24":{"start":{"line":91,"column":50},"end":{"line":91,"column":72}},"25":{"start":{"line":94,"column":2},"end":{"line":96,"column":3}},"26":{"start":{"line":95,"column":4},"end":{"line":95,"column":17}},"27":{"start":{"line":99,"column":2},"end":{"line":99,"column":55}},"28":{"start":{"line":81,"column":13},"end":{"line":81,"column":35}},"29":{"start":{"line":106,"column":38},"end":{"line":150,"column":1}},"30":{"start":{"line":119,"column":26},"end":{"line":119,"column":73}},"31":{"start":{"line":119,"column":50},"end":{"line":119,"column":72}},"32":{"start":{"line":120,"column":32},"end":{"line":120,"column":78}},"33":{"start":{"line":121,"column":33},"end":{"line":121,"column":74}},"34":{"start":{"line":123,"column":28},"end":{"line":129,"column":7}},"35":{"start":{"line":124,"column":19},"end":{"line":124,"column":67}},"36":{"start":{"line":125,"column":17},"end":{"line":129,"column":6}},"37":{"start":{"line":131,"column":27},"end":{"line":137,"column":7}},"38":{"start":{"line":132,"column":19},"end":{"line":132,"column":47}},"39":{"start":{"line":133,"column":17},"end":{"line":137,"column":6}},"40":{"start":{"line":139,"column":2},"end":{"line":149,"column":4}},"41":{"start":{"line":106,"column":13},"end":{"line":106,"column":38}}},"fnMap":{"0":{"name":"(anonymous_0)","decl":{"start":{"line":26,"column":28},"end":{"line":26,"column":29}},"loc":{"start":{"line":26,"column":60},"end":{"line":31,"column":1}}},"1":{"name":"(anonymous_1)","decl":{"start":{"line":39,"column":31},"end":{"line":39,"column":32}},"loc":{"start":{"line":39,"column":66},"end":{"line":56,"column":1}}},"2":{"name":"(anonymous_2)","decl":{"start":{"line":62,"column":32},"end":{"line":62,"column":33}},"loc":{"start":{"line":62,"column":67},"end":{"line":74,"column":1}}},"3":{"name":"(anonymous_3)","decl":{"start":{"line":81,"column":35},"end":{"line":81,"column":36}},"loc":{"start":{"line":85,"column":14},"end":{"line":100,"column":1}}},"4":{"name":"(anonymous_4)","decl":{"start":{"line":91,"column":43},"end":{"line":91,"column":44}},"loc":{"start":{"line":91,"column":50},"end":{"line":91,"column":72}}},"5":{"name":"(anonymous_5)","decl":{"start":{"line":106,"column":38},"end":{"line":106,"column":39}},"loc":{"start":{"line":118,"column":4},"end":{"line":150,"column":1}}},"6":{"name":"(anonymous_6)","decl":{"start":{"line":119,"column":43},"end":{"line":119,"column":44}},"loc":{"start":{"line":119,"column":50},"end":{"line":119,"column":72}}},"7":{"name":"(anonymous_7)","decl":{"start":{"line":124,"column":12},"end":{"line":124,"column":13}},"loc":{"start":{"line":124,"column":19},"end":{"line":124,"column":67}}},"8":{"name":"(anonymous_8)","decl":{"start":{"line":125,"column":9},"end":{"line":125,"column":10}},"loc":{"start":{"line":125,"column":17},"end":{"line":129,"column":6}}},"9":{"name":"(anonymous_9)","decl":{"start":{"line":132,"column":12},"end":{"line":132,"column":13}},"loc":{"start":{"line":132,"column":19},"end":{"line":132,"column":47}}},"10":{"name":"(anonymous_10)","decl":{"start":{"line":133,"column":9},"end":{"line":133,"column":10}},"loc":{"start":{"line":133,"column":17},"end":{"line":137,"column":6}}}},"branchMap":{"0":{"loc":{"start":{"line":28,"column":4},"end":{"line":29,"column":47}},"type":"binary-expr","locations":[{"start":{"line":28,"column":4},"end":{"line":28,"column":40}},{"start":{"line":29,"column":4},"end":{"line":29,"column":47}}]},"1":{"loc":{"start":{"line":41,"column":2},"end":{"line":43,"column":3}},"type":"if","locations":[{"start":{"line":41,"column":2},"end":{"line":43,"column":3}},{"start":{},"end":{}}]},"2":{"loc":{"start":{"line":46,"column":2},"end":{"line":48,"column":3}},"type":"if","locations":[{"start":{"line":46,"column":2},"end":{"line":48,"column":3}},{"start":{},"end":{}}]},"3":{"loc":{"start":{"line":46,"column":6},"end":{"line":46,"column":44}},"type":"binary-expr","locations":[{"start":{"line":46,"column":6},"end":{"line":46,"column":21}},{"start":{"line":46,"column":25},"end":{"line":46,"column":44}}]},"4":{"loc":{"start":{"line":51,"column":2},"end":{"line":53,"column":3}},"type":"if","locations":[{"start":{"line":51,"column":2},"end":{"line":53,"column":3}},{"start":{},"end":{}}]},"5":{"loc":{"start":{"line":64,"column":2},"end":{"line":66,"column":3}},"type":"if","locations":[{"start":{"line":64,"column":2},"end":{"line":66,"column":3}},{"start":{},"end":{}}]},"6":{"loc":{"start":{"line":69,"column":2},"end":{"line":71,"column":3}},"type":"if","locations":[{"start":{"line":69,"column":2},"end":{"line":71,"column":3}},{"start":{},"end":{}}]},"7":{"loc":{"start":{"line":70,"column":11},"end":{"line":70,"column":77}},"type":"binary-expr","locations":[{"start":{"line":70,"column":11},"end":{"line":70,"column":35}},{"start":{"line":70,"column":39},"end":{"line":70,"column":55}},{"start":{"line":70,"column":59},"end":{"line":70,"column":77}}]},"8":{"loc":{"start":{"line":86,"column":2},"end":{"line":88,"column":3}},"type":"if","locations":[{"start":{"line":86,"column":2},"end":{"line":88,"column":3}},{"start":{},"end":{}}]},"9":{"loc":{"start":{"line":86,"column":6},"end":{"line":86,"column":42}},"type":"binary-expr","locations":[{"start":{"line":86,"column":6},"end":{"line":86,"column":16}},{"start":{"line":86,"column":20},"end":{"line":86,"column":42}}]},"10":{"loc":{"start":{"line":91,"column":50},"end":{"line":91,"column":72}},"type":"binary-expr","locations":[{"start":{"line":91,"column":50},"end":{"line":91,"column":57}},{"start":{"line":91,"column":61},"end":{"line":91,"column":72}}]},"11":{"loc":{"start":{"line":94,"column":2},"end":{"line":96,"column":3}},"type":"if","locations":[{"start":{"line":94,"column":2},"end":{"line":96,"column":3}},{"start":{},"end":{}}]},"12":{"loc":{"start":{"line":119,"column":50},"end":{"line":119,"column":72}},"type":"binary-expr","locations":[{"start":{"line":119,"column":50},"end":{"line":119,"column":57}},{"start":{"line":119,"column":61},"end":{"line":119,"column":72}}]},"13":{"loc":{"start":{"line":124,"column":19},"end":{"line":124,"column":67}},"type":"binary-expr","locations":[{"start":{"line":124,"column":19},"end":{"line":124,"column":46}},{"start":{"line":124,"column":50},"end":{"line":124,"column":67}}]},"14":{"loc":{"start":{"line":127,"column":13},"end":{"line":127,"column":72}},"type":"cond-expr","locations":[{"start":{"line":127,"column":43},"end":{"line":127,"column":50}},{"start":{"line":127,"column":53},"end":{"line":127,"column":72}}]},"15":{"loc":{"start":{"line":127,"column":53},"end":{"line":127,"column":72}},"type":"binary-expr","locations":[{"start":{"line":127,"column":53},"end":{"line":127,"column":66}},{"start":{"line":127,"column":70},"end":{"line":127,"column":72}}]},"16":{"loc":{"start":{"line":135,"column":13},"end":{"line":135,"column":72}},"type":"cond-expr","locations":[{"start":{"line":135,"column":43},"end":{"line":135,"column":50}},{"start":{"line":135,"column":53},"end":{"line":135,"column":72}}]},"17":{"loc":{"start":{"line":135,"column":53},"end":{"line":135,"column":72}},"type":"binary-expr","locations":[{"start":{"line":135,"column":53},"end":{"line":135,"column":66}},{"start":{"line":135,"column":70},"end":{"line":135,"column":72}}]},"18":{"loc":{"start":{"line":141,"column":6},"end":{"line":142,"column":51}},"type":"binary-expr","locations":[{"start":{"line":141,"column":6},"end":{"line":141,"column":32}},{"start":{"line":142,"column":6},"end":{"line":142,"column":51}}]}},"s":{"0":1,"1":1,"2":1,"3":1,"4":1,"5":0,"6":1,"7":0,"8":0,"9":0,"10":0,"11":0,"12":0,"13":0,"14":1,"15":0,"16":0,"17":0,"18":0,"19":0,"20":1,"21":0,"22":0,"23":0,"24":0,"25":0,"26":0,"27":0,"28":1,"29":1,"30":0,"31":0,"32":0,"33":0,"34":0,"35":0,"36":0,"37":0,"38":0,"39":0,"40":0,"41":1},"f":{"0":0,"1":0,"2":0,"3":0,"4":0,"5":0,"6":0,"7":0,"8":0,"9":0,"10":0},"b":{"0":[0,0],"1":[0,0],"2":[0,0],"3":[0,0],"4":[0,0],"5":[0,0],"6":[0,0],"7":[0,0,0],"8":[0,0],"9":[0,0],"10":[0,0],"11":[0,0],"12":[0,0],"13":[0,0],"14":[0,0],"15":[0,0],"16":[0,0],"17":[0,0],"18":[0,0]}}
}
