TN:
SF:src/app.ts
FN:41,(anonymous_1)
FNF:1
FNH:0
FNDA:0,(anonymous_1)
DA:1,1
DA:2,1
DA:3,1
DA:4,1
DA:5,1
DA:6,1
DA:7,1
DA:8,1
DA:9,1
DA:10,1
DA:11,1
DA:12,1
DA:14,1
DA:16,1
DA:19,1
DA:24,1
DA:25,1
DA:26,1
DA:28,1
DA:29,1
DA:30,1
DA:33,1
DA:36,1
DA:37,1
DA:38,1
DA:39,1
DA:41,1
DA:42,0
DA:45,1
LF:29
LH:28
BRF:0
BRH:0
end_of_record
TN:
SF:src/controller/analytics/analytics.controller.ts
FN:40,(anonymous_10)
FN:62,(anonymous_11)
FN:113,(anonymous_12)
FN:114,(anonymous_13)
FN:160,(anonymous_14)
FN:187,(anonymous_15)
FN:198,(anonymous_16)
FN:199,(anonymous_17)
FN:216,(anonymous_18)
FN:266,(anonymous_19)
FN:279,(anonymous_20)
FN:293,(anonymous_21)
FN:300,(anonymous_22)
FN:325,(anonymous_23)
FN:333,(anonymous_24)
FN:352,(anonymous_25)
FN:357,(anonymous_26)
FN:369,(anonymous_27)
FN:370,(anonymous_28)
FN:372,(anonymous_29)
FN:394,(anonymous_30)
FN:402,(anonymous_31)
FN:408,(anonymous_32)
FN:420,(anonymous_33)
FN:433,(anonymous_34)
FN:506,(anonymous_35)
FN:511,(anonymous_36)
FN:521,(anonymous_37)
FN:528,(anonymous_38)
FN:542,(anonymous_39)
FN:576,(anonymous_40)
FN:580,(anonymous_41)
FN:612,(anonymous_42)
FN:617,(anonymous_43)
FN:618,(anonymous_44)
FN:630,(anonymous_45)
FN:632,(anonymous_46)
FN:637,(anonymous_47)
FN:640,(anonymous_48)
FN:666,(anonymous_49)
FN:671,(anonymous_50)
FN:673,(anonymous_51)
FN:679,(anonymous_52)
FN:680,(anonymous_53)
FN:683,(anonymous_54)
FN:701,(anonymous_55)
FN:706,(anonymous_56)
FN:715,(anonymous_57)
FN:724,(anonymous_58)
FN:725,(anonymous_59)
FN:745,(anonymous_60)
FN:750,(anonymous_61)
FN:757,(anonymous_62)
FN:766,(anonymous_63)
FN:783,(anonymous_64)
FN:788,(anonymous_65)
FN:793,(anonymous_66)
FN:810,(anonymous_67)
FNF:58
FNH:0
FNDA:0,(anonymous_10)
FNDA:0,(anonymous_11)
FNDA:0,(anonymous_12)
FNDA:0,(anonymous_13)
FNDA:0,(anonymous_14)
FNDA:0,(anonymous_15)
FNDA:0,(anonymous_16)
FNDA:0,(anonymous_17)
FNDA:0,(anonymous_18)
FNDA:0,(anonymous_19)
FNDA:0,(anonymous_20)
FNDA:0,(anonymous_21)
FNDA:0,(anonymous_22)
FNDA:0,(anonymous_23)
FNDA:0,(anonymous_24)
FNDA:0,(anonymous_25)
FNDA:0,(anonymous_26)
FNDA:0,(anonymous_27)
FNDA:0,(anonymous_28)
FNDA:0,(anonymous_29)
FNDA:0,(anonymous_30)
FNDA:0,(anonymous_31)
FNDA:0,(anonymous_32)
FNDA:0,(anonymous_33)
FNDA:0,(anonymous_34)
FNDA:0,(anonymous_35)
FNDA:0,(anonymous_36)
FNDA:0,(anonymous_37)
FNDA:0,(anonymous_38)
FNDA:0,(anonymous_39)
FNDA:0,(anonymous_40)
FNDA:0,(anonymous_41)
FNDA:0,(anonymous_42)
FNDA:0,(anonymous_43)
FNDA:0,(anonymous_44)
FNDA:0,(anonymous_45)
FNDA:0,(anonymous_46)
FNDA:0,(anonymous_47)
FNDA:0,(anonymous_48)
FNDA:0,(anonymous_49)
FNDA:0,(anonymous_50)
FNDA:0,(anonymous_51)
FNDA:0,(anonymous_52)
FNDA:0,(anonymous_53)
FNDA:0,(anonymous_54)
FNDA:0,(anonymous_55)
FNDA:0,(anonymous_56)
FNDA:0,(anonymous_57)
FNDA:0,(anonymous_58)
FNDA:0,(anonymous_59)
FNDA:0,(anonymous_60)
FNDA:0,(anonymous_61)
FNDA:0,(anonymous_62)
FNDA:0,(anonymous_63)
FNDA:0,(anonymous_64)
FNDA:0,(anonymous_65)
FNDA:0,(anonymous_66)
FNDA:0,(anonymous_67)
DA:3,1
DA:5,1
DA:6,1
DA:7,1
DA:13,1
DA:18,1
DA:19,1
DA:40,1
DA:44,0
DA:47,0
DA:48,0
DA:50,0
DA:55,0
DA:57,0
DA:58,0
DA:62,1
DA:63,0
DA:66,0
DA:69,0
DA:70,0
DA:72,0
DA:73,0
DA:75,0
DA:80,0
DA:81,0
DA:85,0
DA:89,0
DA:90,0
DA:93,0
DA:94,0
DA:98,0
DA:102,0
DA:103,0
DA:107,0
DA:112,0
DA:113,0
DA:115,0
DA:116,0
DA:122,0
DA:126,0
DA:127,0
DA:134,0
DA:159,0
DA:161,0
DA:166,0
DA:169,0
DA:182,0
DA:183,0
DA:187,1
DA:191,0
DA:193,0
DA:194,0
DA:197,0
DA:199,0
DA:201,0
DA:204,0
DA:206,0
DA:216,0
DA:218,0
DA:232,0
DA:236,0
DA:244,0
DA:248,0
DA:251,0
DA:254,0
DA:257,0
DA:266,1
DA:271,0
DA:275,0
DA:276,0
DA:279,0
DA:280,0
DA:281,0
DA:282,0
DA:286,0
DA:287,0
DA:291,0
DA:292,0
DA:293,0
DA:294,0
DA:295,0
DA:300,0
DA:301,0
DA:303,0
DA:304,0
DA:305,0
DA:307,0
DA:309,0
DA:311,0
DA:312,0
DA:313,0
DA:314,0
DA:315,0
DA:316,0
DA:317,0
DA:318,0
DA:320,0
DA:325,0
DA:326,0
DA:327,0
DA:328,0
DA:333,0
DA:334,0
DA:335,0
DA:337,0
DA:341,0
DA:351,0
DA:352,0
DA:356,0
DA:357,0
DA:361,0
DA:369,0
DA:370,0
DA:371,0
DA:372,0
DA:375,0
DA:394,0
DA:403,0
DA:408,0
DA:420,1
DA:425,0
DA:431,0
DA:433,0
DA:434,0
DA:436,0
DA:441,0
DA:442,0
DA:448,0
DA:449,0
DA:450,0
DA:451,0
DA:457,0
DA:458,0
DA:461,0
DA:463,0
DA:470,0
DA:476,0
DA:481,0
DA:482,0
DA:488,0
DA:489,0
DA:496,0
DA:497,0
DA:506,0
DA:509,0
DA:510,0
DA:511,0
DA:512,0
DA:514,0
DA:519,0
DA:520,0
DA:521,0
DA:528,0
DA:529,0
DA:531,0
DA:533,0
DA:537,0
DA:542,0
DA:543,0
DA:544,0
DA:548,0
DA:552,0
DA:576,0
DA:580,0
DA:612,1
DA:616,0
DA:617,0
DA:618,0
DA:620,0
DA:621,0
DA:630,0
DA:631,0
DA:632,0
DA:635,0
DA:637,0
DA:640,0
DA:647,0
DA:664,0
DA:666,0
DA:667,0
DA:671,0
DA:673,0
DA:674,0
DA:678,0
DA:679,0
DA:680,0
DA:683,0
DA:690,0
DA:701,1
DA:705,0
DA:707,0
DA:708,0
DA:709,0
DA:710,0
DA:711,0
DA:713,0
DA:715,0
DA:717,0
DA:718,0
DA:724,0
DA:725,0
DA:726,0
DA:728,0
DA:732,0
DA:745,1
DA:749,0
DA:751,0
DA:752,0
DA:753,0
DA:755,0
DA:757,0
DA:759,0
DA:760,0
DA:766,0
DA:768,0
DA:783,1
DA:787,0
DA:788,0
DA:792,0
DA:793,0
DA:797,0
DA:810,1
DA:811,0
DA:812,0
DA:814,0
DA:816,0
DA:824,1
LF:227
LH:18
BRDA:47,0,0,0
BRDA:47,0,1,0
BRDA:66,1,0,0
BRDA:66,1,1,0
BRDA:70,2,0,0
BRDA:70,2,1,0
BRDA:80,3,0,0
BRDA:80,3,1,0
BRDA:89,4,0,0
BRDA:89,4,1,0
BRDA:89,5,0,0
BRDA:89,5,1,0
BRDA:93,6,0,0
BRDA:93,6,1,0
BRDA:93,7,0,0
BRDA:93,7,1,0
BRDA:102,8,0,0
BRDA:102,8,1,0
BRDA:116,9,0,0
BRDA:116,9,1,0
BRDA:126,10,0,0
BRDA:126,10,1,0
BRDA:191,11,0,0
BRDA:191,11,1,0
BRDA:201,12,0,0
BRDA:201,12,1,0
BRDA:206,13,0,0
BRDA:206,13,1,0
BRDA:210,14,0,0
BRDA:210,14,1,0
BRDA:211,15,0,0
BRDA:211,15,1,0
BRDA:226,16,0,0
BRDA:226,16,1,0
BRDA:232,17,0,0
BRDA:232,17,1,0
BRDA:232,17,2,0
BRDA:232,17,3,0
BRDA:232,17,4,0
BRDA:232,17,5,0
BRDA:232,17,6,0
BRDA:232,17,7,0
BRDA:232,17,8,0
BRDA:232,17,9,0
BRDA:280,18,0,0
BRDA:280,18,1,0
BRDA:287,19,0,0
BRDA:287,19,1,0
BRDA:288,20,0,0
BRDA:288,20,1,0
BRDA:292,21,0,0
BRDA:292,21,1,0
BRDA:294,22,0,0
BRDA:294,22,1,0
BRDA:301,23,0,0
BRDA:301,23,1,0
BRDA:304,24,0,0
BRDA:304,24,1,0
BRDA:305,25,0,0
BRDA:305,25,1,0
BRDA:311,26,0,0
BRDA:311,26,1,0
BRDA:313,27,0,0
BRDA:313,27,1,0
BRDA:315,28,0,0
BRDA:315,28,1,0
BRDA:315,29,0,0
BRDA:315,29,1,0
BRDA:317,30,0,0
BRDA:317,30,1,0
BRDA:326,31,0,0
BRDA:326,31,1,0
BRDA:327,32,0,0
BRDA:327,32,1,0
BRDA:328,33,0,0
BRDA:328,33,1,0
BRDA:334,34,0,0
BRDA:334,34,1,0
BRDA:335,35,0,0
BRDA:335,35,1,0
BRDA:337,36,0,0
BRDA:337,36,1,0
BRDA:352,37,0,0
BRDA:352,37,1,0
BRDA:352,38,0,0
BRDA:352,38,1,0
BRDA:356,39,0,0
BRDA:356,39,1,0
BRDA:357,40,0,0
BRDA:357,40,1,0
BRDA:380,41,0,0
BRDA:380,41,1,0
BRDA:384,42,0,0
BRDA:384,42,1,0
BRDA:434,43,0,0
BRDA:434,43,1,0
BRDA:441,44,0,0
BRDA:441,44,1,0
BRDA:442,45,0,0
BRDA:442,45,1,0
BRDA:443,46,0,0
BRDA:443,46,1,0
BRDA:443,46,2,0
BRDA:443,46,3,0
BRDA:450,47,0,0
BRDA:450,47,1,0
BRDA:450,48,0,0
BRDA:450,48,1,0
BRDA:461,49,0,0
BRDA:461,49,1,0
BRDA:463,50,0,0
BRDA:463,50,1,0
BRDA:464,51,0,0
BRDA:464,51,1,0
BRDA:464,51,2,0
BRDA:464,51,3,0
BRDA:470,52,0,0
BRDA:470,52,1,0
BRDA:472,53,0,0
BRDA:472,53,1,0
BRDA:476,54,0,0
BRDA:476,54,1,0
BRDA:478,55,0,0
BRDA:478,55,1,0
BRDA:481,56,0,0
BRDA:481,56,1,0
BRDA:481,57,0,0
BRDA:481,57,1,0
BRDA:496,58,0,0
BRDA:496,58,1,0
BRDA:514,59,0,0
BRDA:514,59,1,0
BRDA:520,60,0,0
BRDA:520,60,1,0
BRDA:529,61,0,0
BRDA:529,61,1,0
BRDA:543,62,0,0
BRDA:543,62,1,0
BRDA:557,63,0,0
BRDA:557,63,1,0
BRDA:561,64,0,0
BRDA:561,64,1,0
BRDA:565,65,0,0
BRDA:565,65,1,0
BRDA:569,66,0,0
BRDA:569,66,1,0
BRDA:601,67,0,0
BRDA:601,67,1,0
BRDA:605,68,0,0
BRDA:605,68,1,0
BRDA:617,69,0,0
BRDA:617,69,1,0
BRDA:620,70,0,0
BRDA:620,70,1,0
BRDA:671,71,0,0
BRDA:671,71,1,0
BRDA:674,72,0,0
BRDA:674,72,1,0
BRDA:685,73,0,0
BRDA:685,73,1,0
BRDA:708,74,0,0
BRDA:708,74,1,0
BRDA:709,75,0,0
BRDA:709,75,1,0
BRDA:711,76,0,0
BRDA:711,76,1,0
BRDA:717,77,0,0
BRDA:717,77,1,0
BRDA:728,78,0,0
BRDA:728,78,1,0
BRDA:752,79,0,0
BRDA:752,79,1,0
BRDA:752,80,0,0
BRDA:752,80,1,0
BRDA:757,81,0,0
BRDA:757,81,1,0
BRDA:759,82,0,0
BRDA:759,82,1,0
BRDA:792,83,0,0
BRDA:792,83,1,0
BRDA:793,84,0,0
BRDA:793,84,1,0
BRDA:802,85,0,0
BRDA:802,85,1,0
BRDA:806,86,0,0
BRDA:806,86,1,0
BRDA:811,87,0,0
BRDA:811,87,1,0
BRDA:812,88,0,0
BRDA:812,88,1,0
BRDA:814,89,0,0
BRDA:814,89,1,0
BRDA:814,90,0,0
BRDA:814,90,1,0
BRDA:818,91,0,0
BRDA:818,91,1,0
BRDA:819,92,0,0
BRDA:819,92,1,0
BRF:198
BRH:0
end_of_record
TN:
SF:src/controller/auth/authenication.controller.ts
FN:32,(anonymous_1)
FN:87,(anonymous_2)
FN:107,(anonymous_3)
FN:190,(anonymous_4)
FN:233,(anonymous_5)
FN:275,(anonymous_6)
FN:306,(anonymous_7)
FN:315,(anonymous_8)
FN:328,(anonymous_9)
FN:336,(anonymous_10)
FNF:10
FNH:0
FNDA:0,(anonymous_1)
FNDA:0,(anonymous_2)
FNDA:0,(anonymous_3)
FNDA:0,(anonymous_4)
FNDA:0,(anonymous_5)
FNDA:0,(anonymous_6)
FNDA:0,(anonymous_7)
FNDA:0,(anonymous_8)
FNDA:0,(anonymous_9)
FNDA:0,(anonymous_10)
DA:2,1
DA:3,1
DA:11,1
DA:12,1
DA:13,1
DA:14,1
DA:32,1
DA:33,0
DA:35,0
DA:36,0
DA:47,0
DA:48,0
DA:52,0
DA:53,0
DA:54,0
DA:59,0
DA:64,0
DA:71,0
DA:72,0
DA:74,0
DA:82,0
DA:83,0
DA:87,1
DA:88,0
DA:90,0
DA:91,0
DA:94,0
DA:96,0
DA:98,0
DA:99,0
DA:100,0
DA:102,0
DA:103,0
DA:107,1
DA:108,0
DA:110,0
DA:111,0
DA:114,0
DA:116,0
DA:117,0
DA:119,0
DA:120,0
DA:121,0
DA:122,0
DA:124,0
DA:126,0
DA:134,0
DA:140,0
DA:141,0
DA:147,0
DA:150,0
DA:155,0
DA:156,0
DA:158,0
DA:161,0
DA:162,0
DA:164,0
DA:166,0
DA:170,0
DA:172,0
DA:175,0
DA:177,0
DA:190,1
DA:191,0
DA:192,0
DA:194,0
DA:195,0
DA:199,0
DA:200,0
DA:201,0
DA:216,0
DA:229,0
DA:234,0
DA:237,0
DA:238,0
DA:239,0
DA:240,0
DA:243,0
DA:244,0
DA:249,0
DA:257,0
DA:271,0
DA:275,1
DA:278,0
DA:279,0
DA:282,0
DA:284,0
DA:286,0
DA:292,0
DA:294,0
DA:296,0
DA:298,0
DA:300,0
DA:302,0
DA:307,0
DA:316,0
DA:329,0
DA:337,0
DA:345,1
LF:99
LH:12
BRDA:47,0,0,0
BRDA:47,0,1,0
BRDA:47,1,0,0
BRDA:47,1,1,0
BRDA:56,2,0,0
BRDA:56,2,1,0
BRDA:59,3,0,0
BRDA:59,3,1,0
BRDA:90,4,0,0
BRDA:90,4,1,0
BRDA:91,5,0,0
BRDA:91,5,1,0
BRDA:111,6,0,0
BRDA:111,6,1,0
BRDA:111,6,2,0
BRDA:111,6,3,0
BRDA:114,7,0,0
BRDA:114,7,1,0
BRDA:121,8,0,0
BRDA:121,8,1,0
BRDA:140,9,0,0
BRDA:140,9,1,0
BRDA:155,10,0,0
BRDA:155,10,1,0
BRDA:161,11,0,0
BRDA:161,11,1,0
BRDA:192,12,0,0
BRDA:192,12,1,0
BRDA:194,13,0,0
BRDA:194,13,1,0
BRDA:200,14,0,0
BRDA:200,14,1,0
BRDA:237,15,0,0
BRDA:237,15,1,0
BRDA:244,16,0,0
BRDA:244,16,1,0
BRDA:278,17,0,0
BRDA:278,17,1,0
BRDA:292,18,0,0
BRDA:292,18,1,0
BRDA:292,19,0,0
BRDA:292,19,1,0
BRDA:307,20,0,0
BRDA:307,20,1,0
BRDA:317,21,0,0
BRDA:317,21,1,0
BRDA:329,22,0,0
BRDA:329,22,1,0
BRDA:337,23,0,0
BRDA:337,23,1,0
BRF:50
BRH:0
end_of_record
TN:
SF:src/controller/auth/user.controller.ts
FN:20,(anonymous_10)
FN:25,GetUserProfile
FN:46,RegisterUser
FN:78,EditUser
FN:178,DeleteUser
FNF:5
FNH:0
FNDA:0,(anonymous_10)
FNDA:0,GetUserProfile
FNDA:0,RegisterUser
FNDA:0,EditUser
FNDA:0,DeleteUser
DA:2,1
DA:8,1
DA:9,1
DA:10,1
DA:11,1
DA:14,1
DA:20,0
DA:25,1
DA:26,0
DA:28,0
DA:30,0
DA:31,0
DA:35,0
DA:36,0
DA:38,0
DA:40,0
DA:42,0
DA:46,1
DA:47,0
DA:49,0
DA:50,0
DA:53,0
DA:54,0
DA:58,0
DA:59,0
DA:65,0
DA:67,0
DA:78,1
DA:79,0
DA:81,0
DA:82,0
DA:83,0
DA:85,0
DA:86,0
DA:87,0
DA:88,0
DA:91,0
DA:97,0
DA:98,0
DA:101,0
DA:102,0
DA:104,0
DA:105,0
DA:106,0
DA:107,0
DA:109,0
DA:111,0
DA:116,0
DA:123,0
DA:124,0
DA:127,0
DA:130,0
DA:131,0
DA:133,0
DA:134,0
DA:135,0
DA:137,0
DA:139,0
DA:142,0
DA:145,0
DA:147,0
DA:150,0
DA:152,0
DA:153,0
DA:154,0
DA:155,0
DA:157,0
DA:162,0
DA:164,0
DA:166,0
DA:171,0
DA:173,0
DA:174,0
DA:178,1
DA:179,0
DA:180,0
DA:181,0
DA:183,0
DA:184,0
DA:186,0
DA:187,0
LF:81
LH:10
BRDA:28,0,0,0
BRDA:28,0,1,0
BRDA:35,1,0,0
BRDA:35,1,1,0
BRDA:53,2,0,0
BRDA:53,2,1,0
BRDA:82,3,0,0
BRDA:82,3,1,0
BRDA:82,4,0,0
BRDA:82,4,1,0
BRDA:85,5,0,0
BRDA:85,5,1,0
BRDA:87,6,0,0
BRDA:87,6,1,0
BRDA:97,7,0,0
BRDA:97,7,1,0
BRDA:98,8,0,0
BRDA:98,8,1,0
BRDA:98,8,2,0
BRDA:98,8,3,0
BRDA:106,9,0,0
BRDA:106,9,1,0
BRDA:123,10,0,0
BRDA:123,10,1,0
BRDA:130,11,0,0
BRDA:130,11,1,0
BRDA:134,12,0,0
BRDA:134,12,1,0
BRDA:145,13,0,0
BRDA:145,13,1,0
BRDA:152,14,0,0
BRDA:152,14,1,0
BRDA:154,15,0,0
BRDA:154,15,1,0
BRDA:154,16,0,0
BRDA:154,16,1,0
BRDA:154,16,2,0
BRDA:162,17,0,0
BRDA:162,17,1,0
BRDA:181,18,0,0
BRDA:181,18,1,0
BRF:41
BRH:0
end_of_record
TN:
SF:src/controller/form/form.collaborator.controller.ts
FN:44,(anonymous_10)
FN:111,(anonymous_11)
FN:120,(anonymous_12)
FN:133,(anonymous_13)
FN:217,(anonymous_14)
FN:238,ConfirmAddCollaborator
FN:287,(anonymous_16)
FN:328,(anonymous_17)
FN:358,GetFormCollaborators
FN:398,(anonymous_19)
FN:406,(anonymous_20)
FN:415,(anonymous_21)
FN:476,RemoveSelfFromForm
FN:531,ChangePrimaryOwner
FN:637,ConfirmOwnershipTransfer
FN:784,CancelOwnershipTransfer
FN:844,ResendPendingInvitation
FN:884,(anonymous_27)
FN:904,(anonymous_28)
FN:969,DeletePendingCollaborator
FN:1009,(anonymous_30)
FNF:21
FNH:0
FNDA:0,(anonymous_10)
FNDA:0,(anonymous_11)
FNDA:0,(anonymous_12)
FNDA:0,(anonymous_13)
FNDA:0,(anonymous_14)
FNDA:0,ConfirmAddCollaborator
FNDA:0,(anonymous_16)
FNDA:0,(anonymous_17)
FNDA:0,GetFormCollaborators
FNDA:0,(anonymous_19)
FNDA:0,(anonymous_20)
FNDA:0,(anonymous_21)
FNDA:0,RemoveSelfFromForm
FNDA:0,ChangePrimaryOwner
FNDA:0,ConfirmOwnershipTransfer
FNDA:0,CancelOwnershipTransfer
FNDA:0,ResendPendingInvitation
FNDA:0,(anonymous_27)
FNDA:0,(anonymous_28)
FNDA:0,DeletePendingCollaborator
FNDA:0,(anonymous_30)
DA:2,1
DA:3,1
DA:5,1
DA:6,1
DA:7,1
DA:14,1
DA:15,1
DA:16,1
DA:44,1
DA:48,0
DA:50,0
DA:51,0
DA:53,0
DA:55,0
DA:56,0
DA:58,0
DA:68,0
DA:70,0
DA:73,0
DA:74,0
DA:79,0
DA:84,0
DA:88,0
DA:89,0
DA:90,0
DA:91,0
DA:92,0
DA:96,0
DA:98,0
DA:104,0
DA:108,0
DA:109,0
DA:110,0
DA:111,0
DA:113,0
DA:119,0
DA:120,0
DA:124,0
DA:125,0
DA:126,0
DA:127,0
DA:128,0
DA:129,0
DA:130,0
DA:132,0
DA:133,0
DA:136,0
DA:137,0
DA:138,0
DA:142,0
DA:143,0
DA:154,0
DA:157,0
DA:159,0
DA:170,0
DA:183,0
DA:184,0
DA:187,0
DA:188,0
DA:200,0
DA:202,0
DA:207,0
DA:212,0
DA:216,0
DA:217,0
DA:219,0
DA:221,0
DA:225,0
DA:231,0
DA:233,0
DA:238,1
DA:242,0
DA:243,0
DA:245,0
DA:246,0
DA:249,0
DA:250,0
DA:253,0
DA:255,0
DA:256,0
DA:258,0
DA:259,0
DA:264,0
DA:271,0
DA:272,0
DA:275,0
DA:276,0
DA:280,0
DA:281,0
DA:282,0
DA:286,0
DA:287,0
DA:290,0
DA:291,0
DA:297,0
DA:299,0
DA:302,0
DA:306,0
DA:307,0
DA:308,0
DA:315,0
DA:321,0
DA:322,0
DA:327,0
DA:328,0
DA:329,0
DA:332,0
DA:337,0
DA:342,0
DA:351,0
DA:352,0
DA:358,1
DA:359,0
DA:360,0
DA:362,0
DA:363,0
DA:365,0
DA:366,0
DA:367,0
DA:369,0
DA:370,0
DA:376,0
DA:378,0
DA:385,0
DA:387,0
DA:388,0
DA:397,0
DA:398,0
DA:405,0
DA:406,0
DA:415,0
DA:416,0
DA:417,0
DA:418,0
DA:430,0
DA:431,0
DA:432,0
DA:434,0
DA:436,0
DA:437,0
DA:456,0
DA:469,0
DA:470,0
DA:476,1
DA:477,0
DA:478,0
DA:480,0
DA:481,0
DA:484,0
DA:485,0
DA:486,0
DA:489,0
DA:490,0
DA:491,0
DA:492,0
DA:495,0
DA:496,0
DA:506,0
DA:507,0
DA:509,0
DA:510,0
DA:515,0
DA:522,0
DA:526,0
DA:527,0
DA:531,1
DA:532,0
DA:533,0
DA:536,0
DA:538,0
DA:539,0
DA:540,0
DA:543,0
DA:544,0
DA:545,0
DA:546,0
DA:549,0
DA:550,0
DA:556,0
DA:557,0
DA:558,0
DA:562,0
DA:563,0
DA:569,0
DA:570,0
DA:571,0
DA:572,0
DA:574,0
DA:585,0
DA:596,0
DA:597,0
DA:600,0
DA:601,0
DA:612,0
DA:614,0
DA:617,0
DA:622,0
DA:631,0
DA:632,0
DA:637,1
DA:641,0
DA:642,0
DA:644,0
DA:645,0
DA:648,0
DA:649,0
DA:652,0
DA:654,0
DA:655,0
DA:657,0
DA:658,0
DA:663,0
DA:670,0
DA:671,0
DA:675,0
DA:676,0
DA:679,0
DA:680,0
DA:684,0
DA:689,0
DA:690,0
DA:694,0
DA:695,0
DA:705,0
DA:708,0
DA:709,0
DA:713,0
DA:715,0
DA:718,0
DA:724,0
DA:728,0
DA:729,0
DA:737,0
DA:742,0
DA:748,0
DA:752,0
DA:753,0
DA:754,0
DA:756,0
DA:757,0
DA:760,0
DA:761,0
DA:764,0
DA:776,0
DA:777,0
DA:784,1
DA:788,0
DA:789,0
DA:791,0
DA:792,0
DA:795,0
DA:796,0
DA:799,0
DA:800,0
DA:803,0
DA:804,0
DA:806,0
DA:807,0
DA:811,0
DA:812,0
DA:822,0
DA:823,0
DA:828,0
DA:832,0
DA:836,0
DA:837,0
DA:844,1
DA:848,0
DA:849,0
DA:851,0
DA:852,0
DA:855,0
DA:856,0
DA:859,0
DA:860,0
DA:863,0
DA:864,0
DA:868,0
DA:869,0
DA:872,0
DA:877,0
DA:878,0
DA:883,0
DA:884,0
DA:887,0
DA:888,0
DA:893,0
DA:894,0
DA:895,0
DA:899,0
DA:900,0
DA:901,0
DA:902,0
DA:903,0
DA:904,0
DA:906,0
DA:907,0
DA:910,0
DA:911,0
DA:912,0
DA:922,0
DA:925,0
DA:936,0
DA:937,0
DA:940,0
DA:941,0
DA:953,0
DA:954,0
DA:959,0
DA:963,0
DA:964,0
DA:969,1
DA:973,0
DA:974,0
DA:976,0
DA:977,0
DA:980,0
DA:981,0
DA:984,0
DA:985,0
DA:988,0
DA:989,0
DA:991,0
DA:992,0
DA:995,0
DA:1000,0
DA:1001,0
DA:1008,0
DA:1009,0
DA:1012,0
DA:1013,0
DA:1018,0
DA:1022,0
DA:1026,0
DA:1027,0
LF:335
LH:17
BRDA:53,0,0,0
BRDA:53,0,1,0
BRDA:55,1,0,0
BRDA:55,1,1,0
BRDA:55,2,0,0
BRDA:55,2,1,0
BRDA:55,2,2,0
BRDA:55,2,3,0
BRDA:55,3,0,0
BRDA:55,3,1,0
BRDA:58,4,0,0
BRDA:58,4,1,0
BRDA:59,5,0,0
BRDA:59,5,1,0
BRDA:59,5,2,0
BRDA:59,5,3,0
BRDA:59,5,4,0
BRDA:59,5,5,0
BRDA:59,5,6,0
BRDA:59,5,7,0
BRDA:64,6,0,0
BRDA:64,6,1,0
BRDA:73,7,0,0
BRDA:73,7,1,0
BRDA:79,8,0,0
BRDA:79,8,1,0
BRDA:80,9,0,0
BRDA:80,9,1,0
BRDA:80,10,0,0
BRDA:80,10,1,0
BRDA:82,11,0,0
BRDA:82,11,1,0
BRDA:89,12,0,0
BRDA:89,12,1,0
BRDA:91,13,0,0
BRDA:91,13,1,0
BRDA:98,14,0,0
BRDA:98,14,1,0
BRDA:100,15,0,0
BRDA:100,15,1,0
BRDA:104,16,0,0
BRDA:104,16,1,0
BRDA:104,16,2,0
BRDA:108,17,0,0
BRDA:108,17,1,0
BRDA:109,18,0,0
BRDA:109,18,1,0
BRDA:110,19,0,0
BRDA:110,19,1,0
BRDA:128,20,0,0
BRDA:128,20,1,0
BRDA:136,21,0,0
BRDA:136,21,1,0
BRDA:157,22,0,0
BRDA:157,22,1,0
BRDA:184,23,0,0
BRDA:184,23,1,0
BRDA:200,24,0,0
BRDA:200,24,1,0
BRDA:216,25,0,0
BRDA:216,25,1,0
BRDA:245,26,0,0
BRDA:245,26,1,0
BRDA:249,27,0,0
BRDA:249,27,1,0
BRDA:258,28,0,0
BRDA:258,28,1,0
BRDA:258,29,0,0
BRDA:258,29,1,0
BRDA:261,30,0,0
BRDA:261,30,1,0
BRDA:271,31,0,0
BRDA:271,31,1,0
BRDA:271,32,0,0
BRDA:271,32,1,0
BRDA:271,32,2,0
BRDA:275,33,0,0
BRDA:275,33,1,0
BRDA:281,34,0,0
BRDA:281,34,1,0
BRDA:290,35,0,0
BRDA:290,35,1,0
BRDA:297,36,0,0
BRDA:297,36,1,0
BRDA:307,37,0,0
BRDA:307,37,1,0
BRDA:315,38,0,0
BRDA:315,38,1,0
BRDA:317,39,0,0
BRDA:317,39,1,0
BRDA:321,40,0,0
BRDA:321,40,1,0
BRDA:327,41,0,0
BRDA:327,41,1,0
BRDA:328,42,0,0
BRDA:328,42,1,0
BRDA:362,43,0,0
BRDA:362,43,1,0
BRDA:366,44,0,0
BRDA:366,44,1,0
BRDA:376,45,0,0
BRDA:376,45,1,0
BRDA:378,46,0,0
BRDA:378,46,1,0
BRDA:390,47,0,0
BRDA:390,47,1,0
BRDA:397,48,0,0
BRDA:397,48,1,0
BRDA:401,49,0,0
BRDA:401,49,1,0
BRDA:405,50,0,0
BRDA:405,50,1,0
BRDA:409,51,0,0
BRDA:409,51,1,0
BRDA:415,52,0,0
BRDA:415,52,1,0
BRDA:421,53,0,0
BRDA:421,53,1,0
BRDA:422,54,0,0
BRDA:422,54,1,0
BRDA:431,55,0,0
BRDA:431,55,1,0
BRDA:441,56,0,0
BRDA:441,56,1,0
BRDA:443,57,0,0
BRDA:443,57,1,0
BRDA:447,58,0,0
BRDA:447,58,1,0
BRDA:449,59,0,0
BRDA:449,59,1,0
BRDA:465,60,0,0
BRDA:465,60,1,0
BRDA:465,61,0,0
BRDA:465,61,1,0
BRDA:480,62,0,0
BRDA:480,62,1,0
BRDA:480,63,0,0
BRDA:480,63,1,0
BRDA:485,64,0,0
BRDA:485,64,1,0
BRDA:491,65,0,0
BRDA:491,65,1,0
BRDA:495,66,0,0
BRDA:495,66,1,0
BRDA:509,67,0,0
BRDA:509,67,1,0
BRDA:536,68,0,0
BRDA:536,68,1,0
BRDA:539,69,0,0
BRDA:539,69,1,0
BRDA:545,70,0,0
BRDA:545,70,1,0
BRDA:549,71,0,0
BRDA:549,71,1,0
BRDA:557,72,0,0
BRDA:557,72,1,0
BRDA:562,73,0,0
BRDA:562,73,1,0
BRDA:597,74,0,0
BRDA:597,74,1,0
BRDA:612,75,0,0
BRDA:612,75,1,0
BRDA:644,76,0,0
BRDA:644,76,1,0
BRDA:648,77,0,0
BRDA:648,77,1,0
BRDA:657,78,0,0
BRDA:657,78,1,0
BRDA:657,79,0,0
BRDA:657,79,1,0
BRDA:660,80,0,0
BRDA:660,80,1,0
BRDA:670,81,0,0
BRDA:670,81,1,0
BRDA:675,82,0,0
BRDA:675,82,1,0
BRDA:675,83,0,0
BRDA:675,83,1,0
BRDA:679,84,0,0
BRDA:679,84,1,0
BRDA:689,85,0,0
BRDA:689,85,1,0
BRDA:694,86,0,0
BRDA:694,86,1,0
BRDA:708,87,0,0
BRDA:708,87,1,0
BRDA:713,88,0,0
BRDA:713,88,1,0
BRDA:724,89,0,0
BRDA:724,89,1,0
BRDA:728,90,0,0
BRDA:728,90,1,0
BRDA:737,91,0,0
BRDA:737,91,1,0
BRDA:753,92,0,0
BRDA:753,92,1,0
BRDA:756,93,0,0
BRDA:756,93,1,0
BRDA:760,94,0,0
BRDA:760,94,1,0
BRDA:791,95,0,0
BRDA:791,95,1,0
BRDA:795,96,0,0
BRDA:795,96,1,0
BRDA:799,97,0,0
BRDA:799,97,1,0
BRDA:806,98,0,0
BRDA:806,98,1,0
BRDA:811,99,0,0
BRDA:811,99,1,0
BRDA:822,100,0,0
BRDA:822,100,1,0
BRDA:851,101,0,0
BRDA:851,101,1,0
BRDA:855,102,0,0
BRDA:855,102,1,0
BRDA:855,103,0,0
BRDA:855,103,1,0
BRDA:859,104,0,0
BRDA:859,104,1,0
BRDA:859,105,0,0
BRDA:859,105,1,0
BRDA:868,106,0,0
BRDA:868,106,1,0
BRDA:877,107,0,0
BRDA:877,107,1,0
BRDA:877,108,0,0
BRDA:877,108,1,0
BRDA:887,109,0,0
BRDA:887,109,1,0
BRDA:894,110,0,0
BRDA:894,110,1,0
BRDA:904,111,0,0
BRDA:904,111,1,0
BRDA:906,112,0,0
BRDA:906,112,1,0
BRDA:937,113,0,0
BRDA:937,113,1,0
BRDA:953,114,0,0
BRDA:953,114,1,0
BRDA:976,115,0,0
BRDA:976,115,1,0
BRDA:980,116,0,0
BRDA:980,116,1,0
BRDA:980,117,0,0
BRDA:980,117,1,0
BRDA:984,118,0,0
BRDA:984,118,1,0
BRDA:984,119,0,0
BRDA:984,119,1,0
BRDA:991,120,0,0
BRDA:991,120,1,0
BRDA:1000,121,0,0
BRDA:1000,121,1,0
BRDA:1000,122,0,0
BRDA:1000,122,1,0
BRDA:1012,123,0,0
BRDA:1012,123,1,0
BRF:258
BRH:0
end_of_record
TN:
SF:src/controller/form/form.controller.ts
FN:12,(anonymous_1)
FN:13,(anonymous_2)
FN:14,(anonymous_3)
FN:15,(anonymous_4)
FN:16,(anonymous_5)
FN:17,(anonymous_6)
FN:18,(anonymous_7)
FN:19,(anonymous_8)
FN:21,(anonymous_9)
FN:21,(anonymous_10)
FN:22,(anonymous_11)
FN:24,CreateForm
FN:45,EditForm
FN:63,(anonymous_14)
FN:76,DeleteForm
FN:97,(anonymous_16)
FN:107,PageHandler
FN:158,(anonymous_18)
FNF:18
FNH:9
FNDA:2,(anonymous_1)
FNDA:1,(anonymous_2)
FNDA:1,(anonymous_3)
FNDA:1,(anonymous_4)
FNDA:0,(anonymous_5)
FNDA:0,(anonymous_6)
FNDA:1,(anonymous_7)
FNDA:1,(anonymous_8)
FNDA:2,(anonymous_9)
FNDA:1,(anonymous_10)
FNDA:1,(anonymous_11)
FNDA:0,CreateForm
FNDA:0,EditForm
FNDA:0,(anonymous_14)
FNDA:0,DeleteForm
FNDA:0,(anonymous_16)
FNDA:0,PageHandler
FNDA:0,(anonymous_18)
DA:2,1
DA:3,1
DA:5,1
DA:6,1
DA:7,1
DA:11,1
DA:12,3
DA:13,2
DA:14,2
DA:15,2
DA:16,1
DA:17,1
DA:18,2
DA:19,2
DA:21,3
DA:22,2
DA:24,1
DA:25,0
DA:26,0
DA:28,0
DA:30,0
DA:31,0
DA:35,0
DA:40,0
DA:41,0
DA:45,1
DA:46,0
DA:47,0
DA:49,0
DA:51,0
DA:52,0
DA:53,0
DA:55,0
DA:56,0
DA:57,0
DA:58,0
DA:59,0
DA:61,0
DA:62,0
DA:63,0
DA:64,0
DA:68,0
DA:69,0
DA:71,0
DA:72,0
DA:76,1
DA:77,0
DA:78,0
DA:80,0
DA:81,0
DA:82,0
DA:84,0
DA:85,0
DA:88,0
DA:89,0
DA:90,0
DA:96,0
DA:97,0
DA:100,0
DA:102,0
DA:103,0
DA:107,1
DA:108,0
DA:113,0
DA:115,0
DA:116,0
DA:119,0
DA:120,0
DA:121,0
DA:124,0
DA:125,0
DA:128,0
DA:129,0
DA:134,0
DA:135,0
DA:136,0
DA:137,0
DA:140,0
DA:141,0
DA:146,0
DA:147,0
DA:148,0
DA:149,0
DA:154,0
DA:158,0
DA:161,0
DA:164,0
DA:168,0
DA:169,0
LF:89
LH:20
BRDA:28,0,0,0
BRDA:28,0,1,0
BRDA:49,1,0,0
BRDA:49,1,1,0
BRDA:51,2,0,0
BRDA:51,2,1,0
BRDA:52,3,0,0
BRDA:52,3,1,0
BRDA:57,4,0,0
BRDA:57,4,1,0
BRDA:58,5,0,0
BRDA:58,5,1,0
BRDA:62,6,0,0
BRDA:62,6,1,0
BRDA:80,7,0,0
BRDA:80,7,1,0
BRDA:81,8,0,0
BRDA:81,8,1,0
BRDA:81,9,0,0
BRDA:81,9,1,0
BRDA:89,10,0,0
BRDA:89,10,1,0
BRDA:115,11,0,0
BRDA:115,11,1,0
BRDA:120,12,0,0
BRDA:120,12,1,0
BRDA:124,13,0,0
BRDA:124,13,1,0
BRDA:128,14,0,0
BRDA:128,14,1,0
BRDA:128,15,0,0
BRDA:128,15,1,0
BRDA:128,15,2,0
BRDA:136,16,0,0
BRDA:136,16,1,0
BRDA:140,17,0,0
BRDA:140,17,1,0
BRDA:146,18,0,0
BRDA:146,18,1,0
BRDA:148,19,0,0
BRDA:148,19,1,0
BRF:41
BRH:0
end_of_record
TN:
SF:src/controller/form/form.query.controller.ts
FN:27,(anonymous_10)
FN:43,(anonymous_11)
FN:61,GetFilterForm
FN:154,handleShortFormInfo
FN:194,handleDetailQuery
FN:246,(anonymous_15)
FN:247,(anonymous_16)
FN:270,(anonymous_17)
FN:289,handleTotalQuery
FN:349,handleSettingQuery
FN:377,handleUserQuery
FN:424,(anonymous_21)
FN:454,(anonymous_22)
FN:466,(anonymous_23)
FN:469,(anonymous_24)
FN:498,buildBaseQuery
FN:536,buildFilterQuery
FN:557,buildSortOptions
FNF:18
FNH:3
FNDA:6,(anonymous_10)
FNDA:6,(anonymous_11)
FNDA:1,GetFilterForm
FNDA:0,handleShortFormInfo
FNDA:0,handleDetailQuery
FNDA:0,(anonymous_15)
FNDA:0,(anonymous_16)
FNDA:0,(anonymous_17)
FNDA:0,handleTotalQuery
FNDA:0,handleSettingQuery
FNDA:0,handleUserQuery
FNDA:0,(anonymous_21)
FNDA:0,(anonymous_22)
FNDA:0,(anonymous_23)
FNDA:0,(anonymous_24)
FNDA:0,buildBaseQuery
FNDA:0,buildFilterQuery
FNDA:0,buildSortOptions
DA:2,6
DA:3,6
DA:9,6
DA:10,6
DA:15,6
DA:16,6
DA:21,6
DA:22,6
DA:27,6
DA:28,6
DA:29,6
DA:30,6
DA:31,6
DA:32,6
DA:33,6
DA:34,6
DA:35,6
DA:36,6
DA:37,6
DA:38,6
DA:39,6
DA:40,6
DA:43,6
DA:44,6
DA:45,6
DA:46,6
DA:61,6
DA:62,1
DA:72,1
DA:74,1
DA:75,0
DA:78,1
DA:79,1
DA:80,1
DA:81,1
DA:83,1
DA:85,1
DA:88,0
DA:92,0
DA:101,0
DA:108,0
DA:111,0
DA:114,0
DA:118,0
DA:123,0
DA:124,0
DA:143,0
DA:146,0
DA:150,0
DA:163,0
DA:164,0
DA:167,0
DA:174,0
DA:175,0
DA:178,0
DA:180,0
DA:201,0
DA:203,0
DA:205,0
DA:209,0
DA:210,0
DA:213,0
DA:214,0
DA:218,0
DA:219,0
DA:220,0
DA:224,0
DA:228,0
DA:230,0
DA:237,0
DA:245,0
DA:246,0
DA:247,0
DA:260,0
DA:265,0
DA:270,0
DA:290,0
DA:291,0
DA:292,0
DA:294,0
DA:299,0
DA:301,0
DA:302,0
DA:303,0
DA:305,0
DA:332,0
DA:337,0
DA:350,0
DA:351,0
DA:352,0
DA:354,0
DA:359,0
DA:361,0
DA:362,0
DA:363,0
DA:365,0
DA:399,0
DA:401,0
DA:402,0
DA:405,0
DA:407,0
DA:409,0
DA:411,0
DA:414,0
DA:415,0
DA:417,0
DA:424,0
DA:426,0
DA:453,0
DA:454,0
DA:455,0
DA:457,0
DA:458,0
DA:464,0
DA:465,0
DA:466,0
DA:468,0
DA:469,0
DA:473,0
DA:475,0
DA:481,0
DA:492,0
DA:493,0
DA:502,0
DA:504,0
DA:513,0
DA:518,0
DA:525,0
DA:526,0
DA:531,0
DA:540,0
DA:542,0
DA:543,0
DA:544,0
DA:545,0
DA:549,0
DA:550,0
DA:553,0
DA:563,0
DA:565,0
DA:566,0
DA:569,0
DA:570,0
DA:573,0
DA:574,0
DA:577,0
LF:146
LH:36
BRDA:27,0,0,6
BRDA:27,0,1,6
BRDA:43,1,0,6
BRDA:43,1,1,6
BRDA:66,2,0,1
BRDA:67,3,0,1
BRDA:74,4,0,0
BRDA:74,4,1,1
BRDA:74,5,0,1
BRDA:74,5,1,0
BRDA:78,6,0,1
BRDA:78,6,1,0
BRDA:80,7,0,0
BRDA:80,7,1,1
BRDA:81,8,0,0
BRDA:81,8,1,1
BRDA:85,9,0,1
BRDA:85,9,1,0
BRDA:88,10,0,0
BRDA:88,10,1,0
BRDA:88,10,2,0
BRDA:88,10,3,0
BRDA:88,10,4,0
BRDA:88,10,5,0
BRDA:88,10,6,0
BRDA:88,10,7,0
BRDA:88,10,8,0
BRDA:114,11,0,0
BRDA:114,11,1,0
BRDA:115,12,0,0
BRDA:115,12,1,0
BRDA:115,12,2,0
BRDA:115,12,3,0
BRDA:123,13,0,0
BRDA:123,13,1,0
BRDA:133,14,0,0
BRDA:133,14,1,0
BRDA:133,15,0,0
BRDA:133,15,1,0
BRDA:148,16,0,0
BRDA:148,16,1,0
BRDA:163,17,0,0
BRDA:163,17,1,0
BRDA:163,18,0,0
BRDA:163,18,1,0
BRDA:174,19,0,0
BRDA:174,19,1,0
BRDA:201,20,0,0
BRDA:201,20,1,0
BRDA:203,21,0,0
BRDA:203,21,1,0
BRDA:209,22,0,0
BRDA:209,22,1,0
BRDA:213,23,0,0
BRDA:213,23,1,0
BRDA:213,24,0,0
BRDA:213,24,1,0
BRDA:219,25,0,0
BRDA:219,25,1,0
BRDA:224,26,0,0
BRDA:224,26,1,0
BRDA:251,27,0,0
BRDA:251,27,1,0
BRDA:252,28,0,0
BRDA:252,28,1,0
BRDA:255,29,0,0
BRDA:255,29,1,0
BRDA:256,30,0,0
BRDA:256,30,1,0
BRDA:290,31,0,0
BRDA:290,31,1,0
BRDA:291,32,0,0
BRDA:291,32,1,0
BRDA:299,33,0,0
BRDA:299,33,1,0
BRDA:302,34,0,0
BRDA:302,34,1,0
BRDA:332,35,0,0
BRDA:332,35,1,0
BRDA:340,36,0,0
BRDA:340,36,1,0
BRDA:350,37,0,0
BRDA:350,37,1,0
BRDA:351,38,0,0
BRDA:351,38,1,0
BRDA:359,39,0,0
BRDA:359,39,1,0
BRDA:362,40,0,0
BRDA:362,40,1,0
BRDA:401,41,0,0
BRDA:401,41,1,0
BRDA:401,42,0,0
BRDA:401,42,1,0
BRDA:401,42,2,0
BRDA:401,42,3,0
BRDA:453,43,0,0
BRDA:453,43,1,0
BRDA:457,44,0,0
BRDA:457,44,1,0
BRDA:473,45,0,0
BRDA:473,45,1,0
BRDA:473,45,2,0
BRDA:473,45,3,0
BRDA:502,46,0,0
BRDA:502,46,1,0
BRDA:502,46,2,0
BRDA:502,46,3,0
BRDA:502,46,4,0
BRDA:542,47,0,0
BRDA:542,47,1,0
BRDA:544,48,0,0
BRDA:544,48,1,0
BRDA:549,49,0,0
BRDA:549,49,1,0
BRDA:565,50,0,0
BRDA:565,50,1,0
BRDA:569,51,0,0
BRDA:569,51,1,0
BRDA:573,52,0,0
BRDA:573,52,1,0
BRF:120
BRH:12
end_of_record
TN:
SF:src/controller/form/form.response.controller.ts
FN:17,(anonymous_9)
FN:72,(anonymous_10)
FN:79,(anonymous_11)
FN:96,(anonymous_12)
FN:116,(anonymous_13)
FN:198,(anonymous_14)
FN:228,(anonymous_15)
FNF:7
FNH:0
FNDA:0,(anonymous_9)
FNDA:0,(anonymous_10)
FNDA:0,(anonymous_11)
FNDA:0,(anonymous_12)
FNDA:0,(anonymous_13)
FNDA:0,(anonymous_14)
FNDA:0,(anonymous_15)
DA:2,1
DA:3,1
DA:5,1
DA:6,1
DA:12,1
DA:17,1
DA:18,0
DA:19,0
DA:20,0
DA:22,0
DA:23,0
DA:26,0
DA:27,0
DA:30,0
DA:31,0
DA:33,0
DA:35,0
DA:36,0
DA:39,0
DA:44,0
DA:45,0
DA:49,0
DA:62,0
DA:63,0
DA:69,0
DA:70,0
DA:71,0
DA:72,0
DA:74,0
DA:75,0
DA:79,0
DA:86,0
DA:96,0
DA:99,0
DA:104,0
DA:105,0
DA:116,1
DA:117,0
DA:118,0
DA:119,0
DA:121,0
DA:122,0
DA:126,0
DA:127,0
DA:128,0
DA:132,0
DA:134,0
DA:135,0
DA:139,0
DA:140,0
DA:145,0
DA:146,0
DA:157,0
DA:181,0
DA:186,0
DA:187,0
DA:198,1
DA:202,0
DA:204,0
DA:206,0
DA:207,0
DA:211,0
DA:212,0
DA:213,0
DA:217,0
DA:218,0
DA:222,0
DA:228,0
DA:229,0
DA:230,0
DA:232,0
DA:233,0
DA:236,0
DA:239,0
DA:241,0
DA:242,0
LF:76
LH:8
BRDA:22,0,0,0
BRDA:22,0,1,0
BRDA:26,1,0,0
BRDA:26,1,1,0
BRDA:35,2,0,0
BRDA:35,2,1,0
BRDA:44,3,0,0
BRDA:44,3,1,0
BRDA:44,4,0,0
BRDA:44,4,1,0
BRDA:62,5,0,0
BRDA:62,5,1,0
BRDA:70,6,0,0
BRDA:70,6,1,0
BRDA:70,7,0,0
BRDA:70,7,1,0
BRDA:74,8,0,0
BRDA:74,8,1,0
BRDA:81,9,0,0
BRDA:81,9,1,0
BRDA:121,10,0,0
BRDA:121,10,1,0
BRDA:127,11,0,0
BRDA:127,11,1,0
BRDA:134,12,0,0
BRDA:134,12,1,0
BRDA:145,13,0,0
BRDA:145,13,1,0
BRDA:167,14,0,0
BRDA:167,14,1,0
BRDA:170,15,0,0
BRDA:170,15,1,0
BRDA:204,16,0,0
BRDA:204,16,1,0
BRDA:211,17,0,0
BRDA:211,17,1,0
BRDA:211,18,0,0
BRDA:211,18,1,0
BRDA:217,19,0,0
BRDA:217,19,1,0
BRDA:217,20,0,0
BRDA:217,20,1,0
BRDA:229,21,0,0
BRDA:229,21,1,0
BRDA:232,22,0,0
BRDA:232,22,1,0
BRDA:233,23,0,0
BRDA:233,23,1,0
BRF:48
BRH:0
end_of_record
TN:
SF:src/controller/form/formsession.controller.ts
FN:51,(anonymous_10)
FN:108,(anonymous_11)
FN:169,(anonymous_12)
FN:303,(anonymous_13)
FN:331,(anonymous_14)
FN:603,(anonymous_15)
FN:739,(anonymous_16)
FN:768,(anonymous_17)
FN:880,(anonymous_18)
FN:907,(anonymous_19)
FN:932,(anonymous_20)
FN:975,(anonymous_21)
FNF:12
FNH:0
FNDA:0,(anonymous_10)
FNDA:0,(anonymous_11)
FNDA:0,(anonymous_12)
FNDA:0,(anonymous_13)
FNDA:0,(anonymous_14)
FNDA:0,(anonymous_15)
FNDA:0,(anonymous_16)
FNDA:0,(anonymous_17)
FNDA:0,(anonymous_18)
FNDA:0,(anonymous_19)
FNDA:0,(anonymous_20)
FNDA:0,(anonymous_21)
DA:3,1
DA:10,1
DA:11,1
DA:12,1
DA:15,1
DA:16,1
DA:17,1
DA:18,1
DA:19,1
DA:20,1
DA:21,1
DA:34,1
DA:35,1
DA:45,1
DA:60,0
DA:61,0
DA:64,0
DA:71,0
DA:72,0
DA:79,0
DA:85,0
DA:87,0
DA:88,0
DA:92,0
DA:99,0
DA:105,0
DA:119,0
DA:120,0
DA:123,0
DA:132,0
DA:133,0
DA:140,0
DA:146,0
DA:148,0
DA:149,0
DA:153,0
DA:160,0
DA:166,0
DA:175,0
DA:177,0
DA:180,0
DA:181,0
DA:184,0
DA:191,0
DA:192,0
DA:195,0
DA:202,0
DA:203,0
DA:204,0
DA:205,0
DA:209,0
DA:221,0
DA:227,0
DA:229,0
DA:233,0
DA:239,0
DA:243,0
DA:244,0
DA:250,0
DA:257,0
DA:262,0
DA:267,0
DA:269,0
DA:273,0
DA:278,0
DA:281,0
DA:282,0
DA:283,0
DA:285,0
DA:289,0
DA:293,0
DA:294,0
DA:299,0
DA:309,0
DA:316,0
DA:331,1
DA:332,0
DA:337,0
DA:344,0
DA:345,0
DA:346,0
DA:355,0
DA:357,0
DA:358,0
DA:371,0
DA:372,0
DA:379,0
DA:380,0
DA:387,0
DA:388,0
DA:396,0
DA:397,0
DA:404,0
DA:405,0
DA:406,0
DA:413,0
DA:414,0
DA:421,0
DA:422,0
DA:423,0
DA:431,0
DA:434,0
DA:440,0
DA:442,0
DA:446,0
DA:447,0
DA:448,0
DA:449,0
DA:456,0
DA:457,0
DA:461,0
DA:463,0
DA:470,0
DA:471,0
DA:473,0
DA:474,0
DA:475,0
DA:478,0
DA:486,0
DA:492,0
DA:497,0
DA:509,0
DA:510,0
DA:513,0
DA:523,0
DA:527,0
DA:528,0
DA:540,0
DA:554,0
DA:565,0
DA:568,0
DA:575,0
DA:586,0
DA:587,0
DA:603,1
DA:604,0
DA:609,0
DA:617,0
DA:618,0
DA:623,0
DA:625,0
DA:626,0
DA:628,0
DA:629,0
DA:632,0
DA:633,0
DA:636,0
DA:639,0
DA:640,0
DA:641,0
DA:644,0
DA:645,0
DA:657,0
DA:658,0
DA:661,0
DA:662,0
DA:663,0
DA:666,0
DA:667,0
DA:669,0
DA:674,0
DA:675,0
DA:679,0
DA:682,0
DA:694,0
DA:698,0
DA:708,0
DA:715,0
DA:721,0
DA:722,0
DA:723,0
DA:730,0
DA:732,0
DA:733,0
DA:739,1
DA:740,0
DA:741,0
DA:744,0
DA:751,0
DA:752,0
DA:758,0
DA:760,0
DA:761,0
DA:768,1
DA:772,0
DA:777,0
DA:779,0
DA:780,0
DA:782,0
DA:788,0
DA:789,0
DA:793,0
DA:794,0
DA:802,0
DA:804,0
DA:806,0
DA:807,0
DA:810,0
DA:814,0
DA:816,0
DA:821,0
DA:823,0
DA:824,0
DA:825,0
DA:826,0
DA:830,0
DA:836,0
DA:841,0
DA:847,0
DA:848,0
DA:852,0
DA:857,0
DA:865,0
DA:875,0
DA:876,0
DA:880,1
DA:890,0
DA:891,0
DA:896,0
DA:897,0
DA:899,0
DA:901,0
DA:902,0
DA:904,0
DA:907,1
DA:914,0
DA:916,0
DA:918,0
DA:922,0
DA:923,0
DA:928,0
DA:929,0
DA:932,1
DA:941,0
DA:942,0
DA:946,0
DA:948,0
DA:950,0
DA:957,0
DA:958,0
DA:960,0
DA:965,0
DA:967,0
DA:968,0
DA:975,1
DA:979,0
DA:981,0
DA:982,0
DA:983,0
DA:989,0
DA:990,0
DA:996,0
DA:997,0
DA:1001,0
DA:1006,0
DA:1007,0
LF:256
LH:22
BRDA:53,0,0,0
BRDA:54,1,0,0
BRDA:60,2,0,0
BRDA:60,2,1,0
BRDA:87,3,0,0
BRDA:87,3,1,0
BRDA:111,4,0,0
BRDA:112,5,0,0
BRDA:119,6,0,0
BRDA:119,6,1,0
BRDA:125,7,0,0
BRDA:125,7,1,0
BRDA:148,8,0,0
BRDA:148,8,1,0
BRDA:177,9,0,0
BRDA:177,9,1,0
BRDA:177,9,2,0
BRDA:180,10,0,0
BRDA:180,10,1,0
BRDA:191,11,0,0
BRDA:191,11,1,0
BRDA:197,12,0,0
BRDA:197,12,1,0
BRDA:202,13,0,0
BRDA:202,13,1,0
BRDA:203,14,0,0
BRDA:203,14,1,0
BRDA:313,15,0,0
BRDA:313,15,1,0
BRDA:317,16,0,0
BRDA:317,16,1,0
BRDA:332,17,0,0
BRDA:332,17,1,0
BRDA:333,18,0,0
BRDA:333,18,1,0
BRDA:333,18,2,0
BRDA:345,19,0,0
BRDA:345,19,1,0
BRDA:366,20,0,0
BRDA:366,20,1,0
BRDA:366,21,0,0
BRDA:366,21,1,0
BRDA:371,22,0,0
BRDA:371,22,1,0
BRDA:379,23,0,0
BRDA:379,23,1,0
BRDA:387,24,0,0
BRDA:387,24,1,0
BRDA:396,25,0,0
BRDA:396,25,1,0
BRDA:396,26,0,0
BRDA:396,26,1,0
BRDA:404,27,0,0
BRDA:404,27,1,0
BRDA:404,28,0,0
BRDA:404,28,1,0
BRDA:405,29,0,0
BRDA:405,29,1,0
BRDA:413,30,0,0
BRDA:413,30,1,0
BRDA:422,31,0,0
BRDA:422,31,1,0
BRDA:431,32,0,0
BRDA:431,32,1,0
BRDA:442,33,0,0
BRDA:442,33,1,0
BRDA:446,34,0,0
BRDA:446,34,1,0
BRDA:448,35,0,0
BRDA:448,35,1,0
BRDA:456,36,0,0
BRDA:456,36,1,0
BRDA:461,37,0,0
BRDA:461,37,1,0
BRDA:470,38,0,0
BRDA:470,38,1,0
BRDA:470,39,0,0
BRDA:470,39,1,0
BRDA:473,40,0,0
BRDA:473,40,1,0
BRDA:492,41,0,0
BRDA:492,41,1,0
BRDA:499,42,0,0
BRDA:499,42,1,0
BRDA:509,43,0,0
BRDA:509,43,1,0
BRDA:513,44,0,0
BRDA:513,44,1,0
BRDA:523,45,0,0
BRDA:523,45,1,0
BRDA:546,46,0,0
BRDA:546,46,1,0
BRDA:547,47,0,0
BRDA:547,47,1,0
BRDA:560,48,0,0
BRDA:560,48,1,0
BRDA:593,49,0,0
BRDA:593,49,1,0
BRDA:594,50,0,0
BRDA:594,50,1,0
BRDA:604,51,0,0
BRDA:604,51,1,0
BRDA:605,52,0,0
BRDA:605,52,1,0
BRDA:605,52,2,0
BRDA:623,53,0,0
BRDA:623,53,1,0
BRDA:625,54,0,0
BRDA:625,54,1,0
BRDA:625,55,0,0
BRDA:625,55,1,0
BRDA:625,55,2,0
BRDA:628,56,0,0
BRDA:628,56,1,0
BRDA:632,57,0,0
BRDA:632,57,1,0
BRDA:632,58,0,0
BRDA:632,58,1,0
BRDA:639,59,0,0
BRDA:639,59,1,0
BRDA:640,60,0,0
BRDA:640,60,1,0
BRDA:640,61,0,0
BRDA:640,61,1,0
BRDA:640,61,2,0
BRDA:657,62,0,0
BRDA:657,62,1,0
BRDA:662,63,0,0
BRDA:662,63,1,0
BRDA:666,64,0,0
BRDA:666,64,1,0
BRDA:694,65,0,0
BRDA:694,65,1,0
BRDA:721,66,0,0
BRDA:721,66,1,0
BRDA:772,67,0,0
BRDA:772,67,1,0
BRDA:773,68,0,0
BRDA:773,68,1,0
BRDA:773,68,2,0
BRDA:788,69,0,0
BRDA:788,69,1,0
BRDA:793,70,0,0
BRDA:793,70,1,0
BRDA:806,71,0,0
BRDA:806,71,1,0
BRDA:814,72,0,0
BRDA:814,72,1,0
BRDA:821,73,0,0
BRDA:821,73,1,0
BRDA:821,74,0,0
BRDA:821,74,1,0
BRDA:830,75,0,0
BRDA:830,75,1,0
BRDA:836,76,0,0
BRDA:836,76,1,0
BRDA:837,77,0,0
BRDA:837,77,1,0
BRDA:837,77,2,0
BRDA:847,78,0,0
BRDA:847,78,1,0
BRDA:847,79,0,0
BRDA:847,79,1,0
BRDA:893,80,0,0
BRDA:893,80,1,0
BRDA:893,80,2,0
BRDA:896,81,0,0
BRDA:896,81,1,0
BRDA:901,82,0,0
BRDA:901,82,1,0
BRDA:909,83,0,0
BRDA:922,84,0,0
BRDA:922,84,1,0
BRDA:942,85,0,0
BRDA:942,85,1,0
BRDA:948,86,0,0
BRDA:948,86,1,0
BRDA:954,87,0,0
BRDA:954,87,1,0
BRDA:957,88,0,0
BRDA:957,88,1,0
BRDA:982,89,0,0
BRDA:982,89,1,0
BRDA:996,90,0,0
BRDA:996,90,1,0
BRF:185
BRH:0
end_of_record
TN:
SF:src/controller/form/question.controller.ts
FN:19,(anonymous_1)
FN:49,(anonymous_2)
FN:76,(anonymous_3)
FN:96,(anonymous_4)
FNF:4
FNH:2
FNDA:3,(anonymous_1)
FNDA:2,(anonymous_2)
FNDA:0,(anonymous_3)
FNDA:0,(anonymous_4)
DA:2,1
DA:3,1
DA:4,1
DA:19,1
DA:20,3
DA:21,3
DA:22,3
DA:24,3
DA:25,1
DA:30,2
DA:31,1
DA:36,1
DA:42,0
DA:49,1
DA:50,2
DA:52,2
DA:54,2
DA:56,2
DA:57,1
DA:62,1
DA:66,0
DA:67,0
DA:76,1
DA:77,0
DA:78,0
DA:79,0
DA:81,0
DA:82,0
DA:87,0
DA:91,0
DA:92,0
DA:97,0
DA:99,0
DA:100,0
DA:102,0
DA:103,0
DA:106,0
DA:110,1
LF:38
LH:21
BRDA:24,0,0,1
BRDA:24,0,1,2
BRDA:26,1,0,1
BRDA:26,1,1,0
BRDA:27,2,0,1
BRDA:27,2,1,0
BRDA:30,3,0,1
BRDA:30,3,1,1
BRDA:33,4,0,1
BRDA:33,4,1,0
BRDA:39,5,0,1
BRDA:39,5,1,0
BRDA:56,6,0,1
BRDA:56,6,1,1
BRDA:58,7,0,1
BRDA:58,7,1,0
BRDA:59,8,0,1
BRDA:59,8,1,0
BRDA:64,9,0,1
BRDA:64,9,1,0
BRDA:81,10,0,0
BRDA:81,10,1,0
BRDA:83,11,0,0
BRDA:83,11,1,0
BRDA:84,12,0,0
BRDA:84,12,1,0
BRDA:89,13,0,0
BRDA:89,13,1,0
BRDA:99,14,0,0
BRDA:99,14,1,0
BRDA:102,15,0,0
BRDA:102,15,1,0
BRF:32
BRH:13
end_of_record
TN:
SF:src/controller/response/form_response.controller.ts
FN:3,(anonymous_1)
FN:4,(anonymous_2)
FN:5,(anonymous_3)
FN:6,(anonymous_4)
FNF:4
FNH:0
FNDA:0,(anonymous_1)
FNDA:0,(anonymous_2)
FNDA:0,(anonymous_3)
FNDA:0,(anonymous_4)
DA:1,1
DA:3,1
DA:4,1
DA:5,1
DA:6,1
DA:8,1
DA:9,1
DA:10,1
DA:11,1
DA:15,2
DA:16,2
DA:17,2
DA:19,2
DA:20,2
DA:21,2
DA:22,2
DA:23,2
DA:25,2
DA:27,2
DA:28,2
DA:29,2
DA:33,2
DA:35,2
DA:36,2
DA:38,2
DA:42,2
DA:44,2
DA:46,2
DA:47,2
DA:50,2
DA:51,2
DA:53,2
DA:54,2
DA:57,1
DA:65,1
DA:73,1
DA:74,1
LF:37
LH:37
BRF:0
BRH:0
end_of_record
TN:
SF:src/controller/response/form_response.query.controller.ts
FN:20,(anonymous_1)
FN:48,(anonymous_2)
FN:90,(anonymous_3)
FN:97,(anonymous_4)
FN:100,(anonymous_5)
FN:116,(anonymous_6)
FN:174,(anonymous_7)
FN:224,(anonymous_8)
FN:244,(anonymous_9)
FN:271,(anonymous_10)
FN:295,(anonymous_11)
FN:312,(anonymous_12)
FN:344,(anonymous_13)
FN:372,(anonymous_14)
FN:404,(anonymous_15)
FN:434,(anonymous_16)
FNF:16
FNH:0
FNDA:0,(anonymous_1)
FNDA:0,(anonymous_2)
FNDA:0,(anonymous_3)
FNDA:0,(anonymous_4)
FNDA:0,(anonymous_5)
FNDA:0,(anonymous_6)
FNDA:0,(anonymous_7)
FNDA:0,(anonymous_8)
FNDA:0,(anonymous_9)
FNDA:0,(anonymous_10)
FNDA:0,(anonymous_11)
FNDA:0,(anonymous_12)
FNDA:0,(anonymous_13)
FNDA:0,(anonymous_14)
FNDA:0,(anonymous_15)
FNDA:0,(anonymous_16)
DA:2,1
DA:3,1
DA:4,1
DA:5,1
DA:6,1
DA:7,1
DA:8,1
DA:12,1
DA:17,1
DA:19,1
DA:20,1
DA:21,0
DA:22,0
DA:26,0
DA:28,0
DA:33,0
DA:35,0
DA:41,0
DA:43,0
DA:44,0
DA:48,1
DA:49,0
DA:50,0
DA:54,0
DA:56,0
DA:60,0
DA:61,0
DA:64,0
DA:69,0
DA:71,0
DA:87,0
DA:90,0
DA:95,0
DA:98,0
DA:100,0
DA:105,0
DA:106,0
DA:109,0
DA:111,0
DA:112,0
DA:116,1
DA:117,0
DA:119,0
DA:121,0
DA:122,0
DA:124,0
DA:125,0
DA:129,0
DA:134,0
DA:136,0
DA:167,0
DA:169,0
DA:170,0
DA:174,1
DA:178,0
DA:179,0
DA:184,0
DA:186,0
DA:191,0
DA:193,0
DA:212,0
DA:214,0
DA:215,0
DA:217,0
DA:219,0
DA:220,0
DA:224,1
DA:225,0
DA:226,0
DA:227,0
DA:230,0
DA:231,0
DA:233,0
DA:234,0
DA:237,0
DA:239,0
DA:240,0
DA:244,1
DA:245,0
DA:247,0
DA:253,0
DA:255,0
DA:262,0
DA:264,0
DA:265,0
DA:271,1
DA:272,0
DA:273,0
DA:274,0
DA:275,0
DA:276,0
DA:280,0
DA:285,0
DA:287,0
DA:288,0
DA:290,0
DA:291,0
DA:295,1
DA:296,0
DA:297,0
DA:298,0
DA:303,0
DA:308,0
DA:309,0
DA:312,0
DA:313,0
DA:314,0
DA:317,0
DA:322,0
DA:324,0
DA:328,0
DA:333,0
DA:334,0
DA:335,0
DA:337,0
DA:338,0
DA:340,0
DA:344,1
DA:345,0
DA:346,0
DA:350,0
DA:352,0
DA:357,0
DA:359,0
DA:365,0
DA:367,0
DA:368,0
DA:372,1
DA:376,0
DA:377,0
DA:381,0
DA:383,0
DA:388,0
DA:390,0
DA:392,0
DA:397,0
DA:398,0
DA:404,1
DA:405,0
DA:406,0
DA:410,0
DA:412,0
DA:413,0
DA:415,0
DA:420,0
DA:422,0
DA:427,0
DA:429,0
DA:430,0
DA:434,1
DA:435,0
DA:436,0
DA:441,0
DA:443,0
DA:444,0
DA:446,0
DA:451,0
DA:454,0
DA:456,0
DA:457,0
DA:462,0
DA:466,0
DA:467,0
DA:471,0
DA:473,0
DA:478,0
DA:479,0
DA:484,1
LF:168
LH:23
BRDA:26,0,0,0
BRDA:26,0,1,0
BRDA:26,1,0,0
BRDA:26,1,1,0
BRDA:33,2,0,0
BRDA:33,2,1,0
BRDA:54,3,0,0
BRDA:54,3,1,0
BRDA:54,4,0,0
BRDA:54,4,1,0
BRDA:60,5,0,0
BRDA:60,5,1,0
BRDA:60,6,0,0
BRDA:60,6,1,0
BRDA:69,7,0,0
BRDA:69,7,1,0
BRDA:105,8,0,0
BRDA:105,8,1,0
BRDA:117,9,0,0
BRDA:117,9,1,0
BRDA:121,10,0,0
BRDA:121,10,1,0
BRDA:121,11,0,0
BRDA:121,11,1,0
BRDA:134,12,0,0
BRDA:134,12,1,0
BRDA:184,13,0,0
BRDA:184,13,1,0
BRDA:184,14,0,0
BRDA:184,14,1,0
BRDA:191,15,0,0
BRDA:191,15,1,0
BRDA:214,16,0,0
BRDA:214,16,1,0
BRDA:226,17,0,0
BRDA:226,17,1,0
BRDA:226,18,0,0
BRDA:226,18,1,0
BRDA:233,19,0,0
BRDA:233,19,1,0
BRDA:253,20,0,0
BRDA:253,20,1,0
BRDA:253,21,0,0
BRDA:253,21,1,0
BRDA:253,21,2,0
BRDA:256,22,0,0
BRDA:256,22,1,0
BRDA:274,23,0,0
BRDA:274,23,1,0
BRDA:275,24,0,0
BRDA:275,24,1,0
BRDA:285,25,0,0
BRDA:285,25,1,0
BRDA:285,26,0,0
BRDA:285,26,1,0
BRDA:298,27,0,0
BRDA:298,27,1,0
BRDA:299,28,0,0
BRDA:299,28,1,0
BRDA:299,28,2,0
BRDA:308,29,0,0
BRDA:308,29,1,0
BRDA:313,30,0,0
BRDA:313,30,1,0
BRDA:322,31,0,0
BRDA:322,31,1,0
BRDA:334,32,0,0
BRDA:334,32,1,0
BRDA:334,33,0,0
BRDA:334,33,1,0
BRDA:337,34,0,0
BRDA:337,34,1,0
BRDA:337,35,0,0
BRDA:337,35,1,0
BRDA:350,36,0,0
BRDA:350,36,1,0
BRDA:350,37,0,0
BRDA:350,37,1,0
BRDA:357,38,0,0
BRDA:357,38,1,0
BRDA:381,39,0,0
BRDA:381,39,1,0
BRDA:381,40,0,0
BRDA:381,40,1,0
BRDA:388,41,0,0
BRDA:388,41,1,0
BRDA:410,42,0,0
BRDA:410,42,1,0
BRDA:410,43,0,0
BRDA:410,43,1,0
BRDA:413,44,0,0
BRDA:420,45,0,0
BRDA:420,45,1,0
BRDA:441,46,0,0
BRDA:441,46,1,0
BRDA:441,47,0,0
BRDA:441,47,1,0
BRDA:444,48,0,0
BRDA:451,49,0,0
BRDA:451,49,1,0
BRDA:456,50,0,0
BRDA:456,50,1,0
BRF:102
BRH:0
end_of_record
TN:
SF:src/controller/response/form_response.scoring.controller.ts
FN:9,(anonymous_0)
FN:65,(anonymous_1)
FN:106,(anonymous_2)
FN:154,(anonymous_3)
FNF:4
FNH:0
FNDA:0,(anonymous_0)
FNDA:0,(anonymous_1)
FNDA:0,(anonymous_2)
FNDA:0,(anonymous_3)
DA:2,1
DA:3,1
DA:4,1
DA:8,1
DA:9,1
DA:10,0
DA:11,0
DA:16,0
DA:18,0
DA:20,0
DA:21,0
DA:24,0
DA:25,0
DA:32,0
DA:33,0
DA:34,0
DA:43,0
DA:48,0
DA:50,0
DA:55,0
DA:60,0
DA:61,0
DA:65,1
DA:66,0
DA:67,0
DA:72,0
DA:74,0
DA:76,0
DA:77,0
DA:85,0
DA:90,0
DA:92,0
DA:97,0
DA:101,0
DA:102,0
DA:106,1
DA:107,0
DA:108,0
DA:113,0
DA:115,0
DA:117,0
DA:118,0
DA:123,0
DA:124,0
DA:129,0
DA:140,0
DA:144,0
DA:149,0
DA:150,0
DA:154,1
DA:158,0
DA:159,0
DA:164,0
DA:166,0
DA:168,0
DA:169,0
DA:173,0
DA:177,0
DA:182,0
DA:183,0
DA:188,1
LF:61
LH:9
BRDA:16,0,0,0
BRDA:16,0,1,0
BRDA:16,1,0,0
BRDA:16,1,1,0
BRDA:20,2,0,0
BRDA:20,2,1,0
BRDA:24,3,0,0
BRDA:24,3,1,0
BRDA:24,4,0,0
BRDA:24,4,1,0
BRDA:24,4,2,0
BRDA:33,5,0,0
BRDA:33,5,1,0
BRDA:33,6,0,0
BRDA:33,6,1,0
BRDA:48,7,0,0
BRDA:48,7,1,0
BRDA:48,8,0,0
BRDA:48,8,1,0
BRDA:72,9,0,0
BRDA:72,9,1,0
BRDA:72,10,0,0
BRDA:72,10,1,0
BRDA:76,11,0,0
BRDA:76,11,1,0
BRDA:76,12,0,0
BRDA:76,12,1,0
BRDA:76,12,2,0
BRDA:90,13,0,0
BRDA:90,13,1,0
BRDA:90,14,0,0
BRDA:90,14,1,0
BRDA:113,15,0,0
BRDA:113,15,1,0
BRDA:113,16,0,0
BRDA:113,16,1,0
BRDA:117,17,0,0
BRDA:117,17,1,0
BRDA:117,18,0,0
BRDA:117,18,1,0
BRDA:117,18,2,0
BRDA:124,19,0,0
BRDA:124,19,1,0
BRDA:125,20,0,0
BRDA:125,20,1,0
BRDA:125,20,2,0
BRDA:164,21,0,0
BRDA:164,21,1,0
BRDA:164,22,0,0
BRDA:164,22,1,0
BRDA:168,23,0,0
BRDA:168,23,1,0
BRF:52
BRH:0
end_of_record
TN:
SF:src/controller/response/form_response.submission.controller.ts
FN:51,(anonymous_10)
FN:55,(anonymous_11)
FN:209,(anonymous_12)
FN:233,(anonymous_13)
FN:264,(anonymous_14)
FN:385,(anonymous_15)
FN:404,(anonymous_16)
FN:488,(anonymous_17)
FN:492,(anonymous_18)
FN:524,(anonymous_19)
FN:528,(anonymous_20)
FN:563,(anonymous_21)
FNF:12
FNH:0
FNDA:0,(anonymous_10)
FNDA:0,(anonymous_11)
FNDA:0,(anonymous_12)
FNDA:0,(anonymous_13)
FNDA:0,(anonymous_14)
FNDA:0,(anonymous_15)
FNDA:0,(anonymous_16)
FNDA:0,(anonymous_17)
FNDA:0,(anonymous_18)
FNDA:0,(anonymous_19)
FNDA:0,(anonymous_20)
FNDA:0,(anonymous_21)
DA:2,1
DA:7,1
DA:8,1
DA:9,1
DA:10,1
DA:14,1
DA:15,1
DA:16,1
DA:22,1
DA:27,1
DA:28,1
DA:29,1
DA:34,1
DA:42,1
DA:43,1
DA:51,1
DA:52,0
DA:55,1
DA:56,0
DA:60,0
DA:61,0
DA:62,0
DA:63,0
DA:74,0
DA:76,0
DA:78,0
DA:82,0
DA:83,0
DA:89,0
DA:96,0
DA:103,0
DA:105,0
DA:106,0
DA:113,0
DA:118,0
DA:123,0
DA:124,0
DA:128,0
DA:129,0
DA:133,0
DA:143,0
DA:144,0
DA:145,0
DA:146,0
DA:150,0
DA:151,0
DA:161,0
DA:172,0
DA:174,0
DA:175,0
DA:183,0
DA:187,0
DA:196,0
DA:214,0
DA:216,0
DA:217,0
DA:224,0
DA:226,0
DA:227,0
DA:228,0
DA:229,0
DA:230,0
DA:231,0
DA:233,0
DA:234,0
DA:235,0
DA:237,0
DA:238,0
DA:243,0
DA:244,0
DA:245,0
DA:246,0
DA:250,0
DA:254,0
DA:257,0
DA:271,0
DA:273,0
DA:274,0
DA:284,0
DA:289,0
DA:299,0
DA:300,0
DA:310,0
DA:314,0
DA:324,0
DA:328,0
DA:338,0
DA:343,0
DA:354,0
DA:358,0
DA:368,0
DA:372,0
DA:382,0
DA:386,0
DA:388,0
DA:389,0
DA:393,0
DA:394,0
DA:397,0
DA:399,0
DA:400,0
DA:404,1
DA:405,0
DA:406,0
DA:411,0
DA:414,0
DA:415,0
DA:417,0
DA:418,0
DA:419,0
DA:422,0
DA:424,0
DA:426,0
DA:428,0
DA:434,0
DA:435,0
DA:442,0
DA:444,0
DA:445,0
DA:449,0
DA:466,0
DA:467,0
DA:478,0
DA:480,0
DA:481,0
DA:482,0
DA:488,0
DA:489,0
DA:492,0
DA:498,0
DA:505,0
DA:507,0
DA:510,0
DA:514,0
DA:515,0
DA:518,0
DA:524,0
DA:525,0
DA:528,0
DA:534,0
DA:545,0
DA:546,0
DA:549,0
DA:550,0
DA:555,0
DA:557,0
DA:563,0
DA:572,0
DA:577,0
DA:582,0
DA:590,0
DA:593,0
DA:594,0
DA:595,0
DA:596,0
DA:599,0
DA:604,1
LF:157
LH:19
BRDA:62,0,0,0
BRDA:62,0,1,0
BRDA:71,1,0,0
BRDA:82,2,0,0
BRDA:82,2,1,0
BRDA:105,3,0,0
BRDA:105,3,1,0
BRDA:123,4,0,0
BRDA:123,4,1,0
BRDA:128,5,0,0
BRDA:128,5,1,0
BRDA:137,6,0,0
BRDA:137,6,1,0
BRDA:143,7,0,0
BRDA:143,7,1,0
BRDA:143,8,0,0
BRDA:143,8,1,0
BRDA:150,9,0,0
BRDA:150,9,1,0
BRDA:172,10,0,0
BRDA:172,10,1,0
BRDA:174,11,0,0
BRDA:174,11,1,0
BRDA:183,12,0,0
BRDA:183,12,1,0
BRDA:184,13,0,0
BRDA:184,13,1,0
BRDA:216,14,0,0
BRDA:216,14,1,0
BRDA:226,15,0,0
BRDA:226,15,1,0
BRDA:228,16,0,0
BRDA:228,16,1,0
BRDA:230,17,0,0
BRDA:230,17,1,0
BRDA:234,18,0,0
BRDA:234,18,1,0
BRDA:237,19,0,0
BRDA:237,19,1,0
BRDA:237,20,0,0
BRDA:237,20,1,0
BRDA:243,21,0,0
BRDA:243,21,1,0
BRDA:243,22,0,0
BRDA:243,22,1,0
BRDA:245,23,0,0
BRDA:245,23,1,0
BRDA:250,24,0,0
BRDA:250,24,1,0
BRDA:251,25,0,0
BRDA:251,25,1,0
BRDA:251,25,2,0
BRDA:259,26,0,0
BRDA:259,26,1,0
BRDA:273,27,0,0
BRDA:273,27,1,0
BRDA:273,28,0,0
BRDA:273,28,1,0
BRDA:284,29,0,0
BRDA:284,29,1,0
BRDA:285,30,0,0
BRDA:285,30,1,0
BRDA:285,30,2,0
BRDA:299,31,0,0
BRDA:299,31,1,0
BRDA:310,32,0,0
BRDA:310,32,1,0
BRDA:311,33,0,0
BRDA:311,33,1,0
BRDA:324,34,0,0
BRDA:324,34,1,0
BRDA:325,35,0,0
BRDA:325,35,1,0
BRDA:338,36,0,0
BRDA:338,36,1,0
BRDA:339,37,0,0
BRDA:339,37,1,0
BRDA:339,37,2,0
BRDA:354,38,0,0
BRDA:354,38,1,0
BRDA:355,39,0,0
BRDA:355,39,1,0
BRDA:368,40,0,0
BRDA:368,40,1,0
BRDA:369,41,0,0
BRDA:369,41,1,0
BRDA:386,42,0,0
BRDA:386,42,1,0
BRDA:393,43,0,0
BRDA:393,43,1,0
BRDA:406,44,0,0
BRDA:406,44,1,0
BRDA:407,45,0,0
BRDA:407,45,1,0
BRDA:407,45,2,0
BRDA:417,46,0,0
BRDA:417,46,1,0
BRDA:418,47,0,0
BRDA:418,47,1,0
BRDA:422,48,0,0
BRDA:422,48,1,0
BRDA:426,49,0,0
BRDA:426,49,1,0
BRDA:426,49,2,0
BRDA:426,49,3,0
BRDA:434,50,0,0
BRDA:434,50,1,0
BRDA:434,51,0,0
BRDA:434,51,1,0
BRDA:437,52,0,0
BRDA:437,52,1,0
BRDA:442,53,0,0
BRDA:442,53,1,0
BRDA:451,54,0,0
BRDA:451,54,1,0
BRDA:461,55,0,0
BRDA:461,55,1,0
BRDA:466,56,0,0
BRDA:466,56,1,0
BRDA:480,57,0,0
BRDA:480,57,1,0
BRDA:481,58,0,0
BRDA:481,58,1,0
BRDA:488,59,0,0
BRDA:488,59,1,0
BRDA:514,60,0,0
BRDA:514,60,1,0
BRDA:524,61,0,0
BRDA:524,61,1,0
BRDA:539,62,0,0
BRDA:539,62,1,0
BRDA:545,63,0,0
BRDA:545,63,1,0
BRDA:545,64,0,0
BRDA:545,64,1,0
BRDA:555,65,0,0
BRDA:555,65,1,0
BRDA:566,66,0,0
BRDA:566,66,1,0
BRDA:594,67,0,0
BRDA:594,67,1,0
BRDA:595,68,0,0
BRDA:595,68,1,0
BRF:143
BRH:0
end_of_record
TN:
SF:src/controller/response/form_response.utility.controller.ts
FN:21,(anonymous_10)
FN:78,(anonymous_11)
FN:111,(anonymous_12)
FN:180,(anonymous_13)
FN:192,(anonymous_14)
FN:204,(anonymous_15)
FN:231,(anonymous_16)
FN:280,(anonymous_17)
FN:327,(anonymous_18)
FN:364,(anonymous_19)
FN:370,(anonymous_20)
FNF:11
FNH:0
FNDA:0,(anonymous_10)
FNDA:0,(anonymous_11)
FNDA:0,(anonymous_12)
FNDA:0,(anonymous_13)
FNDA:0,(anonymous_14)
FNDA:0,(anonymous_15)
FNDA:0,(anonymous_16)
FNDA:0,(anonymous_17)
FNDA:0,(anonymous_18)
FNDA:0,(anonymous_19)
FNDA:0,(anonymous_20)
DA:2,1
DA:3,1
DA:4,1
DA:5,1
DA:6,1
DA:7,1
DA:8,1
DA:9,1
DA:13,1
DA:14,1
DA:15,1
DA:16,1
DA:18,1
DA:20,1
DA:21,1
DA:22,0
DA:23,0
DA:28,0
DA:30,0
DA:31,0
DA:32,0
DA:37,0
DA:38,0
DA:39,0
DA:42,0
DA:43,0
DA:46,0
DA:47,0
DA:51,0
DA:60,0
DA:62,0
DA:73,0
DA:74,0
DA:78,1
DA:79,0
DA:80,0
DA:81,0
DA:82,0
DA:83,0
DA:86,0
DA:89,0
DA:90,0
DA:93,0
DA:94,0
DA:97,0
DA:98,0
DA:100,0
DA:102,0
DA:103,0
DA:104,0
DA:111,1
DA:112,0
DA:113,0
DA:114,0
DA:115,0
DA:122,0
DA:129,0
DA:130,0
DA:133,0
DA:134,0
DA:135,0
DA:138,0
DA:149,0
DA:151,0
DA:152,0
DA:153,0
DA:154,0
DA:156,0
DA:157,0
DA:158,0
DA:160,0
DA:162,0
DA:164,0
DA:165,0
DA:167,0
DA:168,0
DA:171,0
DA:172,0
DA:173,0
DA:179,0
DA:180,0
DA:188,0
DA:192,0
DA:200,0
DA:204,0
DA:211,0
DA:227,0
DA:230,0
DA:231,0
DA:234,0
DA:256,0
DA:257,0
DA:259,0
DA:260,0
DA:270,0
DA:273,0
DA:274,0
DA:280,1
DA:281,0
DA:282,0
DA:287,0
DA:289,0
DA:291,0
DA:296,0
DA:298,0
DA:306,0
DA:307,0
DA:310,0
DA:312,0
DA:313,0
DA:315,0
DA:316,0
DA:320,0
DA:322,0
DA:323,0
DA:331,0
DA:334,0
DA:335,0
DA:339,0
DA:341,0
DA:343,0
DA:345,0
DA:356,0
DA:358,0
DA:359,0
DA:365,0
DA:367,0
DA:369,0
DA:370,0
DA:373,0
DA:374,0
DA:376,0
DA:380,1
LF:133
LH:19
BRDA:28,0,0,0
BRDA:28,0,1,0
BRDA:28,1,0,0
BRDA:28,1,1,0
BRDA:31,2,0,0
BRDA:31,2,1,0
BRDA:31,3,0,0
BRDA:31,3,1,0
BRDA:31,3,2,0
BRDA:31,3,3,0
BRDA:38,4,0,0
BRDA:38,4,1,0
BRDA:38,5,0,0
BRDA:38,5,1,0
BRDA:42,6,0,0
BRDA:42,6,1,0
BRDA:54,7,0,0
BRDA:54,7,1,0
BRDA:67,8,0,0
BRDA:67,8,1,0
BRDA:79,9,0,0
BRDA:79,9,1,0
BRDA:82,10,0,0
BRDA:82,10,1,0
BRDA:89,11,0,0
BRDA:89,11,1,0
BRDA:93,12,0,0
BRDA:93,12,1,0
BRDA:113,13,0,0
BRDA:114,14,0,0
BRDA:114,14,1,0
BRDA:114,15,0,0
BRDA:114,15,1,0
BRDA:129,16,0,0
BRDA:129,16,1,0
BRDA:134,17,0,0
BRDA:134,17,1,0
BRDA:158,18,0,0
BRDA:158,18,1,0
BRDA:162,19,0,0
BRDA:162,19,1,0
BRDA:164,20,0,0
BRDA:164,20,1,0
BRDA:165,21,0,0
BRDA:165,21,1,0
BRDA:171,22,0,0
BRDA:171,22,1,0
BRDA:172,23,0,0
BRDA:172,23,1,0
BRDA:173,24,0,0
BRDA:173,24,1,0
BRDA:179,25,0,0
BRDA:179,25,1,0
BRDA:179,26,0,0
BRDA:179,26,1,0
BRDA:184,27,0,0
BRDA:184,27,1,0
BRDA:184,28,0,0
BRDA:184,28,1,0
BRDA:188,29,0,0
BRDA:188,29,1,0
BRDA:189,30,0,0
BRDA:189,30,1,0
BRDA:196,31,0,0
BRDA:196,31,1,0
BRDA:196,32,0,0
BRDA:196,32,1,0
BRDA:200,33,0,0
BRDA:200,33,1,0
BRDA:201,34,0,0
BRDA:201,34,1,0
BRDA:207,35,0,0
BRDA:207,35,1,0
BRDA:216,36,0,0
BRDA:216,36,1,0
BRDA:216,37,0,0
BRDA:216,37,1,0
BRDA:227,38,0,0
BRDA:227,38,1,0
BRDA:236,39,0,0
BRDA:236,39,1,0
BRDA:237,40,0,0
BRDA:237,40,1,0
BRDA:250,41,0,0
BRDA:250,41,1,0
BRDA:259,42,0,0
BRDA:259,42,1,0
BRDA:287,43,0,0
BRDA:287,43,1,0
BRDA:287,44,0,0
BRDA:287,44,1,0
BRDA:296,45,0,0
BRDA:296,45,1,0
BRDA:306,46,0,0
BRDA:306,46,1,0
BRDA:312,47,0,0
BRDA:312,47,1,0
BRDA:358,48,0,0
BRDA:358,48,1,0
BRDA:367,49,0,0
BRDA:367,49,1,0
BRDA:373,50,0,0
BRDA:373,50,1,0
BRF:103
BRH:0
end_of_record
TN:
SF:src/controller/response/form_response_return.controller.ts
FN:67,(anonymous_10)
FN:95,(anonymous_11)
FN:107,(anonymous_12)
FN:120,(anonymous_13)
FN:124,(anonymous_14)
FN:132,(anonymous_15)
FN:150,(anonymous_16)
FN:175,(anonymous_17)
FN:182,(anonymous_18)
FN:232,(anonymous_19)
FN:325,(anonymous_20)
FN:379,(anonymous_21)
FNF:12
FNH:0
FNDA:0,(anonymous_10)
FNDA:0,(anonymous_11)
FNDA:0,(anonymous_12)
FNDA:0,(anonymous_13)
FNDA:0,(anonymous_14)
FNDA:0,(anonymous_15)
FNDA:0,(anonymous_16)
FNDA:0,(anonymous_17)
FNDA:0,(anonymous_18)
FNDA:0,(anonymous_19)
FNDA:0,(anonymous_20)
FNDA:0,(anonymous_21)
DA:3,1
DA:4,1
DA:8,1
DA:9,1
DA:14,1
DA:15,1
DA:16,1
DA:22,1
DA:23,1
DA:33,1
DA:67,1
DA:72,0
DA:76,0
DA:80,0
DA:95,1
DA:96,0
DA:97,0
DA:107,1
DA:110,0
DA:112,0
DA:113,0
DA:114,0
DA:117,0
DA:119,0
DA:120,0
DA:124,1
DA:128,0
DA:129,0
DA:131,0
DA:133,0
DA:134,0
DA:138,0
DA:147,0
DA:150,1
DA:154,0
DA:160,0
DA:163,0
DA:164,0
DA:167,0
DA:168,0
DA:169,0
DA:172,0
DA:175,1
DA:178,0
DA:183,0
DA:184,0
DA:186,0
DA:187,0
DA:189,0
DA:232,1
DA:241,0
DA:242,0
DA:325,1
DA:327,0
DA:328,0
DA:330,0
DA:331,0
DA:334,0
DA:336,0
DA:337,0
DA:340,0
DA:341,0
DA:344,0
DA:345,0
DA:349,0
DA:350,0
DA:353,0
DA:354,0
DA:355,0
DA:356,0
DA:359,0
DA:360,0
DA:365,0
DA:371,0
DA:372,0
DA:375,0
DA:376,0
DA:378,0
DA:380,0
DA:382,0
DA:383,0
DA:384,0
DA:389,0
DA:392,0
DA:402,0
DA:408,0
DA:409,0
DA:414,0
DA:416,0
DA:417,0
DA:422,1
LF:91
LH:19
BRDA:72,0,0,0
BRDA:72,0,1,0
BRDA:72,1,0,0
BRDA:72,1,1,0
BRDA:76,2,0,0
BRDA:76,2,1,0
BRDA:76,3,0,0
BRDA:76,3,1,0
BRDA:110,4,0,0
BRDA:110,4,1,0
BRDA:112,5,0,0
BRDA:112,5,1,0
BRDA:112,6,0,0
BRDA:112,6,1,0
BRDA:112,6,2,0
BRDA:114,7,0,0
BRDA:114,7,1,0
BRDA:117,8,0,0
BRDA:117,8,1,0
BRDA:119,9,0,0
BRDA:119,9,1,0
BRDA:129,10,0,0
BRDA:129,10,1,0
BRDA:134,11,0,0
BRDA:134,11,1,0
BRDA:154,12,0,0
BRDA:154,12,1,0
BRDA:155,13,0,0
BRDA:155,13,1,0
BRDA:155,13,2,0
BRDA:155,13,3,0
BRDA:163,14,0,0
BRDA:163,14,1,0
BRDA:163,15,0,0
BRDA:163,15,1,0
BRDA:168,16,0,0
BRDA:168,16,1,0
BRDA:168,17,0,0
BRDA:168,17,1,0
BRDA:168,17,2,0
BRDA:168,17,3,0
BRDA:184,18,0,0
BRDA:184,18,1,0
BRDA:187,19,0,0
BRDA:187,19,1,0
BRDA:193,20,0,0
BRDA:193,20,1,0
BRDA:198,21,0,0
BRDA:198,21,1,0
BRDA:204,22,0,0
BRDA:204,22,1,0
BRDA:204,23,0,0
BRDA:204,23,1,0
BRDA:204,23,2,0
BRDA:204,23,3,0
BRDA:208,24,0,0
BRDA:208,24,1,0
BRDA:208,25,0,0
BRDA:208,25,1,0
BRDA:215,26,0,0
BRDA:215,26,1,0
BRDA:215,27,0,0
BRDA:215,27,1,0
BRDA:216,28,0,0
BRDA:216,28,1,0
BRDA:218,29,0,0
BRDA:218,29,1,0
BRDA:273,30,0,0
BRDA:273,30,1,0
BRDA:284,31,0,0
BRDA:284,31,1,0
BRDA:330,32,0,0
BRDA:330,32,1,0
BRDA:334,33,0,0
BRDA:334,33,1,0
BRDA:336,34,0,0
BRDA:336,34,1,0
BRDA:340,35,0,0
BRDA:340,35,1,0
BRDA:349,36,0,0
BRDA:349,36,1,0
BRDA:355,37,0,0
BRDA:355,37,1,0
BRDA:359,38,0,0
BRDA:359,38,1,0
BRDA:371,39,0,0
BRDA:371,39,1,0
BRDA:380,40,0,0
BRDA:380,40,1,0
BRDA:383,41,0,0
BRDA:383,41,1,0
BRDA:394,42,0,0
BRDA:394,42,1,0
BRDA:408,43,0,0
BRDA:408,43,1,0
BRF:95
BRH:0
end_of_record
TN:
SF:src/controller/utils/export.controller.ts
FN:9,getAvailableColumns
FN:34,(anonymous_2)
FN:50,getExportJobs
FN:85,createExportJob
FN:124,(anonymous_5)
FN:138,getExportJob
FN:175,deleteExportJob
FN:196,(anonymous_8)
FN:216,downloadExportFile
FN:233,quickExport
FN:305,(anonymous_11)
FN:310,(anonymous_12)
FN:313,(anonymous_13)
FN:348,(anonymous_14)
FN:393,(anonymous_15)
FN:407,(anonymous_16)
FN:417,(anonymous_17)
FN:418,(anonymous_18)
FN:429,(anonymous_19)
FNF:19
FNH:0
FNDA:0,getAvailableColumns
FNDA:0,(anonymous_2)
FNDA:0,getExportJobs
FNDA:0,createExportJob
FNDA:0,(anonymous_5)
FNDA:0,getExportJob
FNDA:0,deleteExportJob
FNDA:0,(anonymous_8)
FNDA:0,downloadExportFile
FNDA:0,quickExport
FNDA:0,(anonymous_11)
FNDA:0,(anonymous_12)
FNDA:0,(anonymous_13)
FNDA:0,(anonymous_14)
FNDA:0,(anonymous_15)
FNDA:0,(anonymous_16)
FNDA:0,(anonymous_17)
FNDA:0,(anonymous_18)
FNDA:0,(anonymous_19)
DA:3,1
DA:4,1
DA:5,1
DA:6,1
DA:9,1
DA:10,0
DA:11,0
DA:13,0
DA:14,0
DA:15,0
DA:16,0
DA:20,0
DA:35,0
DA:39,0
DA:44,0
DA:50,1
DA:51,0
DA:52,0
DA:53,0
DA:55,0
DA:56,0
DA:57,0
DA:58,0
DA:63,0
DA:64,0
DA:66,0
DA:79,0
DA:80,0
DA:85,1
DA:86,0
DA:87,0
DA:88,0
DA:89,0
DA:92,0
DA:93,0
DA:95,0
DA:96,0
DA:97,0
DA:98,0
DA:102,0
DA:107,0
DA:108,0
DA:112,0
DA:124,0
DA:126,0
DA:132,0
DA:133,0
DA:138,1
DA:139,0
DA:140,0
DA:143,0
DA:164,0
DA:169,0
DA:170,0
DA:175,1
DA:176,0
DA:177,0
DA:178,0
DA:179,0
DA:182,0
DA:185,0
DA:190,0
DA:191,0
DA:196,1
DA:197,0
DA:199,0
DA:205,0
DA:207,0
DA:211,0
DA:216,1
DA:217,0
DA:218,0
DA:221,0
DA:222,0
DA:223,0
DA:227,0
DA:228,0
DA:233,1
DA:234,0
DA:235,0
DA:236,0
DA:238,0
DA:239,0
DA:240,0
DA:241,0
DA:245,0
DA:255,0
DA:275,0
DA:276,0
DA:278,0
DA:279,0
DA:280,0
DA:281,0
DA:285,0
DA:286,0
DA:287,0
DA:288,0
DA:289,0
DA:293,0
DA:294,0
DA:297,0
DA:299,0
DA:300,0
DA:305,1
DA:307,0
DA:310,0
DA:311,0
DA:313,0
DA:314,0
DA:316,0
DA:317,0
DA:321,0
DA:322,0
DA:324,0
DA:325,0
DA:327,0
DA:329,0
DA:331,0
DA:332,0
DA:334,0
DA:335,0
DA:337,0
DA:338,0
DA:340,0
DA:341,0
DA:343,0
DA:344,0
DA:347,0
DA:348,0
DA:350,0
DA:354,0
DA:358,0
DA:359,0
DA:361,0
DA:363,0
DA:364,0
DA:365,0
DA:367,0
DA:368,0
DA:369,0
DA:372,0
DA:373,0
DA:374,0
DA:377,0
DA:378,0
DA:379,0
DA:381,0
DA:382,0
DA:385,0
DA:393,1
DA:394,0
DA:396,0
DA:398,0
DA:400,0
DA:403,0
DA:407,1
DA:408,0
DA:410,0
DA:411,0
DA:413,0
DA:414,0
DA:417,0
DA:418,0
DA:419,0
DA:421,0
DA:423,0
DA:426,0
DA:429,1
DA:431,0
DA:434,1
LF:170
LH:17
BRDA:14,0,0,0
BRDA:14,0,1,0
BRDA:33,1,0,0
BRDA:33,1,1,0
BRDA:35,2,0,0
BRDA:35,2,1,0
BRDA:35,2,2,0
BRDA:53,3,0,0
BRDA:53,4,0,0
BRDA:56,5,0,0
BRDA:56,5,1,0
BRDA:87,6,0,0
BRDA:87,6,1,0
BRDA:96,7,0,0
BRDA:96,7,1,0
BRDA:102,8,0,0
BRDA:102,8,1,0
BRDA:103,9,0,0
BRDA:103,9,1,0
BRDA:103,9,2,0
BRDA:177,10,0,0
BRDA:177,10,1,0
BRDA:236,11,0,0
BRDA:239,12,0,0
BRDA:239,12,1,0
BRDA:278,13,0,0
BRDA:278,13,1,0
BRDA:287,14,0,0
BRDA:287,14,1,0
BRDA:314,15,0,0
BRDA:314,15,1,0
BRDA:314,15,2,0
BRDA:314,15,3,0
BRDA:314,15,4,0
BRDA:314,15,5,0
BRDA:314,15,6,0
BRDA:314,15,7,0
BRDA:314,15,8,0
BRDA:314,15,9,0
BRDA:314,15,10,0
BRDA:314,15,11,0
BRDA:324,16,0,0
BRDA:324,16,1,0
BRDA:328,17,0,0
BRDA:328,17,1,0
BRDA:328,17,2,0
BRDA:331,18,0,0
BRDA:331,18,1,0
BRDA:337,19,0,0
BRDA:337,19,1,0
BRDA:340,20,0,0
BRDA:340,20,1,0
BRDA:343,21,0,0
BRDA:343,21,1,0
BRDA:350,22,0,0
BRDA:350,22,1,0
BRDA:361,23,0,0
BRDA:361,23,1,0
BRDA:361,23,2,0
BRDA:361,23,3,0
BRDA:361,23,4,0
BRDA:394,24,0,0
BRDA:394,24,1,0
BRDA:396,25,0,0
BRDA:396,25,1,0
BRDA:396,25,2,0
BRDA:396,25,3,0
BRDA:408,26,0,0
BRDA:408,26,1,0
BRDA:413,27,0,0
BRDA:413,27,1,0
BRDA:419,28,0,0
BRDA:419,28,1,0
BRF:73
BRH:0
end_of_record
TN:
SF:src/controller/utils/notification.controller.ts
FN:30,(anonymous_1)
FN:42,(anonymous_2)
FN:45,(anonymous_3)
FN:55,(anonymous_4)
FN:59,(anonymous_5)
FN:70,(anonymous_6)
FN:71,(anonymous_7)
FN:80,(anonymous_8)
FN:100,(anonymous_9)
FN:148,(anonymous_10)
FN:176,(anonymous_11)
FN:204,(anonymous_12)
FN:228,(anonymous_13)
FN:254,(anonymous_14)
FN:273,(anonymous_15)
FN:304,(anonymous_16)
FN:310,(anonymous_17)
FN:318,(anonymous_18)
FN:324,(anonymous_19)
FN:338,(anonymous_20)
FN:349,(anonymous_21)
FN:364,(anonymous_22)
FN:385,(anonymous_23)
FN:425,(anonymous_24)
FN:451,(anonymous_25)
FN:478,(anonymous_26)
FN:548,(anonymous_27)
FNF:27
FNH:0
FNDA:0,(anonymous_1)
FNDA:0,(anonymous_2)
FNDA:0,(anonymous_3)
FNDA:0,(anonymous_4)
FNDA:0,(anonymous_5)
FNDA:0,(anonymous_6)
FNDA:0,(anonymous_7)
FNDA:0,(anonymous_8)
FNDA:0,(anonymous_9)
FNDA:0,(anonymous_10)
FNDA:0,(anonymous_11)
FNDA:0,(anonymous_12)
FNDA:0,(anonymous_13)
FNDA:0,(anonymous_14)
FNDA:0,(anonymous_15)
FNDA:0,(anonymous_16)
FNDA:0,(anonymous_17)
FNDA:0,(anonymous_18)
FNDA:0,(anonymous_19)
FNDA:0,(anonymous_20)
FNDA:0,(anonymous_21)
FNDA:0,(anonymous_22)
FNDA:0,(anonymous_23)
FNDA:0,(anonymous_24)
FNDA:0,(anonymous_25)
FNDA:0,(anonymous_26)
FNDA:0,(anonymous_27)
DA:2,1
DA:3,1
DA:5,1
DA:28,1
DA:31,0
DA:32,0
DA:34,0
DA:35,0
DA:43,0
DA:44,0
DA:45,0
DA:46,0
DA:47,0
DA:49,0
DA:51,0
DA:56,0
DA:57,0
DA:58,0
DA:59,0
DA:60,0
DA:61,0
DA:62,0
DA:64,0
DA:71,0
DA:76,1
DA:78,1
DA:81,0
DA:82,0
DA:93,0
DA:95,0
DA:100,1
DA:101,0
DA:102,0
DA:103,0
DA:104,0
DA:106,0
DA:107,0
DA:108,0
DA:109,0
DA:112,0
DA:115,0
DA:116,0
DA:119,0
DA:125,0
DA:126,0
DA:131,0
DA:142,0
DA:143,0
DA:148,1
DA:152,0
DA:154,0
DA:155,0
DA:156,0
DA:157,0
DA:158,0
DA:161,0
DA:166,0
DA:168,0
DA:169,0
DA:176,1
DA:180,0
DA:181,0
DA:183,0
DA:184,0
DA:185,0
DA:186,0
DA:189,0
DA:194,0
DA:196,0
DA:197,0
DA:204,1
DA:208,0
DA:209,0
DA:211,0
DA:212,0
DA:213,0
DA:214,0
DA:215,0
DA:218,0
DA:220,0
DA:222,0
DA:223,0
DA:228,1
DA:232,0
DA:234,0
DA:235,0
DA:244,0
DA:246,0
DA:247,0
DA:254,1
DA:258,0
DA:259,0
DA:261,0
DA:263,0
DA:265,0
DA:266,0
DA:273,1
DA:277,0
DA:279,0
DA:280,0
DA:281,0
DA:284,0
DA:287,0
DA:288,0
DA:289,0
DA:290,0
DA:293,0
DA:301,0
DA:304,0
DA:305,0
DA:306,0
DA:310,0
DA:311,0
DA:312,0
DA:314,0
DA:318,0
DA:319,0
DA:325,0
DA:328,0
DA:330,0
DA:333,0
DA:337,0
DA:338,0
DA:340,0
DA:341,0
DA:342,0
DA:348,0
DA:349,0
DA:351,0
DA:354,0
DA:355,0
DA:360,0
DA:373,0
DA:374,0
DA:375,0
DA:377,0
DA:381,0
DA:384,0
DA:386,0
DA:409,0
DA:410,0
DA:415,0
DA:418,0
DA:420,0
DA:433,0
DA:434,0
DA:435,0
DA:437,0
DA:439,0
DA:447,0
DA:450,0
DA:452,0
DA:471,0
DA:473,0
DA:488,0
DA:489,0
DA:490,0
DA:492,0
DA:494,0
DA:505,0
DA:508,0
DA:509,0
DA:515,0
DA:516,0
DA:519,0
DA:524,0
DA:525,0
DA:526,0
DA:527,0
DA:531,0
DA:533,0
DA:537,0
DA:538,0
DA:539,0
DA:540,0
DA:541,0
DA:542,0
DA:543,0
DA:547,0
DA:549,0
DA:562,0
DA:564,0
LF:182
LH:13
BRDA:31,0,0,0
BRDA:31,0,1,0
BRDA:44,1,0,0
BRDA:44,1,1,0
BRDA:46,2,0,0
BRDA:46,2,1,0
BRDA:57,3,0,0
BRDA:57,3,1,0
BRDA:57,4,0,0
BRDA:57,4,1,0
BRDA:85,5,0,0
BRDA:85,5,1,0
BRDA:86,6,0,0
BRDA:86,6,1,0
BRDA:102,7,0,0
BRDA:102,7,1,0
BRDA:103,8,0,0
BRDA:103,8,1,0
BRDA:107,9,0,0
BRDA:107,9,1,0
BRDA:115,10,0,0
BRDA:115,10,1,0
BRDA:156,11,0,0
BRDA:156,11,1,0
BRDA:184,12,0,0
BRDA:184,12,1,0
BRDA:184,13,0,0
BRDA:184,13,1,0
BRDA:213,14,0,0
BRDA:213,14,1,0
BRDA:279,15,0,0
BRDA:279,15,1,0
BRDA:279,16,0,0
BRDA:279,16,1,0
BRDA:328,17,0,0
BRDA:328,17,1,0
BRDA:330,18,0,0
BRDA:330,18,1,0
BRDA:337,19,0,0
BRDA:337,19,1,0
BRDA:337,20,0,0
BRDA:337,20,1,0
BRDA:340,21,0,0
BRDA:340,21,1,0
BRDA:341,22,0,0
BRDA:341,22,1,0
BRDA:348,23,0,0
BRDA:348,23,1,0
BRDA:348,24,0,0
BRDA:348,24,1,0
BRDA:351,25,0,0
BRDA:351,25,1,0
BRDA:354,26,0,0
BRDA:354,26,1,0
BRDA:377,27,0,0
BRDA:377,27,1,0
BRDA:391,28,0,0
BRDA:391,28,1,0
BRDA:409,29,0,0
BRDA:409,29,1,0
BRDA:437,30,0,0
BRDA:437,30,1,0
BRDA:463,31,0,0
BRDA:463,31,1,0
BRDA:465,32,0,0
BRDA:465,32,1,0
BRDA:492,33,0,0
BRDA:492,33,1,0
BRDA:508,34,0,0
BRDA:508,34,1,0
BRDA:515,35,0,0
BRDA:515,35,1,0
BRDA:525,36,0,0
BRDA:525,36,1,0
BRDA:525,37,0,0
BRDA:525,37,1,0
BRDA:527,38,0,0
BRDA:527,38,1,0
BRDA:528,39,0,0
BRDA:528,39,1,0
BRDA:538,40,0,0
BRDA:538,40,1,0
BRDA:538,41,0,0
BRDA:538,41,1,0
BRDA:540,42,0,0
BRDA:540,42,1,0
BRDA:542,43,0,0
BRDA:542,43,1,0
BRF:88
BRH:0
end_of_record
TN:
SF:src/controller/utils/recaptcha.controller.ts
FN:4,VerifyRecaptcha
FNF:1
FNH:0
FNDA:0,VerifyRecaptcha
DA:2,1
DA:4,1
DA:5,0
DA:7,0
DA:8,0
DA:10,0
DA:11,0
DA:20,0
DA:21,0
DA:22,0
DA:24,0
DA:29,0
LF:12
LH:2
BRDA:21,0,0,0
BRDA:21,0,1,0
BRDA:21,1,0,0
BRDA:21,1,1,0
BRF:4
BRH:0
end_of_record
TN:
SF:src/middleware/ConditionValidator.ts
FN:22,(anonymous_0)
FN:45,(anonymous_1)
FN:65,(anonymous_2)
FN:72,(anonymous_3)
FN:85,(anonymous_4)
FN:106,(anonymous_5)
FN:112,(anonymous_6)
FN:115,(anonymous_7)
FN:127,(anonymous_8)
FN:177,(anonymous_9)
FNF:10
FNH:6
FNDA:1,(anonymous_0)
FNDA:1,(anonymous_1)
FNDA:0,(anonymous_2)
FNDA:0,(anonymous_3)
FNDA:1,(anonymous_4)
FNDA:3,(anonymous_5)
FNDA:1,(anonymous_6)
FNDA:0,(anonymous_7)
FNDA:3,(anonymous_8)
FNDA:0,(anonymous_9)
DA:2,1
DA:3,1
DA:18,1
DA:26,1
DA:27,1
DA:30,0
DA:32,0
DA:33,0
DA:39,0
DA:49,1
DA:51,1
DA:52,1
DA:56,0
DA:60,0
DA:61,0
DA:62,0
DA:65,0
DA:66,0
DA:67,0
DA:68,0
DA:71,0
DA:72,0
DA:74,0
DA:75,0
DA:81,0
DA:89,1
DA:92,1
DA:93,1
DA:94,0
DA:98,1
DA:99,1
DA:100,0
DA:103,1
DA:110,3
DA:112,3
DA:113,1
DA:114,1
DA:115,0
DA:116,0
DA:121,3
DA:127,1
DA:132,3
DA:133,3
DA:137,3
DA:139,0
DA:141,3
DA:143,0
DA:145,3
DA:147,3
DA:151,0
DA:154,3
DA:155,0
DA:167,3
DA:169,0
DA:170,0
DA:177,1
DA:182,0
DA:183,0
DA:185,0
DA:186,0
DA:196,0
DA:197,0
DA:202,0
DA:203,0
DA:210,0
DA:212,0
DA:213,0
DA:218,1
LF:68
LH:30
BRDA:26,0,0,1
BRDA:26,0,1,0
BRDA:26,1,0,1
BRDA:26,1,1,0
BRDA:32,2,0,0
BRDA:32,2,1,0
BRDA:51,3,0,1
BRDA:51,3,1,0
BRDA:51,4,0,1
BRDA:51,4,1,0
BRDA:56,5,0,0
BRDA:56,5,1,0
BRDA:60,6,0,0
BRDA:60,6,1,0
BRDA:60,7,0,0
BRDA:60,7,1,0
BRDA:66,8,0,0
BRDA:66,8,1,0
BRDA:66,9,0,0
BRDA:66,9,1,0
BRDA:74,10,0,0
BRDA:74,10,1,0
BRDA:93,11,0,0
BRDA:93,11,1,1
BRDA:99,12,0,0
BRDA:99,12,1,1
BRDA:114,13,0,0
BRDA:114,13,1,1
BRDA:137,14,0,0
BRDA:137,14,1,3
BRDA:141,15,0,0
BRDA:141,15,1,3
BRDA:145,16,0,3
BRDA:145,16,1,0
BRDA:145,17,0,3
BRDA:145,17,1,3
BRDA:154,18,0,0
BRDA:154,18,1,3
BRDA:185,19,0,0
BRDA:185,19,1,0
BRDA:185,20,0,0
BRDA:185,20,1,0
BRDA:196,21,0,0
BRDA:196,21,1,0
BRDA:196,22,0,0
BRDA:196,22,1,0
BRDA:202,23,0,0
BRDA:202,23,1,0
BRF:48
BRH:13
end_of_record
TN:
SF:src/middleware/Formsession.middleware.ts
FN:20,(anonymous_10)
FN:26,(anonymous_11)
FN:32,(anonymous_12)
FN:38,(anonymous_13)
FN:44,(anonymous_14)
FN:50,(anonymous_15)
FN:56,(anonymous_16)
FN:62,(anonymous_17)
FN:68,(anonymous_18)
FN:74,(anonymous_19)
FN:80,(anonymous_20)
FN:86,(anonymous_21)
FN:92,(anonymous_22)
FN:104,(anonymous_23)
FN:113,(anonymous_24)
FN:120,(anonymous_25)
FN:127,(anonymous_26)
FN:267,(anonymous_27)
FN:311,(anonymous_28)
FNF:19
FNH:0
FNDA:0,(anonymous_10)
FNDA:0,(anonymous_11)
FNDA:0,(anonymous_12)
FNDA:0,(anonymous_13)
FNDA:0,(anonymous_14)
FNDA:0,(anonymous_15)
FNDA:0,(anonymous_16)
FNDA:0,(anonymous_17)
FNDA:0,(anonymous_18)
FNDA:0,(anonymous_19)
FNDA:0,(anonymous_20)
FNDA:0,(anonymous_21)
FNDA:0,(anonymous_22)
FNDA:0,(anonymous_23)
FNDA:0,(anonymous_24)
FNDA:0,(anonymous_25)
FNDA:0,(anonymous_26)
FNDA:0,(anonymous_27)
FNDA:0,(anonymous_28)
DA:3,1
DA:4,1
DA:5,1
DA:6,1
DA:11,1
DA:12,1
DA:19,1
DA:20,0
DA:26,0
DA:32,0
DA:38,0
DA:44,0
DA:50,0
DA:56,0
DA:62,0
DA:68,0
DA:74,0
DA:80,0
DA:86,0
DA:92,0
DA:100,1
DA:105,0
DA:114,0
DA:124,0
DA:127,1
DA:132,0
DA:133,0
DA:136,0
DA:138,0
DA:139,0
DA:141,0
DA:143,0
DA:146,0
DA:147,0
DA:149,0
DA:150,0
DA:154,0
DA:156,0
DA:158,0
DA:160,0
DA:161,0
DA:165,0
DA:169,0
DA:170,0
DA:173,0
DA:175,0
DA:183,0
DA:185,0
DA:186,0
DA:187,0
DA:189,0
DA:192,0
DA:193,0
DA:196,0
DA:197,0
DA:201,0
DA:207,0
DA:212,0
DA:216,0
DA:217,0
DA:223,0
DA:230,0
DA:234,0
DA:240,0
DA:247,0
DA:251,0
DA:256,0
DA:258,0
DA:259,0
DA:262,0
DA:263,0
DA:267,1
DA:272,0
DA:273,0
DA:275,0
DA:277,0
DA:278,0
DA:281,0
DA:285,0
DA:286,0
DA:287,0
DA:290,0
DA:294,0
DA:295,0
DA:299,0
DA:300,0
DA:304,0
DA:307,0
DA:308,0
DA:311,1
DA:316,0
DA:317,0
DA:319,0
DA:320,0
DA:321,0
DA:322,0
DA:325,0
DA:327,0
DA:328,0
LF:99
LH:11
BRDA:106,0,0,0
BRDA:106,0,1,0
BRDA:114,1,0,0
BRDA:114,1,1,0
BRDA:124,2,0,0
BRDA:124,2,1,0
BRDA:132,3,0,0
BRDA:132,3,1,0
BRDA:138,4,0,0
BRDA:138,4,1,0
BRDA:146,5,0,0
BRDA:146,5,1,0
BRDA:149,6,0,0
BRDA:149,6,1,0
BRDA:160,7,0,0
BRDA:160,7,1,0
BRDA:169,8,0,0
BRDA:169,8,1,0
BRDA:179,9,0,0
BRDA:179,9,1,0
BRDA:185,10,0,0
BRDA:185,10,1,0
BRDA:193,11,0,0
BRDA:193,11,1,0
BRDA:201,12,0,0
BRDA:201,12,1,0
BRDA:207,13,0,0
BRDA:207,13,1,0
BRDA:208,14,0,0
BRDA:208,14,1,0
BRDA:208,14,2,0
BRDA:216,15,0,0
BRDA:216,15,1,0
BRDA:216,16,0,0
BRDA:216,16,1,0
BRDA:275,17,0,0
BRDA:275,17,1,0
BRDA:278,18,0,0
BRDA:278,18,1,0
BRDA:278,18,2,0
BRDA:278,18,3,0
BRDA:281,19,0,0
BRDA:281,19,1,0
BRDA:285,20,0,0
BRDA:285,20,1,0
BRDA:316,21,0,0
BRDA:316,21,1,0
BRDA:321,22,0,0
BRDA:321,22,1,0
BRF:49
BRH:0
end_of_record
TN:
SF:src/middleware/Traffic.middleware.ts
FN:42,(anonymous_0)
FNF:1
FNH:0
FNDA:0,(anonymous_0)
DA:2,1
DA:6,1
DA:19,1
DA:31,1
DA:42,1
DA:43,0
DA:47,1
LF:7
LH:6
BRDA:8,0,0,0
BRDA:8,0,1,1
BRF:2
BRH:1
end_of_record
TN:
SF:src/middleware/Validatetor.ts
FN:5,(anonymous_0)
FN:5,(anonymous_1)
FNF:2
FNH:1
FNDA:3,(anonymous_0)
FNDA:0,(anonymous_1)
DA:2,1
DA:4,1
DA:5,3
DA:6,0
DA:7,0
DA:12,0
DA:14,0
DA:15,0
DA:20,0
LF:9
LH:3
BRDA:14,0,0,0
BRDA:14,0,1,0
BRF:2
BRH:0
end_of_record
TN:
SF:src/model/Content.model.ts
FN:7,(anonymous_0)
FN:243,(anonymous_1)
FN:251,(anonymous_2)
FN:252,(anonymous_3)
FN:264,(anonymous_4)
FN:277,(anonymous_5)
FN:278,(anonymous_6)
FNF:7
FNH:1
FNDA:23,(anonymous_0)
FNDA:0,(anonymous_1)
FNDA:0,(anonymous_2)
FNDA:0,(anonymous_3)
FNDA:0,(anonymous_4)
FNDA:0,(anonymous_5)
FNDA:0,(anonymous_6)
DA:1,23
DA:5,23
DA:7,23
DA:8,23
DA:9,23
DA:10,23
DA:11,23
DA:12,23
DA:13,23
DA:14,23
DA:15,23
DA:16,23
DA:17,23
DA:18,23
DA:85,23
DA:96,23
DA:107,23
DA:123,23
DA:149,23
DA:162,23
DA:243,23
DA:244,0
DA:245,0
DA:248,0
DA:250,0
DA:251,0
DA:253,0
DA:257,0
DA:259,0
DA:264,23
DA:265,0
DA:266,0
DA:267,0
DA:269,0
DA:270,0
DA:276,0
DA:277,0
DA:279,0
DA:282,0
DA:287,0
DA:292,23
DA:293,23
DA:295,23
DA:297,23
LF:44
LH:26
BRDA:7,0,0,23
BRDA:7,0,1,23
BRDA:253,1,0,0
BRDA:253,1,1,0
BRDA:254,2,0,0
BRDA:254,2,1,0
BRDA:254,3,0,0
BRDA:254,3,1,0
BRDA:269,4,0,0
BRDA:269,4,1,0
BRDA:279,5,0,0
BRDA:279,5,1,0
BRF:12
BRH:2
end_of_record
TN:
SF:src/model/Form.model.ts
FN:7,(anonymous_1)
FN:12,(anonymous_2)
FN:17,(anonymous_3)
FN:22,(anonymous_4)
FN:28,(anonymous_5)
FN:256,(anonymous_6)
FNF:6
FNH:5
FNDA:10,(anonymous_1)
FNDA:10,(anonymous_2)
FNDA:10,(anonymous_3)
FNDA:10,(anonymous_4)
FNDA:10,(anonymous_5)
FNDA:0,(anonymous_6)
DA:1,10
DA:2,10
DA:4,10
DA:7,10
DA:8,10
DA:9,10
DA:12,10
DA:13,10
DA:14,10
DA:17,10
DA:18,10
DA:19,10
DA:22,10
DA:23,10
DA:24,10
DA:25,10
DA:28,10
DA:29,10
DA:30,10
DA:31,10
DA:32,10
DA:97,10
DA:139,10
DA:155,10
DA:178,10
DA:248,10
DA:249,10
DA:250,10
DA:251,10
DA:252,10
DA:253,10
DA:256,10
DA:257,0
DA:258,0
DA:261,10
DA:263,10
DA:265,10
LF:37
LH:35
BRDA:7,0,0,10
BRDA:7,0,1,10
BRDA:12,1,0,10
BRDA:12,1,1,10
BRDA:17,2,0,10
BRDA:17,2,1,10
BRDA:22,3,0,10
BRDA:22,3,1,10
BRDA:28,4,0,10
BRDA:28,4,1,10
BRF:10
BRH:10
end_of_record
TN:
SF:src/model/Formsession.model.ts
FNF:0
FNH:0
DA:1,1
DA:19,1
DA:59,1
DA:62,1
DA:64,1
DA:69,1
LF:6
LH:6
BRF:0
BRH:0
end_of_record
TN:
SF:src/model/Notification.model.ts
FN:109,(anonymous_0)
FNF:1
FNH:0
FNDA:0,(anonymous_0)
DA:1,1
DA:27,1
DA:110,0
DA:111,0
DA:112,0
DA:113,0
DA:120,1
DA:121,1
DA:122,1
DA:123,1
DA:126,1
DA:131,1
DA:136,1
LF:13
LH:9
BRF:0
BRH:0
end_of_record
TN:
SF:src/model/Response.model.ts
FN:27,(anonymous_0)
FN:32,(anonymous_1)
FN:90,(anonymous_2)
FN:153,(anonymous_3)
FN:246,(anonymous_4)
FN:248,(anonymous_5)
FNF:6
FNH:3
FNDA:13,(anonymous_0)
FNDA:13,(anonymous_1)
FNDA:13,(anonymous_2)
FNDA:0,(anonymous_3)
FNDA:0,(anonymous_4)
FNDA:0,(anonymous_5)
DA:1,13
DA:27,13
DA:28,13
DA:29,13
DA:32,13
DA:33,13
DA:34,13
DA:35,13
DA:36,13
DA:37,13
DA:38,13
DA:39,13
DA:90,13
DA:91,13
DA:92,13
DA:93,13
DA:109,13
DA:136,13
DA:153,0
DA:236,13
DA:237,13
DA:238,13
DA:239,13
DA:241,13
DA:242,13
DA:243,13
DA:246,13
DA:247,0
DA:248,0
DA:249,0
DA:254,13
DA:256,13
LF:32
LH:28
BRDA:27,0,0,13
BRDA:27,0,1,13
BRDA:32,1,0,13
BRDA:32,1,1,13
BRDA:90,2,0,13
BRDA:90,2,1,13
BRDA:247,3,0,0
BRDA:247,3,1,0
BRDA:247,4,0,0
BRDA:247,4,1,0
BRDA:249,5,0,0
BRDA:249,5,1,0
BRF:12
BRH:6
end_of_record
TN:
SF:src/model/User.model.ts
FN:3,(anonymous_0)
FNF:1
FNH:1
FNDA:9,(anonymous_0)
DA:1,9
DA:3,9
DA:4,9
DA:5,9
DA:17,9
DA:43,9
DA:45,9
LF:7
LH:7
BRDA:3,0,0,9
BRDA:3,0,1,9
BRF:2
BRH:2
end_of_record
TN:
SF:src/model/Usersession.model.ts
FNF:0
FNH:0
DA:1,1
DA:12,1
DA:38,1
DA:39,1
DA:40,1
DA:42,1
DA:44,1
LF:7
LH:7
BRF:0
BRH:0
end_of_record
TN:
SF:src/router/export.route.ts
FNF:0
FNH:0
DA:1,1
DA:2,1
DA:3,1
DA:13,1
DA:16,1
DA:23,1
DA:30,1
DA:37,1
DA:44,1
DA:51,1
DA:54,1
DA:60,1
LF:12
LH:12
BRF:0
BRH:0
end_of_record
TN:
SF:src/router/notification.route.ts
FNF:0
FNH:0
DA:1,1
DA:2,1
DA:3,1
DA:5,1
DA:6,1
DA:8,1
DA:15,1
DA:22,1
DA:29,1
DA:36,1
DA:43,1
DA:50,1
DA:56,1
LF:13
LH:13
BRF:0
BRH:0
end_of_record
TN:
SF:src/router/response.route.ts
FNF:0
FNH:0
DA:1,1
DA:2,1
DA:3,1
DA:4,1
DA:5,1
DA:6,1
DA:7,1
DA:8,1
DA:9,1
DA:10,1
DA:11,1
DA:13,1
DA:16,1
DA:21,1
DA:26,1
DA:31,1
DA:38,1
DA:46,1
DA:53,1
DA:60,1
DA:67,1
DA:74,1
DA:81,1
DA:88,1
DA:95,1
DA:102,1
DA:109,1
DA:116,1
DA:123,1
DA:130,1
DA:137,1
DA:144,1
DA:150,1
DA:156,1
DA:163,1
DA:169,1
DA:176,1
DA:182,1
DA:188,1
LF:39
LH:39
BRF:0
BRH:0
end_of_record
TN:
SF:src/router/user.route.ts
FNF:0
FNH:0
DA:1,1
DA:2,1
DA:3,1
DA:4,1
DA:18,1
DA:19,1
DA:20,1
DA:21,1
DA:22,1
DA:29,1
DA:30,1
DA:31,1
DA:32,1
DA:37,1
DA:39,1
DA:42,1
DA:49,1
DA:56,1
DA:61,1
DA:68,1
DA:74,1
DA:78,1
DA:82,1
DA:87,1
DA:94,1
DA:100,1
DA:109,1
DA:115,1
DA:122,1
DA:129,1
DA:136,1
DA:143,1
DA:148,1
DA:153,1
DA:158,1
DA:163,1
DA:169,1
DA:176,1
DA:181,1
DA:188,1
DA:193,1
DA:201,1
DA:207,1
DA:214,1
DA:222,1
DA:229,1
DA:234,1
DA:239,1
DA:246,1
DA:251,1
DA:257,1
LF:51
LH:51
BRF:0
BRH:0
end_of_record
TN:
SF:src/services/EmailService.ts
FN:72,(anonymous_1)
FN:83,(anonymous_2)
FN:101,(anonymous_3)
FN:162,(anonymous_4)
FN:392,(anonymous_5)
FN:492,(anonymous_6)
FN:504,(anonymous_7)
FN:552,(anonymous_8)
FN:564,(anonymous_9)
FN:571,(anonymous_10)
FN:572,(anonymous_11)
FN:574,(anonymous_12)
FN:582,(anonymous_13)
FN:600,(anonymous_14)
FN:606,(anonymous_15)
FN:609,(anonymous_16)
FN:616,(anonymous_17)
FN:798,(anonymous_18)
FN:937,(anonymous_19)
FN:945,(anonymous_20)
FN:948,(anonymous_21)
FN:955,(anonymous_22)
FNF:22
FNH:22
FNDA:22,(anonymous_1)
FNDA:15,(anonymous_2)
FNDA:2,(anonymous_3)
FNDA:2,(anonymous_4)
FNDA:4,(anonymous_5)
FNDA:9,(anonymous_6)
FNDA:9,(anonymous_7)
FNDA:17,(anonymous_8)
FNDA:9,(anonymous_9)
FNDA:4,(anonymous_10)
FNDA:2,(anonymous_11)
FNDA:2,(anonymous_12)
FNDA:2,(anonymous_13)
FNDA:16,(anonymous_14)
FNDA:8,(anonymous_15)
FNDA:3,(anonymous_16)
FNDA:3,(anonymous_17)
FNDA:17,(anonymous_18)
FNDA:81,(anonymous_19)
FNDA:22,(anonymous_20)
FNDA:41,(anonymous_21)
FNDA:14,(anonymous_22)
DA:1,4
DA:2,4
DA:73,22
DA:84,15
DA:85,15
DA:92,15
DA:93,14
DA:95,1
DA:96,1
DA:102,2
DA:104,2
DA:154,2
DA:164,2
DA:167,2
DA:171,2
DA:393,4
DA:395,4
DA:397,4
DA:484,2
DA:493,9
DA:504,9
DA:507,9
DA:508,1
DA:514,8
DA:515,1
DA:521,7
DA:522,1
DA:528,6
DA:529,2
DA:535,4
DA:536,2
DA:542,2
DA:550,9
DA:552,9
DA:555,17
DA:557,17
DA:558,1
DA:562,16
DA:563,12
DA:564,9
DA:565,8
DA:569,4
DA:570,2
DA:571,4
DA:572,2
DA:573,2
DA:574,2
DA:578,2
DA:579,2
DA:580,2
DA:581,1
DA:582,2
DA:585,1
DA:590,4
DA:591,2
DA:592,1
DA:594,1
DA:597,2
DA:600,9
DA:603,16
DA:605,9
DA:606,8
DA:607,5
DA:608,2
DA:609,3
DA:614,7
DA:615,2
DA:616,3
DA:620,5
DA:621,1
DA:624,4
DA:627,9
DA:799,17
DA:800,17
DA:802,17
DA:804,17
DA:811,17
DA:818,17
DA:826,17
DA:928,9
DA:938,81
DA:945,81
DA:949,41
DA:950,38
DA:952,3
DA:956,14
DA:957,2
DA:960,12
DA:961,4
DA:966,8
DA:967,0
DA:970,8
DA:974,4
LF:93
LH:92
BRDA:139,0,0,1
BRDA:139,0,1,1
BRDA:164,1,0,1
BRDA:164,1,1,1
BRDA:167,2,0,1
BRDA:167,2,1,1
BRDA:373,3,0,2
BRDA:373,3,1,1
BRDA:378,4,0,1
BRDA:378,4,1,1
BRDA:385,5,0,1
BRDA:385,5,1,1
BRDA:385,6,0,2
BRDA:385,6,1,1
BRDA:395,7,0,4
BRDA:395,7,1,3
BRDA:412,8,0,2
BRDA:412,8,1,2
BRDA:419,9,0,3
BRDA:419,9,1,1
BRDA:433,10,0,2
BRDA:433,10,1,2
BRDA:435,11,0,1
BRDA:435,11,1,1
BRDA:442,12,0,2
BRDA:442,12,1,2
BRDA:444,13,0,1
BRDA:444,13,1,1
BRDA:449,14,0,2
BRDA:449,14,1,2
BRDA:451,15,0,1
BRDA:451,15,1,1
BRDA:493,16,0,1
BRDA:493,16,1,8
BRDA:507,17,0,1
BRDA:507,17,1,8
BRDA:514,18,0,1
BRDA:514,18,1,7
BRDA:521,19,0,1
BRDA:521,19,1,6
BRDA:528,20,0,2
BRDA:528,20,1,4
BRDA:535,21,0,2
BRDA:535,21,1,2
BRDA:557,22,0,1
BRDA:557,22,1,16
BRDA:557,23,0,17
BRDA:557,23,1,16
BRDA:557,23,2,16
BRDA:562,24,0,12
BRDA:562,24,1,4
BRDA:562,25,0,16
BRDA:562,25,1,12
BRDA:563,26,0,8
BRDA:563,26,1,4
BRDA:565,27,0,7
BRDA:565,27,1,1
BRDA:569,28,0,2
BRDA:569,28,1,2
BRDA:573,29,0,1
BRDA:573,29,1,1
BRDA:578,30,0,2
BRDA:578,30,1,0
BRDA:578,31,0,2
BRDA:578,31,1,2
BRDA:580,32,0,1
BRDA:580,32,1,1
BRDA:590,33,0,2
BRDA:590,33,1,2
BRDA:591,34,0,1
BRDA:591,34,1,1
BRDA:591,35,0,2
BRDA:591,35,1,1
BRDA:603,36,0,7
BRDA:603,36,1,9
BRDA:605,37,0,5
BRDA:605,37,1,4
BRDA:605,38,0,9
BRDA:605,38,1,5
BRDA:607,39,0,2
BRDA:607,39,1,3
BRDA:614,40,0,2
BRDA:614,40,1,5
BRDA:620,41,0,1
BRDA:620,41,1,4
BRDA:620,42,0,5
BRDA:620,42,1,4
BRDA:759,43,0,9
BRDA:759,43,1,8
BRDA:770,44,0,1
BRDA:770,44,1,8
BRDA:773,45,0,1
BRDA:773,45,1,8
BRDA:775,46,0,8
BRDA:775,46,1,7
BRDA:791,47,0,8
BRDA:791,47,1,1
BRDA:802,48,0,17
BRDA:802,48,1,12
BRDA:804,49,0,1
BRDA:804,49,1,16
BRDA:806,50,0,11
BRDA:806,50,1,5
BRDA:808,51,0,1
BRDA:808,51,1,4
BRDA:811,52,0,1
BRDA:811,52,1,16
BRDA:813,53,0,11
BRDA:813,53,1,5
BRDA:815,54,0,1
BRDA:815,54,1,4
BRDA:818,55,0,1
BRDA:818,55,1,16
BRDA:820,56,0,11
BRDA:820,56,1,5
BRDA:822,57,0,1
BRDA:822,57,1,4
BRDA:851,58,0,16
BRDA:851,58,1,1
BRDA:851,59,0,17
BRDA:851,59,1,17
BRDA:865,60,0,16
BRDA:865,60,1,1
BRDA:949,61,0,38
BRDA:949,61,1,3
BRDA:956,62,0,2
BRDA:956,62,1,12
BRDA:956,63,0,14
BRDA:956,63,1,13
BRDA:960,64,0,4
BRDA:960,64,1,8
BRDA:961,65,0,3
BRDA:961,65,1,1
BRDA:966,66,0,0
BRDA:966,66,1,8
BRF:135
BRH:133
end_of_record
TN:
SF:src/services/FormLinkService.ts
FN:37,(anonymous_1)
FN:45,(anonymous_2)
FN:72,(anonymous_3)
FN:104,(anonymous_4)
FN:109,(anonymous_5)
FN:136,(anonymous_6)
FN:158,(anonymous_7)
FN:163,(anonymous_8)
FN:172,(anonymous_9)
FN:191,(anonymous_10)
FN:201,(anonymous_11)
FN:219,(anonymous_12)
FN:234,(anonymous_13)
FNF:13
FNH:12
FNDA:1,(anonymous_1)
FNDA:2,(anonymous_2)
FNDA:3,(anonymous_3)
FNDA:1,(anonymous_4)
FNDA:1,(anonymous_5)
FNDA:3,(anonymous_6)
FNDA:6,(anonymous_7)
FNDA:1,(anonymous_8)
FNDA:6,(anonymous_9)
FNDA:3,(anonymous_10)
FNDA:1,(anonymous_11)
FNDA:0,(anonymous_12)
FNDA:3,(anonymous_13)
DA:1,2
DA:2,2
DA:35,1
DA:38,1
DA:40,1
DA:41,1
DA:46,2
DA:47,2
DA:53,2
DA:54,2
DA:56,2
DA:58,2
DA:64,2
DA:73,3
DA:74,3
DA:75,3
DA:76,3
DA:77,3
DA:80,3
DA:82,3
DA:83,3
DA:84,3
DA:86,3
DA:91,3
DA:93,3
DA:94,3
DA:96,2
DA:98,1
DA:99,1
DA:105,1
DA:114,1
DA:116,1
DA:117,1
DA:118,1
DA:119,1
DA:122,1
DA:123,1
DA:125,1
DA:127,1
DA:141,3
DA:142,3
DA:143,2
DA:146,2
DA:147,1
DA:150,1
DA:152,1
DA:153,1
DA:159,6
DA:164,1
DA:165,1
DA:176,6
DA:177,6
DA:178,6
DA:180,6
DA:182,6
DA:192,3
DA:193,3
DA:195,0
DA:196,0
DA:206,1
DA:208,1
DA:209,5
DA:210,5
DA:212,0
DA:216,1
DA:220,0
DA:221,0
DA:222,0
DA:223,0
DA:224,0
DA:226,0
DA:228,0
DA:229,0
DA:235,3
DA:236,3
DA:237,2
DA:238,2
DA:240,2
DA:241,1
DA:244,1
DA:246,1
DA:247,1
DA:252,2
LF:83
LH:72
BRDA:38,0,0,1
BRDA:38,0,1,0
BRDA:40,1,0,1
BRDA:40,1,1,0
BRDA:76,2,0,3
BRDA:76,2,1,0
BRDA:111,3,0,0
BRDA:116,4,0,1
BRDA:116,4,1,0
BRDA:131,5,0,1
BRDA:131,5,1,0
BRDA:146,6,0,1
BRDA:146,6,1,1
BRDA:146,7,0,2
BRDA:146,7,1,2
BRDA:174,8,0,5
BRDA:193,9,0,3
BRDA:193,9,1,2
BRDA:204,10,0,0
BRDA:209,11,0,5
BRDA:209,11,1,0
BRDA:223,12,0,0
BRDA:223,12,1,0
BRDA:223,13,0,0
BRDA:223,13,1,0
BRDA:240,14,0,1
BRDA:240,14,1,1
BRDA:240,15,0,2
BRDA:240,15,1,1
BRF:29
BRH:17
end_of_record
TN:
SF:src/services/FormValidationService.ts
FN:47,(anonymous_10)
FN:61,(anonymous_11)
FN:79,(anonymous_12)
FN:93,(anonymous_13)
FN:109,(anonymous_14)
FN:125,(anonymous_15)
FN:139,(anonymous_16)
FN:153,(anonymous_17)
FN:170,(anonymous_18)
FN:186,(anonymous_19)
FN:214,(anonymous_20)
FN:239,(anonymous_21)
FN:256,(anonymous_22)
FN:291,(anonymous_23)
FN:345,(anonymous_24)
FN:386,(anonymous_25)
FN:423,(anonymous_26)
FN:468,(anonymous_27)
FN:485,(anonymous_28)
FN:491,(anonymous_29)
FN:492,(anonymous_30)
FN:510,(anonymous_31)
FN:522,(anonymous_32)
FN:523,(anonymous_33)
FN:524,(anonymous_34)
FN:525,(anonymous_35)
FN:526,(anonymous_36)
FN:531,(anonymous_37)
FN:546,(anonymous_38)
FN:551,(anonymous_39)
FN:552,(anonymous_40)
FN:554,(anonymous_41)
FNF:32
FNH:23
FNDA:4,(anonymous_10)
FNDA:8,(anonymous_11)
FNDA:21,(anonymous_12)
FNDA:0,(anonymous_13)
FNDA:3,(anonymous_14)
FNDA:0,(anonymous_15)
FNDA:0,(anonymous_16)
FNDA:2,(anonymous_17)
FNDA:0,(anonymous_18)
FNDA:2,(anonymous_19)
FNDA:2,(anonymous_20)
FNDA:0,(anonymous_21)
FNDA:0,(anonymous_22)
FNDA:0,(anonymous_23)
FNDA:13,(anonymous_24)
FNDA:1,(anonymous_25)
FNDA:0,(anonymous_26)
FNDA:6,(anonymous_27)
FNDA:10,(anonymous_28)
FNDA:10,(anonymous_29)
FNDA:10,(anonymous_30)
FNDA:8,(anonymous_31)
FNDA:7,(anonymous_32)
FNDA:7,(anonymous_33)
FNDA:7,(anonymous_34)
FNDA:7,(anonymous_35)
FNDA:7,(anonymous_36)
FNDA:8,(anonymous_37)
FNDA:3,(anonymous_38)
FNDA:6,(anonymous_39)
FNDA:2,(anonymous_40)
FNDA:0,(anonymous_41)
DA:2,6
DA:3,6
DA:9,6
DA:10,6
DA:11,6
DA:12,6
DA:18,6
DA:19,6
DA:27,6
DA:43,6
DA:50,4
DA:51,4
DA:56,2
DA:58,4
DA:64,8
DA:65,8
DA:70,2
DA:78,6
DA:79,21
DA:81,6
DA:82,1
DA:90,8
DA:96,0
DA:97,0
DA:98,0
DA:99,0
DA:106,0
DA:112,3
DA:113,3
DA:114,3
DA:115,1
DA:122,3
DA:128,0
DA:129,0
DA:130,0
DA:131,0
DA:138,0
DA:139,0
DA:141,0
DA:142,0
DA:150,0
DA:156,2
DA:157,2
DA:158,2
DA:159,1
DA:167,2
DA:173,0
DA:175,0
DA:176,0
DA:183,0
DA:189,2
DA:190,2
DA:191,2
DA:192,2
DA:193,2
DA:194,2
DA:195,0
DA:201,2
DA:202,1
DA:211,2
DA:217,2
DA:218,2
DA:219,2
DA:220,2
DA:221,0
DA:227,2
DA:228,1
DA:236,2
DA:242,0
DA:243,0
DA:244,0
DA:245,0
DA:253,0
DA:259,0
DA:260,0
DA:261,0
DA:262,0
DA:270,0
DA:274,6
DA:277,6
DA:279,6
DA:281,6
DA:283,6
DA:291,6
DA:292,0
DA:299,0
DA:300,0
DA:302,0
DA:304,0
DA:310,0
DA:311,0
DA:315,0
DA:316,0
DA:319,0
DA:321,0
DA:322,0
DA:323,0
DA:325,0
DA:334,0
DA:339,0
DA:340,0
DA:358,13
DA:359,13
DA:360,13
DA:361,13
DA:362,13
DA:364,13
DA:371,13
DA:373,2
DA:378,2
DA:379,0
DA:382,2
DA:383,2
DA:384,2
DA:385,2
DA:386,1
DA:387,1
DA:393,11
DA:394,2
DA:395,1
DA:396,1
DA:402,1
DA:411,11
DA:417,0
DA:422,0
DA:423,0
DA:429,11
DA:430,11
DA:431,5
DA:443,13
DA:448,13
DA:474,6
DA:475,6
DA:476,6
DA:478,6
DA:479,8
DA:480,1
DA:484,7
DA:486,10
DA:490,7
DA:491,10
DA:492,10
DA:494,7
DA:500,7
DA:502,7
DA:503,7
DA:505,0
DA:509,6
DA:510,8
DA:514,6
DA:520,6
DA:522,7
DA:523,7
DA:524,7
DA:525,7
DA:526,7
DA:529,6
DA:530,6
DA:531,8
DA:536,6
DA:546,6
DA:550,3
DA:551,6
DA:552,2
DA:554,6
DA:561,0
DA:621,0
LF:167
LH:113
BRDA:51,0,0,2
BRDA:51,0,1,2
BRDA:52,1,0,4
BRDA:52,1,1,3
BRDA:52,1,2,3
BRDA:52,1,3,1
BRDA:65,2,0,2
BRDA:65,2,1,6
BRDA:66,3,0,8
BRDA:66,3,1,8
BRDA:66,3,2,8
BRDA:79,4,0,21
BRDA:79,4,1,20
BRDA:81,5,0,1
BRDA:81,5,1,5
BRDA:98,6,0,0
BRDA:98,6,1,0
BRDA:98,7,0,0
BRDA:98,7,1,0
BRDA:98,7,2,0
BRDA:114,8,0,1
BRDA:114,8,1,2
BRDA:114,9,0,3
BRDA:114,9,1,3
BRDA:114,9,2,3
BRDA:130,10,0,0
BRDA:130,10,1,0
BRDA:130,11,0,0
BRDA:130,11,1,0
BRDA:130,11,2,0
BRDA:139,12,0,0
BRDA:139,12,1,0
BRDA:141,13,0,0
BRDA:141,13,1,0
BRDA:157,14,0,2
BRDA:157,14,1,0
BRDA:157,15,0,2
BRDA:157,15,1,2
BRDA:158,16,0,1
BRDA:158,16,1,1
BRDA:175,17,0,0
BRDA:175,17,1,0
BRDA:175,18,0,0
BRDA:175,18,1,0
BRDA:190,19,0,2
BRDA:190,19,1,0
BRDA:191,20,0,2
BRDA:191,20,1,0
BRDA:191,21,0,2
BRDA:191,21,1,2
BRDA:191,21,2,2
BRDA:194,22,0,0
BRDA:194,22,1,2
BRDA:194,23,0,2
BRDA:194,23,1,2
BRDA:201,24,0,1
BRDA:201,24,1,1
BRDA:218,25,0,2
BRDA:218,25,1,0
BRDA:219,26,0,2
BRDA:219,26,1,0
BRDA:219,27,0,2
BRDA:219,27,1,2
BRDA:219,27,2,2
BRDA:220,28,0,0
BRDA:220,28,1,2
BRDA:220,29,0,2
BRDA:220,29,1,2
BRDA:227,30,0,1
BRDA:227,30,1,1
BRDA:243,31,0,0
BRDA:243,31,1,0
BRDA:243,32,0,0
BRDA:243,32,1,0
BRDA:244,33,0,0
BRDA:244,33,1,0
BRDA:260,34,0,0
BRDA:260,34,1,0
BRDA:260,35,0,0
BRDA:260,35,1,0
BRDA:261,36,0,0
BRDA:261,36,1,0
BRDA:299,37,0,0
BRDA:299,37,1,0
BRDA:299,38,0,0
BRDA:299,38,1,0
BRDA:299,38,2,0
BRDA:302,39,0,0
BRDA:302,39,1,0
BRDA:302,40,0,0
BRDA:302,40,1,0
BRDA:310,41,0,0
BRDA:310,41,1,0
BRDA:315,42,0,0
BRDA:315,42,1,0
BRDA:319,43,0,0
BRDA:319,43,1,0
BRDA:322,44,0,0
BRDA:322,44,1,0
BRDA:367,45,0,13
BRDA:367,45,1,6
BRDA:368,46,0,13
BRDA:368,46,1,0
BRDA:371,47,0,2
BRDA:371,47,1,11
BRDA:378,48,0,0
BRDA:378,48,1,2
BRDA:383,49,0,2
BRDA:383,49,1,0
BRDA:385,50,0,1
BRDA:385,50,1,1
BRDA:393,51,0,2
BRDA:393,51,1,9
BRDA:393,52,0,11
BRDA:393,52,1,8
BRDA:393,52,2,2
BRDA:394,53,0,1
BRDA:394,53,1,1
BRDA:394,54,0,2
BRDA:394,54,1,1
BRDA:396,55,0,1
BRDA:396,55,1,1
BRDA:402,56,0,1
BRDA:402,56,1,0
BRDA:411,57,0,0
BRDA:411,57,1,11
BRDA:412,58,0,11
[...]
FNF:12
FNH:12
FNDA:15,isValidObjectIdString
FNDA:7,hasFormAccess
FNDA:2,(anonymous_11)
FNDA:2,(anonymous_12)
FNDA:11,isPrimaryOwner
FNDA:18,verifyRole
FNDA:4,(anonymous_15)
FNDA:5,(anonymous_16)
FNDA:5,validateAccess
FNDA:6,validateFormRequest
FNDA:2,getLastQuestionIdx
FNDA:9,formatResponseValue
DA:2,9
DA:3,9
DA:5,9
DA:8,9
DA:9,15
DA:14,9
DA:15,7
DA:16,7
DA:17,7
DA:19,7
DA:20,6
DA:23,6
DA:25,5
DA:27,2
DA:28,2
DA:32,9
DA:33,11
DA:34,11
DA:37,11
DA:38,8
DA:39,2
DA:40,1
DA:42,1
DA:45,9
DA:47,1
DA:48,1
DA:52,9
DA:57,18
DA:59,18
DA:60,2
DA:63,16
DA:64,4
DA:65,5
DA:69,9
DA:70,5
DA:71,5
DA:72,5
DA:73,5
DA:74,5
DA:76,5
DA:80,9
DA:90,9
DA:91,6
DA:92,2
DA:95,4
DA:96,1
DA:99,3
DA:100,1
DA:103,2
DA:115,9
DA:119,2
DA:120,2
DA:123,0
DA:130,9
DA:137,9
DA:139,2
DA:143,2
DA:144,2
DA:148,2
DA:152,5
LF:60
LH:59
BRDA:10,0,0,15
BRDA:10,0,1,13
BRDA:10,0,2,7
BRDA:23,1,0,6
BRDA:23,1,1,1
BRDA:37,2,0,8
BRDA:37,2,1,2
BRDA:37,3,0,11
BRDA:37,3,1,9
BRDA:37,3,2,8
BRDA:39,4,0,1
BRDA:39,4,1,1
BRDA:59,5,0,2
BRDA:59,5,1,16
BRDA:63,6,0,8
BRDA:63,6,1,8
BRDA:64,7,0,8
BRDA:64,7,1,1
BRDA:65,8,0,8
BRDA:65,8,1,1
BRDA:74,9,0,5
BRDA:74,9,1,3
BRDA:74,9,2,2
BRDA:91,10,0,2
BRDA:91,10,1,4
BRDA:95,11,0,1
BRDA:95,11,1,3
BRDA:99,12,0,1
BRDA:99,12,1,2
BRDA:99,13,0,3
BRDA:99,13,1,2
BRDA:119,14,0,2
BRDA:119,14,1,0
BRDA:119,15,0,2
BRDA:119,15,1,2
BRDA:137,16,0,2
BRDA:137,16,1,2
BRDA:137,16,2,5
BRF:38
BRH:37
end_of_record
TN:
SF:src/utilities/helper.ts
FN:17,ReturnCode
FN:18,(anonymous_2)
FN:57,SendResponse
FN:80,(anonymous_4)
FN:83,(anonymous_5)
FN:86,(anonymous_6)
FN:88,(anonymous_7)
FN:94,(anonymous_8)
FN:97,(anonymous_9)
FN:100,(anonymous_10)
FN:103,(anonymous_11)
FN:106,(anonymous_12)
FN:113,(anonymous_13)
FN:132,(anonymous_14)
FN:148,(anonymous_15)
FN:155,(anonymous_16)
FN:180,(anonymous_17)
FN:189,(anonymous_18)
FN:196,(anonymous_19)
FN:205,(anonymous_20)
FN:228,(anonymous_21)
FN:278,(anonymous_22)
FN:284,(anonymous_23)
FN:290,(anonymous_24)
FN:295,(anonymous_25)
FN:321,(anonymous_26)
FN:331,(anonymous_27)
FN:343,(anonymous_28)
FN:345,(anonymous_29)
FN:385,(anonymous_30)
FN:421,(anonymous_31)
FN:452,(anonymous_32)
FN:463,(anonymous_33)
FN:472,(anonymous_34)
FN:475,(anonymous_35)
FN:484,(anonymous_36)
FN:491,(anonymous_37)
FN:492,(anonymous_38)
FN:500,(anonymous_39)
FN:507,(anonymous_40)
FN:517,(anonymous_41)
FN:523,(anonymous_42)
FN:541,(anonymous_43)
FN:563,(anonymous_44)
FN:564,(anonymous_45)
FN:569,(anonymous_46)
FN:575,(anonymous_47)
FN:591,(anonymous_48)
FN:600,(anonymous_49)
FN:607,(anonymous_50)
FN:630,(anonymous_51)
FN:836,(anonymous_52)
FN:840,(anonymous_53)
FN:844,(anonymous_54)
FN:850,(anonymous_55)
FN:854,(anonymous_56)
FN:858,(anonymous_57)
FN:881,(anonymous_58)
FN:902,(anonymous_59)
FN:909,(anonymous_60)
FN:910,(anonymous_61)
FN:1002,(anonymous_62)
FN:1025,(anonymous_63)
FNF:63
FNH:46
FNDA:15,ReturnCode
FNDA:14,(anonymous_2)
FNDA:4,SendResponse
FNDA:1,(anonymous_4)
FNDA:0,(anonymous_5)
FNDA:1,(anonymous_6)
FNDA:0,(anonymous_7)
FNDA:0,(anonymous_8)
FNDA:0,(anonymous_9)
FNDA:1,(anonymous_10)
FNDA:0,(anonymous_11)
FNDA:0,(anonymous_12)
FNDA:11,(anonymous_13)
FNDA:0,(anonymous_14)
FNDA:0,(anonymous_15)
FNDA:0,(anonymous_16)
FNDA:7,(anonymous_17)
FNDA:0,(anonymous_18)
FNDA:0,(anonymous_19)
FNDA:8,(anonymous_20)
FNDA:13,(anonymous_21)
FNDA:0,(anonymous_22)
FNDA:0,(anonymous_23)
FNDA:0,(anonymous_24)
FNDA:10,(anonymous_25)
FNDA:61,(anonymous_26)
FNDA:19,(anonymous_27)
FNDA:61,(anonymous_28)
FNDA:14,(anonymous_29)
FNDA:254,(anonymous_30)
FNDA:30,(anonymous_31)
FNDA:42,(anonymous_32)
FNDA:761,(anonymous_33)
FNDA:735,(anonymous_34)
FNDA:269,(anonymous_35)
FNDA:269,(anonymous_36)
FNDA:219,(anonymous_37)
FNDA:8,(anonymous_38)
FNDA:269,(anonymous_39)
FNDA:0,(anonymous_40)
FNDA:233,(anonymous_41)
FNDA:269,(anonymous_42)
FNDA:5,(anonymous_43)
FNDA:9,(anonymous_44)
FNDA:3,(anonymous_45)
FNDA:5,(anonymous_46)
FNDA:31,(anonymous_47)
FNDA:17,(anonymous_48)
FNDA:19,(anonymous_49)
FNDA:7,(anonymous_50)
FNDA:22,(anonymous_51)
FNDA:7,(anonymous_52)
FNDA:0,(anonymous_53)
FNDA:8,(anonymous_54)
FNDA:4,(anonymous_55)
FNDA:0,(anonymous_56)
FNDA:4,(anonymous_57)
FNDA:19,(anonymous_58)
FNDA:50,(anonymous_59)
FNDA:33,(anonymous_60)
FNDA:33,(anonymous_61)
FNDA:14,(anonymous_62)
FNDA:28,(anonymous_63)
DA:1,23
DA:2,23
DA:3,23
DA:17,23
DA:18,15
DA:20,15
DA:22,15
DA:24,5
DA:25,5
DA:27,0
DA:28,0
DA:30,1
DA:31,1
DA:33,4
DA:34,4
DA:36,1
DA:37,1
DA:39,0
DA:40,0
DA:42,3
DA:43,3
DA:45,0
DA:46,0
DA:48,1
DA:49,1
DA:51,0
DA:54,14
DA:57,23
DA:63,4
DA:65,4
DA:66,1
DA:69,3
DA:70,2
DA:76,1
DA:80,23
DA:81,1
DA:83,23
DA:84,0
DA:86,23
DA:88,23
DA:92,0
DA:94,23
DA:95,0
DA:97,23
DA:98,0
DA:100,23
DA:101,1
DA:103,23
DA:104,0
DA:106,23
DA:107,0
DA:113,23
DA:114,11
DA:116,11
DA:117,11
DA:119,11
DA:120,11
DA:121,11
DA:123,11
DA:132,23
DA:133,0
DA:134,0
DA:137,0
DA:142,0
DA:145,0
DA:147,0
DA:148,0
DA:152,0
DA:153,0
DA:154,0
DA:155,0
DA:158,0
DA:162,0
DA:163,0
DA:166,0
DA:167,0
DA:170,0
DA:171,0
DA:173,0
DA:177,0
DA:180,23
DA:181,7
DA:182,7
DA:183,7
DA:184,5
DA:186,2
DA:189,23
DA:190,0
DA:191,0
DA:193,0
DA:196,23
DA:197,0
DA:199,0
DA:200,0
DA:202,0
DA:205,23
DA:210,8
DA:219,8
DA:228,23
DA:237,13
DA:239,13
DA:240,4
DA:241,4
DA:245,9
DA:246,9
DA:247,1
DA:248,1
DA:252,8
DA:257,4
DA:259,4
DA:260,2
DA:263,2
DA:264,2
DA:267,0
DA:268,0
DA:272,0
DA:274,4
DA:278,23
DA:279,0
DA:280,0
DA:281,0
DA:284,23
DA:285,0
DA:286,0
DA:287,0
DA:290,23
DA:291,0
DA:292,0
DA:295,23
DA:296,10
DA:298,9
DA:300,9
DA:302,9
DA:305,9
DA:306,61
DA:308,61
DA:310,60
DA:311,40
DA:313,40
DA:314,23
DA:317,40
DA:321,9
DA:322,61
DA:325,60
DA:326,60
DA:328,60
DA:329,60
DA:331,21
DA:332,19
DA:333,19
DA:334,19
DA:337,21
DA:338,38
DA:343,61
DA:345,9
DA:346,14
DA:347,14
DA:348,14
DA:351,9
DA:352,20
DA:353,20
DA:358,9
DA:359,61
DA:361,61
DA:362,3
DA:366,9
DA:379,23
DA:385,23
DA:390,254
DA:391,254
DA:392,254
DA:394,254
DA:396,1598
DA:401,1598
DA:402,1598
DA:405,1598
DA:410,1598
DA:411,1597
DA:412,1597
DA:415,254
DA:421,23
DA:425,30
DA:428,29
DA:429,29
DA:430,29
DA:431,247
DA:432,247
DA:435,29
DA:436,29
DA:437,247
DA:438,247
DA:440,2
DA:443,2
DA:447,29
DA:452,23
DA:459,42
DA:461,39
DA:463,39
DA:464,761
DA:465,669
DA:466,669
DA:467,0
DA:468,0
DA:469,0
DA:472,39
DA:473,735
DA:475,39
DA:476,269
DA:480,39
DA:484,39
DA:485,269
DA:486,269
DA:487,223
DA:488,223
DA:491,39
DA:492,219
DA:493,8
DA:494,8
DA:498,39
DA:500,39
DA:501,269
DA:503,223
DA:505,223
DA:508,0
DA:514,223
DA:516,223
DA:517,233
DA:520,223
DA:523,39
DA:524,269
DA:525,269
DA:527,269
DA:528,269
DA:532,269
DA:541,23
DA:542,5
DA:543,5
DA:544,5
DA:546,5
DA:551,0
DA:554,5
DA:557,5
DA:558,0
DA:561,5
DA:562,3
DA:563,9
DA:564,3
DA:566,3
DA:569,5
DA:570,2
DA:572,2
DA:575,23
DA:576,31
DA:581,15
DA:584,16
DA:585,7
DA:586,7
DA:588,7
DA:590,5
DA:592,17
DA:593,6
DA:597,5
DA:599,9
DA:600,19
DA:607,23
DA:611,7
DA:612,7
DA:613,7
DA:614,7
DA:615,56
DA:616,48
DA:617,8
DA:618,8
DA:619,7
DA:623,0
DA:630,23
DA:631,22
DA:633,20
DA:666,20
DA:701,20
DA:773,20
DA:776,20
DA:777,2
DA:778,2
DA:779,2
DA:780,2
DA:781,2
DA:782,2
DA:784,2
DA:785,2
DA:786,2
DA:788,2
DA:795,20
DA:796,3
DA:797,3
DA:798,3
DA:800,3
DA:801,1
DA:802,1
DA:803,2
DA:804,0
DA:805,0
DA:806,0
DA:807,0
DA:811,3
DA:812,3
DA:814,3
DA:815,3
DA:817,3
DA:824,20
DA:825,1320
DA:829,20
DA:830,20
DA:831,20
DA:834,20
DA:837,7
DA:838,7
DA:840,0
DA:842,7
DA:844,8
DA:850,20
DA:851,4
DA:852,4
DA:854,0
DA:856,4
DA:858,4
DA:863,20
DA:869,20
DA:872,20
DA:873,20
DA:874,20
DA:876,20
DA:881,23
DA:884,19
DA:885,2
DA:888,17
DA:889,0
DA:892,17
DA:895,17
DA:902,23
DA:903,50
DA:904,20
DA:907,30
DA:908,27
DA:909,33
DA:910,33
DA:913,27
DA:916,11
DA:920,12
DA:924,1
DA:928,1
DA:931,2
DA:934,0
DA:937,0
DA:940,0
DA:943,0
DA:947,0
DA:950,0
DA:955,3
DA:957,1
DA:960,0
DA:967,2
DA:970,0
DA:971,0
DA:972,0
DA:976,0
DA:977,0
DA:980,0
DA:983,0
DA:984,0
DA:986,0
DA:1002,23
DA:1003,14
DA:1004,1
DA:1005,1
DA:1008,13
DA:1010,13
DA:1011,2
DA:1014,13
DA:1025,23
DA:1030,28
DA:1036,5
DA:1037,5
DA:1040,23
DA:1044,23
DA:1046,7
DA:1047,7
DA:1049,7
DA:1050,3
DA:1051,3
DA:1055,16
DA:1057,16
DA:1060,16
DA:1061,2
DA:1062,2
DA:1066,18
DA:1068,18
DA:1069,5
DA:1075,18
DA:1077,0
DA:1078,0
LF:401
LH:318
BRDA:22,0,0,5
BRDA:22,0,1,0
BRDA:22,0,2,1
BRDA:22,0,3,4
BRDA:22,0,4,1
BRDA:22,0,5,0
BRDA:22,0,6,3
BRDA:22,0,7,0
BRDA:22,0,8,1
BRDA:22,0,9,0
BRDA:54,1,0,14
BRDA:54,1,1,3
BRDA:65,2,0,1
BRDA:65,2,1,3
BRDA:69,3,0,2
BRDA:69,3,1,1
BRDA:114,4,0,0
BRDA:114,4,1,11
BRDA:117,5,0,0
BRDA:117,5,1,11
BRDA:133,6,0,0
BRDA:133,6,1,0
BRDA:133,7,0,0
BRDA:133,7,1,0
BRDA:133,7,2,0
BRDA:137,8,0,0
BRDA:137,8,1,0
BRDA:138,9,0,0
BRDA:138,9,1,0
BRDA:138,9,2,0
BRDA:145,10,0,0
BRDA:145,10,1,0
BRDA:147,11,0,0
BRDA:147,11,1,0
BRDA:152,12,0,0
BRDA:152,12,1,0
BRDA:152,13,0,0
BRDA:152,13,1,0
BRDA:153,14,0,0
BRDA:153,14,1,0
BRDA:153,15,0,0
BRDA:153,15,1,0
BRDA:162,16,0,0
BRDA:162,16,1,0
BRDA:162,17,0,0
BRDA:162,17,1,0
BRDA:166,18,0,0
BRDA:166,18,1,0
BRDA:183,19,0,5
BRDA:183,19,1,2
BRDA:183,20,0,7
BRDA:183,20,1,5
BRDA:183,20,2,3
BRDA:197,21,0,0
BRDA:197,21,1,0
BRDA:212,22,0,8
BRDA:212,22,1,5
BRDA:212,22,2,0
BRDA:231,23,0,11
BRDA:239,24,0,4
BRDA:239,24,1,9
BRDA:239,25,0,13
BRDA:239,25,1,10
BRDA:239,25,2,10
BRDA:245,26,0,9
BRDA:245,26,1,7
BRDA:246,27,0,1
BRDA:246,27,1,8
BRDA:259,28,0,2
BRDA:259,28,1,2
BRDA:263,29,0,2
BRDA:263,29,1,0
BRDA:267,30,0,0
BRDA:267,30,1,0
BRDA:296,31,0,1
BRDA:296,31,1,9
BRDA:308,32,0,1
BRDA:308,32,1,60
BRDA:310,33,0,40
BRDA:310,33,1,20
BRDA:313,34,0,23
BRDA:313,34,1,17
BRDA:322,35,0,1
BRDA:322,35,1,60
BRDA:322,36,0,61
BRDA:322,36,1,61
BRDA:329,37,0,21
BRDA:329,37,1,39
BRDA:329,38,0,60
BRDA:329,38,1,21
BRDA:332,39,0,19
BRDA:332,39,1,4
BRDA:333,40,0,19
BRDA:333,40,1,5
BRDA:343,41,0,61
BRDA:343,41,1,60
BRDA:346,42,0,14
BRDA:346,42,1,0
BRDA:347,43,0,14
BRDA:347,43,1,0
BRDA:352,44,0,20
BRDA:352,44,1,0
BRDA:361,45,0,3
BRDA:361,45,1,58
BRDA:361,46,0,61
BRDA:361,46,1,60
BRDA:396,47,0,1598
BRDA:396,47,1,0
BRDA:397,48,0,0
BRDA:397,48,1,0
BRDA:401,49,0,0
BRDA:401,49,1,1598
BRDA:401,50,0,1598
BRDA:401,50,1,1598
BRDA:405,51,0,1598
BRDA:405,51,1,1
BRDA:405,52,0,1598
BRDA:405,52,1,0
BRDA:406,53,0,1
BRDA:406,53,1,0
BRDA:410,54,0,1
BRDA:410,54,1,1597
BRDA:423,55,0,24
BRDA:425,56,0,1
BRDA:425,56,1,29
BRDA:425,57,0,30
BRDA:425,57,1,30
BRDA:431,58,0,247
BRDA:431,58,1,0
BRDA:432,59,0,247
BRDA:432,59,1,0
BRDA:438,60,0,2
BRDA:438,60,1,245
BRDA:440,61,0,2
BRDA:440,61,1,0
BRDA:442,62,0,0
BRDA:442,62,1,0
BRDA:447,63,0,2
BRDA:447,63,1,27
BRDA:459,64,0,3
BRDA:459,64,1,39
BRDA:459,65,0,42
BRDA:459,65,1,42
BRDA:464,66,0,92
BRDA:464,66,1,669
BRDA:465,67,0,669
BRDA:465,67,1,0
BRDA:467,68,0,0
BRDA:467,68,1,0
BRDA:473,69,0,735
BRDA:473,69,1,0
BRDA:476,70,0,269
BRDA:476,70,1,223
BRDA:476,70,2,0
BRDA:486,71,0,223
BRDA:486,71,1,46
BRDA:487,72,0,219
BRDA:487,72,1,4
BRDA:493,73,0,8
BRDA:493,73,1,0
BRDA:493,74,0,8
BRDA:493,74,1,0
BRDA:494,75,0,7
BRDA:494,75,1,1
BRDA:498,76,0,39
BRDA:498,76,1,33
BRDA:501,77,0,46
BRDA:501,77,1,223
BRDA:505,78,0,223
BRDA:505,78,1,0
BRDA:505,78,2,0
BRDA:508,79,0,0
BRDA:508,79,1,0
BRDA:508,79,2,0
BRDA:514,80,0,223
BRDA:514,80,1,0
BRDA:528,81,0,223
BRDA:528,81,1,46
BRDA:546,82,0,0
BRDA:546,82,1,5
BRDA:547,83,0,5
BRDA:547,83,1,2
BRDA:547,83,2,0
BRDA:557,84,0,0
BRDA:557,84,1,5
BRDA:557,85,0,5
BRDA:557,85,1,5
BRDA:561,86,0,3
BRDA:561,86,1,2
BRDA:561,87,0,5
BRDA:561,87,1,3
BRDA:570,88,0,2
BRDA:570,88,1,1
BRDA:576,89,0,15
BRDA:576,89,1,16
BRDA:577,90,0,31
BRDA:577,90,1,24
BRDA:577,90,2,18
BRDA:584,91,0,7
BRDA:584,91,1,9
BRDA:588,92,0,2
BRDA:588,92,1,5
BRDA:588,93,0,7
BRDA:588,93,1,7
BRDA:588,93,2,6
BRDA:592,94,0,6
BRDA:592,94,1,11
BRDA:611,95,0,0
BRDA:611,95,1,7
BRDA:615,96,0,8
BRDA:615,96,1,48
BRDA:616,97,0,8
BRDA:616,97,1,40
BRDA:618,98,0,7
BRDA:618,98,1,1
BRDA:631,99,0,2
BRDA:631,99,1,20
BRDA:631,100,0,22
BRDA:631,100,1,20
BRDA:780,101,0,0
BRDA:780,101,1,2
BRDA:782,102,0,0
BRDA:782,102,1,2
BRDA:800,103,0,1
BRDA:800,103,1,2
BRDA:803,104,0,0
BRDA:803,104,1,2
BRDA:805,105,0,0
BRDA:805,105,1,0
BRDA:812,106,0,0
BRDA:812,106,1,3
BRDA:837,107,0,7
BRDA:837,107,1,5
BRDA:837,107,2,0
BRDA:840,108,0,0
BRDA:840,108,1,0
BRDA:844,109,0,8
BRDA:844,109,1,1
BRDA:851,110,0,4
BRDA:851,110,1,3
BRDA:851,110,2,0
BRDA:854,111,0,0
BRDA:854,111,1,0
BRDA:858,112,0,4
BRDA:858,112,1,0
BRDA:884,113,0,2
BRDA:884,113,1,17
BRDA:888,114,0,0
BRDA:888,114,1,17
BRDA:903,115,0,20
BRDA:903,115,1,30
BRDA:903,116,0,50
BRDA:903,116,1,20
BRDA:907,117,0,27
BRDA:907,117,1,3
BRDA:907,118,0,30
BRDA:907,118,1,27
BRDA:913,119,0,11
BRDA:913,119,1,12
BRDA:913,119,2,1
BRDA:913,119,3,1
BRDA:913,119,4,1
BRDA:913,119,5,2
BRDA:913,119,6,0
BRDA:913,119,7,0
BRDA:913,119,8,0
BRDA:913,119,9,0
BRDA:913,119,10,0
BRDA:913,119,11,0
BRDA:913,119,12,0
BRDA:955,120,0,1
BRDA:955,120,1,0
BRDA:955,120,2,1
BRDA:955,120,3,2
BRDA:955,120,4,2
BRDA:955,120,5,2
BRDA:955,120,6,2
BRDA:955,120,7,0
BRDA:955,120,8,0
BRDA:955,120,9,0
BRDA:955,120,10,0
BRDA:967,121,0,2
BRDA:967,121,1,0
BRDA:970,122,0,0
BRDA:970,122,1,0
BRDA:971,123,0,0
BRDA:971,123,1,0
BRDA:972,124,0,0
BRDA:972,124,1,0
BRDA:976,125,0,0
BRDA:976,125,1,0
BRDA:976,125,2,0
BRDA:980,126,0,0
BRDA:980,126,1,0
BRDA:983,127,0,0
BRDA:983,127,1,0
BRDA:1003,128,0,1
BRDA:1003,128,1,13
BRDA:1003,129,0,14
BRDA:1003,129,1,14
BRDA:1010,130,0,2
BRDA:1010,130,1,11
BRDA:1030,131,0,5
BRDA:1030,131,1,23
BRDA:1031,132,0,28
BRDA:1031,132,1,26
BRDA:1031,132,2,25
BRDA:1031,132,3,24
BRDA:1044,133,0,7
BRDA:1044,133,1,16
BRDA:1049,134,0,3
BRDA:1049,134,1,4
BRDA:1049,135,0,7
BRDA:1049,135,1,5
BRDA:1056,136,0,5
BRDA:1056,136,1,11
BRDA:1058,137,0,5
BRDA:1058,137,1,11
BRDA:1060,138,0,2
BRDA:1060,138,1,14
BRDA:1060,139,0,16
BRDA:1060,139,1,15
BRDA:1068,140,0,5
BRDA:1068,140,1,13
BRF:324
BRH:213
end_of_record
TN:
SF:src/utilities/mockdata.ts
FN:13,(anonymous_0)
FN:17,(anonymous_1)
FN:30,(anonymous_2)
FN:31,(anonymous_3)
FN:38,(anonymous_4)
FN:65,(anonymous_5)
FN:90,(anonymous_6)
FN:107,(anonymous_7)
FN:131,(anonymous_8)
FN:154,(anonymous_9)
FN:176,(anonymous_10)
FN:200,(anonymous_11)
FN:228,(anonymous_12)
FN:251,(anonymous_13)
FN:276,(anonymous_14)
FN:287,(anonymous_15)
FN:296,(anonymous_16)
FN:321,(anonymous_17)
FN:427,(anonymous_18)
FN:459,(anonymous_19)
FNF:20
FNH:19
FNDA:9209,(anonymous_0)
FNDA:9737,(anonymous_1)
FNDA:8017,(anonymous_2)
FNDA:32055,(anonymous_3)
FNDA:6948,(anonymous_4)
FNDA:524,(anonymous_5)
FNDA:213,(anonymous_6)
FNDA:231,(anonymous_7)
FNDA:507,(anonymous_8)
FNDA:513,(anonymous_9)
FNDA:22,(anonymous_10)
FNDA:5,(anonymous_11)
FNDA:9,(anonymous_12)
FNDA:229,(anonymous_13)
FNDA:10,(anonymous_14)
FNDA:41,(anonymous_15)
FNDA:41,(anonymous_16)
FNDA:53,(anonymous_17)
FNDA:0,(anonymous_18)
FNDA:4,(anonymous_19)
DA:1,8
DA:2,8
DA:12,8
DA:14,9209
DA:18,9737
DA:31,32055
DA:41,6948
DA:42,6948
DA:66,524
DA:67,524
DA:91,213
DA:110,231
DA:132,507
DA:155,513
DA:179,22
DA:201,5
DA:229,9
DA:230,9
DA:252,229
DA:285,10
DA:287,41
DA:293,10
DA:297,41
DA:338,53
DA:339,53
DA:340,53
DA:341,53
DA:343,53
DA:345,53
DA:346,530
DA:347,530
DA:348,530
DA:351,530
DA:362,530
DA:363,477
DA:374,530
DA:376,530
DA:403,530
DA:404,530
DA:407,53
DA:428,0
DA:430,0
DA:434,0
DA:435,0
DA:436,0
DA:437,0
DA:438,0
DA:439,0
DA:440,0
DA:441,0
DA:442,0
DA:444,0
DA:463,4
LF:53
LH:41
BRDA:17,0,0,0
BRDA:30,1,0,0
BRDA:290,2,0,0
BRDA:290,2,1,41
BRDA:301,3,0,41
BRDA:301,3,1,0
BRDA:321,4,0,0
BRDA:322,5,0,0
BRDA:324,6,0,50
BRDA:325,7,0,53
BRDA:326,8,0,52
BRDA:328,9,0,53
BRDA:340,10,0,53
BRDA:340,10,1,0
BRDA:351,11,0,477
BRDA:351,11,1,53
BRDA:357,12,0,52
BRDA:357,12,1,425
BRDA:357,13,0,52
BRDA:357,13,1,52
BRDA:362,14,0,477
BRDA:362,14,1,53
BRDA:364,15,0,477
BRDA:364,15,1,0
BRDA:374,16,0,530
BRDA:374,16,1,530
BRDA:380,17,0,0
BRDA:380,17,1,530
BRDA:382,18,0,53
BRDA:382,18,1,477
BRDA:396,19,0,53
BRDA:396,19,1,477
BRDA:396,20,0,53
BRDA:396,20,1,53
BRF:34
BRH:25
end_of_record
TN:
SF:src/utilities/removalEmail.ts
FN:11,(anonymous_1)
FN:297,(anonymous_2)
FNF:2
FNH:0
FNDA:0,(anonymous_1)
FNDA:0,(anonymous_2)
DA:1,1
DA:11,1
DA:18,0
DA:19,0
DA:21,0
DA:22,0
DA:24,0
DA:26,0
DA:277,0
DA:278,0
DA:280,0
DA:282,0
DA:283,0
DA:297,1
DA:304,0
DA:306,0
DA:307,0
DA:308,0
DA:316,0
DA:322,0
DA:330,0
DA:333,1
LF:22
LH:4
BRDA:21,0,0,0
BRDA:21,0,1,0
BRDA:21,0,2,0
BRDA:232,1,0,0
BRDA:232,1,1,0
BRF:5
BRH:0
end_of_record
TN:
SF:src/utilities/respondentUtils.ts
FN:6,(anonymous_0)
FN:12,(anonymous_1)
FN:48,(anonymous_2)
FNF:3
FNH:2
FNDA:0,(anonymous_0)
FNDA:6,(anonymous_1)
FNDA:6,(anonymous_2)
DA:6,2
DA:7,0
DA:8,0
DA:9,0
DA:12,2
DA:18,6
DA:19,6
DA:22,0
DA:23,0
DA:26,0
DA:27,0
DA:28,0
DA:29,0
DA:33,0
DA:34,0
DA:35,0
DA:36,0
DA:40,0
DA:48,2
DA:56,6
LF:20
LH:6
BRDA:7,0,0,0
BRDA:7,0,1,0
BRDA:7,1,0,0
BRDA:7,1,1,0
BRDA:9,2,0,0
BRDA:9,2,1,0
BRDA:18,3,0,6
BRDA:18,3,1,0
BRDA:18,4,0,6
BRDA:18,4,1,6
BRDA:22,5,0,0
BRDA:22,5,1,0
BRDA:22,6,0,0
BRDA:22,6,1,0
BRDA:26,7,0,0
BRDA:26,7,1,0
BRDA:28,8,0,0
BRDA:28,8,1,0
BRDA:33,9,0,0
BRDA:33,9,1,0
BRDA:35,10,0,0
BRDA:35,10,1,0
BRF:22
BRH:3
end_of_record
TN:
SF:src/utilities/scoreHelper.ts
FN:26,(anonymous_0)
FN:30,(anonymous_1)
FN:44,(anonymous_2)
FN:65,(anonymous_3)
FN:75,(anonymous_4)
FNF:5
FNH:5
FNDA:13538,(anonymous_0)
FNDA:13538,(anonymous_1)
FNDA:7576,(anonymous_2)
FNDA:22,(anonymous_3)
FNDA:7576,(anonymous_4)
DA:1,7
DA:4,7
DA:16,7
DA:22,7
DA:26,7
DA:27,13538
DA:30,7
DA:32,13538
DA:33,2
DA:37,13536
DA:38,205
DA:41,13331
DA:44,7
DA:45,7576
DA:46,204
DA:50,7372
DA:51,453
DA:56,6919
DA:65,7
DA:75,7576
DA:76,22
DA:77,22
DA:79,22
LF:23
LH:23
BRDA:27,0,0,13538
BRDA:27,0,1,709
BRDA:32,1,0,2
BRDA:32,1,1,13536
BRDA:37,2,0,205
BRDA:37,2,1,13331
BRDA:45,3,0,204
BRDA:45,3,1,7372
BRDA:50,4,0,453
BRDA:50,4,1,6919
BRDA:52,5,0,453
BRDA:52,5,1,202
BRDA:52,5,2,202
BRDA:75,6,0,7576
BRDA:75,6,1,6869
BRDA:81,7,0,22
BRDA:81,7,1,18
BRF:17
BRH:17
end_of_record
TN:
SF:src/utilities/sessionCache.ts
FN:18,(anonymous_0)
FN:38,(anonymous_1)
FN:56,(anonymous_2)
FN:63,(anonymous_3)
FN:70,(anonymous_4)
FN:81,(anonymous_5)
FN:101,(anonymous_6)
FNF:7
FNH:6
FNDA:9,(anonymous_0)
FNDA:1008,(anonymous_1)
FNDA:1,(anonymous_2)
FNDA:1,(anonymous_3)
FNDA:5,(anonymous_4)
FNDA:2,(anonymous_5)
FNDA:0,(anonymous_6)
DA:10,2
DA:11,6
DA:12,6
DA:13,6
DA:19,9
DA:21,9
DA:22,6
DA:26,3
DA:27,3
DA:28,1
DA:29,1
DA:32,2
DA:39,1008
DA:41,1
DA:42,1
DA:43,1
DA:47,1008
DA:57,1
DA:64,1
DA:71,5
DA:82,2
DA:83,2
DA:85,2
DA:86,3
DA:87,2
DA:88,2
DA:92,2
DA:97,2
DA:100,2
DA:102,0
DA:103,0
DA:104,0
DA:110,2
LF:33
LH:30
BRDA:21,0,0,6
BRDA:21,0,1,3
BRDA:27,1,0,1
BRDA:27,1,1,2
BRDA:39,2,0,1
BRDA:39,2,1,1007
BRDA:42,3,0,1
BRDA:42,3,1,0
BRDA:86,4,0,2
BRDA:86,4,1,1
BRDA:103,5,0,0
BRDA:103,5,1,0
BRF:12
BRH:9
end_of_record
TN:
SF:src/utilities/EmailTemplate/CollarboratorEmail.ts
FN:29,generateCollaboratorInviteEmail
FN:100,generateOwnershipTransferEmail
FN:177,generateCollaboratorReminderEmail
FNF:3
FNH:0
FNDA:0,generateCollaboratorInviteEmail
FNDA:0,generateOwnershipTransferEmail
FNDA:0,generateCollaboratorReminderEmail
DA:1,1
DA:29,1
DA:32,0
DA:35,0
DA:37,0
DA:100,1
DA:103,0
DA:105,0
DA:177,1
DA:180,0
DA:182,0
LF:11
LH:4
BRDA:35,0,0,0
BRDA:35,0,1,0
BRF:2
BRH:0
end_of_record
TN:
SF:src/utilities/EmailTemplate/SendResponseEmail.ts
FN:5,(anonymous_0)
FN:17,(anonymous_1)
FNF:2
FNH:0
FNDA:0,(anonymous_0)
FNDA:0,(anonymous_1)
DA:3,1
DA:5,1
DA:9,0
DA:10,0
DA:14,0
DA:16,0
DA:17,0
DA:18,0
DA:19,0
DA:21,0
DA:22,0
DA:23,0
DA:25,0
DA:29,0
DA:30,0
DA:33,0
DA:34,0
DA:36,0
DA:38,0
DA:40,0
DA:41,0
DA:43,0
DA:45,0
DA:47,0
DA:52,0
DA:55,0
DA:58,0
DA:60,0
DA:62,0
DA:64,0
DA:69,0
DA:71,0
DA:73,0
DA:75,0
DA:80,0
DA:82,0
DA:93,0
LF:37
LH:2
BRDA:10,0,0,0
BRDA:10,0,1,0
BRDA:16,1,0,0
BRDA:16,1,1,0
BRDA:16,2,0,0
BRDA:16,2,1,0
BRDA:19,3,0,0
BRDA:19,3,1,0
BRDA:21,4,0,0
BRDA:21,4,1,0
BRDA:25,5,0,0
BRDA:25,5,1,0
BRDA:25,5,2,0
BRDA:25,5,3,0
BRDA:25,5,4,0
BRDA:25,5,5,0
BRDA:25,5,6,0
BRDA:25,5,7,0
BRDA:25,5,8,0
BRDA:29,6,0,0
BRDA:29,6,1,0
BRDA:33,7,0,0
BRDA:33,7,1,0
BRDA:36,8,0,0
BRDA:36,8,1,0
BRDA:40,9,0,0
BRDA:40,9,1,0
BRDA:47,10,0,0
BRDA:47,10,1,0
BRDA:48,11,0,0
BRDA:48,11,1,0
BRDA:48,11,2,0
BRDA:64,12,0,0
BRDA:64,12,1,0
BRDA:65,13,0,0
BRDA:65,13,1,0
BRDA:65,13,2,0
BRDA:76,14,0,0
BRDA:76,14,1,0
BRDA:80,15,0,0
BRDA:80,15,1,0
BRDA:149,16,0,0
BRDA:149,16,1,0
BRDA:150,17,0,0
BRDA:150,17,1,0
BRDA:151,18,0,0
BRDA:151,18,1,0
BRDA:154,19,0,0
BRDA:154,19,1,0
BRDA:162,20,0,0
BRDA:162,20,1,0
BRF:51
BRH:0
end_of_record
