TN:
SF:src/model/Content.model.ts
FN:6,(anonymous_0)
FN:231,(anonymous_1)
FN:239,(anonymous_2)
FN:240,(anonymous_3)
FN:254,(anonymous_4)
FN:267,(anonymous_5)
FN:268,(anonymous_6)
FNF:7
FNH:1
FNDA:7,(anonymous_0)
FNDA:0,(anonymous_1)
FNDA:0,(anonymous_2)
FNDA:0,(anonymous_3)
FNDA:0,(anonymous_4)
FNDA:0,(anonymous_5)
FNDA:0,(anonymous_6)
DA:1,7
DA:4,7
DA:6,7
DA:7,7
DA:8,7
DA:9,7
DA:10,7
DA:11,7
DA:12,7
DA:13,7
DA:14,7
DA:15,7
DA:16,7
DA:79,7
DA:90,7
DA:101,7
DA:117,7
DA:143,7
DA:156,7
DA:231,7
DA:232,0
DA:233,0
DA:236,0
DA:238,0
DA:239,0
DA:241,0
DA:245,0
DA:247,0
DA:249,0
DA:254,7
DA:255,0
DA:256,0
DA:257,0
DA:259,0
DA:260,0
DA:266,0
DA:267,0
DA:269,0
DA:272,0
DA:277,0
DA:279,0
DA:284,7
DA:285,7
DA:287,7
DA:289,7
LF:45
LH:25
BRDA:6,0,0,7
BRDA:6,0,1,7
BRDA:241,1,0,0
BRDA:241,1,1,0
BRDA:242,2,0,0
BRDA:242,2,1,0
BRDA:242,3,0,0
BRDA:242,3,1,0
BRDA:259,4,0,0
BRDA:259,4,1,0
BRDA:269,5,0,0
BRDA:269,5,1,0
BRF:12
BRH:2
end_of_record
TN:
SF:src/model/Form.model.ts
FN:7,(anonymous_1)
FN:12,(anonymous_2)
FN:17,(anonymous_3)
FN:22,(anonymous_4)
FN:28,(anonymous_5)
FN:232,(anonymous_6)
FNF:6
FNH:5
FNDA:1,(anonymous_1)
FNDA:1,(anonymous_2)
FNDA:1,(anonymous_3)
FNDA:1,(anonymous_4)
FNDA:1,(anonymous_5)
FNDA:0,(anonymous_6)
DA:1,1
DA:2,1
DA:4,1
DA:7,1
DA:8,1
DA:9,1
DA:12,1
DA:13,1
DA:14,1
DA:17,1
DA:18,1
DA:19,1
DA:22,1
DA:23,1
DA:24,1
DA:25,1
DA:28,1
DA:29,1
DA:30,1
DA:31,1
DA:32,1
DA:87,1
DA:129,1
DA:145,1
DA:168,1
DA:224,1
DA:225,1
DA:226,1
DA:227,1
DA:228,1
DA:229,1
DA:232,1
DA:233,0
DA:234,0
DA:235,0
DA:238,1
DA:240,1
DA:242,1
LF:38
LH:35
BRDA:7,0,0,1
BRDA:7,0,1,1
BRDA:12,1,0,1
BRDA:12,1,1,1
BRDA:17,2,0,1
BRDA:17,2,1,1
BRDA:22,3,0,1
BRDA:22,3,1,1
BRDA:28,4,0,1
BRDA:28,4,1,1
BRF:10
BRH:10
end_of_record
TN:
SF:src/model/Response.model.ts
FN:27,(anonymous_0)
FN:32,(anonymous_1)
FN:88,(anonymous_2)
FN:149,(anonymous_3)
FN:236,(anonymous_4)
FN:238,(anonymous_5)
FNF:6
FNH:3
FNDA:1,(anonymous_0)
FNDA:1,(anonymous_1)
FNDA:1,(anonymous_2)
FNDA:0,(anonymous_3)
FNDA:0,(anonymous_4)
FNDA:0,(anonymous_5)
DA:1,1
DA:27,1
DA:28,1
DA:29,1
DA:32,1
DA:33,1
DA:34,1
DA:35,1
DA:36,1
DA:37,1
DA:38,1
DA:39,1
DA:88,1
DA:89,1
DA:90,1
DA:91,1
DA:105,1
DA:132,1
DA:149,0
DA:226,1
DA:227,1
DA:228,1
DA:229,1
DA:231,1
DA:232,1
DA:233,1
DA:236,1
DA:237,0
DA:238,0
DA:239,0
DA:242,0
DA:245,1
DA:247,1
LF:33
LH:28
BRDA:27,0,0,1
BRDA:27,0,1,1
BRDA:32,1,0,1
BRDA:32,1,1,1
BRDA:88,2,0,1
BRDA:88,2,1,1
BRDA:237,3,0,0
BRDA:237,3,1,0
BRDA:237,4,0,0
BRDA:237,4,1,0
BRDA:239,5,0,0
BRDA:239,5,1,0
BRF:12
BRH:6
end_of_record
TN:
SF:src/model/User.model.ts
FN:3,(anonymous_0)
FNF:1
FNH:1
FNDA:1,(anonymous_0)
DA:1,1
DA:3,1
DA:4,1
DA:5,1
DA:17,1
DA:43,1
DA:45,1
LF:7
LH:7
BRDA:3,0,0,1
BRDA:3,0,1,1
BRF:2
BRH:2
end_of_record
TN:
SF:src/services/EmailService.ts
FN:72,(anonymous_1)
FN:83,(anonymous_2)
FN:101,(anonymous_3)
FN:162,(anonymous_4)
FN:392,(anonymous_5)
FN:492,(anonymous_6)
FN:504,(anonymous_7)
FN:552,(anonymous_8)
FN:564,(anonymous_9)
FN:571,(anonymous_10)
FN:572,(anonymous_11)
FN:574,(anonymous_12)
FN:582,(anonymous_13)
FN:600,(anonymous_14)
FN:606,(anonymous_15)
FN:609,(anonymous_16)
FN:616,(anonymous_17)
FN:798,(anonymous_18)
FN:937,(anonymous_19)
FN:945,(anonymous_20)
FN:948,(anonymous_21)
FN:955,(anonymous_22)
FNF:22
FNH:0
FNDA:0,(anonymous_1)
FNDA:0,(anonymous_2)
FNDA:0,(anonymous_3)
FNDA:0,(anonymous_4)
FNDA:0,(anonymous_5)
FNDA:0,(anonymous_6)
FNDA:0,(anonymous_7)
FNDA:0,(anonymous_8)
FNDA:0,(anonymous_9)
FNDA:0,(anonymous_10)
FNDA:0,(anonymous_11)
FNDA:0,(anonymous_12)
FNDA:0,(anonymous_13)
FNDA:0,(anonymous_14)
FNDA:0,(anonymous_15)
FNDA:0,(anonymous_16)
FNDA:0,(anonymous_17)
FNDA:0,(anonymous_18)
FNDA:0,(anonymous_19)
FNDA:0,(anonymous_20)
FNDA:0,(anonymous_21)
FNDA:0,(anonymous_22)
DA:1,1
DA:2,1
DA:73,0
DA:84,0
DA:85,0
DA:92,0
DA:93,0
DA:95,0
DA:96,0
DA:102,0
DA:104,0
DA:154,0
DA:164,0
DA:167,0
DA:171,0
DA:393,0
DA:395,0
DA:397,0
DA:484,0
DA:493,0
DA:504,0
DA:507,0
DA:508,0
DA:514,0
DA:515,0
DA:521,0
DA:522,0
DA:528,0
DA:529,0
DA:535,0
DA:536,0
DA:542,0
DA:550,0
DA:552,0
DA:555,0
DA:557,0
DA:558,0
DA:562,0
DA:563,0
DA:564,0
DA:565,0
DA:569,0
DA:570,0
DA:571,0
DA:572,0
DA:573,0
DA:574,0
DA:578,0
DA:579,0
DA:580,0
DA:581,0
DA:582,0
DA:585,0
DA:590,0
DA:591,0
DA:592,0
DA:594,0
DA:597,0
DA:600,0
DA:603,0
DA:605,0
DA:606,0
DA:607,0
DA:608,0
DA:609,0
DA:614,0
DA:615,0
DA:616,0
DA:620,0
DA:621,0
DA:624,0
DA:627,0
DA:799,0
DA:800,0
DA:802,0
DA:804,0
DA:811,0
DA:818,0
DA:826,0
DA:928,0
DA:938,0
DA:945,0
DA:949,0
DA:950,0
DA:952,0
DA:956,0
DA:957,0
DA:960,0
DA:961,0
DA:966,0
DA:967,0
DA:970,0
DA:974,1
LF:93
LH:3
BRDA:139,0,0,0
BRDA:139,0,1,0
BRDA:164,1,0,0
BRDA:164,1,1,0
BRDA:167,2,0,0
BRDA:167,2,1,0
BRDA:373,3,0,0
BRDA:373,3,1,0
BRDA:378,4,0,0
BRDA:378,4,1,0
BRDA:385,5,0,0
BRDA:385,5,1,0
BRDA:385,6,0,0
BRDA:385,6,1,0
BRDA:395,7,0,0
BRDA:395,7,1,0
BRDA:412,8,0,0
BRDA:412,8,1,0
BRDA:419,9,0,0
BRDA:419,9,1,0
BRDA:433,10,0,0
BRDA:433,10,1,0
BRDA:435,11,0,0
BRDA:435,11,1,0
BRDA:442,12,0,0
BRDA:442,12,1,0
BRDA:444,13,0,0
BRDA:444,13,1,0
BRDA:449,14,0,0
BRDA:449,14,1,0
BRDA:451,15,0,0
BRDA:451,15,1,0
BRDA:493,16,0,0
BRDA:493,16,1,0
BRDA:507,17,0,0
BRDA:507,17,1,0
BRDA:514,18,0,0
BRDA:514,18,1,0
BRDA:521,19,0,0
BRDA:521,19,1,0
BRDA:528,20,0,0
BRDA:528,20,1,0
BRDA:535,21,0,0
BRDA:535,21,1,0
BRDA:557,22,0,0
BRDA:557,22,1,0
BRDA:557,23,0,0
BRDA:557,23,1,0
BRDA:557,23,2,0
BRDA:562,24,0,0
BRDA:562,24,1,0
BRDA:562,25,0,0
BRDA:562,25,1,0
BRDA:563,26,0,0
BRDA:563,26,1,0
BRDA:565,27,0,0
BRDA:565,27,1,0
BRDA:569,28,0,0
BRDA:569,28,1,0
BRDA:573,29,0,0
BRDA:573,29,1,0
BRDA:578,30,0,0
BRDA:578,30,1,0
BRDA:578,31,0,0
BRDA:578,31,1,0
BRDA:580,32,0,0
BRDA:580,32,1,0
BRDA:590,33,0,0
BRDA:590,33,1,0
BRDA:591,34,0,0
BRDA:591,34,1,0
BRDA:591,35,0,0
BRDA:591,35,1,0
BRDA:603,36,0,0
BRDA:603,36,1,0
BRDA:605,37,0,0
BRDA:605,37,1,0
BRDA:605,38,0,0
BRDA:605,38,1,0
BRDA:607,39,0,0
BRDA:607,39,1,0
BRDA:614,40,0,0
BRDA:614,40,1,0
BRDA:620,41,0,0
BRDA:620,41,1,0
BRDA:620,42,0,0
BRDA:620,42,1,0
BRDA:759,43,0,0
BRDA:759,43,1,0
BRDA:770,44,0,0
BRDA:770,44,1,0
BRDA:773,45,0,0
BRDA:773,45,1,0
BRDA:775,46,0,0
BRDA:775,46,1,0
BRDA:791,47,0,0
BRDA:791,47,1,0
BRDA:802,48,0,0
BRDA:802,48,1,0
BRDA:804,49,0,0
BRDA:804,49,1,0
BRDA:806,50,0,0
BRDA:806,50,1,0
BRDA:808,51,0,0
BRDA:808,51,1,0
BRDA:811,52,0,0
BRDA:811,52,1,0
BRDA:813,53,0,0
BRDA:813,53,1,0
BRDA:815,54,0,0
BRDA:815,54,1,0
BRDA:818,55,0,0
BRDA:818,55,1,0
BRDA:820,56,0,0
BRDA:820,56,1,0
BRDA:822,57,0,0
BRDA:822,57,1,0
BRDA:851,58,0,0
BRDA:851,58,1,0
BRDA:851,59,0,0
BRDA:851,59,1,0
BRDA:865,60,0,0
BRDA:865,60,1,0
BRDA:949,61,0,0
BRDA:949,61,1,0
BRDA:956,62,0,0
BRDA:956,62,1,0
BRDA:956,63,0,0
BRDA:956,63,1,0
BRDA:960,64,0,0
BRDA:960,64,1,0
BRDA:961,65,0,0
BRDA:961,65,1,0
BRDA:966,66,0,0
BRDA:966,66,1,0
BRF:135
BRH:0
end_of_record
TN:
SF:src/services/RespondentTrackingService.ts
FN:33,(anonymous_1)
FN:94,(anonymous_2)
FN:119,(anonymous_3)
FN:129,(anonymous_4)
FN:142,(anonymous_5)
FNF:5
FNH:0
FNDA:0,(anonymous_1)
FNDA:0,(anonymous_2)
FNDA:0,(anonymous_3)
FNDA:0,(anonymous_4)
FNDA:0,(anonymous_5)
DA:2,1
DA:3,1
DA:4,1
DA:32,1
DA:42,0
DA:45,0
DA:53,0
DA:54,0
DA:59,0
DA:60,0
DA:70,0
DA:71,0
DA:76,0
DA:77,0
DA:87,0
DA:95,0
DA:97,0
DA:99,0
DA:101,0
DA:103,0
DA:122,0
DA:130,0
DA:132,0
DA:134,0
DA:136,0
DA:138,0
DA:146,0
DA:147,0
DA:149,0
LF:29
LH:4
BRDA:53,0,0,0
BRDA:53,0,1,0
BRDA:59,1,0,0
BRDA:59,1,1,0
BRDA:70,2,0,0
BRDA:70,2,1,0
BRDA:70,3,0,0
BRDA:70,3,1,0
BRDA:76,4,0,0
BRDA:76,4,1,0
BRDA:108,5,0,0
BRDA:108,5,1,0
BRDA:109,6,0,0
BRDA:109,6,1,0
BRDA:110,7,0,0
BRDA:110,7,1,0
BRDA:114,8,0,0
BRDA:114,8,1,0
BRDA:123,9,0,0
BRDA:123,9,1,0
BRDA:123,9,2,0
BRDA:130,10,0,0
BRDA:130,10,1,0
BRDA:130,10,2,0
BRDA:130,10,3,0
BRF:25
BRH:0
end_of_record
TN:
SF:src/services/ResponseAnalyticsService.ts
FN:14,(anonymous_10)
FN:78,(anonymous_11)
FN:131,(anonymous_12)
FN:142,(anonymous_13)
FN:144,(anonymous_14)
FN:189,(anonymous_15)
FN:197,(anonymous_16)
FN:202,(anonymous_17)
FN:209,(anonymous_18)
FN:221,(anonymous_19)
FN:231,(anonymous_20)
FN:249,(anonymous_21)
FN:253,(anonymous_22)
FN:257,(anonymous_23)
FN:258,(anonymous_24)
FN:259,(anonymous_25)
FN:269,(anonymous_26)
FN:273,(anonymous_27)
FN:276,(anonymous_28)
FN:279,(anonymous_29)
FN:280,(anonymous_30)
FN:281,(anonymous_31)
FN:291,(anonymous_32)
FN:295,(anonymous_33)
FN:298,(anonymous_34)
FN:302,(anonymous_35)
FN:303,(anonymous_36)
FN:304,(anonymous_37)
FN:314,(anonymous_38)
FN:318,(anonymous_39)
FN:322,(anonymous_40)
FN:326,(anonymous_41)
FN:327,(anonymous_42)
FN:328,(anonymous_43)
FN:338,(anonymous_44)
FN:347,(anonymous_45)
FN:350,(anonymous_46)
FN:368,(anonymous_47)
FN:395,(anonymous_48)
FN:409,(anonymous_49)
FN:411,(anonymous_50)
FN:433,(anonymous_51)
FN:446,(anonymous_52)
FN:450,(anonymous_53)
FN:453,(anonymous_54)
FN:467,(anonymous_55)
FN:471,(anonymous_56)
FN:472,(anonymous_57)
FN:474,(anonymous_58)
FN:479,(anonymous_59)
FN:481,(anonymous_60)
FN:487,(anonymous_61)
FN:496,(anonymous_62)
FN:514,(anonymous_63)
FN:520,(anonymous_64)
FN:529,(anonymous_65)
FN:532,(anonymous_66)
FN:542,(anonymous_67)
FN:558,(anonymous_68)
FN:560,(anonymous_69)
FN:572,(anonymous_70)
FN:573,(anonymous_71)
FN:575,(anonymous_72)
FN:592,(anonymous_73)
FN:603,(anonymous_74)
FN:615,(anonymous_75)
FN:623,(anonymous_76)
FN:628,(anonymous_77)
FN:638,(anonymous_78)
FN:643,(anonymous_79)
FN:654,(anonymous_80)
FN:657,(anonymous_81)
FN:667,(anonymous_82)
FN:672,(anonymous_83)
FN:675,(anonymous_84)
FN:687,(anonymous_85)
FN:689,(anonymous_86)
FN:701,(anonymous_87)
FN:725,(anonymous_88)
FN:730,(anonymous_89)
FN:744,(anonymous_90)
FN:750,(anonymous_91)
FN:752,(anonymous_92)
FN:754,(anonymous_93)
FN:761,(anonymous_94)
FN:762,(anonymous_95)
FN:764,(anonymous_96)
FN:768,(anonymous_97)
FN:770,(anonymous_98)
FN:785,(anonymous_99)
FN:787,(anonymous_100)
FN:799,(anonymous_101)
FN:805,(anonymous_102)
FN:816,(anonymous_103)
FNF:94
FNH:69
FNDA:1,(anonymous_10)
FNDA:1,(anonymous_11)
FNDA:3,(anonymous_12)
FNDA:9,(anonymous_13)
FNDA:18,(anonymous_14)
FNDA:3,(anonymous_15)
FNDA:12,(anonymous_16)
FNDA:9,(anonymous_17)
FNDA:9,(anonymous_18)
FNDA:0,(anonymous_19)
FNDA:12,(anonymous_20)
FNDA:3,(anonymous_21)
FNDA:12,(anonymous_22)
FNDA:12,(anonymous_23)
FNDA:12,(anonymous_24)
FNDA:12,(anonymous_25)
FNDA:3,(anonymous_26)
FNDA:12,(anonymous_27)
FNDA:8,(anonymous_28)
FNDA:8,(anonymous_29)
FNDA:8,(anonymous_30)
FNDA:8,(anonymous_31)
FNDA:3,(anonymous_32)
FNDA:18,(anonymous_33)
FNDA:12,(anonymous_34)
FNDA:12,(anonymous_35)
FNDA:12,(anonymous_36)
FNDA:12,(anonymous_37)
FNDA:3,(anonymous_38)
FNDA:12,(anonymous_39)
FNDA:8,(anonymous_40)
FNDA:8,(anonymous_41)
FNDA:8,(anonymous_42)
FNDA:8,(anonymous_43)
FNDA:3,(anonymous_44)
FNDA:3,(anonymous_45)
FNDA:3,(anonymous_46)
FNDA:1,(anonymous_47)
FNDA:0,(anonymous_48)
FNDA:0,(anonymous_49)
FNDA:0,(anonymous_50)
FNDA:1,(anonymous_51)
FNDA:1,(anonymous_52)
FNDA:3,(anonymous_53)
FNDA:3,(anonymous_54)
FNDA:1,(anonymous_55)
FNDA:4,(anonymous_56)
FNDA:12,(anonymous_57)
FNDA:30,(anonymous_58)
FNDA:12,(anonymous_59)
FNDA:30,(anonymous_60)
FNDA:12,(anonymous_61)
FNDA:12,(anonymous_62)
FNDA:8,(anonymous_63)
FNDA:0,(anonymous_64)
FNDA:0,(anonymous_65)
FNDA:0,(anonymous_66)
FNDA:0,(anonymous_67)
FNDA:0,(anonymous_68)
FNDA:0,(anonymous_69)
FNDA:0,(anonymous_70)
FNDA:0,(anonymous_71)
FNDA:0,(anonymous_72)
FNDA:0,(anonymous_73)
FNDA:0,(anonymous_74)
FNDA:0,(anonymous_75)
FNDA:0,(anonymous_76)
FNDA:0,(anonymous_77)
FNDA:0,(anonymous_78)
FNDA:0,(anonymous_79)
FNDA:4,(anonymous_80)
FNDA:12,(anonymous_81)
FNDA:8,(anonymous_82)
FNDA:4,(anonymous_83)
FNDA:1,(anonymous_84)
FNDA:5,(anonymous_85)
FNDA:15,(anonymous_86)
FNDA:1,(anonymous_87)
FNDA:21,(anonymous_88)
FNDA:0,(anonymous_89)
FNDA:1,(anonymous_90)
FNDA:3,(anonymous_91)
FNDA:0,(anonymous_92)
FNDA:0,(anonymous_93)
FNDA:4,(anonymous_94)
FNDA:12,(anonymous_95)
FNDA:30,(anonymous_96)
FNDA:12,(anonymous_97)
FNDA:30,(anonymous_98)
FNDA:12,(anonymous_99)
FNDA:30,(anonymous_100)
FNDA:6,(anonymous_101)
FNDA:0,(anonymous_102)
FNDA:0,(anonymous_103)
DA:1,1
DA:2,1
DA:6,1
DA:11,1
DA:12,1
DA:14,1
DA:15,1
DA:16,1
DA:17,1
DA:18,1
DA:19,1
DA:53,1
DA:55,1
DA:82,1
DA:83,1
DA:84,0
DA:88,1
DA:92,1
DA:108,1
DA:110,1
DA:111,3
DA:118,0
DA:121,3
DA:125,3
DA:128,1
DA:135,3
DA:138,3
DA:141,3
DA:143,9
DA:144,18
DA:146,9
DA:151,3
DA:157,3
DA:158,3
DA:160,3
DA:161,3
DA:164,3
DA:166,3
DA:193,3
DA:194,3
DA:197,3
DA:198,12
DA:202,3
DA:203,9
DA:205,9
DA:208,9
DA:209,3
DA:210,9
DA:212,6
DA:213,6
DA:217,0
DA:219,0
DA:220,0
DA:221,0
DA:222,0
DA:225,0
DA:231,3
DA:232,12
DA:234,12
DA:236,12
DA:252,3
DA:253,12
DA:257,12
DA:258,12
DA:259,12
DA:273,12
DA:275,3
DA:276,8
DA:279,8
DA:280,8
DA:281,8
DA:295,18
DA:297,3
DA:298,12
DA:302,12
DA:303,12
DA:304,12
DA:318,12
DA:320,3
DA:322,8
DA:326,8
DA:327,8
DA:328,8
DA:339,3
DA:340,0
DA:343,3
DA:345,3
DA:346,3
DA:348,3
DA:349,3
DA:350,3
DA:352,0
DA:357,0
DA:358,0
DA:362,0
DA:369,1
DA:370,1
DA:372,1
DA:377,1
DA:381,1
DA:383,1
DA:399,0
DA:401,0
DA:402,0
DA:403,0
DA:406,0
DA:408,0
DA:410,0
DA:411,0
DA:416,0
DA:417,0
DA:421,0
DA:422,0
DA:430,0
DA:434,1
DA:440,1
DA:441,1
DA:447,1
DA:449,1
DA:450,3
DA:453,3
DA:456,1
DA:458,1
DA:471,1
DA:472,4
DA:473,12
DA:474,30
DA:478,4
DA:480,12
DA:481,30
DA:486,4
DA:487,12
DA:491,4
DA:496,12
DA:499,4
DA:503,4
DA:514,8
DA:525,0
DA:527,0
DA:529,0
DA:530,0
DA:531,0
DA:532,0
DA:533,0
DA:534,0
DA:536,0
DA:540,0
DA:541,0
DA:542,0
DA:543,0
DA:547,0
DA:551,0
DA:552,0
DA:558,0
DA:559,0
DA:560,0
DA:561,0
DA:563,0
DA:572,0
DA:573,0
DA:574,0
DA:575,0
DA:578,0
DA:592,0
DA:603,0
DA:615,0
DA:623,0
DA:628,0
DA:642,0
DA:643,0
DA:646,0
DA:655,4
DA:657,4
DA:658,12
DA:659,12
DA:662,12
DA:666,4
DA:667,8
DA:672,4
DA:679,1
DA:687,1
DA:688,5
DA:690,15
DA:693,5
DA:706,1
DA:709,1
DA:711,1
DA:712,7
DA:713,7
DA:718,7
DA:724,7
DA:725,21
DA:729,7
DA:730,0
DA:734,7
DA:741,1
DA:748,1
DA:750,3
DA:752,0
DA:754,0
DA:760,1
DA:762,4
DA:763,12
DA:764,30
DA:768,4
DA:769,12
DA:770,30
DA:772,12
DA:780,4
DA:785,4
DA:786,12
DA:787,30
DA:789,12
DA:792,4
DA:799,6
DA:802,1
DA:806,0
DA:814,0
DA:816,0
DA:817,0
DA:827,0
DA:830,0
LF:222
LH:153
BRDA:14,0,0,1
BRDA:14,0,1,1
BRDA:83,1,0,0
BRDA:83,1,1,1
BRDA:92,2,0,0
BRDA:92,2,1,1
BRDA:111,3,0,0
BRDA:111,3,1,3
BRDA:135,4,0,3
BRDA:135,4,1,0
BRDA:138,5,0,3
BRDA:138,5,1,2
BRDA:138,5,2,1
BRDA:138,5,3,0
BRDA:203,6,0,0
BRDA:203,6,1,9
BRDA:208,7,0,3
BRDA:208,7,1,6
BRDA:210,8,0,9
BRDA:210,8,1,4
BRDA:212,9,0,6
BRDA:212,9,1,0
BRDA:215,10,0,6
BRDA:215,10,1,4
BRDA:217,11,0,0
BRDA:217,11,1,0
BRDA:217,12,0,0
BRDA:217,12,1,0
BRDA:220,13,0,0
BRDA:220,13,1,0
BRDA:222,14,0,0
BRDA:222,14,1,0
BRDA:225,15,0,0
BRDA:225,15,1,0
BRDA:232,16,0,12
BRDA:232,16,1,4
BRDA:234,17,0,12
BRDA:234,17,1,0
BRDA:339,18,0,0
BRDA:339,18,1,3
BRDA:343,19,0,3
BRDA:343,19,1,0
BRDA:343,20,0,3
BRDA:343,20,1,3
BRDA:345,21,0,3
BRDA:345,21,1,0
BRDA:345,22,0,3
BRDA:345,22,1,3
BRDA:348,23,0,0
BRDA:348,23,1,3
BRDA:349,24,0,3
BRDA:349,24,1,0
BRDA:350,25,0,3
BRDA:350,25,1,0
BRDA:357,26,0,0
BRDA:357,26,1,0
BRDA:368,27,0,1
BRDA:388,28,0,1
BRDA:388,28,1,0
BRDA:401,29,0,0
BRDA:401,29,1,0
BRDA:401,30,0,0
BRDA:401,30,1,0
BRDA:406,31,0,0
BRDA:406,31,1,0
BRDA:416,32,0,0
BRDA:416,32,1,0
BRDA:421,33,0,0
BRDA:421,33,1,0
BRDA:440,34,0,1
BRDA:440,34,1,0
BRDA:441,35,0,1
BRDA:441,35,1,0
BRDA:453,36,0,1
BRDA:453,36,1,0
BRDA:453,37,0,3
BRDA:453,37,1,0
BRDA:456,38,0,1
BRDA:456,38,1,0
BRDA:487,39,0,12
BRDA:487,39,1,6
BRDA:491,40,0,4
BRDA:491,40,1,0
BRDA:496,41,0,4
BRDA:496,41,1,0
BRDA:496,42,0,12
BRDA:496,42,1,6
BRDA:504,43,0,4
BRDA:504,43,1,0
BRDA:506,44,0,0
BRDA:506,44,1,4
BRDA:525,45,0,0
BRDA:525,45,1,0
BRDA:525,45,2,0
BRDA:525,45,3,0
BRDA:530,46,0,0
BRDA:530,46,1,0
BRDA:531,47,0,0
BRDA:531,47,1,0
BRDA:534,48,0,0
BRDA:534,48,1,0
BRDA:536,49,0,0
BRDA:536,49,1,0
BRDA:537,50,0,0
BRDA:537,50,1,0
BRDA:541,51,0,0
BRDA:541,51,1,0
BRDA:544,52,0,0
BRDA:544,52,1,0
BRDA:548,53,0,0
BRDA:548,53,1,0
BRDA:552,54,0,0
BRDA:552,54,1,0
BRDA:564,55,0,0
BRDA:564,55,1,0
BRDA:658,56,0,12
BRDA:658,56,1,0
BRDA:659,57,0,0
BRDA:659,57,1,12
BRDA:662,58,0,12
BRDA:662,58,1,8
BRDA:690,59,0,15
BRDA:690,59,1,9
BRDA:690,60,0,15
BRDA:690,60,1,0
BRDA:690,61,0,9
BRDA:690,61,1,0
BRDA:696,62,0,5
BRDA:696,62,1,0
BRDA:725,63,0,21
BRDA:725,63,1,0
BRDA:725,63,2,0
BRDA:729,64,0,0
BRDA:729,64,1,7
BRDA:730,65,0,0
BRDA:730,65,1,0
BRDA:750,66,0,3
BRDA:750,66,1,3
BRDA:750,66,2,0
BRDA:752,67,0,0
BRDA:752,67,1,0
BRDA:752,68,0,0
BRDA:752,68,1,0
BRDA:757,69,0,0
BRDA:757,69,1,0
BRDA:773,70,0,12
BRDA:773,70,1,12
BRDA:773,70,2,6
BRDA:780,71,0,4
BRDA:780,71,1,0
BRDA:785,72,0,4
BRDA:785,72,1,0
BRDA:789,73,0,12
BRDA:789,73,1,6
BRDA:793,74,0,4
BRDA:793,74,1,0
BRDA:794,75,0,0
BRDA:794,75,1,4
BRDA:820,76,0,0
BRDA:820,76,1,0
BRDA:821,77,0,0
BRDA:821,77,1,0
BRDA:822,78,0,0
BRDA:822,78,1,0
BRDA:823,79,0,0
BRDA:823,79,1,0
BRF:166
BRH:67
end_of_record
TN:
SF:src/services/ResponseProcessingService.ts
FN:38,(anonymous_10)
FN:70,(anonymous_11)
FN:72,(anonymous_12)
FN:122,(anonymous_13)
FN:172,(anonymous_14)
FN:173,(anonymous_15)
FN:212,(anonymous_16)
FN:256,(anonymous_17)
FN:280,(anonymous_18)
FN:290,(anonymous_19)
FN:304,(anonymous_20)
FN:375,(anonymous_21)
FN:395,(anonymous_22)
FN:396,(anonymous_23)
FN:403,(anonymous_24)
FN:450,(anonymous_25)
FN:457,(anonymous_26)
FN:465,(anonymous_27)
FN:466,(anonymous_28)
FN:473,(anonymous_29)
FN:486,(anonymous_30)
FN:496,(anonymous_31)
FN:519,(anonymous_32)
FN:530,(anonymous_33)
FN:536,(anonymous_34)
FN:550,(anonymous_35)
FN:585,(anonymous_36)
FN:638,(anonymous_37)
FN:652,(anonymous_38)
FN:672,(anonymous_39)
FN:710,(anonymous_40)
FN:731,(anonymous_41)
FN:734,(anonymous_42)
FN:742,(anonymous_43)
FN:752,(anonymous_44)
FN:756,(anonymous_45)
FNF:36
FNH:3
FNDA:0,(anonymous_10)
FNDA:0,(anonymous_11)
FNDA:0,(anonymous_12)
FNDA:0,(anonymous_13)
FNDA:0,(anonymous_14)
FNDA:0,(anonymous_15)
FNDA:0,(anonymous_16)
FNDA:0,(anonymous_17)
FNDA:6,(anonymous_18)
FNDA:11,(anonymous_19)
FNDA:19,(anonymous_20)
FNDA:0,(anonymous_21)
FNDA:0,(anonymous_22)
FNDA:0,(anonymous_23)
FNDA:0,(anonymous_24)
FNDA:0,(anonymous_25)
FNDA:0,(anonymous_26)
FNDA:0,(anonymous_27)
FNDA:0,(anonymous_28)
FNDA:0,(anonymous_29)
FNDA:0,(anonymous_30)
FNDA:0,(anonymous_31)
FNDA:0,(anonymous_32)
FNDA:0,(anonymous_33)
FNDA:0,(anonymous_34)
FNDA:0,(anonymous_35)
FNDA:0,(anonymous_36)
FNDA:0,(anonymous_37)
FNDA:0,(anonymous_38)
FNDA:0,(anonymous_39)
FNDA:0,(anonymous_40)
FNDA:0,(anonymous_41)
FNDA:0,(anonymous_42)
FNDA:0,(anonymous_43)
FNDA:0,(anonymous_44)
FNDA:0,(anonymous_45)
DA:1,1
DA:2,1
DA:12,1
DA:13,1
DA:14,1
DA:15,1
DA:16,1
DA:19,1
DA:37,1
DA:42,0
DA:43,0
DA:45,0
DA:47,0
DA:48,0
DA:50,0
DA:52,0
DA:53,0
DA:57,0
DA:59,0
DA:61,0
DA:62,0
DA:68,0
DA:70,0
DA:71,0
DA:72,0
DA:76,0
DA:77,0
DA:83,0
DA:86,0
DA:87,0
DA:89,0
DA:95,0
DA:100,0
DA:117,0
DA:127,0
DA:129,0
DA:130,0
DA:133,0
DA:134,0
DA:138,0
DA:139,0
DA:144,0
DA:145,0
DA:149,0
DA:157,0
DA:158,0
DA:159,0
DA:160,0
DA:163,0
DA:164,0
DA:165,0
DA:167,0
DA:168,0
DA:170,0
DA:172,0
DA:173,0
DA:174,0
DA:178,0
DA:179,0
DA:185,0
DA:188,0
DA:189,0
DA:191,0
DA:197,0
DA:202,0
DA:206,0
DA:207,0
DA:208,0
DA:209,0
DA:211,0
DA:212,0
DA:214,0
DA:220,0
DA:233,0
DA:234,0
DA:237,0
DA:240,0
DA:241,0
DA:242,0
DA:243,0
DA:244,0
DA:256,0
DA:259,0
DA:283,6
DA:284,1
DA:286,5
DA:288,5
DA:290,11
DA:294,5
DA:295,0
DA:298,5
DA:299,5
DA:302,5
DA:303,11
DA:304,11
DA:305,19
DA:308,11
DA:309,0
DA:313,11
DA:314,6
DA:320,0
DA:325,11
DA:331,11
DA:332,0
DA:335,11
DA:338,11
DA:339,9
DA:343,11
DA:345,9
DA:352,9
DA:360,2
DA:367,5
DA:368,5
DA:370,0
DA:371,0
DA:380,0
DA:381,0
DA:385,0
DA:389,0
DA:390,0
DA:394,0
DA:395,0
DA:396,0
DA:399,0
DA:400,0
DA:403,0
DA:405,0
DA:409,0
DA:410,0
DA:412,0
DA:413,0
DA:414,0
DA:415,0
DA:417,0
DA:418,0
DA:422,0
DA:425,0
DA:426,0
DA:433,0
DA:434,0
DA:437,0
DA:439,0
DA:456,0
DA:458,0
DA:465,0
DA:466,0
DA:468,0
DA:473,0
DA:487,0
DA:491,0
DA:492,0
DA:495,0
DA:496,0
DA:500,0
DA:501,0
DA:502,0
DA:504,0
DA:512,0
DA:520,0
DA:521,0
DA:522,0
DA:524,0
DA:525,0
DA:527,0
DA:529,0
DA:531,0
DA:543,0
DA:544,0
DA:547,0
DA:548,0
DA:549,0
DA:550,0
DA:554,0
DA:555,0
DA:560,0
DA:561,0
DA:563,0
DA:568,0
DA:569,0
DA:575,0
DA:576,0
DA:577,0
DA:582,0
DA:589,0
DA:590,0
DA:592,0
DA:597,0
DA:598,0
DA:602,0
DA:605,0
DA:606,0
DA:610,0
DA:614,0
DA:618,0
DA:622,0
DA:625,0
DA:626,0
DA:631,0
DA:634,0
DA:638,0
DA:641,0
DA:646,0
DA:649,0
DA:652,0
DA:654,0
DA:659,0
DA:663,0
DA:666,0
DA:679,0
DA:682,0
DA:683,0
DA:684,0
DA:688,0
DA:689,0
DA:693,0
DA:694,0
DA:695,0
DA:699,0
DA:704,0
DA:715,0
DA:717,0
DA:718,0
DA:719,0
DA:720,0
DA:722,0
DA:725,0
DA:732,0
DA:733,0
DA:734,0
DA:743,0
DA:744,0
DA:749,0
DA:752,0
DA:755,0
DA:756,0
DA:759,0
DA:760,0
DA:762,0
LF:238
LH:35
BRDA:45,0,0,0
BRDA:45,0,1,0
BRDA:47,1,0,0
BRDA:47,1,1,0
BRDA:47,2,0,0
BRDA:47,2,1,0
BRDA:52,3,0,0
BRDA:52,3,1,0
BRDA:57,4,0,0
BRDA:57,4,1,0
BRDA:61,5,0,0
BRDA:61,5,1,0
BRDA:76,6,0,0
BRDA:76,6,1,0
BRDA:77,7,0,0
BRDA:77,7,1,0
BRDA:78,8,0,0
BRDA:78,8,1,0
BRDA:86,9,0,0
BRDA:86,9,1,0
BRDA:95,10,0,0
BRDA:95,10,1,0
BRDA:109,11,0,0
BRDA:109,11,1,0
BRDA:112,12,0,0
BRDA:112,12,1,0
BRDA:129,13,0,0
BRDA:129,13,1,0
BRDA:129,14,0,0
BRDA:129,14,1,0
BRDA:133,15,0,0
BRDA:133,15,1,0
BRDA:133,16,0,0
BRDA:133,16,1,0
BRDA:138,17,0,0
BRDA:138,17,1,0
BRDA:144,18,0,0
BRDA:144,18,1,0
BRDA:163,19,0,0
BRDA:163,19,1,0
BRDA:167,20,0,0
BRDA:167,20,1,0
BRDA:178,21,0,0
BRDA:178,21,1,0
BRDA:179,22,0,0
BRDA:179,22,1,0
BRDA:180,23,0,0
BRDA:180,23,1,0
BRDA:188,24,0,0
BRDA:188,24,1,0
BRDA:197,25,0,0
BRDA:197,25,1,0
BRDA:207,26,0,0
BRDA:207,26,1,0
BRDA:209,27,0,0
BRDA:209,27,1,0
BRDA:214,28,0,0
BRDA:214,28,1,0
BRDA:227,29,0,0
BRDA:227,29,1,0
BRDA:228,30,0,0
BRDA:228,30,1,0
BRDA:233,31,0,0
BRDA:233,31,1,0
BRDA:240,32,0,0
BRDA:240,32,1,0
BRDA:240,33,0,0
BRDA:240,33,1,0
BRDA:240,33,2,0
BRDA:242,34,0,0
BRDA:242,34,1,0
BRDA:243,35,0,0
BRDA:243,35,1,0
BRDA:248,36,0,0
BRDA:248,36,1,0
BRDA:256,37,0,0
BRDA:256,37,1,0
BRDA:264,38,0,0
BRDA:264,38,1,0
BRDA:265,39,0,0
BRDA:265,39,1,0
BRDA:267,40,0,0
BRDA:267,40,1,0
BRDA:283,41,0,1
BRDA:283,41,1,5
BRDA:294,42,0,0
BRDA:294,42,1,5
BRDA:308,43,0,0
BRDA:308,43,1,11
BRDA:313,44,0,6
BRDA:313,44,1,5
BRDA:314,45,0,0
BRDA:314,45,1,6
BRDA:315,46,0,6
BRDA:315,46,1,6
BRDA:331,47,0,0
BRDA:331,47,1,11
BRDA:335,48,0,11
BRDA:335,48,1,2
BRDA:338,49,0,9
BRDA:338,49,1,2
BRDA:343,50,0,9
BRDA:343,50,1,2
BRDA:343,51,0,11
BRDA:343,51,1,9
BRDA:380,52,0,0
BRDA:380,52,1,0
BRDA:380,53,0,0
BRDA:380,53,1,0
BRDA:380,53,2,0
BRDA:389,54,0,0
BRDA:389,54,1,0
BRDA:405,55,0,0
BRDA:405,55,1,0
BRDA:412,56,0,0
BRDA:412,56,1,0
BRDA:412,57,0,0
BRDA:412,57,1,0
BRDA:413,58,0,0
BRDA:413,58,1,0
BRDA:417,59,0,0
BRDA:417,59,1,0
BRDA:422,60,0,0
BRDA:422,60,1,0
BRDA:425,61,0,0
BRDA:425,61,1,0
BRDA:476,62,0,0
BRDA:476,62,1,0
BRDA:477,63,0,0
BRDA:477,63,1,0
BRDA:491,64,0,0
BRDA:491,64,1,0
BRDA:496,65,0,0
BRDA:496,65,1,0
BRDA:500,66,0,0
BRDA:500,66,1,0
BRDA:520,67,0,0
BRDA:520,67,1,0
BRDA:521,68,0,0
BRDA:521,68,1,0
BRDA:521,69,0,0
BRDA:521,69,1,0
BRDA:521,69,2,0
BRDA:521,69,3,0
BRDA:527,70,0,0
BRDA:527,70,1,0
BRDA:531,71,0,0
BRDA:531,71,1,0
BRDA:543,72,0,0
BRDA:543,72,1,0
BRDA:543,73,0,0
BRDA:543,73,1,0
BRDA:554,74,0,0
BRDA:554,74,1,0
BRDA:560,75,0,0
BRDA:560,75,1,0
BRDA:561,76,0,0
BRDA:561,76,1,0
BRDA:563,77,0,0
BRDA:563,77,1,0
BRDA:563,77,2,0
BRDA:563,77,3,0
BRDA:563,77,4,0
BRDA:563,77,5,0
BRDA:568,78,0,0
BRDA:568,78,1,0
BRDA:576,79,0,0
BRDA:576,79,1,0
BRDA:592,80,0,0
BRDA:592,80,1,0
BRDA:592,80,2,0
BRDA:592,80,3,0
BRDA:592,80,4,0
BRDA:592,80,5,0
BRDA:592,80,6,0
BRDA:592,80,7,0
BRDA:592,80,8,0
BRDA:592,80,9,0
BRDA:592,80,10,0
BRDA:597,81,0,0
BRDA:597,81,1,0
BRDA:605,82,0,0
BRDA:605,82,1,0
BRDA:614,83,0,0
BRDA:614,83,1,0
BRDA:615,84,0,0
BRDA:615,84,1,0
BRDA:625,85,0,0
BRDA:625,85,1,0
BRDA:634,86,0,0
BRDA:634,86,1,0
BRDA:635,87,0,0
BRDA:635,87,1,0
BRDA:635,87,2,0
BRDA:638,88,0,0
BRDA:638,88,1,0
BRDA:638,88,2,0
BRDA:649,89,0,0
BRDA:649,89,1,0
BRDA:650,90,0,0
BRDA:650,90,1,0
BRDA:650,90,2,0
BRDA:683,91,0,0
BRDA:683,91,1,0
BRDA:688,92,0,0
BRDA:688,92,1,0
BRDA:694,93,0,0
BRDA:694,93,1,0
BRDA:694,94,0,0
BRDA:694,94,1,0
BRDA:717,95,0,0
BRDA:717,95,1,0
BRDA:719,96,0,0
BRDA:719,96,1,0
BRDA:734,97,0,0
BRDA:734,97,1,0
BRDA:752,98,0,0
BRDA:752,98,1,0
BRDA:755,99,0,0
BRDA:755,99,1,0
BRDA:759,100,0,0
BRDA:759,100,1,0
BRDA:760,101,0,0
BRDA:760,101,1,0
BRDA:766,102,0,0
BRDA:766,102,1,0
BRF:226
BRH:18
end_of_record
TN:
SF:src/services/SolutionValidationService.ts
FN:63,(anonymous_9)
FN:163,(anonymous_10)
FN:241,(anonymous_11)
FN:282,(anonymous_12)
FN:296,(anonymous_13)
FN:320,(anonymous_14)
FN:335,(anonymous_15)
FN:346,(anonymous_16)
FN:347,(anonymous_17)
FN:348,(anonymous_18)
FN:349,(anonymous_19)
FN:350,(anonymous_20)
FN:366,(anonymous_21)
FN:388,(anonymous_22)
FN:408,(anonymous_23)
FN:460,(anonymous_24)
FN:471,(anonymous_25)
FN:489,(anonymous_26)
FN:509,(anonymous_27)
FN:525,(anonymous_28)
FN:547,(anonymous_29)
FN:554,(anonymous_30)
FNF:22
FNH:5
FNDA:0,(anonymous_9)
FNDA:11,(anonymous_10)
FNDA:6,(anonymous_11)
FNDA:0,(anonymous_12)
FNDA:0,(anonymous_13)
FNDA:0,(anonymous_14)
FNDA:0,(anonymous_15)
FNDA:0,(anonymous_16)
FNDA:0,(anonymous_17)
FNDA:0,(anonymous_18)
FNDA:0,(anonymous_19)
FNDA:0,(anonymous_20)
FNDA:0,(anonymous_21)
FNDA:0,(anonymous_22)
FNDA:9,(anonymous_23)
FNDA:5,(anonymous_24)
FNDA:12,(anonymous_25)
FNDA:0,(anonymous_26)
FNDA:0,(anonymous_27)
FNDA:0,(anonymous_28)
FNDA:0,(anonymous_29)
FNDA:0,(anonymous_30)
DA:1,1
DA:6,1
DA:7,1
DA:9,1
DA:10,1
DA:48,1
DA:67,0
DA:68,0
DA:69,0
DA:70,0
DA:71,0
DA:73,0
DA:75,0
DA:76,0
DA:87,0
DA:94,0
DA:98,0
DA:103,0
DA:107,0
DA:108,0
DA:109,0
DA:110,0
DA:115,0
DA:121,0
DA:126,0
DA:127,0
DA:132,0
DA:134,0
DA:138,0
DA:139,0
DA:141,0
DA:148,0
DA:153,0
DA:168,11
DA:170,11
DA:174,5
DA:175,0
DA:177,5
DA:182,4
DA:183,0
DA:185,4
DA:188,2
DA:189,0
DA:193,2
DA:196,0
DA:197,0
DA:199,0
DA:203,0
DA:204,0
DA:210,0
DA:211,0
DA:214,0
DA:218,0
DA:219,0
DA:224,0
DA:228,0
DA:229,0
DA:232,0
DA:235,0
DA:238,11
DA:242,6
DA:243,0
DA:246,6
DA:247,3
DA:250,3
DA:251,0
DA:254,3
DA:255,0
DA:258,3
DA:259,3
DA:262,0
DA:263,0
DA:264,0
DA:266,0
DA:271,0
DA:275,0
DA:279,0
DA:283,0
DA:297,0
DA:298,0
DA:299,0
DA:302,0
DA:305,0
DA:306,0
DA:307,0
DA:308,0
DA:310,0
DA:311,0
DA:313,0
DA:314,0
DA:315,0
DA:319,0
DA:320,0
DA:322,0
DA:323,0
DA:325,0
DA:327,0
DA:328,0
DA:330,0
DA:334,0
DA:335,0
DA:339,0
DA:345,0
DA:346,0
DA:347,0
DA:348,0
DA:349,0
DA:350,0
DA:354,0
DA:356,0
DA:367,0
DA:368,0
DA:370,0
DA:371,0
DA:376,0
DA:378,0
DA:379,0
DA:382,0
DA:383,0
DA:386,0
DA:391,0
DA:393,0
DA:394,0
DA:397,0
DA:398,0
DA:399,0
DA:400,0
DA:405,0
DA:414,9
DA:416,7
DA:418,0
DA:423,5
DA:432,0
DA:439,2
DA:442,0
DA:450,0
DA:453,0
DA:466,5
DA:468,5
DA:469,5
DA:471,12
DA:472,5
DA:474,5
DA:478,3
DA:481,2
DA:483,2
DA:494,0
DA:495,0
DA:497,0
DA:498,0
DA:500,0
DA:502,0
DA:503,0
DA:514,0
DA:515,0
DA:517,0
DA:519,0
DA:530,0
DA:534,0
DA:536,0
DA:537,0
DA:539,0
DA:541,0
DA:543,0
DA:548,0
DA:549,0
DA:551,0
DA:552,0
DA:554,0
DA:555,0
DA:557,0
DA:561,1
LF:172
LH:36
BRDA:75,0,0,0
BRDA:75,0,1,0
BRDA:87,1,0,0
BRDA:87,1,1,0
BRDA:88,2,0,0
BRDA:88,2,1,0
BRDA:88,2,2,0
BRDA:88,2,3,0
BRDA:88,2,4,0
BRDA:98,3,0,0
BRDA:98,3,1,0
BRDA:99,4,0,0
BRDA:99,4,1,0
BRDA:99,4,2,0
BRDA:107,5,0,0
BRDA:107,5,1,0
BRDA:107,6,0,0
BRDA:107,6,1,0
BRDA:107,6,2,0
BRDA:109,7,0,0
BRDA:109,7,1,0
BRDA:115,8,0,0
BRDA:115,8,1,0
BRDA:116,9,0,0
BRDA:116,9,1,0
BRDA:116,9,2,0
BRDA:116,9,3,0
BRDA:126,10,0,0
BRDA:126,10,1,0
BRDA:132,11,0,0
BRDA:132,11,1,0
BRDA:132,12,0,0
BRDA:132,12,1,0
BRDA:132,12,2,0
BRDA:134,13,0,0
BRDA:134,13,1,0
BRDA:135,14,0,0
BRDA:135,14,1,0
BRDA:138,15,0,0
BRDA:138,15,1,0
BRDA:148,16,0,0
BRDA:148,16,1,0
BRDA:148,16,2,0
BRDA:148,16,3,0
BRDA:170,17,0,3
BRDA:170,17,1,3
BRDA:170,17,2,5
BRDA:170,17,3,0
BRDA:170,17,4,3
BRDA:170,17,5,4
BRDA:170,17,6,2
BRDA:170,17,7,0
BRDA:170,17,8,0
BRDA:170,17,9,0
BRDA:170,17,10,0
BRDA:174,18,0,0
BRDA:174,18,1,5
BRDA:182,19,0,0
BRDA:182,19,1,4
BRDA:188,20,0,0
BRDA:188,20,1,2
BRDA:196,21,0,0
BRDA:196,21,1,0
BRDA:203,22,0,0
BRDA:203,22,1,0
BRDA:210,23,0,0
BRDA:210,23,1,0
BRDA:219,24,0,0
BRDA:219,24,1,0
BRDA:220,25,0,0
BRDA:220,25,1,0
BRDA:220,25,2,0
BRDA:228,26,0,0
BRDA:228,26,1,0
BRDA:242,27,0,0
BRDA:242,27,1,6
BRDA:242,28,0,6
BRDA:242,28,1,6
BRDA:246,29,0,3
BRDA:246,29,1,3
BRDA:250,30,0,0
BRDA:250,30,1,3
BRDA:254,31,0,0
BRDA:254,31,1,3
BRDA:258,32,0,3
BRDA:258,32,1,0
BRDA:262,33,0,0
BRDA:262,33,1,0
BRDA:262,34,0,0
BRDA:262,34,1,0
BRDA:264,35,0,0
BRDA:264,35,1,0
BRDA:264,36,0,0
BRDA:264,36,1,0
BRDA:266,37,0,0
BRDA:266,37,1,0
BRDA:266,37,2,0
BRDA:266,37,3,0
BRDA:271,38,0,0
BRDA:271,38,1,0
BRDA:271,38,2,0
BRDA:271,38,3,0
BRDA:275,39,0,0
BRDA:275,39,1,0
BRDA:283,40,0,0
BRDA:283,40,1,0
BRDA:283,40,2,0
BRDA:283,40,3,0
BRDA:298,41,0,0
BRDA:298,41,1,0
BRDA:311,42,0,0
BRDA:311,42,1,0
BRDA:325,43,0,0
BRDA:325,43,1,0
BRDA:325,44,0,0
BRDA:325,44,1,0
BRDA:327,45,0,0
BRDA:327,45,1,0
BRDA:339,46,0,0
BRDA:339,46,1,0
BRDA:339,46,2,0
BRDA:339,46,3,0
BRDA:370,47,0,0
BRDA:370,47,1,0
BRDA:378,48,0,0
BRDA:378,48,1,0
BRDA:382,49,0,0
BRDA:382,49,1,0
BRDA:397,50,0,0
BRDA:397,50,1,0
BRDA:399,51,0,0
BRDA:399,51,1,0
BRDA:400,52,0,0
BRDA:400,52,1,0
BRDA:414,53,0,2
BRDA:414,53,1,7
BRDA:414,54,0,9
BRDA:414,54,1,9
BRDA:416,55,0,0
BRDA:416,55,1,3
BRDA:416,55,2,5
BRDA:416,55,3,5
BRDA:416,55,4,0
BRDA:416,55,5,0
BRDA:416,55,6,2
BRDA:416,55,7,0
BRDA:416,55,8,0
BRDA:416,55,9,0
BRDA:416,55,10,0
BRDA:439,56,0,1
BRDA:439,56,1,1
BRDA:466,57,0,0
BRDA:466,57,1,5
BRDA:466,58,0,5
BRDA:466,58,1,5
BRDA:474,59,0,3
BRDA:474,59,1,2
BRDA:475,60,0,5
BRDA:475,60,1,4
BRDA:494,61,0,0
BRDA:494,61,1,0
BRDA:494,62,0,0
BRDA:494,62,1,0
BRDA:500,63,0,0
BRDA:500,63,1,0
BRDA:503,64,0,0
BRDA:503,64,1,0
BRDA:517,65,0,0
BRDA:517,65,1,0
BRDA:517,66,0,0
BRDA:517,66,1,0
BRDA:519,67,0,0
BRDA:519,67,1,0
BRDA:530,68,0,0
BRDA:530,68,1,0
BRDA:531,69,0,0
BRDA:531,69,1,0
BRDA:536,70,0,0
BRDA:536,70,1,0
BRDA:537,71,0,0
BRDA:537,71,1,0
BRDA:539,72,0,0
BRDA:539,72,1,0
BRDA:541,73,0,0
BRDA:541,73,1,0
BRDA:543,74,0,0
BRDA:543,74,1,0
BRDA:543,75,0,0
BRDA:543,75,1,0
BRF:189
BRH:34
end_of_record
TN:
SF:src/utilities/fingerprint.ts
FN:14,(anonymous_1)
FN:27,(anonymous_2)
FN:28,(anonymous_3)
FN:45,(anonymous_4)
FN:65,(anonymous_5)
FN:83,(anonymous_6)
FN:95,(anonymous_7)
FNF:7
FNH:0
FNDA:0,(anonymous_1)
FNDA:0,(anonymous_2)
FNDA:0,(anonymous_3)
FNDA:0,(anonymous_4)
FNDA:0,(anonymous_5)
FNDA:0,(anonymous_6)
FNDA:0,(anonymous_7)
DA:1,1
DA:13,1
DA:15,0
DA:24,0
DA:28,0
DA:29,0
DA:30,0
DA:32,0
DA:35,0
DA:46,0
DA:47,0
DA:49,0
DA:50,0
DA:53,0
DA:54,0
DA:57,0
DA:71,0
DA:72,0
DA:73,0
DA:75,0
DA:86,0
DA:88,0
DA:90,0
DA:92,0
DA:96,0
DA:99,0
DA:100,0
DA:104,0
DA:105,0
DA:109,0
DA:110,0
DA:114,0
DA:115,0
DA:119,0
DA:120,0
DA:124,0
DA:125,0
DA:128,0
LF:38
LH:2
BRDA:16,0,0,0
BRDA:16,0,1,0
BRDA:17,1,0,0
BRDA:17,1,1,0
BRDA:18,2,0,0
BRDA:18,2,1,0
BRDA:19,3,0,0
BRDA:19,3,1,0
BRDA:20,4,0,0
BRDA:20,4,1,0
BRDA:21,5,0,0
BRDA:21,5,1,0
BRDA:29,6,0,0
BRDA:29,6,1,0
BRDA:32,7,0,0
BRDA:32,7,1,0
BRDA:49,8,0,0
BRDA:49,8,1,0
BRDA:53,9,0,0
BRDA:53,9,1,0
BRDA:58,10,0,0
BRDA:58,10,1,0
BRDA:58,10,2,0
BRDA:58,10,3,0
BRDA:79,11,0,0
BRDA:79,11,1,0
BRDA:86,12,0,0
BRDA:86,12,1,0
BRDA:88,13,0,0
BRDA:88,13,1,0
BRDA:90,14,0,0
BRDA:90,14,1,0
BRDA:92,15,0,0
BRDA:92,15,1,0
BRDA:92,15,2,0
BRDA:99,16,0,0
BRDA:99,16,1,0
BRDA:99,17,0,0
BRDA:99,17,1,0
BRDA:104,18,0,0
BRDA:104,18,1,0
BRDA:104,19,0,0
BRDA:104,19,1,0
BRDA:109,20,0,0
BRDA:109,20,1,0
BRDA:109,21,0,0
BRDA:109,21,1,0
BRDA:114,22,0,0
BRDA:114,22,1,0
BRDA:114,23,0,0
BRDA:114,23,1,0
BRDA:119,24,0,0
BRDA:119,24,1,0
BRDA:119,25,0,0
BRDA:119,25,1,0
BRDA:124,26,0,0
BRDA:124,26,1,0
BRDA:124,27,0,0
BRDA:124,27,1,0
BRF:59
BRH:0
end_of_record
TN:
SF:src/utilities/helper.ts
FN:12,ReturnCode
FN:16,(anonymous_2)
FN:60,(anonymous_3)
FN:81,(anonymous_4)
FN:96,(anonymous_5)
FN:121,(anonymous_6)
FN:137,(anonymous_7)
FN:144,(anonymous_8)
FN:169,(anonymous_9)
FN:178,(anonymous_10)
FN:185,(anonymous_11)
FN:194,(anonymous_12)
FN:227,(anonymous_13)
FN:280,(anonymous_14)
FN:286,(anonymous_15)
FN:292,(anonymous_16)
FN:297,(anonymous_17)
FN:323,(anonymous_18)
FN:333,(anonymous_19)
FN:345,(anonymous_20)
FN:347,(anonymous_21)
FN:380,(anonymous_22)
FN:394,(anonymous_23)
FN:399,(anonymous_24)
FN:416,(anonymous_25)
FN:422,(anonymous_26)
FN:434,(anonymous_27)
FN:445,(anonymous_28)
FN:446,(anonymous_29)
FN:453,(anonymous_30)
FN:483,(anonymous_31)
FN:489,(anonymous_32)
FN:518,(anonymous_33)
FN:554,(anonymous_34)
FN:576,(anonymous_35)
FN:577,(anonymous_36)
FN:582,(anonymous_37)
FN:588,(anonymous_38)
FN:604,(anonymous_39)
FN:613,(anonymous_40)
FN:619,(anonymous_41)
FN:636,(anonymous_42)
FN:643,(anonymous_43)
FN:644,(anonymous_44)
FN:729,(anonymous_45)
FN:752,(anonymous_46)
FNF:46
FNH:16
FNDA:0,ReturnCode
FNDA:0,(anonymous_2)
FNDA:0,(anonymous_3)
FNDA:0,(anonymous_4)
FNDA:0,(anonymous_5)
FNDA:0,(anonymous_6)
FNDA:0,(anonymous_7)
FNDA:0,(anonymous_8)
FNDA:0,(anonymous_9)
FNDA:0,(anonymous_10)
FNDA:0,(anonymous_11)
FNDA:0,(anonymous_12)
FNDA:0,(anonymous_13)
FNDA:0,(anonymous_14)
FNDA:0,(anonymous_15)
FNDA:0,(anonymous_16)
FNDA:10,(anonymous_17)
FNDA:61,(anonymous_18)
FNDA:19,(anonymous_19)
FNDA:61,(anonymous_20)
FNDA:14,(anonymous_21)
FNDA:0,(anonymous_22)
FNDA:0,(anonymous_23)
FNDA:0,(anonymous_24)
FNDA:0,(anonymous_25)
FNDA:0,(anonymous_26)
FNDA:0,(anonymous_27)
FNDA:0,(anonymous_28)
FNDA:0,(anonymous_29)
FNDA:0,(anonymous_30)
FNDA:0,(anonymous_31)
FNDA:0,(anonymous_32)
FNDA:0,(anonymous_33)
FNDA:5,(anonymous_34)
FNDA:9,(anonymous_35)
FNDA:3,(anonymous_36)
FNDA:5,(anonymous_37)
FNDA:31,(anonymous_38)
FNDA:17,(anonymous_39)
FNDA:19,(anonymous_40)
FNDA:9,(anonymous_41)
FNDA:30,(anonymous_42)
FNDA:23,(anonymous_43)
FNDA:23,(anonymous_44)
FNDA:0,(anonymous_45)
FNDA:0,(anonymous_46)
DA:1,7
DA:2,7
DA:3,7
DA:12,7
DA:16,0
DA:18,0
DA:20,0
DA:22,0
DA:23,0
DA:25,0
DA:26,0
DA:28,0
DA:29,0
DA:31,0
DA:32,0
DA:34,0
DA:35,0
DA:37,0
DA:38,0
DA:40,0
DA:41,0
DA:43,0
DA:44,0
DA:46,0
DA:48,0
DA:51,0
DA:60,7
DA:61,0
DA:63,0
DA:64,0
DA:66,0
DA:67,0
DA:68,0
DA:70,0
DA:81,7
DA:85,0
DA:87,0
DA:90,0
DA:93,0
DA:94,0
DA:96,0
DA:97,0
DA:98,0
DA:99,0
DA:101,0
DA:102,0
DA:107,0
DA:108,0
DA:109,0
DA:112,0
DA:121,7
DA:122,0
DA:123,0
DA:126,0
DA:131,0
DA:134,0
DA:136,0
DA:137,0
DA:141,0
DA:142,0
DA:143,0
DA:144,0
DA:147,0
DA:151,0
DA:152,0
DA:155,0
DA:156,0
DA:159,0
DA:160,0
DA:162,0
DA:166,0
DA:169,7
DA:170,0
DA:171,0
DA:172,0
DA:173,0
DA:175,0
DA:178,7
DA:179,0
DA:180,0
DA:182,0
DA:185,7
DA:186,0
DA:188,0
DA:189,0
DA:191,0
DA:194,7
DA:199,0
DA:208,0
DA:227,7
DA:236,0
DA:238,0
DA:239,0
DA:240,0
DA:244,0
DA:245,0
DA:246,0
DA:247,0
DA:251,0
DA:256,0
DA:258,0
DA:259,0
DA:262,0
DA:263,0
DA:266,0
DA:267,0
DA:271,0
DA:273,0
DA:278,7
DA:280,7
DA:281,0
DA:282,0
DA:283,0
DA:286,7
DA:287,0
DA:288,0
DA:289,0
DA:292,7
DA:293,0
DA:294,0
DA:297,7
DA:298,10
DA:300,9
DA:302,9
DA:304,9
DA:307,9
DA:308,61
DA:310,61
DA:312,60
DA:313,40
DA:315,40
DA:316,23
DA:319,40
DA:323,9
DA:324,61
DA:327,60
DA:328,60
DA:330,60
DA:331,60
DA:333,21
DA:334,19
DA:335,19
DA:336,19
DA:339,21
DA:340,38
DA:345,61
DA:347,9
DA:348,14
DA:349,14
DA:350,14
DA:353,9
DA:354,20
DA:355,20
DA:360,9
DA:361,61
DA:363,61
DA:364,3
DA:368,9
DA:380,7
DA:387,0
DA:388,0
DA:391,0
DA:393,0
DA:394,0
DA:395,0
DA:399,0
DA:400,0
DA:403,0
DA:404,0
DA:408,0
DA:409,0
DA:412,0
DA:416,0
DA:417,0
DA:418,0
DA:422,0
DA:423,0
DA:429,0
DA:434,0
DA:435,0
DA:436,0
DA:437,0
DA:438,0
DA:440,0
DA:445,0
DA:446,0
DA:447,0
DA:448,0
DA:453,0
DA:459,0
DA:461,0
DA:462,0
DA:463,0
DA:464,0
DA:468,0
DA:469,0
DA:473,0
DA:474,0
DA:475,0
DA:478,0
DA:480,0
DA:482,0
DA:483,0
DA:487,0
DA:488,0
DA:489,0
DA:492,0
DA:493,0
DA:495,0
DA:499,0
DA:500,0
DA:502,0
DA:503,0
DA:504,0
DA:505,0
DA:506,0
DA:507,0
DA:509,0
DA:513,0
DA:516,0
DA:518,0
DA:519,0
DA:526,0
DA:527,0
DA:530,0
DA:531,0
DA:532,0
DA:533,0
DA:536,0
DA:540,0
DA:543,0
DA:550,0
DA:554,7
DA:555,5
DA:556,5
DA:557,5
DA:559,5
DA:564,0
DA:567,5
DA:570,5
DA:571,0
DA:574,5
DA:575,3
DA:576,9
DA:577,3
DA:579,3
DA:582,5
DA:583,2
DA:585,2
DA:588,7
DA:589,31
DA:594,15
DA:597,16
DA:598,7
DA:599,7
DA:601,7
DA:603,5
DA:605,17
DA:606,6
DA:610,5
DA:612,9
DA:613,19
DA:619,7
DA:622,9
DA:623,2
DA:626,7
DA:629,7
DA:636,7
DA:637,30
DA:638,11
DA:641,19
DA:642,18
DA:643,23
DA:644,23
DA:647,18
DA:650,6
DA:654,8
DA:658,1
DA:662,1
DA:665,2
DA:668,0
DA:671,0
DA:674,0
DA:677,0
DA:681,0
DA:684,0
DA:689,1
DA:691,1
DA:694,0
DA:697,0
DA:698,0
DA:699,0
DA:703,0
DA:704,0
DA:707,0
DA:710,0
DA:711,0
DA:713,0
DA:729,7
DA:730,0
DA:731,0
DA:732,0
DA:735,0
DA:737,0
DA:738,0
DA:741,0
DA:752,7
DA:757,0
DA:758,0
DA:759,0
DA:762,0
DA:766,0
DA:768,0
DA:769,0
DA:771,0
DA:772,0
DA:773,0
DA:777,0
DA:779,0
DA:782,0
DA:783,0
DA:784,0
DA:788,0
DA:790,0
DA:791,0
DA:800,0
DA:802,0
DA:803,0
LF:328
LH:105
BRDA:20,0,0,0
BRDA:20,0,1,0
BRDA:20,0,2,0
BRDA:20,0,3,0
BRDA:20,0,4,0
BRDA:20,0,5,0
BRDA:20,0,6,0
BRDA:20,0,7,0
BRDA:20,0,8,0
BRDA:20,0,9,0
BRDA:51,1,0,0
BRDA:51,1,1,0
BRDA:61,2,0,0
BRDA:61,2,1,0
BRDA:64,3,0,0
BRDA:64,3,1,0
BRDA:83,4,0,0
BRDA:85,5,0,0
BRDA:85,5,1,0
BRDA:87,6,0,0
BRDA:87,6,1,0
BRDA:90,7,0,0
BRDA:90,7,1,0
BRDA:93,8,0,0
BRDA:93,8,1,0
BRDA:93,9,0,0
BRDA:93,9,1,0
BRDA:98,10,0,0
BRDA:98,10,1,0
BRDA:101,11,0,0
BRDA:101,11,1,0
BRDA:101,12,0,0
BRDA:101,12,1,0
BRDA:109,13,0,0
BRDA:109,13,1,0
BRDA:122,14,0,0
BRDA:122,14,1,0
BRDA:122,15,0,0
BRDA:122,15,1,0
BRDA:122,15,2,0
BRDA:126,16,0,0
BRDA:126,16,1,0
BRDA:127,17,0,0
BRDA:127,17,1,0
BRDA:127,17,2,0
BRDA:134,18,0,0
BRDA:134,18,1,0
BRDA:136,19,0,0
BRDA:136,19,1,0
BRDA:141,20,0,0
BRDA:141,20,1,0
BRDA:141,21,0,0
BRDA:141,21,1,0
BRDA:142,22,0,0
BRDA:142,22,1,0
BRDA:142,23,0,0
BRDA:142,23,1,0
BRDA:151,24,0,0
BRDA:151,24,1,0
BRDA:151,25,0,0
BRDA:151,25,1,0
BRDA:155,26,0,0
BRDA:155,26,1,0
BRDA:172,27,0,0
BRDA:172,27,1,0
BRDA:172,28,0,0
BRDA:172,28,1,0
BRDA:172,28,2,0
BRDA:186,29,0,0
BRDA:186,29,1,0
BRDA:201,30,0,0
BRDA:201,30,1,0
BRDA:201,30,2,0
BRDA:230,31,0,0
BRDA:238,32,0,0
BRDA:238,32,1,0
BRDA:238,33,0,0
BRDA:238,33,1,0
BRDA:238,33,2,0
BRDA:244,34,0,0
BRDA:244,34,1,0
BRDA:245,35,0,0
BRDA:245,35,1,0
BRDA:258,36,0,0
BRDA:258,36,1,0
BRDA:262,37,0,0
BRDA:262,37,1,0
BRDA:266,38,0,0
BRDA:266,38,1,0
BRDA:298,39,0,1
BRDA:298,39,1,9
BRDA:310,40,0,1
BRDA:310,40,1,60
BRDA:312,41,0,40
BRDA:312,41,1,20
BRDA:315,42,0,23
BRDA:315,42,1,17
BRDA:324,43,0,1
BRDA:324,43,1,60
BRDA:324,44,0,61
BRDA:324,44,1,61
BRDA:331,45,0,21
BRDA:331,45,1,39
BRDA:331,46,0,60
BRDA:331,46,1,21
BRDA:334,47,0,19
BRDA:334,47,1,4
BRDA:335,48,0,19
BRDA:335,48,1,5
BRDA:345,49,0,61
BRDA:345,49,1,60
BRDA:348,50,0,14
BRDA:348,50,1,0
BRDA:349,51,0,14
BRDA:349,51,1,0
BRDA:354,52,0,20
BRDA:354,52,1,0
BRDA:363,53,0,3
BRDA:363,53,1,58
BRDA:363,54,0,61
BRDA:363,54,1,60
BRDA:387,55,0,0
BRDA:387,55,1,0
BRDA:387,56,0,0
BRDA:387,56,1,0
BRDA:400,57,0,0
BRDA:400,57,1,0
BRDA:403,58,0,0
BRDA:403,58,1,0
BRDA:408,59,0,0
BRDA:408,59,1,0
BRDA:417,60,0,0
BRDA:417,60,1,0
BRDA:424,61,0,0
BRDA:424,61,1,0
BRDA:424,61,2,0
BRDA:436,62,0,0
BRDA:436,62,1,0
BRDA:437,63,0,0
BRDA:437,63,1,0
BRDA:447,64,0,0
BRDA:447,64,1,0
BRDA:447,65,0,0
BRDA:447,65,1,0
BRDA:448,66,0,0
BRDA:448,66,1,0
BRDA:459,67,0,0
BRDA:459,67,1,0
BRDA:463,68,0,0
BRDA:463,68,1,0
BRDA:468,69,0,0
BRDA:468,69,1,0
BRDA:474,70,0,0
BRDA:474,70,1,0
BRDA:480,71,0,0
BRDA:480,71,1,0
BRDA:487,72,0,0
BRDA:487,72,1,0
BRDA:487,73,0,0
BRDA:487,73,1,0
BRDA:492,74,0,0
BRDA:492,74,1,0
BRDA:493,75,0,0
BRDA:493,75,1,0
BRDA:502,76,0,0
BRDA:502,76,1,0
BRDA:506,77,0,0
BRDA:506,77,1,0
BRDA:522,78,0,0
BRDA:522,78,1,0
BRDA:531,79,0,0
BRDA:531,79,1,0
BRDA:533,80,0,0
BRDA:533,80,1,0
BRDA:538,81,0,0
BRDA:538,81,1,0
BRDA:559,82,0,0
BRDA:559,82,1,5
BRDA:560,83,0,5
BRDA:560,83,1,2
BRDA:560,83,2,0
BRDA:570,84,0,0
BRDA:570,84,1,5
BRDA:570,85,0,5
BRDA:570,85,1,5
BRDA:574,86,0,3
BRDA:574,86,1,2
BRDA:574,87,0,5
BRDA:574,87,1,3
BRDA:583,88,0,2
BRDA:583,88,1,1
BRDA:589,89,0,15
BRDA:589,89,1,16
BRDA:590,90,0,31
BRDA:590,90,1,24
BRDA:590,90,2,18
BRDA:597,91,0,7
BRDA:597,91,1,9
BRDA:601,92,0,2
BRDA:601,92,1,5
BRDA:601,93,0,7
BRDA:601,93,1,7
BRDA:601,93,2,6
BRDA:605,94,0,6
BRDA:605,94,1,11
BRDA:622,95,0,2
BRDA:622,95,1,7
BRDA:637,96,0,11
BRDA:637,96,1,19
BRDA:637,97,0,30
BRDA:637,97,1,11
BRDA:641,98,0,18
BRDA:641,98,1,1
BRDA:641,99,0,19
BRDA:641,99,1,18
BRDA:647,100,0,6
BRDA:647,100,1,8
BRDA:647,100,2,1
BRDA:647,100,3,1
BRDA:647,100,4,1
BRDA:647,100,5,2
BRDA:647,100,6,0
BRDA:647,100,7,0
BRDA:647,100,8,0
BRDA:647,100,9,0
BRDA:647,100,10,0
BRDA:647,100,11,0
BRDA:647,100,12,0
BRDA:689,101,0,1
BRDA:689,101,1,0
BRDA:689,101,2,0
BRDA:689,101,3,0
BRDA:689,101,4,0
BRDA:689,101,5,0
BRDA:697,102,0,0
BRDA:697,102,1,0
BRDA:698,103,0,0
BRDA:698,103,1,0
BRDA:699,104,0,0
BRDA:699,104,1,0
BRDA:703,105,0,0
BRDA:703,105,1,0
BRDA:703,105,2,0
BRDA:707,106,0,0
BRDA:707,106,1,0
BRDA:710,107,0,0
BRDA:710,107,1,0
BRDA:730,108,0,0
BRDA:730,108,1,0
BRDA:730,109,0,0
BRDA:730,109,1,0
BRDA:737,110,0,0
BRDA:737,110,1,0
BRDA:757,111,0,0
BRDA:757,111,1,0
BRDA:757,112,0,0
BRDA:757,112,1,0
BRDA:766,113,0,0
BRDA:766,113,1,0
BRDA:771,114,0,0
BRDA:771,114,1,0
BRDA:771,115,0,0
BRDA:771,115,1,0
BRDA:778,116,0,0
BRDA:778,116,1,0
BRDA:780,117,0,0
BRDA:780,117,1,0
BRDA:782,118,0,0
BRDA:782,118,1,0
BRDA:782,119,0,0
BRDA:782,119,1,0
BRDA:790,120,0,0
BRDA:790,120,1,0
BRF:273
BRH:72
end_of_record
TN:
SF:src/utilities/mockdata.ts
FN:12,(anonymous_0)
FN:16,(anonymous_1)
FN:29,(anonymous_2)
FN:30,(anonymous_3)
FN:37,(anonymous_4)
FN:64,(anonymous_5)
FN:89,(anonymous_6)
FN:106,(anonymous_7)
FN:130,(anonymous_8)
FN:153,(anonymous_9)
FN:175,(anonymous_10)
FN:199,(anonymous_11)
FN:227,(anonymous_12)
FN:250,(anonymous_13)
FN:275,(anonymous_14)
FN:316,(anonymous_15)
FN:356,(anonymous_16)
FNF:17
FNH:12
FNDA:29,(anonymous_0)
FNDA:15,(anonymous_1)
FNDA:7,(anonymous_2)
FNDA:35,(anonymous_3)
FNDA:3,(anonymous_4)
FNDA:2,(anonymous_5)
FNDA:0,(anonymous_6)
FNDA:4,(anonymous_7)
FNDA:1,(anonymous_8)
FNDA:0,(anonymous_9)
FNDA:1,(anonymous_10)
FNDA:1,(anonymous_11)
FNDA:1,(anonymous_12)
FNDA:2,(anonymous_13)
FNDA:0,(anonymous_14)
FNDA:0,(anonymous_15)
FNDA:0,(anonymous_16)
DA:1,2
DA:2,2
DA:11,2
DA:13,29
DA:17,15
DA:30,35
DA:40,3
DA:41,3
DA:65,2
DA:66,2
DA:90,0
DA:109,4
DA:131,1
DA:154,0
DA:178,1
DA:200,1
DA:228,1
DA:229,1
DA:251,2
DA:279,0
DA:286,0
DA:317,0
DA:319,0
DA:323,0
DA:324,0
DA:325,0
DA:326,0
DA:327,0
DA:328,0
DA:329,0
DA:330,0
DA:331,0
DA:332,0
DA:340,0
DA:360,0
LF:35
LH:17
BRDA:16,0,0,0
BRDA:29,1,0,0
BRF:2
BRH:0
end_of_record
TN:
SF:src/utilities/respondentUtils.ts
FN:6,(anonymous_0)
FN:12,(anonymous_1)
FN:48,(anonymous_2)
FNF:3
FNH:0
FNDA:0,(anonymous_0)
FNDA:0,(anonymous_1)
FNDA:0,(anonymous_2)
DA:6,1
DA:7,0
DA:8,0
DA:9,0
DA:12,1
DA:18,0
DA:19,0
DA:22,0
DA:23,0
DA:26,0
DA:27,0
DA:28,0
DA:29,0
DA:33,0
DA:34,0
DA:35,0
DA:36,0
DA:40,0
DA:48,1
DA:56,0
LF:20
LH:3
BRDA:7,0,0,0
BRDA:7,0,1,0
BRDA:7,1,0,0
BRDA:7,1,1,0
BRDA:9,2,0,0
BRDA:9,2,1,0
BRDA:18,3,0,0
BRDA:18,3,1,0
BRDA:18,4,0,0
BRDA:18,4,1,0
BRDA:22,5,0,0
BRDA:22,5,1,0
BRDA:22,6,0,0
BRDA:22,6,1,0
BRDA:26,7,0,0
BRDA:26,7,1,0
BRDA:28,8,0,0
BRDA:28,8,1,0
BRDA:33,9,0,0
BRDA:33,9,1,0
BRDA:35,10,0,0
BRDA:35,10,1,0
BRF:22
BRH:0
end_of_record
TN:
SF:src/utilities/scoreHelper.ts
FN:26,(anonymous_0)
FN:39,(anonymous_1)
FN:62,(anonymous_2)
FN:81,(anonymous_3)
FN:91,(anonymous_4)
FN:106,(anonymous_5)
FN:119,(anonymous_6)
FN:124,(anonymous_7)
FN:125,(anonymous_8)
FN:132,(anonymous_9)
FN:133,(anonymous_10)
FNF:11
FNH:0
FNDA:0,(anonymous_0)
FNDA:0,(anonymous_1)
FNDA:0,(anonymous_2)
FNDA:0,(anonymous_3)
FNDA:0,(anonymous_4)
FNDA:0,(anonymous_5)
FNDA:0,(anonymous_6)
FNDA:0,(anonymous_7)
FNDA:0,(anonymous_8)
FNDA:0,(anonymous_9)
FNDA:0,(anonymous_10)
DA:1,1
DA:4,1
DA:15,1
DA:21,1
DA:26,1
DA:27,0
DA:39,1
DA:41,0
DA:42,0
DA:46,0
DA:47,0
DA:51,0
DA:52,0
DA:55,0
DA:62,1
DA:64,0
DA:65,0
DA:69,0
DA:70,0
DA:73,0
DA:81,1
DA:86,0
DA:87,0
DA:91,0
DA:94,0
DA:95,0
DA:99,0
DA:106,1
DA:119,0
DA:120,0
DA:121,0
DA:123,0
DA:124,0
DA:125,0
DA:131,0
DA:132,0
DA:133,0
DA:139,0
LF:38
LH:9
BRDA:28,0,0,0
BRDA:28,0,1,0
BRDA:41,1,0,0
BRDA:41,1,1,0
BRDA:46,2,0,0
BRDA:46,2,1,0
BRDA:46,3,0,0
BRDA:46,3,1,0
BRDA:51,4,0,0
BRDA:51,4,1,0
BRDA:64,5,0,0
BRDA:64,5,1,0
BRDA:69,6,0,0
BRDA:69,6,1,0
BRDA:70,7,0,0
BRDA:70,7,1,0
BRDA:70,7,2,0
BRDA:86,8,0,0
BRDA:86,8,1,0
BRDA:86,9,0,0
BRDA:86,9,1,0
BRDA:91,10,0,0
BRDA:91,10,1,0
BRDA:94,11,0,0
BRDA:94,11,1,0
BRDA:119,12,0,0
BRDA:119,12,1,0
BRDA:124,13,0,0
BRDA:124,13,1,0
BRDA:127,14,0,0
BRDA:127,14,1,0
BRDA:127,15,0,0
BRDA:127,15,1,0
BRDA:135,16,0,0
BRDA:135,16,1,0
BRDA:135,17,0,0
BRDA:135,17,1,0
BRDA:141,18,0,0
BRDA:141,18,1,0
BRF:39
BRH:0
end_of_record
